[2025-04-14 16:25:49] Script démarré
[2025-04-14 16:25:49] PHP Version: 8.2.12
[2025-04-14 16:25:49] Server Info: PHP 8.2.12 Development Server
[2025-04-14 16:25:49] Root Path: R:\Adev\200  -  test\adminlicence
[2025-04-14 16:25:49] License key submitted: H6ZF-TRER-FXOZ-DLH0
[2025-04-14 16:25:49] API Response Code: 200
[2025-04-14 16:25:49] API Response: {"status":"error","message":"Cl\u00e9 de s\u00e9rie invalide"}
[2025-04-14 16:25:49] License check result: Invalid - Clé de série invalide
[2025-04-14 16:26:16] Script démarré
[2025-04-14 16:26:16] PHP Version: 8.2.12
[2025-04-14 16:26:16] Server Info: PHP 8.2.12 Development Server
[2025-04-14 16:26:16] Root Path: R:\Adev\200  -  test\adminlicence
[2025-04-14 16:26:16] License key submitted: H6ZF-TRER-FXOZ-DLHQ
[2025-04-14 16:26:17] API Response Code: 200
[2025-04-14 16:26:17] API Response: {"status":"success","message":"Cl\u00e9 de s\u00e9rie valide","data":{"token":"8eaeb48691ee38de16f27bb5484662c4","project":"","expires_at":null}}
[2025-04-14 16:26:17] License check result: Invalid - Licence inactive ou expirée
[2025-04-14 16:26:24] Script démarré
[2025-04-14 16:26:24] PHP Version: 8.2.12
[2025-04-14 16:26:24] Server Info: PHP 8.2.12 Development Server
[2025-04-14 16:26:24] Root Path: R:\Adev\200  -  test\adminlicence
[2025-04-14 16:26:24] License key submitted: H6ZF-TRER-FXOZ-DLHQ
[2025-04-14 16:26:25] API Response Code: 200
[2025-04-14 16:26:25] API Response: {"status":"success","message":"Cl\u00e9 de s\u00e9rie valide","data":{"token":"5f19941db417b151ef227d40d40b3662","project":"","expires_at":null}}
[2025-04-14 16:26:25] License check result: Invalid - Licence inactive ou expirée
[2025-04-14 16:26:26] Script démarré
[2025-04-14 16:26:26] PHP Version: 8.2.12
[2025-04-14 16:26:26] Server Info: PHP 8.2.12 Development Server
[2025-04-14 16:26:26] Root Path: R:\Adev\200  -  test\adminlicence
[2025-04-14 16:26:26] License key submitted: H6ZF-TRER-FXOZ-DLHQ
[2025-04-14 16:26:26] API Response Code: 200
[2025-04-14 16:26:26] API Response: {"status":"success","message":"Cl\u00e9 de s\u00e9rie valide","data":{"token":"2163c772f2d688cc6c815c77f3f06f4b","project":"","expires_at":null}}
[2025-04-14 16:26:26] License check result: Invalid - Licence inactive ou expirée
[2025-04-14 16:26:33] Script démarré
[2025-04-14 16:26:33] PHP Version: 8.2.12
[2025-04-14 16:26:33] Server Info: PHP 8.2.12 Development Server
[2025-04-14 16:26:33] Root Path: R:\Adev\200  -  test\adminlicence
[2025-04-14 16:26:33] License key submitted: H6ZF-TRER-FXOZ-DLHQ
[2025-04-14 16:26:34] API Response Code: 200
[2025-04-14 16:26:34] API Response: {"status":"success","message":"Cl\u00e9 de s\u00e9rie valide","data":{"token":"147cc377c3e9ebfd3f0560597362fcc0","project":"","expires_at":null}}
[2025-04-14 16:26:34] License check result: Invalid - Licence inactive ou expirée
[2025-04-14 16:29:12] Script démarré
[2025-04-14 16:29:12] PHP Version: 8.2.12
[2025-04-14 16:29:12] Server Info: PHP 8.2.12 Development Server
[2025-04-14 16:29:12] Root Path: R:\Adev\200  -  test\adminlicence
[2025-04-14 16:29:15] Script démarré
[2025-04-14 16:29:15] PHP Version: 8.2.12
[2025-04-14 16:29:15] Server Info: PHP 8.2.12 Development Server
[2025-04-14 16:29:15] Root Path: R:\Adev\200  -  test\adminlicence
[2025-04-14 16:29:17] Script démarré
[2025-04-14 16:29:17] PHP Version: 8.2.12
[2025-04-14 16:29:17] Server Info: PHP 8.2.12 Development Server
[2025-04-14 16:29:17] Root Path: R:\Adev\200  -  test\adminlicence
[2025-04-14 16:29:18] Script démarré
[2025-04-14 16:29:18] PHP Version: 8.2.12
[2025-04-14 16:29:18] Server Info: PHP 8.2.12 Development Server
[2025-04-14 16:29:18] Root Path: R:\Adev\200  -  test\adminlicence
[2025-04-14 16:29:20] Script démarré
[2025-04-14 16:29:20] PHP Version: 8.2.12
[2025-04-14 16:29:20] Server Info: PHP 8.2.12 Development Server
[2025-04-14 16:29:20] Root Path: R:\Adev\200  -  test\adminlicence
[2025-04-14 16:29:23] Script démarré
[2025-04-14 16:29:23] PHP Version: 8.2.12
[2025-04-14 16:29:23] Server Info: PHP 8.2.12 Development Server
[2025-04-14 16:29:23] Root Path: R:\Adev\200  -  test\adminlicence
[2025-04-14 16:29:23] License key submitted: H6ZF-TRER-FXOZ-DLHQ
[2025-04-14 16:29:23] API Response Code: 200
[2025-04-14 16:29:23] API Response: {"status":"success","message":"Cl\u00e9 de s\u00e9rie valide","data":{"token":"c77e4a97ef961155ede523354f62e606","project":"","expires_at":null}}
[2025-04-14 16:29:23] License check result: Invalid - Licence inactive ou expirée
[2025-04-14 16:29:26] Script démarré
[2025-04-14 16:29:26] PHP Version: 8.2.12
[2025-04-14 16:29:26] Server Info: PHP 8.2.12 Development Server
[2025-04-14 16:29:26] Root Path: R:\Adev\200  -  test\adminlicence
[2025-04-14 16:29:26] License key submitted: H6ZF-TRER-FXOZ-DLH0
[2025-04-14 16:29:26] API Response Code: 200
[2025-04-14 16:29:26] API Response: {"status":"error","message":"Cl\u00e9 de s\u00e9rie invalide"}
[2025-04-14 16:29:26] License check result: Invalid - Clé de série invalide
[2025-04-14 16:33:46] [INFO] Script démarré
[2025-04-14 16:33:46] [INFO] PHP Version: 8.2.12
[2025-04-14 16:33:46] [INFO] Server Info: PHP 8.2.12 Development Server
[2025-04-14 16:33:46] [INFO] Root Path: R:\Adev\200  -  test\adminlicence
[2025-04-14 16:33:46] [INFO] License key submitted: H6ZF-TRER-FXOZ-DLH0
[2025-04-14 16:33:46] [INFO] Tentative d'appel API avec données: {"serial_key":"H6ZF-TRER-FXOZ-DLH0","domain":"127.0.0.1:8200","ip_address":"127.0.0.1","api_key":"sk_wuRFNJ7fI6CaMzJptdfYhzAGW3DieKwC","api_secret":"sk_3ewgI2dP0zPyLXlHyDT1qYbzQny6H2hb"}
[2025-04-14 16:33:46] [INFO] API Response Code: 200
[2025-04-14 16:33:46] [INFO] API Response: {"status":"error","message":"Cl\u00e9 de s\u00e9rie invalide"}
[2025-04-14 16:33:46] [ERROR] Statut API invalide: error
[2025-04-14 16:33:46] [INFO] License check result: Invalid - Clé de série invalide
[2025-04-14 16:33:48] [INFO] Script démarré
[2025-04-14 16:33:48] [INFO] PHP Version: 8.2.12
[2025-04-14 16:33:48] [INFO] Server Info: PHP 8.2.12 Development Server
[2025-04-14 16:33:48] [INFO] Root Path: R:\Adev\200  -  test\adminlicence
[2025-04-14 16:33:48] [INFO] License key submitted: H6ZF-TRER-FXOZ-DLH0
[2025-04-14 16:33:48] [INFO] Tentative d'appel API avec données: {"serial_key":"H6ZF-TRER-FXOZ-DLH0","domain":"127.0.0.1:8200","ip_address":"127.0.0.1","api_key":"sk_wuRFNJ7fI6CaMzJptdfYhzAGW3DieKwC","api_secret":"sk_3ewgI2dP0zPyLXlHyDT1qYbzQny6H2hb"}
[2025-04-14 16:33:49] [INFO] API Response Code: 200
[2025-04-14 16:33:49] [INFO] API Response: {"status":"error","message":"Cl\u00e9 de s\u00e9rie invalide"}
[2025-04-14 16:33:49] [ERROR] Statut API invalide: error
[2025-04-14 16:33:49] [INFO] License check result: Invalid - Clé de série invalide
