{
    "time": "2025-04-16 01:39:59",
    "function": "install_start",
    "data": {
        "install_step": 5,
        "project_root": "R:\\Adev\\200  -  test\\adminlicence_saas",
        "project_type": "laravel",
        "has_env": true,
        "has_vendor": true,
        "license_key": "TNBH-DRDK-K9JG-H4RR",
        "license_valid": true,
        "license_expiry": null,
        "license_token": "8b707c3991cec9d6bdd48b5205b89c35",
        "license_project": "",
        "db_config": {
            "host": "localhost",
            "database": "adminlicencetest",
            "username": "adminlicencetest",
            "password": "Fab@250872"
        },
        "db_tested": true,
        "admin_config": {
            "project_url": "http:\/\/127.0.0.1:8000\/",
            "email": "tally@obione.net",
            "password": "123"
        },
        "admin_saved": true
    }
}

{
    "time": "2025-04-16 01:39:59",
    "function": "database_recreated",
    "data": {
        "database": "adminlicencetest"
    }
}

{
    "time": "2025-04-16 01:39:59",
    "function": "database_connection",
    "data": {
        "success": true
    }
}

{
    "time": "2025-04-16 01:39:59",
    "function": "migrations_start",
    "data": {
        "project_root": "R:\\Adev\\200  -  test\\adminlicence_saas"
    }
}

{
    "time": "2025-04-16 01:39:59",
    "function": "migrations_result",
    "data": {
        "success": true,
        "output": [
            "STDOUT: \n   INFO  Running migrations.  \n\r\n  2025_04_11_223351_create_cache_table ................................................................... 3.29ms FAIL\r\n\r\nIn Connection.php line 822:\r\n                                                                                                                       \r\n  SQLSTATE[42S01]: Base table or view already exists: 1050 Table 'cache' already exists (Connection: mysql, SQL: crea  \r\n  te table `cache` (`id` bigint unsigned not null auto_increment primary key, `created_at` timestamp null, `updated_a  \r\n  t` timestamp null) default character set utf8mb4 collate 'utf8mb4_unicode_ci')                                       \r\n                                                                                                                       \r\n\r\nIn Connection.php line 568:\r\n                                                                                         \r\n  SQLSTATE[42S01]: Base table or view already exists: 1050 Table 'cache' already exists  \r\n                                                                                         \r\n\r\n",
            "Migrations failed but we will continue with installation"
        ]
    }
}

{
    "time": "2025-04-16 01:39:59",
    "function": "seeders_start",
    "data": {
        "project_root": "R:\\Adev\\200  -  test\\adminlicence_saas"
    }
}

{
    "time": "2025-04-16 01:40:01",
    "function": "seeders_result",
    "data": {
        "success": true,
        "output": [
            "STDOUT: \n   INFO  Seeding database.  \n\r\n  Database\\Seeders\\RolesAndPermissionsSeeder ................................................................. RUNNING  \r\n  Database\\Seeders\\RolesAndPermissionsSeeder ............................................................. 122 ms DONE  \r\n\r\n  Database\\Seeders\\UsersSeeder ............................................................................... RUNNING  \r\n  Database\\Seeders\\UsersSeeder ........................................................................... 394 ms DONE  \r\n\r\n"
        ]
    }
}

{
    "time": "2025-04-16 01:40:01",
    "function": "admin_creation_start",
    "data": {
        "email": "tally@obione.net",
        "project_url": "http:\/\/127.0.0.1:8000\/"
    }
}

{
    "time": "2025-04-16 01:40:01",
    "function": "admin_creation_result",
    "data": {
        "success": true,
        "output": [
            "Created users table and added admin user"
        ]
    }
}

{
    "time": "2025-04-16 01:40:01",
    "function": "env_updated",
    "data": {
        "project_url": "http:\/\/127.0.0.1:8000\/"
    }
}

{
    "time": "2025-04-16 01:40:01",
    "function": "installation_completed",
    "data": {
        "success": true,
        "steps": [
            {
                "step": "migrations",
                "status": true,
                "message": "Database setup completed",
                "output": [
                    "STDOUT: \n   INFO  Running migrations.  \n\r\n  2025_04_11_223351_create_cache_table ................................................................... 3.29ms FAIL\r\n\r\nIn Connection.php line 822:\r\n                                                                                                                       \r\n  SQLSTATE[42S01]: Base table or view already exists: 1050 Table 'cache' already exists (Connection: mysql, SQL: crea  \r\n  te table `cache` (`id` bigint unsigned not null auto_increment primary key, `created_at` timestamp null, `updated_a  \r\n  t` timestamp null) default character set utf8mb4 collate 'utf8mb4_unicode_ci')                                       \r\n                                                                                                                       \r\n\r\nIn Connection.php line 568:\r\n                                                                                         \r\n  SQLSTATE[42S01]: Base table or view already exists: 1050 Table 'cache' already exists  \r\n                                                                                         \r\n\r\n",
                    "Migrations failed but we will continue with installation"
                ]
            },
            {
                "step": "seeders",
                "status": true,
                "message": "Database seeding completed",
                "output": [
                    "STDOUT: \n   INFO  Seeding database.  \n\r\n  Database\\Seeders\\RolesAndPermissionsSeeder ................................................................. RUNNING  \r\n  Database\\Seeders\\RolesAndPermissionsSeeder ............................................................. 122 ms DONE  \r\n\r\n  Database\\Seeders\\UsersSeeder ............................................................................... RUNNING  \r\n  Database\\Seeders\\UsersSeeder ........................................................................... 394 ms DONE  \r\n\r\n"
                ]
            },
            {
                "step": "admin_creation",
                "status": true,
                "message": "Admin user created successfully",
                "output": [
                    "Created users table and added admin user"
                ]
            },
            {
                "step": "env_update",
                "status": true,
                "message": "Environment file updated with project URL",
                "output": []
            },
            {
                "step": "installation_completed",
                "status": true,
                "message": "Installation completed successfully"
            }
        ]
    }
}

