{
    "time": "2025-04-15 21:43:18",
    "function": "update_env_app_url",
    "project_url": "http:\/\/127.0.0.1:8000\/",
    "env_path": "R:\\Adev\\200  -  test\\adminlicence_saas\/.env",
    "status": "success"
}

{
    "time": "2025-04-15 21:48:35",
    "function": "update_env_app_url",
    "project_url": "http:\/\/127.0.0.1:8000\/",
    "env_path": "R:\\Adev\\200  -  test\\adminlicence_saas\/.env",
    "status": "success"
}

{
    "time": "2025-04-15 21:51:44",
    "function": "update_env_app_url",
    "project_url": "http:\/\/127.0.0.1:8000\/",
    "env_path": "R:\\Adev\\200  -  test\\adminlicence_saas\/.env",
    "status": "success"
}

{
    "time": "2025-04-15 21:54:05",
    "function": "update_env_app_url",
    "project_url": "http:\/\/127.0.0.1:8000\/",
    "env_path": "R:\\Adev\\200  -  test\\adminlicence_saas\/.env",
    "status": "success"
}

{
    "time": "2025-04-15 21:57:45",
    "function": "update_env_app_url",
    "project_url": "http:\/\/127.0.0.1:8000\/",
    "env_path": "R:\\Adev\\200  -  test\\adminlicence_saas\/.env",
    "status": "success"
}

{
    "time": "2025-04-15 22:01:02",
    "function": "update_env_app_url",
    "project_url": "http:\/\/127.0.0.1:8000\/",
    "env_path": "R:\\Adev\\200  -  test\\adminlicence_saas\/.env",
    "status": "success"
}

{
    "time": "2025-04-15 22:05:05",
    "function": "update_env_app_url",
    "project_url": "http:\/\/127.0.0.1:8000\/",
    "env_path": "R:\\Adev\\200  -  test\\adminlicence_saas\/.env",
    "status": "success"
}

{
    "time": "2025-04-15 22:08:09",
    "function": "update_env_app_url",
    "project_url": "http:\/\/127.0.0.1:8000\/",
    "env_path": "R:\\Adev\\200  -  test\\adminlicence_saas\/.env",
    "status": "success"
}

{
    "time": "2025-04-15 22:10:25",
    "function": "update_env_app_url",
    "project_url": "http:\/\/127.0.0.1:8000\/",
    "env_path": "R:\\Adev\\200  -  test\\adminlicence_saas\/.env",
    "status": "success"
}

{
    "time": "2025-04-15 22:13:50",
    "function": "update_env_app_url",
    "project_url": "http:\/\/127.0.0.1:8000\/",
    "env_path": "R:\\Adev\\200  -  test\\adminlicence_saas\/.env",
    "status": "success"
}

{
    "time": "2025-04-15 22:14:46",
    "function": "update_env_app_url",
    "project_url": "http:\/\/127.0.0.1:8000\/",
    "env_path": "R:\\Adev\\200  -  test\\adminlicence_saas\/.env",
    "status": "success"
}

{
    "time": "2025-04-16 01:36:23",
    "function": "update_env_app_url",
    "project_url": "http:\/\/127.0.0.1:8000\/",
    "env_path": "R:\\Adev\\200  -  test\\adminlicence_saas\/.env",
    "status": "success"
}

{
    "time": "2025-04-16 01:39:50",
    "function": "update_env_app_url",
    "project_url": "http:\/\/127.0.0.1:8000\/",
    "env_path": "R:\\Adev\\200  -  test\\adminlicence_saas\/.env",
    "status": "success"
}

{
    "time": "2025-04-16 01:44:16",
    "function": "update_env_app_url",
    "project_url": "http:\/\/127.0.0.1:8000\/",
    "env_path": "R:\\Adev\\200  -  test\\adminlicence_saas\/.env",
    "status": "success"
}

{
    "time": "2025-04-16 01:45:04",
    "function": "update_env_app_url",
    "project_url": "http:\/\/127.0.0.1:8000\/",
    "env_path": "R:\\Adev\\200  -  test\\adminlicence_saas\/.env",
    "status": "success"
}

{
    "time": "2025-04-16 01:51:54",
    "function": "update_env_app_url",
    "project_url": "http:\/\/127.0.0.1:8000\/",
    "env_path": "R:\\Adev\\200  -  test\\adminlicence_saas\/.env",
    "status": "success"
}

{
    "time": "2025-04-16 02:01:13",
    "function": "update_env_app_url",
    "project_url": "http:\/\/127.0.0.1:8000\/",
    "env_path": "R:\\Adev\\200  -  test\\adminlicence_saas\/.env",
    "status": "success"
}

{
    "time": "2025-04-16 02:06:20",
    "function": "update_env_app_url",
    "project_url": "http:\/\/127.0.0.1:8000\/",
    "env_path": "R:\\Adev\\200  -  test\\adminlicence_saas\/.env",
    "status": "success"
}

{
    "time": "2025-04-16 02:12:12",
    "function": "update_env_app_url",
    "project_url": "http:\/\/127.0.0.1:8000\/",
    "env_path": "R:\\Adev\\200  -  test\\adminlicence_saas\/.env",
    "status": "success"
}

{
    "time": "2025-04-16 02:14:21",
    "function": "update_env_app_url",
    "project_url": "http:\/\/127.0.0.1:8000\/",
    "env_path": "R:\\Adev\\200  -  test\\adminlicence_saas\/.env",
    "status": "success"
}

{
    "time": "2025-04-16 02:18:57",
    "function": "update_env_app_url",
    "project_url": "http:\/\/127.0.0.1:8000\/",
    "env_path": "R:\\Adev\\200  -  test\\adminlicence_saas\/.env",
    "status": "success"
}

{
    "time": "2025-04-16 02:20:01",
    "function": "update_env_app_url",
    "project_url": "http:\/\/127.0.0.1:8000\/",
    "env_path": "R:\\Adev\\200  -  test\\adminlicence_saas\/.env",
    "status": "success"
}

{
    "time": "2025-04-16 02:20:45",
    "function": "update_env_app_url",
    "project_url": "http:\/\/127.0.0.1:8000\/",
    "env_path": "R:\\Adev\\200  -  test\\adminlicence_saas\/.env",
    "status": "success"
}

{
    "time": "2025-04-16 02:22:54",
    "function": "update_env_app_url",
    "project_url": "http:\/\/127.0.0.1:8000\/",
    "env_path": "R:\\Adev\\200  -  test\\adminlicence_saas\/.env",
    "status": "success"
}

{
    "time": "2025-04-16 02:23:00",
    "function": "update_env_app_url",
    "project_url": "http:\/\/127.0.0.1:8000\/",
    "env_path": "R:\\Adev\\200  -  test\\adminlicence_saas\/.env",
    "status": "success"
}

{
    "time": "2025-04-16 02:25:02",
    "function": "update_env_app_url",
    "project_url": "http:\/\/127.0.0.1:8000\/",
    "env_path": "R:\\Adev\\200  -  test\\adminlicence_saas\/.env",
    "status": "success"
}

{
    "time": "2025-04-16 02:26:11",
    "function": "update_env_app_url",
    "project_url": "http:\/\/127.0.0.1:8000\/",
    "env_path": "R:\\Adev\\200  -  test\\adminlicence_saas\/.env",
    "status": "success"
}

{
    "time": "2025-04-16 02:30:43",
    "function": "update_env_app_url",
    "project_url": "http:\/\/127.0.0.1:8000\/",
    "env_path": "R:\\Adev\\200  -  test\\adminlicence_saas\/.env",
    "status": "success"
}

{
    "time": "2025-04-16 02:32:04",
    "function": "update_env_app_url",
    "project_url": "http:\/\/127.0.0.1:8000\/",
    "env_path": "R:\\Adev\\200  -  test\\adminlicence_saas\/.env",
    "status": "success"
}

{
    "time": "2025-04-16 02:36:14",
    "function": "update_env_app_url",
    "project_url": "http:\/\/127.0.0.1:8000\/",
    "env_path": "R:\\Adev\\200  -  test\\adminlicence_saas\/.env",
    "status": "success"
}

{
    "time": "2025-04-16 02:36:45",
    "function": "update_env_app_url",
    "project_url": "http:\/\/127.0.0.1:8000\/",
    "env_path": "R:\\Adev\\200  -  test\\adminlicence_saas\/.env",
    "status": "success"
}

{
    "time": "2025-04-16 02:38:57",
    "function": "update_env_app_url",
    "project_url": "http:\/\/127.0.0.1:8000\/",
    "env_path": "R:\\Adev\\200  -  test\\adminlicence_saas\/.env",
    "status": "success"
}

{
    "time": "2025-04-16 02:39:27",
    "function": "update_env_app_url",
    "project_url": "http:\/\/127.0.0.1:8000\/",
    "env_path": "R:\\Adev\\200  -  test\\adminlicence_saas\/.env",
    "status": "success"
}

{
    "time": "2025-04-16 02:40:00",
    "function": "update_env_app_url",
    "project_url": "http:\/\/127.0.0.1:8000\/",
    "env_path": "R:\\Adev\\200  -  test\\adminlicence_saas\/.env",
    "status": "success"
}

{
    "time": "2025-04-16 02:40:41",
    "function": "update_env_app_url",
    "project_url": "http:\/\/127.0.0.1:8000\/",
    "env_path": "R:\\Adev\\200  -  test\\adminlicence_saas\/.env",
    "status": "success"
}

{
    "time": "2025-04-16 02:42:51",
    "function": "update_env_app_url",
    "project_url": "http:\/\/127.0.0.1:8000\/",
    "env_path": "R:\\Adev\\200  -  test\\adminlicence_saas\/.env",
    "status": "success"
}

{
    "time": "2025-04-16 02:42:55",
    "function": "update_env_app_url",
    "project_url": "http:\/\/127.0.0.1:8000\/",
    "env_path": "R:\\Adev\\200  -  test\\adminlicence_saas\/.env",
    "status": "success"
}

{
    "time": "2025-04-16 02:43:02",
    "function": "update_env_app_url",
    "project_url": "http:\/\/127.0.0.1:8000\/",
    "env_path": "R:\\Adev\\200  -  test\\adminlicence_saas\/.env",
    "status": "success"
}

{
    "time": "2025-04-16 02:43:02",
    "function": "update_env_app_url",
    "project_url": "http:\/\/127.0.0.1:8000\/",
    "env_path": "R:\\Adev\\200  -  test\\adminlicence_saas\/.env",
    "status": "success"
}

{
    "time": "2025-04-16 02:43:03",
    "function": "update_env_app_url",
    "project_url": "http:\/\/127.0.0.1:8000\/",
    "env_path": "R:\\Adev\\200  -  test\\adminlicence_saas\/.env",
    "status": "success"
}

{
    "time": "2025-04-16 02:43:03",
    "function": "update_env_app_url",
    "project_url": "http:\/\/127.0.0.1:8000\/",
    "env_path": "R:\\Adev\\200  -  test\\adminlicence_saas\/.env",
    "status": "success"
}

{
    "time": "2025-04-16 02:43:19",
    "function": "update_env_app_url",
    "project_url": "http:\/\/127.0.0.1:8000\/",
    "env_path": "R:\\Adev\\200  -  test\\adminlicence_saas\/.env",
    "status": "success"
}

{
    "time": "2025-04-16 02:43:19",
    "function": "update_env_app_url",
    "project_url": "http:\/\/127.0.0.1:8000\/",
    "env_path": "R:\\Adev\\200  -  test\\adminlicence_saas\/.env",
    "status": "success"
}

{
    "time": "2025-04-16 02:43:20",
    "function": "update_env_app_url",
    "project_url": "http:\/\/127.0.0.1:8000\/",
    "env_path": "R:\\Adev\\200  -  test\\adminlicence_saas\/.env",
    "status": "success"
}

{
    "time": "2025-04-16 02:44:01",
    "function": "update_env_app_url",
    "project_url": "http:\/\/127.0.0.1:8000\/",
    "env_path": "R:\\Adev\\200  -  test\\adminlicence_saas\/.env",
    "status": "success"
}

{
    "time": "2025-04-16 02:44:03",
    "function": "update_env_app_url",
    "project_url": "http:\/\/127.0.0.1:8000\/",
    "env_path": "R:\\Adev\\200  -  test\\adminlicence_saas\/.env",
    "status": "success"
}

{
    "time": "2025-04-16 02:45:15",
    "function": "update_env_app_url",
    "project_url": "http:\/\/127.0.0.1:8000\/",
    "env_path": "R:\\Adev\\200  -  test\\adminlicence_saas\/.env",
    "status": "success"
}

{
    "time": "2025-04-16 02:49:39",
    "function": "update_env_app_url",
    "project_url": "http:\/\/127.0.0.1:8000\/",
    "env_path": "R:\\Adev\\200  -  test\\adminlicence_saas\/.env",
    "status": "success"
}

{
    "time": "2025-04-16 02:50:32",
    "function": "update_env_app_url",
    "project_url": "http:\/\/127.0.0.1:8000\/",
    "env_path": "R:\\Adev\\200  -  test\\adminlicence_saas\/.env",
    "status": "success"
}

{
    "time": "2025-04-16 02:52:15",
    "function": "update_env_app_url",
    "project_url": "http:\/\/127.0.0.1:8000\/",
    "env_path": "R:\\Adev\\200  -  test\\adminlicence_saas\/.env",
    "status": "success"
}

