{
    "time": "2025-04-15 20:54:22",
    "request": {
        "license_key": "MEST-FM7A-BLGA-KLKP"
    },
    "server": {
        "DOCUMENT_ROOT": "R:\\Adev\\200  -  test\\adminlicence_saas\\public",
        "REMOTE_ADDR": "127.0.0.1",
        "REMOTE_PORT": "58906",
        "SERVER_SOFTWARE": "PHP 8.2.12 Development Server",
        "SERVER_PROTOCOL": "HTTP\/1.1",
        "SERVER_NAME": "127.0.0.1",
        "SERVER_PORT": "8000",
        "REQUEST_URI": "\/install\/ajax\/verify_license.php",
        "REQUEST_METHOD": "POST",
        "SCRIPT_NAME": "\/install\/ajax\/verify_license.php",
        "SCRIPT_FILENAME": "R:\\Adev\\200  -  test\\adminlicence_saas\\public\\install\\ajax\\verify_license.php",
        "PHP_SELF": "\/install\/ajax\/verify_license.php",
        "HTTP_HOST": "127.0.0.1:8000",
        "HTTP_CONNECTION": "keep-alive",
        "CONTENT_LENGTH": "31",
        "HTTP_CONTENT_LENGTH": "31",
        "HTTP_SEC_CH_UA_PLATFORM": "\"Windows\"",
        "HTTP_X_REQUESTED_WITH": "XMLHttpRequest",
        "HTTP_USER_AGENT": "Mozilla\/5.0 (Windows NT 10.0; Win64; x64) AppleWebKit\/537.36 (KHTML, like Gecko) Chrome\/132.0.0.0 Safari\/537.36 OPR\/117.0.0.0 (Edition std-1)",
        "HTTP_ACCEPT": "application\/json, text\/javascript, *\/*; q=0.01",
        "HTTP_SEC_CH_UA": "\"Not A(Brand\";v=\"8\", \"Chromium\";v=\"132\", \"Opera GX\";v=\"117\"",
        "CONTENT_TYPE": "application\/x-www-form-urlencoded; charset=UTF-8",
        "HTTP_CONTENT_TYPE": "application\/x-www-form-urlencoded; charset=UTF-8",
        "HTTP_SEC_CH_UA_MOBILE": "?0",
        "HTTP_ORIGIN": "http:\/\/127.0.0.1:8000",
        "HTTP_SEC_FETCH_SITE": "same-origin",
        "HTTP_SEC_FETCH_MODE": "cors",
        "HTTP_SEC_FETCH_DEST": "empty",
        "HTTP_REFERER": "http:\/\/127.0.0.1:8000\/install\/index.php",
        "HTTP_ACCEPT_ENCODING": "gzip, deflate, br, zstd",
        "HTTP_ACCEPT_LANGUAGE": "fr-FR,fr;q=0.9,en-US;q=0.8,en;q=0.7",
        "HTTP_COOKIE": "PHPSESSID=136rei8taoan5mpsacdhd619b5; XSRF-TOKEN=eyJpdiI6Imt5bVpINVdjQUhuZmVhMnRWc2lRZVE9PSIsInZhbHVlIjoiQkNnaDNHNmE2ek9iRFRqWTMyOGF0YldZMTJpdlZSOWFKVDcxNkM1QjlKcjB3Q1E2QjNQT0V6dGZQZ2VDUHNRL1FYa1h1VnVMNEErd0djYWtmN0xUaVNqSVJqVXVrWGMvbXdnWkRnUmhTQThlYlpmdHdmdGhKVkJRN2U1VzBoOVMiLCJtYWMiOiIzOWFiMWE5ZDY3YTAwMTMyMDBkODk0YjJhZTBhYWQ1ZDcyNGYyMGE5NGNmYjhmMTZjYTEyMDE2ZjRlYWJlNDMxIiwidGFnIjoiIn0%3D; adminlicence_session=eyJpdiI6IjN0aGVJK3Q2dFBMUHl1ZXpTWE1oU0E9PSIsInZhbHVlIjoiS1ZaSEZheVBHdllLdTRWNEg3M0ZmMlpZajJyL3VCdHdtc1MzTVhZbkErN2EvTU5LdlRMWkt4SWVYQ211YTQ2NnlCSU5mUVgrV2VSY2RPS3B2VEhZMkljSEFMd2kzaDUwQ3I0bFpEZ2w0QXZ3SEhyTDN0dDNCd0hnK0FuUGdrNmsiLCJtYWMiOiJiMWNlOWY1ODg2YjViYzgzYTgxZTBiODBiYmQ2MjczYjk0ZTVlMjNlNWM0NGM0ZWE3ZTM0Yzc5OGRjMGZjZmMwIiwidGFnIjoiIn0%3D",
        "REQUEST_TIME_FLOAT": 1744743262.816306,
        "REQUEST_TIME": 1744743262
    }
}

{
    "time": "2025-04-15 21:00:35",
    "request": {
        "license_key": "MEST-FM7A-BLGA-KLKP"
    },
    "server": {
        "DOCUMENT_ROOT": "R:\\Adev\\200  -  test\\adminlicence_saas\\public",
        "REMOTE_ADDR": "127.0.0.1",
        "REMOTE_PORT": "59580",
        "SERVER_SOFTWARE": "PHP 8.2.12 Development Server",
        "SERVER_PROTOCOL": "HTTP\/1.1",
        "SERVER_NAME": "127.0.0.1",
        "SERVER_PORT": "8000",
        "REQUEST_URI": "\/install\/ajax\/verify_license.php",
        "REQUEST_METHOD": "POST",
        "SCRIPT_NAME": "\/install\/ajax\/verify_license.php",
        "SCRIPT_FILENAME": "R:\\Adev\\200  -  test\\adminlicence_saas\\public\\install\\ajax\\verify_license.php",
        "PHP_SELF": "\/install\/ajax\/verify_license.php",
        "HTTP_HOST": "127.0.0.1:8000",
        "HTTP_CONNECTION": "keep-alive",
        "CONTENT_LENGTH": "31",
        "HTTP_CONTENT_LENGTH": "31",
        "HTTP_SEC_CH_UA_PLATFORM": "\"Windows\"",
        "HTTP_X_REQUESTED_WITH": "XMLHttpRequest",
        "HTTP_USER_AGENT": "Mozilla\/5.0 (Windows NT 10.0; Win64; x64) AppleWebKit\/537.36 (KHTML, like Gecko) Chrome\/132.0.0.0 Safari\/537.36 OPR\/117.0.0.0 (Edition std-1)",
        "HTTP_ACCEPT": "application\/json, text\/javascript, *\/*; q=0.01",
        "HTTP_SEC_CH_UA": "\"Not A(Brand\";v=\"8\", \"Chromium\";v=\"132\", \"Opera GX\";v=\"117\"",
        "CONTENT_TYPE": "application\/x-www-form-urlencoded; charset=UTF-8",
        "HTTP_CONTENT_TYPE": "application\/x-www-form-urlencoded; charset=UTF-8",
        "HTTP_SEC_CH_UA_MOBILE": "?0",
        "HTTP_ORIGIN": "http:\/\/127.0.0.1:8000",
        "HTTP_SEC_FETCH_SITE": "same-origin",
        "HTTP_SEC_FETCH_MODE": "cors",
        "HTTP_SEC_FETCH_DEST": "empty",
        "HTTP_REFERER": "http:\/\/127.0.0.1:8000\/install\/index.php?lang=fr",
        "HTTP_ACCEPT_ENCODING": "gzip, deflate, br, zstd",
        "HTTP_ACCEPT_LANGUAGE": "fr-FR,fr;q=0.9,en-US;q=0.8,en;q=0.7",
        "HTTP_COOKIE": "PHPSESSID=136rei8taoan5mpsacdhd619b5; XSRF-TOKEN=eyJpdiI6Imt5bVpINVdjQUhuZmVhMnRWc2lRZVE9PSIsInZhbHVlIjoiQkNnaDNHNmE2ek9iRFRqWTMyOGF0YldZMTJpdlZSOWFKVDcxNkM1QjlKcjB3Q1E2QjNQT0V6dGZQZ2VDUHNRL1FYa1h1VnVMNEErd0djYWtmN0xUaVNqSVJqVXVrWGMvbXdnWkRnUmhTQThlYlpmdHdmdGhKVkJRN2U1VzBoOVMiLCJtYWMiOiIzOWFiMWE5ZDY3YTAwMTMyMDBkODk0YjJhZTBhYWQ1ZDcyNGYyMGE5NGNmYjhmMTZjYTEyMDE2ZjRlYWJlNDMxIiwidGFnIjoiIn0%3D; adminlicence_session=eyJpdiI6IjN0aGVJK3Q2dFBMUHl1ZXpTWE1oU0E9PSIsInZhbHVlIjoiS1ZaSEZheVBHdllLdTRWNEg3M0ZmMlpZajJyL3VCdHdtc1MzTVhZbkErN2EvTU5LdlRMWkt4SWVYQ211YTQ2NnlCSU5mUVgrV2VSY2RPS3B2VEhZMkljSEFMd2kzaDUwQ3I0bFpEZ2w0QXZ3SEhyTDN0dDNCd0hnK0FuUGdrNmsiLCJtYWMiOiJiMWNlOWY1ODg2YjViYzgzYTgxZTBiODBiYmQ2MjczYjk0ZTVlMjNlNWM0NGM0ZWE3ZTM0Yzc5OGRjMGZjZmMwIiwidGFnIjoiIn0%3D",
        "REQUEST_TIME_FLOAT": 1744743635.713538,
        "REQUEST_TIME": 1744743635
    }
}

{
    "time": "2025-04-15 21:02:55",
    "request": {
        "license_key": "MEST-FM7A-BLGA-KLKP"
    },
    "server": {
        "DOCUMENT_ROOT": "R:\\Adev\\200  -  test\\adminlicence_saas\\public",
        "REMOTE_ADDR": "127.0.0.1",
        "REMOTE_PORT": "59867",
        "SERVER_SOFTWARE": "PHP 8.2.12 Development Server",
        "SERVER_PROTOCOL": "HTTP\/1.1",
        "SERVER_NAME": "127.0.0.1",
        "SERVER_PORT": "8000",
        "REQUEST_URI": "\/install\/ajax\/verify_license.php",
        "REQUEST_METHOD": "POST",
        "SCRIPT_NAME": "\/install\/ajax\/verify_license.php",
        "SCRIPT_FILENAME": "R:\\Adev\\200  -  test\\adminlicence_saas\\public\\install\\ajax\\verify_license.php",
        "PHP_SELF": "\/install\/ajax\/verify_license.php",
        "HTTP_HOST": "127.0.0.1:8000",
        "HTTP_CONNECTION": "keep-alive",
        "CONTENT_LENGTH": "31",
        "HTTP_CONTENT_LENGTH": "31",
        "HTTP_SEC_CH_UA_PLATFORM": "\"Windows\"",
        "HTTP_X_REQUESTED_WITH": "XMLHttpRequest",
        "HTTP_USER_AGENT": "Mozilla\/5.0 (Windows NT 10.0; Win64; x64) AppleWebKit\/537.36 (KHTML, like Gecko) Chrome\/132.0.0.0 Safari\/537.36 OPR\/117.0.0.0 (Edition std-1)",
        "HTTP_ACCEPT": "application\/json, text\/javascript, *\/*; q=0.01",
        "HTTP_SEC_CH_UA": "\"Not A(Brand\";v=\"8\", \"Chromium\";v=\"132\", \"Opera GX\";v=\"117\"",
        "CONTENT_TYPE": "application\/x-www-form-urlencoded; charset=UTF-8",
        "HTTP_CONTENT_TYPE": "application\/x-www-form-urlencoded; charset=UTF-8",
        "HTTP_SEC_CH_UA_MOBILE": "?0",
        "HTTP_ORIGIN": "http:\/\/127.0.0.1:8000",
        "HTTP_SEC_FETCH_SITE": "same-origin",
        "HTTP_SEC_FETCH_MODE": "cors",
        "HTTP_SEC_FETCH_DEST": "empty",
        "HTTP_REFERER": "http:\/\/127.0.0.1:8000\/install\/index.php?lang=fr",
        "HTTP_ACCEPT_ENCODING": "gzip, deflate, br, zstd",
        "HTTP_ACCEPT_LANGUAGE": "fr-FR,fr;q=0.9,en-US;q=0.8,en;q=0.7",
        "HTTP_COOKIE": "PHPSESSID=136rei8taoan5mpsacdhd619b5; XSRF-TOKEN=eyJpdiI6Imt5bVpINVdjQUhuZmVhMnRWc2lRZVE9PSIsInZhbHVlIjoiQkNnaDNHNmE2ek9iRFRqWTMyOGF0YldZMTJpdlZSOWFKVDcxNkM1QjlKcjB3Q1E2QjNQT0V6dGZQZ2VDUHNRL1FYa1h1VnVMNEErd0djYWtmN0xUaVNqSVJqVXVrWGMvbXdnWkRnUmhTQThlYlpmdHdmdGhKVkJRN2U1VzBoOVMiLCJtYWMiOiIzOWFiMWE5ZDY3YTAwMTMyMDBkODk0YjJhZTBhYWQ1ZDcyNGYyMGE5NGNmYjhmMTZjYTEyMDE2ZjRlYWJlNDMxIiwidGFnIjoiIn0%3D; adminlicence_session=eyJpdiI6IjN0aGVJK3Q2dFBMUHl1ZXpTWE1oU0E9PSIsInZhbHVlIjoiS1ZaSEZheVBHdllLdTRWNEg3M0ZmMlpZajJyL3VCdHdtc1MzTVhZbkErN2EvTU5LdlRMWkt4SWVYQ211YTQ2NnlCSU5mUVgrV2VSY2RPS3B2VEhZMkljSEFMd2kzaDUwQ3I0bFpEZ2w0QXZ3SEhyTDN0dDNCd0hnK0FuUGdrNmsiLCJtYWMiOiJiMWNlOWY1ODg2YjViYzgzYTgxZTBiODBiYmQ2MjczYjk0ZTVlMjNlNWM0NGM0ZWE3ZTM0Yzc5OGRjMGZjZmMwIiwidGFnIjoiIn0%3D",
        "REQUEST_TIME_FLOAT": 1744743775.949721,
        "REQUEST_TIME": 1744743775
    }
}

{
    "time": "2025-04-15 21:06:36",
    "request": {
        "license_key": "MEST-FM7A-BLGA-KLKP"
    },
    "server": {
        "DOCUMENT_ROOT": "R:\\Adev\\200  -  test\\adminlicence_saas\\public",
        "REMOTE_ADDR": "127.0.0.1",
        "REMOTE_PORT": "60274",
        "SERVER_SOFTWARE": "PHP 8.2.12 Development Server",
        "SERVER_PROTOCOL": "HTTP\/1.1",
        "SERVER_NAME": "127.0.0.1",
        "SERVER_PORT": "8000",
        "REQUEST_URI": "\/install\/ajax\/verify_license.php",
        "REQUEST_METHOD": "POST",
        "SCRIPT_NAME": "\/install\/ajax\/verify_license.php",
        "SCRIPT_FILENAME": "R:\\Adev\\200  -  test\\adminlicence_saas\\public\\install\\ajax\\verify_license.php",
        "PHP_SELF": "\/install\/ajax\/verify_license.php",
        "HTTP_HOST": "127.0.0.1:8000",
        "HTTP_CONNECTION": "keep-alive",
        "CONTENT_LENGTH": "31",
        "HTTP_CONTENT_LENGTH": "31",
        "HTTP_SEC_CH_UA_PLATFORM": "\"Windows\"",
        "HTTP_X_REQUESTED_WITH": "XMLHttpRequest",
        "HTTP_USER_AGENT": "Mozilla\/5.0 (Windows NT 10.0; Win64; x64) AppleWebKit\/537.36 (KHTML, like Gecko) Chrome\/132.0.0.0 Safari\/537.36 OPR\/117.0.0.0 (Edition std-1)",
        "HTTP_ACCEPT": "application\/json, text\/javascript, *\/*; q=0.01",
        "HTTP_SEC_CH_UA": "\"Not A(Brand\";v=\"8\", \"Chromium\";v=\"132\", \"Opera GX\";v=\"117\"",
        "CONTENT_TYPE": "application\/x-www-form-urlencoded; charset=UTF-8",
        "HTTP_CONTENT_TYPE": "application\/x-www-form-urlencoded; charset=UTF-8",
        "HTTP_SEC_CH_UA_MOBILE": "?0",
        "HTTP_ORIGIN": "http:\/\/127.0.0.1:8000",
        "HTTP_SEC_FETCH_SITE": "same-origin",
        "HTTP_SEC_FETCH_MODE": "cors",
        "HTTP_SEC_FETCH_DEST": "empty",
        "HTTP_REFERER": "http:\/\/127.0.0.1:8000\/install\/index.php?step=1",
        "HTTP_ACCEPT_ENCODING": "gzip, deflate, br, zstd",
        "HTTP_ACCEPT_LANGUAGE": "fr-FR,fr;q=0.9,en-US;q=0.8,en;q=0.7",
        "HTTP_COOKIE": "PHPSESSID=136rei8taoan5mpsacdhd619b5; XSRF-TOKEN=eyJpdiI6Imt5bVpINVdjQUhuZmVhMnRWc2lRZVE9PSIsInZhbHVlIjoiQkNnaDNHNmE2ek9iRFRqWTMyOGF0YldZMTJpdlZSOWFKVDcxNkM1QjlKcjB3Q1E2QjNQT0V6dGZQZ2VDUHNRL1FYa1h1VnVMNEErd0djYWtmN0xUaVNqSVJqVXVrWGMvbXdnWkRnUmhTQThlYlpmdHdmdGhKVkJRN2U1VzBoOVMiLCJtYWMiOiIzOWFiMWE5ZDY3YTAwMTMyMDBkODk0YjJhZTBhYWQ1ZDcyNGYyMGE5NGNmYjhmMTZjYTEyMDE2ZjRlYWJlNDMxIiwidGFnIjoiIn0%3D; adminlicence_session=eyJpdiI6IjN0aGVJK3Q2dFBMUHl1ZXpTWE1oU0E9PSIsInZhbHVlIjoiS1ZaSEZheVBHdllLdTRWNEg3M0ZmMlpZajJyL3VCdHdtc1MzTVhZbkErN2EvTU5LdlRMWkt4SWVYQ211YTQ2NnlCSU5mUVgrV2VSY2RPS3B2VEhZMkljSEFMd2kzaDUwQ3I0bFpEZ2w0QXZ3SEhyTDN0dDNCd0hnK0FuUGdrNmsiLCJtYWMiOiJiMWNlOWY1ODg2YjViYzgzYTgxZTBiODBiYmQ2MjczYjk0ZTVlMjNlNWM0NGM0ZWE3ZTM0Yzc5OGRjMGZjZmMwIiwidGFnIjoiIn0%3D",
        "REQUEST_TIME_FLOAT": 1744743996.927784,
        "REQUEST_TIME": 1744743996
    }
}

{
    "time": "2025-04-15 21:10:28",
    "request": {
        "license_key": "MEST-FM7A-BLGA-KLKP"
    },
    "server": {
        "DOCUMENT_ROOT": "R:\\Adev\\200  -  test\\adminlicence_saas\\public",
        "REMOTE_ADDR": "127.0.0.1",
        "REMOTE_PORT": "60644",
        "SERVER_SOFTWARE": "PHP 8.2.12 Development Server",
        "SERVER_PROTOCOL": "HTTP\/1.1",
        "SERVER_NAME": "127.0.0.1",
        "SERVER_PORT": "8000",
        "REQUEST_URI": "\/install\/ajax\/verify_license.php",
        "REQUEST_METHOD": "POST",
        "SCRIPT_NAME": "\/install\/ajax\/verify_license.php",
        "SCRIPT_FILENAME": "R:\\Adev\\200  -  test\\adminlicence_saas\\public\\install\\ajax\\verify_license.php",
        "PHP_SELF": "\/install\/ajax\/verify_license.php",
        "HTTP_HOST": "127.0.0.1:8000",
        "HTTP_CONNECTION": "keep-alive",
        "CONTENT_LENGTH": "31",
        "HTTP_CONTENT_LENGTH": "31",
        "HTTP_SEC_CH_UA_PLATFORM": "\"Windows\"",
        "HTTP_X_REQUESTED_WITH": "XMLHttpRequest",
        "HTTP_USER_AGENT": "Mozilla\/5.0 (Windows NT 10.0; Win64; x64) AppleWebKit\/537.36 (KHTML, like Gecko) Chrome\/132.0.0.0 Safari\/537.36 OPR\/117.0.0.0 (Edition std-1)",
        "HTTP_ACCEPT": "application\/json, text\/javascript, *\/*; q=0.01",
        "HTTP_SEC_CH_UA": "\"Not A(Brand\";v=\"8\", \"Chromium\";v=\"132\", \"Opera GX\";v=\"117\"",
        "CONTENT_TYPE": "application\/x-www-form-urlencoded; charset=UTF-8",
        "HTTP_CONTENT_TYPE": "application\/x-www-form-urlencoded; charset=UTF-8",
        "HTTP_SEC_CH_UA_MOBILE": "?0",
        "HTTP_ORIGIN": "http:\/\/127.0.0.1:8000",
        "HTTP_SEC_FETCH_SITE": "same-origin",
        "HTTP_SEC_FETCH_MODE": "cors",
        "HTTP_SEC_FETCH_DEST": "empty",
        "HTTP_REFERER": "http:\/\/127.0.0.1:8000\/install\/index.php?step=1",
        "HTTP_ACCEPT_ENCODING": "gzip, deflate, br, zstd",
        "HTTP_ACCEPT_LANGUAGE": "fr-FR,fr;q=0.9,en-US;q=0.8,en;q=0.7",
        "HTTP_COOKIE": "PHPSESSID=136rei8taoan5mpsacdhd619b5; XSRF-TOKEN=eyJpdiI6Imt5bVpINVdjQUhuZmVhMnRWc2lRZVE9PSIsInZhbHVlIjoiQkNnaDNHNmE2ek9iRFRqWTMyOGF0YldZMTJpdlZSOWFKVDcxNkM1QjlKcjB3Q1E2QjNQT0V6dGZQZ2VDUHNRL1FYa1h1VnVMNEErd0djYWtmN0xUaVNqSVJqVXVrWGMvbXdnWkRnUmhTQThlYlpmdHdmdGhKVkJRN2U1VzBoOVMiLCJtYWMiOiIzOWFiMWE5ZDY3YTAwMTMyMDBkODk0YjJhZTBhYWQ1ZDcyNGYyMGE5NGNmYjhmMTZjYTEyMDE2ZjRlYWJlNDMxIiwidGFnIjoiIn0%3D; adminlicence_session=eyJpdiI6IjN0aGVJK3Q2dFBMUHl1ZXpTWE1oU0E9PSIsInZhbHVlIjoiS1ZaSEZheVBHdllLdTRWNEg3M0ZmMlpZajJyL3VCdHdtc1MzTVhZbkErN2EvTU5LdlRMWkt4SWVYQ211YTQ2NnlCSU5mUVgrV2VSY2RPS3B2VEhZMkljSEFMd2kzaDUwQ3I0bFpEZ2w0QXZ3SEhyTDN0dDNCd0hnK0FuUGdrNmsiLCJtYWMiOiJiMWNlOWY1ODg2YjViYzgzYTgxZTBiODBiYmQ2MjczYjk0ZTVlMjNlNWM0NGM0ZWE3ZTM0Yzc5OGRjMGZjZmMwIiwidGFnIjoiIn0%3D",
        "REQUEST_TIME_FLOAT": 1744744228.586055,
        "REQUEST_TIME": 1744744228
    }
}

{
    "time": "2025-04-15 21:11:06",
    "request": {
        "license_key": "MEST-FM7A-BLGA-KLKP"
    },
    "server": {
        "DOCUMENT_ROOT": "R:\\Adev\\200  -  test\\adminlicence_saas\\public",
        "REMOTE_ADDR": "127.0.0.1",
        "REMOTE_PORT": "60729",
        "SERVER_SOFTWARE": "PHP 8.2.12 Development Server",
        "SERVER_PROTOCOL": "HTTP\/1.1",
        "SERVER_NAME": "127.0.0.1",
        "SERVER_PORT": "8000",
        "REQUEST_URI": "\/install\/ajax\/verify_license.php",
        "REQUEST_METHOD": "POST",
        "SCRIPT_NAME": "\/install\/ajax\/verify_license.php",
        "SCRIPT_FILENAME": "R:\\Adev\\200  -  test\\adminlicence_saas\\public\\install\\ajax\\verify_license.php",
        "PHP_SELF": "\/install\/ajax\/verify_license.php",
        "HTTP_HOST": "127.0.0.1:8000",
        "HTTP_CONNECTION": "keep-alive",
        "CONTENT_LENGTH": "31",
        "HTTP_CONTENT_LENGTH": "31",
        "HTTP_SEC_CH_UA_PLATFORM": "\"Windows\"",
        "HTTP_X_REQUESTED_WITH": "XMLHttpRequest",
        "HTTP_USER_AGENT": "Mozilla\/5.0 (Windows NT 10.0; Win64; x64) AppleWebKit\/537.36 (KHTML, like Gecko) Chrome\/132.0.0.0 Safari\/537.36 OPR\/117.0.0.0 (Edition std-1)",
        "HTTP_ACCEPT": "application\/json, text\/javascript, *\/*; q=0.01",
        "HTTP_SEC_CH_UA": "\"Not A(Brand\";v=\"8\", \"Chromium\";v=\"132\", \"Opera GX\";v=\"117\"",
        "CONTENT_TYPE": "application\/x-www-form-urlencoded; charset=UTF-8",
        "HTTP_CONTENT_TYPE": "application\/x-www-form-urlencoded; charset=UTF-8",
        "HTTP_SEC_CH_UA_MOBILE": "?0",
        "HTTP_ORIGIN": "http:\/\/127.0.0.1:8000",
        "HTTP_SEC_FETCH_SITE": "same-origin",
        "HTTP_SEC_FETCH_MODE": "cors",
        "HTTP_SEC_FETCH_DEST": "empty",
        "HTTP_REFERER": "http:\/\/127.0.0.1:8000\/install\/index.php?step=1",
        "HTTP_ACCEPT_ENCODING": "gzip, deflate, br, zstd",
        "HTTP_ACCEPT_LANGUAGE": "fr-FR,fr;q=0.9,en-US;q=0.8,en;q=0.7",
        "HTTP_COOKIE": "PHPSESSID=136rei8taoan5mpsacdhd619b5; XSRF-TOKEN=eyJpdiI6Imt5bVpINVdjQUhuZmVhMnRWc2lRZVE9PSIsInZhbHVlIjoiQkNnaDNHNmE2ek9iRFRqWTMyOGF0YldZMTJpdlZSOWFKVDcxNkM1QjlKcjB3Q1E2QjNQT0V6dGZQZ2VDUHNRL1FYa1h1VnVMNEErd0djYWtmN0xUaVNqSVJqVXVrWGMvbXdnWkRnUmhTQThlYlpmdHdmdGhKVkJRN2U1VzBoOVMiLCJtYWMiOiIzOWFiMWE5ZDY3YTAwMTMyMDBkODk0YjJhZTBhYWQ1ZDcyNGYyMGE5NGNmYjhmMTZjYTEyMDE2ZjRlYWJlNDMxIiwidGFnIjoiIn0%3D; adminlicence_session=eyJpdiI6IjN0aGVJK3Q2dFBMUHl1ZXpTWE1oU0E9PSIsInZhbHVlIjoiS1ZaSEZheVBHdllLdTRWNEg3M0ZmMlpZajJyL3VCdHdtc1MzTVhZbkErN2EvTU5LdlRMWkt4SWVYQ211YTQ2NnlCSU5mUVgrV2VSY2RPS3B2VEhZMkljSEFMd2kzaDUwQ3I0bFpEZ2w0QXZ3SEhyTDN0dDNCd0hnK0FuUGdrNmsiLCJtYWMiOiJiMWNlOWY1ODg2YjViYzgzYTgxZTBiODBiYmQ2MjczYjk0ZTVlMjNlNWM0NGM0ZWE3ZTM0Yzc5OGRjMGZjZmMwIiwidGFnIjoiIn0%3D",
        "REQUEST_TIME_FLOAT": 1744744266.151189,
        "REQUEST_TIME": 1744744266
    }
}

{
    "time": "2025-04-15 21:11:31",
    "request": {
        "license_key": "MEST-FM7A-BLGA-KLKP"
    },
    "server": {
        "DOCUMENT_ROOT": "R:\\Adev\\200  -  test\\adminlicence_saas\\public",
        "REMOTE_ADDR": "127.0.0.1",
        "REMOTE_PORT": "60795",
        "SERVER_SOFTWARE": "PHP 8.2.12 Development Server",
        "SERVER_PROTOCOL": "HTTP\/1.1",
        "SERVER_NAME": "127.0.0.1",
        "SERVER_PORT": "8000",
        "REQUEST_URI": "\/install\/ajax\/verify_license.php",
        "REQUEST_METHOD": "POST",
        "SCRIPT_NAME": "\/install\/ajax\/verify_license.php",
        "SCRIPT_FILENAME": "R:\\Adev\\200  -  test\\adminlicence_saas\\public\\install\\ajax\\verify_license.php",
        "PHP_SELF": "\/install\/ajax\/verify_license.php",
        "HTTP_HOST": "127.0.0.1:8000",
        "HTTP_CONNECTION": "keep-alive",
        "CONTENT_LENGTH": "31",
        "HTTP_CONTENT_LENGTH": "31",
        "HTTP_SEC_CH_UA_PLATFORM": "\"Windows\"",
        "HTTP_X_REQUESTED_WITH": "XMLHttpRequest",
        "HTTP_USER_AGENT": "Mozilla\/5.0 (Windows NT 10.0; Win64; x64) AppleWebKit\/537.36 (KHTML, like Gecko) Chrome\/132.0.0.0 Safari\/537.36 OPR\/117.0.0.0 (Edition std-1)",
        "HTTP_ACCEPT": "application\/json, text\/javascript, *\/*; q=0.01",
        "HTTP_SEC_CH_UA": "\"Not A(Brand\";v=\"8\", \"Chromium\";v=\"132\", \"Opera GX\";v=\"117\"",
        "CONTENT_TYPE": "application\/x-www-form-urlencoded; charset=UTF-8",
        "HTTP_CONTENT_TYPE": "application\/x-www-form-urlencoded; charset=UTF-8",
        "HTTP_SEC_CH_UA_MOBILE": "?0",
        "HTTP_ORIGIN": "http:\/\/127.0.0.1:8000",
        "HTTP_SEC_FETCH_SITE": "same-origin",
        "HTTP_SEC_FETCH_MODE": "cors",
        "HTTP_SEC_FETCH_DEST": "empty",
        "HTTP_REFERER": "http:\/\/127.0.0.1:8000\/install\/index.php?step=1",
        "HTTP_ACCEPT_ENCODING": "gzip, deflate, br, zstd",
        "HTTP_ACCEPT_LANGUAGE": "fr-FR,fr;q=0.9,en-US;q=0.8,en;q=0.7",
        "HTTP_COOKIE": "PHPSESSID=136rei8taoan5mpsacdhd619b5; XSRF-TOKEN=eyJpdiI6Imt5bVpINVdjQUhuZmVhMnRWc2lRZVE9PSIsInZhbHVlIjoiQkNnaDNHNmE2ek9iRFRqWTMyOGF0YldZMTJpdlZSOWFKVDcxNkM1QjlKcjB3Q1E2QjNQT0V6dGZQZ2VDUHNRL1FYa1h1VnVMNEErd0djYWtmN0xUaVNqSVJqVXVrWGMvbXdnWkRnUmhTQThlYlpmdHdmdGhKVkJRN2U1VzBoOVMiLCJtYWMiOiIzOWFiMWE5ZDY3YTAwMTMyMDBkODk0YjJhZTBhYWQ1ZDcyNGYyMGE5NGNmYjhmMTZjYTEyMDE2ZjRlYWJlNDMxIiwidGFnIjoiIn0%3D; adminlicence_session=eyJpdiI6IjN0aGVJK3Q2dFBMUHl1ZXpTWE1oU0E9PSIsInZhbHVlIjoiS1ZaSEZheVBHdllLdTRWNEg3M0ZmMlpZajJyL3VCdHdtc1MzTVhZbkErN2EvTU5LdlRMWkt4SWVYQ211YTQ2NnlCSU5mUVgrV2VSY2RPS3B2VEhZMkljSEFMd2kzaDUwQ3I0bFpEZ2w0QXZ3SEhyTDN0dDNCd0hnK0FuUGdrNmsiLCJtYWMiOiJiMWNlOWY1ODg2YjViYzgzYTgxZTBiODBiYmQ2MjczYjk0ZTVlMjNlNWM0NGM0ZWE3ZTM0Yzc5OGRjMGZjZmMwIiwidGFnIjoiIn0%3D",
        "REQUEST_TIME_FLOAT": 1744744291.307735,
        "REQUEST_TIME": 1744744291
    }
}

{
    "time": "2025-04-15 21:17:17",
    "request": {
        "license_key": "MEST-FM7A-BLGA-KLKP"
    },
    "server": {
        "DOCUMENT_ROOT": "R:\\Adev\\200  -  test\\adminlicence_saas\\public",
        "REMOTE_ADDR": "127.0.0.1",
        "REMOTE_PORT": "61334",
        "SERVER_SOFTWARE": "PHP 8.2.12 Development Server",
        "SERVER_PROTOCOL": "HTTP\/1.1",
        "SERVER_NAME": "127.0.0.1",
        "SERVER_PORT": "8000",
        "REQUEST_URI": "\/install\/ajax\/verify_license.php",
        "REQUEST_METHOD": "POST",
        "SCRIPT_NAME": "\/install\/ajax\/verify_license.php",
        "SCRIPT_FILENAME": "R:\\Adev\\200  -  test\\adminlicence_saas\\public\\install\\ajax\\verify_license.php",
        "PHP_SELF": "\/install\/ajax\/verify_license.php",
        "HTTP_HOST": "127.0.0.1:8000",
        "HTTP_CONNECTION": "keep-alive",
        "CONTENT_LENGTH": "31",
        "HTTP_CONTENT_LENGTH": "31",
        "HTTP_SEC_CH_UA_PLATFORM": "\"Windows\"",
        "HTTP_X_REQUESTED_WITH": "XMLHttpRequest",
        "HTTP_USER_AGENT": "Mozilla\/5.0 (Windows NT 10.0; Win64; x64) AppleWebKit\/537.36 (KHTML, like Gecko) Chrome\/132.0.0.0 Safari\/537.36 OPR\/117.0.0.0 (Edition std-1)",
        "HTTP_ACCEPT": "application\/json, text\/javascript, *\/*; q=0.01",
        "HTTP_SEC_CH_UA": "\"Not A(Brand\";v=\"8\", \"Chromium\";v=\"132\", \"Opera GX\";v=\"117\"",
        "CONTENT_TYPE": "application\/x-www-form-urlencoded; charset=UTF-8",
        "HTTP_CONTENT_TYPE": "application\/x-www-form-urlencoded; charset=UTF-8",
        "HTTP_SEC_CH_UA_MOBILE": "?0",
        "HTTP_ORIGIN": "http:\/\/127.0.0.1:8000",
        "HTTP_SEC_FETCH_SITE": "same-origin",
        "HTTP_SEC_FETCH_MODE": "cors",
        "HTTP_SEC_FETCH_DEST": "empty",
        "HTTP_REFERER": "http:\/\/127.0.0.1:8000\/install\/index.php?step=1",
        "HTTP_ACCEPT_ENCODING": "gzip, deflate, br, zstd",
        "HTTP_ACCEPT_LANGUAGE": "fr-FR,fr;q=0.9,en-US;q=0.8,en;q=0.7",
        "HTTP_COOKIE": "PHPSESSID=136rei8taoan5mpsacdhd619b5; XSRF-TOKEN=eyJpdiI6Imt5bVpINVdjQUhuZmVhMnRWc2lRZVE9PSIsInZhbHVlIjoiQkNnaDNHNmE2ek9iRFRqWTMyOGF0YldZMTJpdlZSOWFKVDcxNkM1QjlKcjB3Q1E2QjNQT0V6dGZQZ2VDUHNRL1FYa1h1VnVMNEErd0djYWtmN0xUaVNqSVJqVXVrWGMvbXdnWkRnUmhTQThlYlpmdHdmdGhKVkJRN2U1VzBoOVMiLCJtYWMiOiIzOWFiMWE5ZDY3YTAwMTMyMDBkODk0YjJhZTBhYWQ1ZDcyNGYyMGE5NGNmYjhmMTZjYTEyMDE2ZjRlYWJlNDMxIiwidGFnIjoiIn0%3D; adminlicence_session=eyJpdiI6IjN0aGVJK3Q2dFBMUHl1ZXpTWE1oU0E9PSIsInZhbHVlIjoiS1ZaSEZheVBHdllLdTRWNEg3M0ZmMlpZajJyL3VCdHdtc1MzTVhZbkErN2EvTU5LdlRMWkt4SWVYQ211YTQ2NnlCSU5mUVgrV2VSY2RPS3B2VEhZMkljSEFMd2kzaDUwQ3I0bFpEZ2w0QXZ3SEhyTDN0dDNCd0hnK0FuUGdrNmsiLCJtYWMiOiJiMWNlOWY1ODg2YjViYzgzYTgxZTBiODBiYmQ2MjczYjk0ZTVlMjNlNWM0NGM0ZWE3ZTM0Yzc5OGRjMGZjZmMwIiwidGFnIjoiIn0%3D",
        "REQUEST_TIME_FLOAT": 1744744637.009261,
        "REQUEST_TIME": 1744744637
    }
}

{
    "time": "2025-04-15 21:24:55",
    "request": {
        "license_key": "MEST-FM7A-BLGA-KLKP"
    },
    "server": {
        "DOCUMENT_ROOT": "R:\\Adev\\200  -  test\\adminlicence_saas\\public",
        "REMOTE_ADDR": "127.0.0.1",
        "REMOTE_PORT": "57178",
        "SERVER_SOFTWARE": "PHP 8.2.12 Development Server",
        "SERVER_PROTOCOL": "HTTP\/1.1",
        "SERVER_NAME": "127.0.0.1",
        "SERVER_PORT": "8000",
        "REQUEST_URI": "\/install\/ajax\/verify_license.php",
        "REQUEST_METHOD": "POST",
        "SCRIPT_NAME": "\/install\/ajax\/verify_license.php",
        "SCRIPT_FILENAME": "R:\\Adev\\200  -  test\\adminlicence_saas\\public\\install\\ajax\\verify_license.php",
        "PHP_SELF": "\/install\/ajax\/verify_license.php",
        "HTTP_HOST": "127.0.0.1:8000",
        "HTTP_CONNECTION": "keep-alive",
        "CONTENT_LENGTH": "31",
        "HTTP_CONTENT_LENGTH": "31",
        "HTTP_SEC_CH_UA_PLATFORM": "\"Windows\"",
        "HTTP_X_REQUESTED_WITH": "XMLHttpRequest",
        "HTTP_USER_AGENT": "Mozilla\/5.0 (Windows NT 10.0; Win64; x64) AppleWebKit\/537.36 (KHTML, like Gecko) Chrome\/132.0.0.0 Safari\/537.36 OPR\/117.0.0.0 (Edition std-1)",
        "HTTP_ACCEPT": "application\/json, text\/javascript, *\/*; q=0.01",
        "HTTP_SEC_CH_UA": "\"Not A(Brand\";v=\"8\", \"Chromium\";v=\"132\", \"Opera GX\";v=\"117\"",
        "CONTENT_TYPE": "application\/x-www-form-urlencoded; charset=UTF-8",
        "HTTP_CONTENT_TYPE": "application\/x-www-form-urlencoded; charset=UTF-8",
        "HTTP_SEC_CH_UA_MOBILE": "?0",
        "HTTP_ORIGIN": "http:\/\/127.0.0.1:8000",
        "HTTP_SEC_FETCH_SITE": "same-origin",
        "HTTP_SEC_FETCH_MODE": "cors",
        "HTTP_SEC_FETCH_DEST": "empty",
        "HTTP_REFERER": "http:\/\/127.0.0.1:8000\/install\/index.php?step=1",
        "HTTP_ACCEPT_ENCODING": "gzip, deflate, br, zstd",
        "HTTP_ACCEPT_LANGUAGE": "fr-FR,fr;q=0.9,en-US;q=0.8,en;q=0.7",
        "HTTP_COOKIE": "PHPSESSID=136rei8taoan5mpsacdhd619b5; XSRF-TOKEN=eyJpdiI6Imt5bVpINVdjQUhuZmVhMnRWc2lRZVE9PSIsInZhbHVlIjoiQkNnaDNHNmE2ek9iRFRqWTMyOGF0YldZMTJpdlZSOWFKVDcxNkM1QjlKcjB3Q1E2QjNQT0V6dGZQZ2VDUHNRL1FYa1h1VnVMNEErd0djYWtmN0xUaVNqSVJqVXVrWGMvbXdnWkRnUmhTQThlYlpmdHdmdGhKVkJRN2U1VzBoOVMiLCJtYWMiOiIzOWFiMWE5ZDY3YTAwMTMyMDBkODk0YjJhZTBhYWQ1ZDcyNGYyMGE5NGNmYjhmMTZjYTEyMDE2ZjRlYWJlNDMxIiwidGFnIjoiIn0%3D; adminlicence_session=eyJpdiI6IjN0aGVJK3Q2dFBMUHl1ZXpTWE1oU0E9PSIsInZhbHVlIjoiS1ZaSEZheVBHdllLdTRWNEg3M0ZmMlpZajJyL3VCdHdtc1MzTVhZbkErN2EvTU5LdlRMWkt4SWVYQ211YTQ2NnlCSU5mUVgrV2VSY2RPS3B2VEhZMkljSEFMd2kzaDUwQ3I0bFpEZ2w0QXZ3SEhyTDN0dDNCd0hnK0FuUGdrNmsiLCJtYWMiOiJiMWNlOWY1ODg2YjViYzgzYTgxZTBiODBiYmQ2MjczYjk0ZTVlMjNlNWM0NGM0ZWE3ZTM0Yzc5OGRjMGZjZmMwIiwidGFnIjoiIn0%3D",
        "REQUEST_TIME_FLOAT": 1744745095.290412,
        "REQUEST_TIME": 1744745095
    }
}

{
    "time": "2025-04-15 21:26:21",
    "request": {
        "license_key": "MEST-FM7A-BLGA-KLKP"
    },
    "server": {
        "DOCUMENT_ROOT": "R:\\Adev\\200  -  test\\adminlicence_saas\\public",
        "REMOTE_ADDR": "127.0.0.1",
        "REMOTE_PORT": "57338",
        "SERVER_SOFTWARE": "PHP 8.2.12 Development Server",
        "SERVER_PROTOCOL": "HTTP\/1.1",
        "SERVER_NAME": "127.0.0.1",
        "SERVER_PORT": "8000",
        "REQUEST_URI": "\/install\/ajax\/verify_license.php",
        "REQUEST_METHOD": "POST",
        "SCRIPT_NAME": "\/install\/ajax\/verify_license.php",
        "SCRIPT_FILENAME": "R:\\Adev\\200  -  test\\adminlicence_saas\\public\\install\\ajax\\verify_license.php",
        "PHP_SELF": "\/install\/ajax\/verify_license.php",
        "HTTP_HOST": "127.0.0.1:8000",
        "HTTP_CONNECTION": "keep-alive",
        "CONTENT_LENGTH": "31",
        "HTTP_CONTENT_LENGTH": "31",
        "HTTP_SEC_CH_UA_PLATFORM": "\"Windows\"",
        "HTTP_X_REQUESTED_WITH": "XMLHttpRequest",
        "HTTP_USER_AGENT": "Mozilla\/5.0 (Windows NT 10.0; Win64; x64) AppleWebKit\/537.36 (KHTML, like Gecko) Chrome\/132.0.0.0 Safari\/537.36 OPR\/117.0.0.0 (Edition std-1)",
        "HTTP_ACCEPT": "application\/json, text\/javascript, *\/*; q=0.01",
        "HTTP_SEC_CH_UA": "\"Not A(Brand\";v=\"8\", \"Chromium\";v=\"132\", \"Opera GX\";v=\"117\"",
        "CONTENT_TYPE": "application\/x-www-form-urlencoded; charset=UTF-8",
        "HTTP_CONTENT_TYPE": "application\/x-www-form-urlencoded; charset=UTF-8",
        "HTTP_SEC_CH_UA_MOBILE": "?0",
        "HTTP_ORIGIN": "http:\/\/127.0.0.1:8000",
        "HTTP_SEC_FETCH_SITE": "same-origin",
        "HTTP_SEC_FETCH_MODE": "cors",
        "HTTP_SEC_FETCH_DEST": "empty",
        "HTTP_REFERER": "http:\/\/127.0.0.1:8000\/install\/index.php?step=1",
        "HTTP_ACCEPT_ENCODING": "gzip, deflate, br, zstd",
        "HTTP_ACCEPT_LANGUAGE": "fr-FR,fr;q=0.9,en-US;q=0.8,en;q=0.7",
        "HTTP_COOKIE": "PHPSESSID=136rei8taoan5mpsacdhd619b5; XSRF-TOKEN=eyJpdiI6Imt5bVpINVdjQUhuZmVhMnRWc2lRZVE9PSIsInZhbHVlIjoiQkNnaDNHNmE2ek9iRFRqWTMyOGF0YldZMTJpdlZSOWFKVDcxNkM1QjlKcjB3Q1E2QjNQT0V6dGZQZ2VDUHNRL1FYa1h1VnVMNEErd0djYWtmN0xUaVNqSVJqVXVrWGMvbXdnWkRnUmhTQThlYlpmdHdmdGhKVkJRN2U1VzBoOVMiLCJtYWMiOiIzOWFiMWE5ZDY3YTAwMTMyMDBkODk0YjJhZTBhYWQ1ZDcyNGYyMGE5NGNmYjhmMTZjYTEyMDE2ZjRlYWJlNDMxIiwidGFnIjoiIn0%3D; adminlicence_session=eyJpdiI6IjN0aGVJK3Q2dFBMUHl1ZXpTWE1oU0E9PSIsInZhbHVlIjoiS1ZaSEZheVBHdllLdTRWNEg3M0ZmMlpZajJyL3VCdHdtc1MzTVhZbkErN2EvTU5LdlRMWkt4SWVYQ211YTQ2NnlCSU5mUVgrV2VSY2RPS3B2VEhZMkljSEFMd2kzaDUwQ3I0bFpEZ2w0QXZ3SEhyTDN0dDNCd0hnK0FuUGdrNmsiLCJtYWMiOiJiMWNlOWY1ODg2YjViYzgzYTgxZTBiODBiYmQ2MjczYjk0ZTVlMjNlNWM0NGM0ZWE3ZTM0Yzc5OGRjMGZjZmMwIiwidGFnIjoiIn0%3D",
        "REQUEST_TIME_FLOAT": 1744745181.142129,
        "REQUEST_TIME": 1744745181
    }
}

{
    "time": "2025-04-15 21:35:07",
    "request": {
        "license_key": "MEST-FM7A-BLGA-KLKP"
    },
    "server": {
        "DOCUMENT_ROOT": "R:\\Adev\\200  -  test\\adminlicence_saas\\public",
        "REMOTE_ADDR": "127.0.0.1",
        "REMOTE_PORT": "58210",
        "SERVER_SOFTWARE": "PHP 8.2.12 Development Server",
        "SERVER_PROTOCOL": "HTTP\/1.1",
        "SERVER_NAME": "127.0.0.1",
        "SERVER_PORT": "8000",
        "REQUEST_URI": "\/install\/ajax\/verify_license.php",
        "REQUEST_METHOD": "POST",
        "SCRIPT_NAME": "\/install\/ajax\/verify_license.php",
        "SCRIPT_FILENAME": "R:\\Adev\\200  -  test\\adminlicence_saas\\public\\install\\ajax\\verify_license.php",
        "PHP_SELF": "\/install\/ajax\/verify_license.php",
        "HTTP_HOST": "127.0.0.1:8000",
        "HTTP_CONNECTION": "keep-alive",
        "CONTENT_LENGTH": "31",
        "HTTP_CONTENT_LENGTH": "31",
        "HTTP_SEC_CH_UA_PLATFORM": "\"Windows\"",
        "HTTP_X_REQUESTED_WITH": "XMLHttpRequest",
        "HTTP_USER_AGENT": "Mozilla\/5.0 (Windows NT 10.0; Win64; x64) AppleWebKit\/537.36 (KHTML, like Gecko) Chrome\/132.0.0.0 Safari\/537.36 OPR\/117.0.0.0 (Edition std-1)",
        "HTTP_ACCEPT": "application\/json, text\/javascript, *\/*; q=0.01",
        "HTTP_SEC_CH_UA": "\"Not A(Brand\";v=\"8\", \"Chromium\";v=\"132\", \"Opera GX\";v=\"117\"",
        "CONTENT_TYPE": "application\/x-www-form-urlencoded; charset=UTF-8",
        "HTTP_CONTENT_TYPE": "application\/x-www-form-urlencoded; charset=UTF-8",
        "HTTP_SEC_CH_UA_MOBILE": "?0",
        "HTTP_ORIGIN": "http:\/\/127.0.0.1:8000",
        "HTTP_SEC_FETCH_SITE": "same-origin",
        "HTTP_SEC_FETCH_MODE": "cors",
        "HTTP_SEC_FETCH_DEST": "empty",
        "HTTP_REFERER": "http:\/\/127.0.0.1:8000\/install\/index.php?step=1",
        "HTTP_ACCEPT_ENCODING": "gzip, deflate, br, zstd",
        "HTTP_ACCEPT_LANGUAGE": "fr-FR,fr;q=0.9,en-US;q=0.8,en;q=0.7",
        "HTTP_COOKIE": "PHPSESSID=136rei8taoan5mpsacdhd619b5; XSRF-TOKEN=eyJpdiI6Imt5bVpINVdjQUhuZmVhMnRWc2lRZVE9PSIsInZhbHVlIjoiQkNnaDNHNmE2ek9iRFRqWTMyOGF0YldZMTJpdlZSOWFKVDcxNkM1QjlKcjB3Q1E2QjNQT0V6dGZQZ2VDUHNRL1FYa1h1VnVMNEErd0djYWtmN0xUaVNqSVJqVXVrWGMvbXdnWkRnUmhTQThlYlpmdHdmdGhKVkJRN2U1VzBoOVMiLCJtYWMiOiIzOWFiMWE5ZDY3YTAwMTMyMDBkODk0YjJhZTBhYWQ1ZDcyNGYyMGE5NGNmYjhmMTZjYTEyMDE2ZjRlYWJlNDMxIiwidGFnIjoiIn0%3D; adminlicence_session=eyJpdiI6IjN0aGVJK3Q2dFBMUHl1ZXpTWE1oU0E9PSIsInZhbHVlIjoiS1ZaSEZheVBHdllLdTRWNEg3M0ZmMlpZajJyL3VCdHdtc1MzTVhZbkErN2EvTU5LdlRMWkt4SWVYQ211YTQ2NnlCSU5mUVgrV2VSY2RPS3B2VEhZMkljSEFMd2kzaDUwQ3I0bFpEZ2w0QXZ3SEhyTDN0dDNCd0hnK0FuUGdrNmsiLCJtYWMiOiJiMWNlOWY1ODg2YjViYzgzYTgxZTBiODBiYmQ2MjczYjk0ZTVlMjNlNWM0NGM0ZWE3ZTM0Yzc5OGRjMGZjZmMwIiwidGFnIjoiIn0%3D",
        "REQUEST_TIME_FLOAT": 1744745707.642234,
        "REQUEST_TIME": 1744745707
    }
}

{
    "time": "2025-04-15 21:35:27",
    "request": {
        "license_key": "MEST-FM7A-BLGA-KLKP"
    },
    "server": {
        "DOCUMENT_ROOT": "R:\\Adev\\200  -  test\\adminlicence_saas\\public",
        "REMOTE_ADDR": "127.0.0.1",
        "REMOTE_PORT": "58283",
        "SERVER_SOFTWARE": "PHP 8.2.12 Development Server",
        "SERVER_PROTOCOL": "HTTP\/1.1",
        "SERVER_NAME": "127.0.0.1",
        "SERVER_PORT": "8000",
        "REQUEST_URI": "\/install\/ajax\/verify_license.php",
        "REQUEST_METHOD": "POST",
        "SCRIPT_NAME": "\/install\/ajax\/verify_license.php",
        "SCRIPT_FILENAME": "R:\\Adev\\200  -  test\\adminlicence_saas\\public\\install\\ajax\\verify_license.php",
        "PHP_SELF": "\/install\/ajax\/verify_license.php",
        "HTTP_HOST": "127.0.0.1:8000",
        "HTTP_CONNECTION": "keep-alive",
        "CONTENT_LENGTH": "31",
        "HTTP_CONTENT_LENGTH": "31",
        "HTTP_SEC_CH_UA_PLATFORM": "\"Windows\"",
        "HTTP_X_REQUESTED_WITH": "XMLHttpRequest",
        "HTTP_USER_AGENT": "Mozilla\/5.0 (Windows NT 10.0; Win64; x64) AppleWebKit\/537.36 (KHTML, like Gecko) Chrome\/132.0.0.0 Safari\/537.36 OPR\/117.0.0.0 (Edition std-1)",
        "HTTP_ACCEPT": "application\/json, text\/javascript, *\/*; q=0.01",
        "HTTP_SEC_CH_UA": "\"Not A(Brand\";v=\"8\", \"Chromium\";v=\"132\", \"Opera GX\";v=\"117\"",
        "CONTENT_TYPE": "application\/x-www-form-urlencoded; charset=UTF-8",
        "HTTP_CONTENT_TYPE": "application\/x-www-form-urlencoded; charset=UTF-8",
        "HTTP_SEC_CH_UA_MOBILE": "?0",
        "HTTP_ORIGIN": "http:\/\/127.0.0.1:8000",
        "HTTP_SEC_FETCH_SITE": "same-origin",
        "HTTP_SEC_FETCH_MODE": "cors",
        "HTTP_SEC_FETCH_DEST": "empty",
        "HTTP_REFERER": "http:\/\/127.0.0.1:8000\/install\/index.php?step=1",
        "HTTP_ACCEPT_ENCODING": "gzip, deflate, br, zstd",
        "HTTP_ACCEPT_LANGUAGE": "fr-FR,fr;q=0.9,en-US;q=0.8,en;q=0.7",
        "HTTP_COOKIE": "PHPSESSID=136rei8taoan5mpsacdhd619b5; XSRF-TOKEN=eyJpdiI6Imt5bVpINVdjQUhuZmVhMnRWc2lRZVE9PSIsInZhbHVlIjoiQkNnaDNHNmE2ek9iRFRqWTMyOGF0YldZMTJpdlZSOWFKVDcxNkM1QjlKcjB3Q1E2QjNQT0V6dGZQZ2VDUHNRL1FYa1h1VnVMNEErd0djYWtmN0xUaVNqSVJqVXVrWGMvbXdnWkRnUmhTQThlYlpmdHdmdGhKVkJRN2U1VzBoOVMiLCJtYWMiOiIzOWFiMWE5ZDY3YTAwMTMyMDBkODk0YjJhZTBhYWQ1ZDcyNGYyMGE5NGNmYjhmMTZjYTEyMDE2ZjRlYWJlNDMxIiwidGFnIjoiIn0%3D; adminlicence_session=eyJpdiI6IjN0aGVJK3Q2dFBMUHl1ZXpTWE1oU0E9PSIsInZhbHVlIjoiS1ZaSEZheVBHdllLdTRWNEg3M0ZmMlpZajJyL3VCdHdtc1MzTVhZbkErN2EvTU5LdlRMWkt4SWVYQ211YTQ2NnlCSU5mUVgrV2VSY2RPS3B2VEhZMkljSEFMd2kzaDUwQ3I0bFpEZ2w0QXZ3SEhyTDN0dDNCd0hnK0FuUGdrNmsiLCJtYWMiOiJiMWNlOWY1ODg2YjViYzgzYTgxZTBiODBiYmQ2MjczYjk0ZTVlMjNlNWM0NGM0ZWE3ZTM0Yzc5OGRjMGZjZmMwIiwidGFnIjoiIn0%3D",
        "REQUEST_TIME_FLOAT": 1744745727.680612,
        "REQUEST_TIME": 1744745727
    }
}

{
    "time": "2025-04-15 21:42:46",
    "request": {
        "license_key": "MEST-FM7A-BLGA-KLKP"
    },
    "server": {
        "DOCUMENT_ROOT": "R:\\Adev\\200  -  test\\adminlicence_saas\\public",
        "REMOTE_ADDR": "127.0.0.1",
        "REMOTE_PORT": "59072",
        "SERVER_SOFTWARE": "PHP 8.2.12 Development Server",
        "SERVER_PROTOCOL": "HTTP\/1.1",
        "SERVER_NAME": "127.0.0.1",
        "SERVER_PORT": "8000",
        "REQUEST_URI": "\/install\/ajax\/verify_license.php",
        "REQUEST_METHOD": "POST",
        "SCRIPT_NAME": "\/install\/ajax\/verify_license.php",
        "SCRIPT_FILENAME": "R:\\Adev\\200  -  test\\adminlicence_saas\\public\\install\\ajax\\verify_license.php",
        "PHP_SELF": "\/install\/ajax\/verify_license.php",
        "HTTP_HOST": "127.0.0.1:8000",
        "HTTP_CONNECTION": "keep-alive",
        "CONTENT_LENGTH": "31",
        "HTTP_CONTENT_LENGTH": "31",
        "HTTP_SEC_CH_UA_PLATFORM": "\"Windows\"",
        "HTTP_X_REQUESTED_WITH": "XMLHttpRequest",
        "HTTP_USER_AGENT": "Mozilla\/5.0 (Windows NT 10.0; Win64; x64) AppleWebKit\/537.36 (KHTML, like Gecko) Chrome\/132.0.0.0 Safari\/537.36 OPR\/117.0.0.0 (Edition std-1)",
        "HTTP_ACCEPT": "application\/json, text\/javascript, *\/*; q=0.01",
        "HTTP_SEC_CH_UA": "\"Not A(Brand\";v=\"8\", \"Chromium\";v=\"132\", \"Opera GX\";v=\"117\"",
        "CONTENT_TYPE": "application\/x-www-form-urlencoded; charset=UTF-8",
        "HTTP_CONTENT_TYPE": "application\/x-www-form-urlencoded; charset=UTF-8",
        "HTTP_SEC_CH_UA_MOBILE": "?0",
        "HTTP_ORIGIN": "http:\/\/127.0.0.1:8000",
        "HTTP_SEC_FETCH_SITE": "same-origin",
        "HTTP_SEC_FETCH_MODE": "cors",
        "HTTP_SEC_FETCH_DEST": "empty",
        "HTTP_REFERER": "http:\/\/127.0.0.1:8000\/install\/index.php?step=1",
        "HTTP_ACCEPT_ENCODING": "gzip, deflate, br, zstd",
        "HTTP_ACCEPT_LANGUAGE": "fr-FR,fr;q=0.9,en-US;q=0.8,en;q=0.7",
        "HTTP_COOKIE": "PHPSESSID=136rei8taoan5mpsacdhd619b5; XSRF-TOKEN=eyJpdiI6Imt5bVpINVdjQUhuZmVhMnRWc2lRZVE9PSIsInZhbHVlIjoiQkNnaDNHNmE2ek9iRFRqWTMyOGF0YldZMTJpdlZSOWFKVDcxNkM1QjlKcjB3Q1E2QjNQT0V6dGZQZ2VDUHNRL1FYa1h1VnVMNEErd0djYWtmN0xUaVNqSVJqVXVrWGMvbXdnWkRnUmhTQThlYlpmdHdmdGhKVkJRN2U1VzBoOVMiLCJtYWMiOiIzOWFiMWE5ZDY3YTAwMTMyMDBkODk0YjJhZTBhYWQ1ZDcyNGYyMGE5NGNmYjhmMTZjYTEyMDE2ZjRlYWJlNDMxIiwidGFnIjoiIn0%3D; adminlicence_session=eyJpdiI6IjN0aGVJK3Q2dFBMUHl1ZXpTWE1oU0E9PSIsInZhbHVlIjoiS1ZaSEZheVBHdllLdTRWNEg3M0ZmMlpZajJyL3VCdHdtc1MzTVhZbkErN2EvTU5LdlRMWkt4SWVYQ211YTQ2NnlCSU5mUVgrV2VSY2RPS3B2VEhZMkljSEFMd2kzaDUwQ3I0bFpEZ2w0QXZ3SEhyTDN0dDNCd0hnK0FuUGdrNmsiLCJtYWMiOiJiMWNlOWY1ODg2YjViYzgzYTgxZTBiODBiYmQ2MjczYjk0ZTVlMjNlNWM0NGM0ZWE3ZTM0Yzc5OGRjMGZjZmMwIiwidGFnIjoiIn0%3D",
        "REQUEST_TIME_FLOAT": 1744746166.96694,
        "REQUEST_TIME": 1744746166
    }
}

{
    "time": "2025-04-15 21:48:20",
    "request": {
        "license_key": "MEST-FM7A-BLGA-KLKP"
    },
    "server": {
        "DOCUMENT_ROOT": "R:\\Adev\\200  -  test\\adminlicence_saas\\public",
        "REMOTE_ADDR": "127.0.0.1",
        "REMOTE_PORT": "63568",
        "SERVER_SOFTWARE": "PHP 8.2.12 Development Server",
        "SERVER_PROTOCOL": "HTTP\/1.1",
        "SERVER_NAME": "127.0.0.1",
        "SERVER_PORT": "8000",
        "REQUEST_URI": "\/install\/ajax\/verify_license.php",
        "REQUEST_METHOD": "POST",
        "SCRIPT_NAME": "\/install\/ajax\/verify_license.php",
        "SCRIPT_FILENAME": "R:\\Adev\\200  -  test\\adminlicence_saas\\public\\install\\ajax\\verify_license.php",
        "PHP_SELF": "\/install\/ajax\/verify_license.php",
        "HTTP_HOST": "127.0.0.1:8000",
        "HTTP_CONNECTION": "keep-alive",
        "CONTENT_LENGTH": "31",
        "HTTP_CONTENT_LENGTH": "31",
        "HTTP_SEC_CH_UA_PLATFORM": "\"Windows\"",
        "HTTP_X_REQUESTED_WITH": "XMLHttpRequest",
        "HTTP_USER_AGENT": "Mozilla\/5.0 (Windows NT 10.0; Win64; x64) AppleWebKit\/537.36 (KHTML, like Gecko) Chrome\/132.0.0.0 Safari\/537.36 OPR\/117.0.0.0 (Edition std-1)",
        "HTTP_ACCEPT": "application\/json, text\/javascript, *\/*; q=0.01",
        "HTTP_SEC_CH_UA": "\"Not A(Brand\";v=\"8\", \"Chromium\";v=\"132\", \"Opera GX\";v=\"117\"",
        "CONTENT_TYPE": "application\/x-www-form-urlencoded; charset=UTF-8",
        "HTTP_CONTENT_TYPE": "application\/x-www-form-urlencoded; charset=UTF-8",
        "HTTP_SEC_CH_UA_MOBILE": "?0",
        "HTTP_ORIGIN": "http:\/\/127.0.0.1:8000",
        "HTTP_SEC_FETCH_SITE": "same-origin",
        "HTTP_SEC_FETCH_MODE": "cors",
        "HTTP_SEC_FETCH_DEST": "empty",
        "HTTP_REFERER": "http:\/\/127.0.0.1:8000\/install\/index.php?step=1",
        "HTTP_ACCEPT_ENCODING": "gzip, deflate, br, zstd",
        "HTTP_ACCEPT_LANGUAGE": "fr-FR,fr;q=0.9,en-US;q=0.8,en;q=0.7",
        "HTTP_COOKIE": "PHPSESSID=136rei8taoan5mpsacdhd619b5; XSRF-TOKEN=eyJpdiI6Imt5bVpINVdjQUhuZmVhMnRWc2lRZVE9PSIsInZhbHVlIjoiQkNnaDNHNmE2ek9iRFRqWTMyOGF0YldZMTJpdlZSOWFKVDcxNkM1QjlKcjB3Q1E2QjNQT0V6dGZQZ2VDUHNRL1FYa1h1VnVMNEErd0djYWtmN0xUaVNqSVJqVXVrWGMvbXdnWkRnUmhTQThlYlpmdHdmdGhKVkJRN2U1VzBoOVMiLCJtYWMiOiIzOWFiMWE5ZDY3YTAwMTMyMDBkODk0YjJhZTBhYWQ1ZDcyNGYyMGE5NGNmYjhmMTZjYTEyMDE2ZjRlYWJlNDMxIiwidGFnIjoiIn0%3D; adminlicence_session=eyJpdiI6IjN0aGVJK3Q2dFBMUHl1ZXpTWE1oU0E9PSIsInZhbHVlIjoiS1ZaSEZheVBHdllLdTRWNEg3M0ZmMlpZajJyL3VCdHdtc1MzTVhZbkErN2EvTU5LdlRMWkt4SWVYQ211YTQ2NnlCSU5mUVgrV2VSY2RPS3B2VEhZMkljSEFMd2kzaDUwQ3I0bFpEZ2w0QXZ3SEhyTDN0dDNCd0hnK0FuUGdrNmsiLCJtYWMiOiJiMWNlOWY1ODg2YjViYzgzYTgxZTBiODBiYmQ2MjczYjk0ZTVlMjNlNWM0NGM0ZWE3ZTM0Yzc5OGRjMGZjZmMwIiwidGFnIjoiIn0%3D",
        "REQUEST_TIME_FLOAT": 1744746500.617369,
        "REQUEST_TIME": 1744746500
    }
}

{
    "time": "2025-04-15 21:51:11",
    "request": {
        "license_key": "MEST-FM7A-BLGA-KLKP"
    },
    "server": {
        "DOCUMENT_ROOT": "R:\\Adev\\200  -  test\\adminlicence_saas\\public",
        "REMOTE_ADDR": "127.0.0.1",
        "REMOTE_PORT": "64124",
        "SERVER_SOFTWARE": "PHP 8.2.12 Development Server",
        "SERVER_PROTOCOL": "HTTP\/1.1",
        "SERVER_NAME": "127.0.0.1",
        "SERVER_PORT": "8000",
        "REQUEST_URI": "\/install\/ajax\/verify_license.php",
        "REQUEST_METHOD": "POST",
        "SCRIPT_NAME": "\/install\/ajax\/verify_license.php",
        "SCRIPT_FILENAME": "R:\\Adev\\200  -  test\\adminlicence_saas\\public\\install\\ajax\\verify_license.php",
        "PHP_SELF": "\/install\/ajax\/verify_license.php",
        "HTTP_HOST": "127.0.0.1:8000",
        "HTTP_CONNECTION": "keep-alive",
        "CONTENT_LENGTH": "31",
        "HTTP_CONTENT_LENGTH": "31",
        "HTTP_SEC_CH_UA_PLATFORM": "\"Windows\"",
        "HTTP_X_REQUESTED_WITH": "XMLHttpRequest",
        "HTTP_USER_AGENT": "Mozilla\/5.0 (Windows NT 10.0; Win64; x64) AppleWebKit\/537.36 (KHTML, like Gecko) Chrome\/132.0.0.0 Safari\/537.36 OPR\/117.0.0.0 (Edition std-1)",
        "HTTP_ACCEPT": "application\/json, text\/javascript, *\/*; q=0.01",
        "HTTP_SEC_CH_UA": "\"Not A(Brand\";v=\"8\", \"Chromium\";v=\"132\", \"Opera GX\";v=\"117\"",
        "CONTENT_TYPE": "application\/x-www-form-urlencoded; charset=UTF-8",
        "HTTP_CONTENT_TYPE": "application\/x-www-form-urlencoded; charset=UTF-8",
        "HTTP_SEC_CH_UA_MOBILE": "?0",
        "HTTP_ORIGIN": "http:\/\/127.0.0.1:8000",
        "HTTP_SEC_FETCH_SITE": "same-origin",
        "HTTP_SEC_FETCH_MODE": "cors",
        "HTTP_SEC_FETCH_DEST": "empty",
        "HTTP_REFERER": "http:\/\/127.0.0.1:8000\/install\/index.php?step=1",
        "HTTP_ACCEPT_ENCODING": "gzip, deflate, br, zstd",
        "HTTP_ACCEPT_LANGUAGE": "fr-FR,fr;q=0.9,en-US;q=0.8,en;q=0.7",
        "HTTP_COOKIE": "PHPSESSID=136rei8taoan5mpsacdhd619b5; XSRF-TOKEN=eyJpdiI6Imt5bVpINVdjQUhuZmVhMnRWc2lRZVE9PSIsInZhbHVlIjoiQkNnaDNHNmE2ek9iRFRqWTMyOGF0YldZMTJpdlZSOWFKVDcxNkM1QjlKcjB3Q1E2QjNQT0V6dGZQZ2VDUHNRL1FYa1h1VnVMNEErd0djYWtmN0xUaVNqSVJqVXVrWGMvbXdnWkRnUmhTQThlYlpmdHdmdGhKVkJRN2U1VzBoOVMiLCJtYWMiOiIzOWFiMWE5ZDY3YTAwMTMyMDBkODk0YjJhZTBhYWQ1ZDcyNGYyMGE5NGNmYjhmMTZjYTEyMDE2ZjRlYWJlNDMxIiwidGFnIjoiIn0%3D; adminlicence_session=eyJpdiI6IjN0aGVJK3Q2dFBMUHl1ZXpTWE1oU0E9PSIsInZhbHVlIjoiS1ZaSEZheVBHdllLdTRWNEg3M0ZmMlpZajJyL3VCdHdtc1MzTVhZbkErN2EvTU5LdlRMWkt4SWVYQ211YTQ2NnlCSU5mUVgrV2VSY2RPS3B2VEhZMkljSEFMd2kzaDUwQ3I0bFpEZ2w0QXZ3SEhyTDN0dDNCd0hnK0FuUGdrNmsiLCJtYWMiOiJiMWNlOWY1ODg2YjViYzgzYTgxZTBiODBiYmQ2MjczYjk0ZTVlMjNlNWM0NGM0ZWE3ZTM0Yzc5OGRjMGZjZmMwIiwidGFnIjoiIn0%3D",
        "REQUEST_TIME_FLOAT": 1744746671.44721,
        "REQUEST_TIME": 1744746671
    }
}

{
    "time": "2025-04-15 21:53:09",
    "request": {
        "license_key": "TNBH-DRDK-K9JG-H4RR"
    },
    "server": {
        "DOCUMENT_ROOT": "R:\\Adev\\200  -  test\\adminlicence_saas\\public",
        "REMOTE_ADDR": "127.0.0.1",
        "REMOTE_PORT": "64342",
        "SERVER_SOFTWARE": "PHP 8.2.12 Development Server",
        "SERVER_PROTOCOL": "HTTP\/1.1",
        "SERVER_NAME": "127.0.0.1",
        "SERVER_PORT": "8000",
        "REQUEST_URI": "\/install\/ajax\/verify_license.php",
        "REQUEST_METHOD": "POST",
        "SCRIPT_NAME": "\/install\/ajax\/verify_license.php",
        "SCRIPT_FILENAME": "R:\\Adev\\200  -  test\\adminlicence_saas\\public\\install\\ajax\\verify_license.php",
        "PHP_SELF": "\/install\/ajax\/verify_license.php",
        "HTTP_HOST": "127.0.0.1:8000",
        "HTTP_USER_AGENT": "Mozilla\/5.0 (Windows NT 10.0; Win64; x64; rv:137.0) Gecko\/20100101 Firefox\/137.0",
        "HTTP_ACCEPT": "application\/json, text\/javascript, *\/*; q=0.01",
        "HTTP_ACCEPT_LANGUAGE": "fr,fr-FR;q=0.8,en-US;q=0.5,en;q=0.3",
        "HTTP_ACCEPT_ENCODING": "gzip, deflate, br, zstd",
        "CONTENT_TYPE": "application\/x-www-form-urlencoded; charset=UTF-8",
        "HTTP_CONTENT_TYPE": "application\/x-www-form-urlencoded; charset=UTF-8",
        "HTTP_X_REQUESTED_WITH": "XMLHttpRequest",
        "CONTENT_LENGTH": "31",
        "HTTP_CONTENT_LENGTH": "31",
        "HTTP_ORIGIN": "http:\/\/127.0.0.1:8000",
        "HTTP_DNT": "1",
        "HTTP_CONNECTION": "keep-alive",
        "HTTP_REFERER": "http:\/\/127.0.0.1:8000\/install\/index.php?step=1",
        "HTTP_COOKIE": "io=2G6p8qMg8xwIN3JpAAAD; TawkConnectionTime=0; PHPSESSID=hcsc3m94mlr88j37gd0i4rd5nd",
        "HTTP_SEC_FETCH_DEST": "empty",
        "HTTP_SEC_FETCH_MODE": "cors",
        "HTTP_SEC_FETCH_SITE": "same-origin",
        "HTTP_PRIORITY": "u=0",
        "REQUEST_TIME_FLOAT": 1744746789.082115,
        "REQUEST_TIME": 1744746789
    }
}

{
    "time": "2025-04-15 21:57:34",
    "request": {
        "license_key": "MEST-FM7A-BLGA-KLKP"
    },
    "server": {
        "DOCUMENT_ROOT": "R:\\Adev\\200  -  test\\adminlicence_saas\\public",
        "REMOTE_ADDR": "127.0.0.1",
        "REMOTE_PORT": "64792",
        "SERVER_SOFTWARE": "PHP 8.2.12 Development Server",
        "SERVER_PROTOCOL": "HTTP\/1.1",
        "SERVER_NAME": "127.0.0.1",
        "SERVER_PORT": "8000",
        "REQUEST_URI": "\/install\/ajax\/verify_license.php",
        "REQUEST_METHOD": "POST",
        "SCRIPT_NAME": "\/install\/ajax\/verify_license.php",
        "SCRIPT_FILENAME": "R:\\Adev\\200  -  test\\adminlicence_saas\\public\\install\\ajax\\verify_license.php",
        "PHP_SELF": "\/install\/ajax\/verify_license.php",
        "HTTP_HOST": "127.0.0.1:8000",
        "HTTP_CONNECTION": "keep-alive",
        "CONTENT_LENGTH": "31",
        "HTTP_CONTENT_LENGTH": "31",
        "HTTP_SEC_CH_UA_PLATFORM": "\"Windows\"",
        "HTTP_X_REQUESTED_WITH": "XMLHttpRequest",
        "HTTP_USER_AGENT": "Mozilla\/5.0 (Windows NT 10.0; Win64; x64) AppleWebKit\/537.36 (KHTML, like Gecko) Chrome\/132.0.0.0 Safari\/537.36 OPR\/117.0.0.0 (Edition std-1)",
        "HTTP_ACCEPT": "application\/json, text\/javascript, *\/*; q=0.01",
        "HTTP_SEC_CH_UA": "\"Not A(Brand\";v=\"8\", \"Chromium\";v=\"132\", \"Opera GX\";v=\"117\"",
        "CONTENT_TYPE": "application\/x-www-form-urlencoded; charset=UTF-8",
        "HTTP_CONTENT_TYPE": "application\/x-www-form-urlencoded; charset=UTF-8",
        "HTTP_SEC_CH_UA_MOBILE": "?0",
        "HTTP_ORIGIN": "http:\/\/127.0.0.1:8000",
        "HTTP_SEC_FETCH_SITE": "same-origin",
        "HTTP_SEC_FETCH_MODE": "cors",
        "HTTP_SEC_FETCH_DEST": "empty",
        "HTTP_REFERER": "http:\/\/127.0.0.1:8000\/install\/index.php?step=1",
        "HTTP_ACCEPT_ENCODING": "gzip, deflate, br, zstd",
        "HTTP_ACCEPT_LANGUAGE": "fr-FR,fr;q=0.9,en-US;q=0.8,en;q=0.7",
        "HTTP_COOKIE": "PHPSESSID=136rei8taoan5mpsacdhd619b5; XSRF-TOKEN=eyJpdiI6Imt5bVpINVdjQUhuZmVhMnRWc2lRZVE9PSIsInZhbHVlIjoiQkNnaDNHNmE2ek9iRFRqWTMyOGF0YldZMTJpdlZSOWFKVDcxNkM1QjlKcjB3Q1E2QjNQT0V6dGZQZ2VDUHNRL1FYa1h1VnVMNEErd0djYWtmN0xUaVNqSVJqVXVrWGMvbXdnWkRnUmhTQThlYlpmdHdmdGhKVkJRN2U1VzBoOVMiLCJtYWMiOiIzOWFiMWE5ZDY3YTAwMTMyMDBkODk0YjJhZTBhYWQ1ZDcyNGYyMGE5NGNmYjhmMTZjYTEyMDE2ZjRlYWJlNDMxIiwidGFnIjoiIn0%3D; adminlicence_session=eyJpdiI6IjN0aGVJK3Q2dFBMUHl1ZXpTWE1oU0E9PSIsInZhbHVlIjoiS1ZaSEZheVBHdllLdTRWNEg3M0ZmMlpZajJyL3VCdHdtc1MzTVhZbkErN2EvTU5LdlRMWkt4SWVYQ211YTQ2NnlCSU5mUVgrV2VSY2RPS3B2VEhZMkljSEFMd2kzaDUwQ3I0bFpEZ2w0QXZ3SEhyTDN0dDNCd0hnK0FuUGdrNmsiLCJtYWMiOiJiMWNlOWY1ODg2YjViYzgzYTgxZTBiODBiYmQ2MjczYjk0ZTVlMjNlNWM0NGM0ZWE3ZTM0Yzc5OGRjMGZjZmMwIiwidGFnIjoiIn0%3D",
        "REQUEST_TIME_FLOAT": 1744747054.780494,
        "REQUEST_TIME": 1744747054
    }
}

{
    "time": "2025-04-15 22:00:39",
    "request": {
        "license_key": "TNBH-DRDK-K9JG-H4RR"
    },
    "server": {
        "DOCUMENT_ROOT": "R:\\Adev\\200  -  test\\adminlicence_saas\\public",
        "REMOTE_ADDR": "127.0.0.1",
        "REMOTE_PORT": "65194",
        "SERVER_SOFTWARE": "PHP 8.2.12 Development Server",
        "SERVER_PROTOCOL": "HTTP\/1.1",
        "SERVER_NAME": "127.0.0.1",
        "SERVER_PORT": "8000",
        "REQUEST_URI": "\/install\/ajax\/verify_license.php",
        "REQUEST_METHOD": "POST",
        "SCRIPT_NAME": "\/install\/ajax\/verify_license.php",
        "SCRIPT_FILENAME": "R:\\Adev\\200  -  test\\adminlicence_saas\\public\\install\\ajax\\verify_license.php",
        "PHP_SELF": "\/install\/ajax\/verify_license.php",
        "HTTP_HOST": "127.0.0.1:8000",
        "HTTP_USER_AGENT": "Mozilla\/5.0 (Windows NT 10.0; Win64; x64; rv:137.0) Gecko\/20100101 Firefox\/137.0",
        "HTTP_ACCEPT": "application\/json, text\/javascript, *\/*; q=0.01",
        "HTTP_ACCEPT_LANGUAGE": "fr,fr-FR;q=0.8,en-US;q=0.5,en;q=0.3",
        "HTTP_ACCEPT_ENCODING": "gzip, deflate, br, zstd",
        "CONTENT_TYPE": "application\/x-www-form-urlencoded; charset=UTF-8",
        "HTTP_CONTENT_TYPE": "application\/x-www-form-urlencoded; charset=UTF-8",
        "HTTP_X_REQUESTED_WITH": "XMLHttpRequest",
        "CONTENT_LENGTH": "31",
        "HTTP_CONTENT_LENGTH": "31",
        "HTTP_ORIGIN": "http:\/\/127.0.0.1:8000",
        "HTTP_DNT": "1",
        "HTTP_CONNECTION": "keep-alive",
        "HTTP_REFERER": "http:\/\/127.0.0.1:8000\/install\/index.php?step=1",
        "HTTP_COOKIE": "io=2G6p8qMg8xwIN3JpAAAD; TawkConnectionTime=0; PHPSESSID=hcsc3m94mlr88j37gd0i4rd5nd",
        "HTTP_SEC_FETCH_DEST": "empty",
        "HTTP_SEC_FETCH_MODE": "cors",
        "HTTP_SEC_FETCH_SITE": "same-origin",
        "HTTP_PRIORITY": "u=0",
        "REQUEST_TIME_FLOAT": 1744747239.914807,
        "REQUEST_TIME": 1744747239
    }
}

{
    "time": "2025-04-15 22:04:51",
    "request": {
        "license_key": "TNBH-DRDK-K9JG-H4RR"
    },
    "server": {
        "DOCUMENT_ROOT": "R:\\Adev\\200  -  test\\adminlicence_saas\\public",
        "REMOTE_ADDR": "127.0.0.1",
        "REMOTE_PORT": "49228",
        "SERVER_SOFTWARE": "PHP 8.2.12 Development Server",
        "SERVER_PROTOCOL": "HTTP\/1.1",
        "SERVER_NAME": "127.0.0.1",
        "SERVER_PORT": "8000",
        "REQUEST_URI": "\/install\/ajax\/verify_license.php",
        "REQUEST_METHOD": "POST",
        "SCRIPT_NAME": "\/install\/ajax\/verify_license.php",
        "SCRIPT_FILENAME": "R:\\Adev\\200  -  test\\adminlicence_saas\\public\\install\\ajax\\verify_license.php",
        "PHP_SELF": "\/install\/ajax\/verify_license.php",
        "HTTP_HOST": "127.0.0.1:8000",
        "HTTP_USER_AGENT": "Mozilla\/5.0 (Windows NT 10.0; Win64; x64; rv:137.0) Gecko\/20100101 Firefox\/137.0",
        "HTTP_ACCEPT": "application\/json, text\/javascript, *\/*; q=0.01",
        "HTTP_ACCEPT_LANGUAGE": "fr,fr-FR;q=0.8,en-US;q=0.5,en;q=0.3",
        "HTTP_ACCEPT_ENCODING": "gzip, deflate, br, zstd",
        "CONTENT_TYPE": "application\/x-www-form-urlencoded; charset=UTF-8",
        "HTTP_CONTENT_TYPE": "application\/x-www-form-urlencoded; charset=UTF-8",
        "HTTP_X_REQUESTED_WITH": "XMLHttpRequest",
        "CONTENT_LENGTH": "31",
        "HTTP_CONTENT_LENGTH": "31",
        "HTTP_ORIGIN": "http:\/\/127.0.0.1:8000",
        "HTTP_DNT": "1",
        "HTTP_CONNECTION": "keep-alive",
        "HTTP_REFERER": "http:\/\/127.0.0.1:8000\/install\/index.php?step=1",
        "HTTP_COOKIE": "io=2G6p8qMg8xwIN3JpAAAD; TawkConnectionTime=0; PHPSESSID=hcsc3m94mlr88j37gd0i4rd5nd; XSRF-TOKEN=eyJpdiI6IllUaW9WRU1OeGhkSTB3QUxUQTNmdFE9PSIsInZhbHVlIjoiWGQ2bllqb1lpS0MyYjM4aHNKV0VCanhZVjQ2R2t2ZmdxL0sxK09ZUnJwMk4zRHRiZ08vUkFIMHh4MzllL2I3cTF5SGxYa2tuL2w2VmJadXRHWnpZS1J3YUZwMFdDYzNtNjc2MDdscGdFemFlYzl1YmFadjVORHh4OUNtZ3R0M2EiLCJtYWMiOiI3MTQ1YjdkMjFlNjBjMzEzNjNhYWRmNDQ0MDhhZmJjNDQ1MDVkYTJhZmQ4YTI5NzVmMDc5MDRiNTYzNTRiOWUwIiwidGFnIjoiIn0%3D; adminlicence_session=eyJpdiI6ImtoUk1YazdHSEoyMXhVUnRSSDZweHc9PSIsInZhbHVlIjoib0xHM1lRTVlpVjlWTnhTNlFYcnFLR0dQZ3NpdkdvNHZDaWlIMHFwQkkxRHQ5QmgrckZlR2VYTlo4K3pJR2g4cGdUQlViQXZXRFRVQ2JGUFN5ZlNETTE1VThsaEd6YjVLb0dmcGE3WHFZZUJqT1pjcE1XTDB5a3NpNW1TYjdZT0giLCJtYWMiOiJkMzFiNGUwNjMxMWMyYWZlOTc2YjdjMDJhNWEwNmIzN2E5NmM0MGE5YWFhNWJlZTUyYjk4YmM4NmFjMGI3MjA1IiwidGFnIjoiIn0%3D",
        "HTTP_SEC_FETCH_DEST": "empty",
        "HTTP_SEC_FETCH_MODE": "cors",
        "HTTP_SEC_FETCH_SITE": "same-origin",
        "HTTP_PRIORITY": "u=0",
        "REQUEST_TIME_FLOAT": 1744747491.816195,
        "REQUEST_TIME": 1744747491
    }
}

{
    "time": "2025-04-15 22:07:14",
    "request": {
        "license_key": "TNBH-DRDK-K9JG-H4RR"
    },
    "server": {
        "DOCUMENT_ROOT": "R:\\Adev\\200  -  test\\adminlicence_saas\\public",
        "REMOTE_ADDR": "127.0.0.1",
        "REMOTE_PORT": "49488",
        "SERVER_SOFTWARE": "PHP 8.2.12 Development Server",
        "SERVER_PROTOCOL": "HTTP\/1.1",
        "SERVER_NAME": "127.0.0.1",
        "SERVER_PORT": "8000",
        "REQUEST_URI": "\/install\/ajax\/verify_license.php",
        "REQUEST_METHOD": "POST",
        "SCRIPT_NAME": "\/install\/ajax\/verify_license.php",
        "SCRIPT_FILENAME": "R:\\Adev\\200  -  test\\adminlicence_saas\\public\\install\\ajax\\verify_license.php",
        "PHP_SELF": "\/install\/ajax\/verify_license.php",
        "HTTP_HOST": "127.0.0.1:8000",
        "HTTP_USER_AGENT": "Mozilla\/5.0 (Windows NT 10.0; Win64; x64; rv:137.0) Gecko\/20100101 Firefox\/137.0",
        "HTTP_ACCEPT": "application\/json, text\/javascript, *\/*; q=0.01",
        "HTTP_ACCEPT_LANGUAGE": "fr,fr-FR;q=0.8,en-US;q=0.5,en;q=0.3",
        "HTTP_ACCEPT_ENCODING": "gzip, deflate, br, zstd",
        "CONTENT_TYPE": "application\/x-www-form-urlencoded; charset=UTF-8",
        "HTTP_CONTENT_TYPE": "application\/x-www-form-urlencoded; charset=UTF-8",
        "HTTP_X_REQUESTED_WITH": "XMLHttpRequest",
        "CONTENT_LENGTH": "31",
        "HTTP_CONTENT_LENGTH": "31",
        "HTTP_ORIGIN": "http:\/\/127.0.0.1:8000",
        "HTTP_DNT": "1",
        "HTTP_CONNECTION": "keep-alive",
        "HTTP_REFERER": "http:\/\/127.0.0.1:8000\/install\/index.php?step=1",
        "HTTP_COOKIE": "io=2G6p8qMg8xwIN3JpAAAD; TawkConnectionTime=0; PHPSESSID=hcsc3m94mlr88j37gd0i4rd5nd; XSRF-TOKEN=eyJpdiI6IllUaW9WRU1OeGhkSTB3QUxUQTNmdFE9PSIsInZhbHVlIjoiWGQ2bllqb1lpS0MyYjM4aHNKV0VCanhZVjQ2R2t2ZmdxL0sxK09ZUnJwMk4zRHRiZ08vUkFIMHh4MzllL2I3cTF5SGxYa2tuL2w2VmJadXRHWnpZS1J3YUZwMFdDYzNtNjc2MDdscGdFemFlYzl1YmFadjVORHh4OUNtZ3R0M2EiLCJtYWMiOiI3MTQ1YjdkMjFlNjBjMzEzNjNhYWRmNDQ0MDhhZmJjNDQ1MDVkYTJhZmQ4YTI5NzVmMDc5MDRiNTYzNTRiOWUwIiwidGFnIjoiIn0%3D; adminlicence_session=eyJpdiI6ImtoUk1YazdHSEoyMXhVUnRSSDZweHc9PSIsInZhbHVlIjoib0xHM1lRTVlpVjlWTnhTNlFYcnFLR0dQZ3NpdkdvNHZDaWlIMHFwQkkxRHQ5QmgrckZlR2VYTlo4K3pJR2g4cGdUQlViQXZXRFRVQ2JGUFN5ZlNETTE1VThsaEd6YjVLb0dmcGE3WHFZZUJqT1pjcE1XTDB5a3NpNW1TYjdZT0giLCJtYWMiOiJkMzFiNGUwNjMxMWMyYWZlOTc2YjdjMDJhNWEwNmIzN2E5NmM0MGE5YWFhNWJlZTUyYjk4YmM4NmFjMGI3MjA1IiwidGFnIjoiIn0%3D",
        "HTTP_SEC_FETCH_DEST": "empty",
        "HTTP_SEC_FETCH_MODE": "cors",
        "HTTP_SEC_FETCH_SITE": "same-origin",
        "HTTP_PRIORITY": "u=0",
        "REQUEST_TIME_FLOAT": 1744747634.749486,
        "REQUEST_TIME": 1744747634
    }
}

{
    "time": "2025-04-15 22:10:10",
    "request": {
        "license_key": "TNBH-DRDK-K9JG-H4RR"
    },
    "server": {
        "DOCUMENT_ROOT": "R:\\Adev\\200  -  test\\adminlicence_saas\\public",
        "REMOTE_ADDR": "127.0.0.1",
        "REMOTE_PORT": "49825",
        "SERVER_SOFTWARE": "PHP 8.2.12 Development Server",
        "SERVER_PROTOCOL": "HTTP\/1.1",
        "SERVER_NAME": "127.0.0.1",
        "SERVER_PORT": "8000",
        "REQUEST_URI": "\/install\/ajax\/verify_license.php",
        "REQUEST_METHOD": "POST",
        "SCRIPT_NAME": "\/install\/ajax\/verify_license.php",
        "SCRIPT_FILENAME": "R:\\Adev\\200  -  test\\adminlicence_saas\\public\\install\\ajax\\verify_license.php",
        "PHP_SELF": "\/install\/ajax\/verify_license.php",
        "HTTP_HOST": "127.0.0.1:8000",
        "HTTP_USER_AGENT": "Mozilla\/5.0 (Windows NT 10.0; Win64; x64; rv:137.0) Gecko\/20100101 Firefox\/137.0",
        "HTTP_ACCEPT": "application\/json, text\/javascript, *\/*; q=0.01",
        "HTTP_ACCEPT_LANGUAGE": "fr,fr-FR;q=0.8,en-US;q=0.5,en;q=0.3",
        "HTTP_ACCEPT_ENCODING": "gzip, deflate, br, zstd",
        "CONTENT_TYPE": "application\/x-www-form-urlencoded; charset=UTF-8",
        "HTTP_CONTENT_TYPE": "application\/x-www-form-urlencoded; charset=UTF-8",
        "HTTP_X_REQUESTED_WITH": "XMLHttpRequest",
        "CONTENT_LENGTH": "31",
        "HTTP_CONTENT_LENGTH": "31",
        "HTTP_ORIGIN": "http:\/\/127.0.0.1:8000",
        "HTTP_DNT": "1",
        "HTTP_CONNECTION": "keep-alive",
        "HTTP_REFERER": "http:\/\/127.0.0.1:8000\/install\/index.php?step=1",
        "HTTP_COOKIE": "io=2G6p8qMg8xwIN3JpAAAD; TawkConnectionTime=0; PHPSESSID=hcsc3m94mlr88j37gd0i4rd5nd; XSRF-TOKEN=eyJpdiI6IllUaW9WRU1OeGhkSTB3QUxUQTNmdFE9PSIsInZhbHVlIjoiWGQ2bllqb1lpS0MyYjM4aHNKV0VCanhZVjQ2R2t2ZmdxL0sxK09ZUnJwMk4zRHRiZ08vUkFIMHh4MzllL2I3cTF5SGxYa2tuL2w2VmJadXRHWnpZS1J3YUZwMFdDYzNtNjc2MDdscGdFemFlYzl1YmFadjVORHh4OUNtZ3R0M2EiLCJtYWMiOiI3MTQ1YjdkMjFlNjBjMzEzNjNhYWRmNDQ0MDhhZmJjNDQ1MDVkYTJhZmQ4YTI5NzVmMDc5MDRiNTYzNTRiOWUwIiwidGFnIjoiIn0%3D; adminlicence_session=eyJpdiI6ImtoUk1YazdHSEoyMXhVUnRSSDZweHc9PSIsInZhbHVlIjoib0xHM1lRTVlpVjlWTnhTNlFYcnFLR0dQZ3NpdkdvNHZDaWlIMHFwQkkxRHQ5QmgrckZlR2VYTlo4K3pJR2g4cGdUQlViQXZXRFRVQ2JGUFN5ZlNETTE1VThsaEd6YjVLb0dmcGE3WHFZZUJqT1pjcE1XTDB5a3NpNW1TYjdZT0giLCJtYWMiOiJkMzFiNGUwNjMxMWMyYWZlOTc2YjdjMDJhNWEwNmIzN2E5NmM0MGE5YWFhNWJlZTUyYjk4YmM4NmFjMGI3MjA1IiwidGFnIjoiIn0%3D",
        "HTTP_SEC_FETCH_DEST": "empty",
        "HTTP_SEC_FETCH_MODE": "cors",
        "HTTP_SEC_FETCH_SITE": "same-origin",
        "HTTP_PRIORITY": "u=0",
        "REQUEST_TIME_FLOAT": 1744747810.094418,
        "REQUEST_TIME": 1744747810
    }
}

{
    "time": "2025-04-15 22:13:38",
    "request": {
        "license_key": "TNBH-DRDK-K9JG-H4RR"
    },
    "server": {
        "DOCUMENT_ROOT": "R:\\Adev\\200  -  test\\adminlicence_saas\\public",
        "REMOTE_ADDR": "127.0.0.1",
        "REMOTE_PORT": "50193",
        "SERVER_SOFTWARE": "PHP 8.2.12 Development Server",
        "SERVER_PROTOCOL": "HTTP\/1.1",
        "SERVER_NAME": "127.0.0.1",
        "SERVER_PORT": "8000",
        "REQUEST_URI": "\/install\/ajax\/verify_license.php",
        "REQUEST_METHOD": "POST",
        "SCRIPT_NAME": "\/install\/ajax\/verify_license.php",
        "SCRIPT_FILENAME": "R:\\Adev\\200  -  test\\adminlicence_saas\\public\\install\\ajax\\verify_license.php",
        "PHP_SELF": "\/install\/ajax\/verify_license.php",
        "HTTP_HOST": "127.0.0.1:8000",
        "HTTP_USER_AGENT": "Mozilla\/5.0 (Windows NT 10.0; Win64; x64; rv:137.0) Gecko\/20100101 Firefox\/137.0",
        "HTTP_ACCEPT": "application\/json, text\/javascript, *\/*; q=0.01",
        "HTTP_ACCEPT_LANGUAGE": "fr,fr-FR;q=0.8,en-US;q=0.5,en;q=0.3",
        "HTTP_ACCEPT_ENCODING": "gzip, deflate, br, zstd",
        "CONTENT_TYPE": "application\/x-www-form-urlencoded; charset=UTF-8",
        "HTTP_CONTENT_TYPE": "application\/x-www-form-urlencoded; charset=UTF-8",
        "HTTP_X_REQUESTED_WITH": "XMLHttpRequest",
        "CONTENT_LENGTH": "31",
        "HTTP_CONTENT_LENGTH": "31",
        "HTTP_ORIGIN": "http:\/\/127.0.0.1:8000",
        "HTTP_DNT": "1",
        "HTTP_CONNECTION": "keep-alive",
        "HTTP_REFERER": "http:\/\/127.0.0.1:8000\/install\/index.php?step=1",
        "HTTP_COOKIE": "io=2G6p8qMg8xwIN3JpAAAD; TawkConnectionTime=0; PHPSESSID=hcsc3m94mlr88j37gd0i4rd5nd; XSRF-TOKEN=eyJpdiI6IllUaW9WRU1OeGhkSTB3QUxUQTNmdFE9PSIsInZhbHVlIjoiWGQ2bllqb1lpS0MyYjM4aHNKV0VCanhZVjQ2R2t2ZmdxL0sxK09ZUnJwMk4zRHRiZ08vUkFIMHh4MzllL2I3cTF5SGxYa2tuL2w2VmJadXRHWnpZS1J3YUZwMFdDYzNtNjc2MDdscGdFemFlYzl1YmFadjVORHh4OUNtZ3R0M2EiLCJtYWMiOiI3MTQ1YjdkMjFlNjBjMzEzNjNhYWRmNDQ0MDhhZmJjNDQ1MDVkYTJhZmQ4YTI5NzVmMDc5MDRiNTYzNTRiOWUwIiwidGFnIjoiIn0%3D; adminlicence_session=eyJpdiI6ImtoUk1YazdHSEoyMXhVUnRSSDZweHc9PSIsInZhbHVlIjoib0xHM1lRTVlpVjlWTnhTNlFYcnFLR0dQZ3NpdkdvNHZDaWlIMHFwQkkxRHQ5QmgrckZlR2VYTlo4K3pJR2g4cGdUQlViQXZXRFRVQ2JGUFN5ZlNETTE1VThsaEd6YjVLb0dmcGE3WHFZZUJqT1pjcE1XTDB5a3NpNW1TYjdZT0giLCJtYWMiOiJkMzFiNGUwNjMxMWMyYWZlOTc2YjdjMDJhNWEwNmIzN2E5NmM0MGE5YWFhNWJlZTUyYjk4YmM4NmFjMGI3MjA1IiwidGFnIjoiIn0%3D",
        "HTTP_SEC_FETCH_DEST": "empty",
        "HTTP_SEC_FETCH_MODE": "cors",
        "HTTP_SEC_FETCH_SITE": "same-origin",
        "HTTP_PRIORITY": "u=0",
        "REQUEST_TIME_FLOAT": 1744748018.196418,
        "REQUEST_TIME": 1744748018
    }
}

{
    "time": "2025-04-16 01:36:10",
    "request": {
        "license_key": "TNBH-DRDK-K9JG-H4RR"
    },
    "server": {
        "DOCUMENT_ROOT": "R:\\Adev\\200  -  test\\adminlicence_saas\\public",
        "REMOTE_ADDR": "127.0.0.1",
        "REMOTE_PORT": "62177",
        "SERVER_SOFTWARE": "PHP 8.2.12 Development Server",
        "SERVER_PROTOCOL": "HTTP\/1.1",
        "SERVER_NAME": "127.0.0.1",
        "SERVER_PORT": "8000",
        "REQUEST_URI": "\/install\/ajax\/verify_license.php",
        "REQUEST_METHOD": "POST",
        "SCRIPT_NAME": "\/install\/ajax\/verify_license.php",
        "SCRIPT_FILENAME": "R:\\Adev\\200  -  test\\adminlicence_saas\\public\\install\\ajax\\verify_license.php",
        "PHP_SELF": "\/install\/ajax\/verify_license.php",
        "HTTP_HOST": "127.0.0.1:8000",
        "HTTP_USER_AGENT": "Mozilla\/5.0 (Windows NT 10.0; Win64; x64; rv:137.0) Gecko\/20100101 Firefox\/137.0",
        "HTTP_ACCEPT": "application\/json, text\/javascript, *\/*; q=0.01",
        "HTTP_ACCEPT_LANGUAGE": "fr,fr-FR;q=0.8,en-US;q=0.5,en;q=0.3",
        "HTTP_ACCEPT_ENCODING": "gzip, deflate, br, zstd",
        "CONTENT_TYPE": "application\/x-www-form-urlencoded; charset=UTF-8",
        "HTTP_CONTENT_TYPE": "application\/x-www-form-urlencoded; charset=UTF-8",
        "HTTP_X_REQUESTED_WITH": "XMLHttpRequest",
        "CONTENT_LENGTH": "31",
        "HTTP_CONTENT_LENGTH": "31",
        "HTTP_ORIGIN": "http:\/\/127.0.0.1:8000",
        "HTTP_DNT": "1",
        "HTTP_CONNECTION": "keep-alive",
        "HTTP_REFERER": "http:\/\/127.0.0.1:8000\/install\/index.php?step=1",
        "HTTP_COOKIE": "io=2G6p8qMg8xwIN3JpAAAD; TawkConnectionTime=0; PHPSESSID=hcsc3m94mlr88j37gd0i4rd5nd",
        "HTTP_SEC_FETCH_DEST": "empty",
        "HTTP_SEC_FETCH_MODE": "cors",
        "HTTP_SEC_FETCH_SITE": "same-origin",
        "HTTP_PRIORITY": "u=0",
        "REQUEST_TIME_FLOAT": 1744760170.820862,
        "REQUEST_TIME": 1744760170
    }
}

{
    "time": "2025-04-16 01:39:39",
    "request": {
        "license_key": "TNBH-DRDK-K9JG-H4RR"
    },
    "server": {
        "DOCUMENT_ROOT": "R:\\Adev\\200  -  test\\adminlicence_saas\\public",
        "REMOTE_ADDR": "127.0.0.1",
        "REMOTE_PORT": "65468",
        "SERVER_SOFTWARE": "PHP 8.2.12 Development Server",
        "SERVER_PROTOCOL": "HTTP\/1.1",
        "SERVER_NAME": "127.0.0.1",
        "SERVER_PORT": "8000",
        "REQUEST_URI": "\/install\/ajax\/verify_license.php",
        "REQUEST_METHOD": "POST",
        "SCRIPT_NAME": "\/install\/ajax\/verify_license.php",
        "SCRIPT_FILENAME": "R:\\Adev\\200  -  test\\adminlicence_saas\\public\\install\\ajax\\verify_license.php",
        "PHP_SELF": "\/install\/ajax\/verify_license.php",
        "HTTP_HOST": "127.0.0.1:8000",
        "HTTP_USER_AGENT": "Mozilla\/5.0 (Windows NT 10.0; Win64; x64; rv:137.0) Gecko\/20100101 Firefox\/137.0",
        "HTTP_ACCEPT": "application\/json, text\/javascript, *\/*; q=0.01",
        "HTTP_ACCEPT_LANGUAGE": "fr,fr-FR;q=0.8,en-US;q=0.5,en;q=0.3",
        "HTTP_ACCEPT_ENCODING": "gzip, deflate, br, zstd",
        "CONTENT_TYPE": "application\/x-www-form-urlencoded; charset=UTF-8",
        "HTTP_CONTENT_TYPE": "application\/x-www-form-urlencoded; charset=UTF-8",
        "HTTP_X_REQUESTED_WITH": "XMLHttpRequest",
        "CONTENT_LENGTH": "31",
        "HTTP_CONTENT_LENGTH": "31",
        "HTTP_ORIGIN": "http:\/\/127.0.0.1:8000",
        "HTTP_DNT": "1",
        "HTTP_CONNECTION": "keep-alive",
        "HTTP_REFERER": "http:\/\/127.0.0.1:8000\/install\/index.php?step=1",
        "HTTP_COOKIE": "io=2G6p8qMg8xwIN3JpAAAD; TawkConnectionTime=0; PHPSESSID=hcsc3m94mlr88j37gd0i4rd5nd",
        "HTTP_SEC_FETCH_DEST": "empty",
        "HTTP_SEC_FETCH_MODE": "cors",
        "HTTP_SEC_FETCH_SITE": "same-origin",
        "HTTP_PRIORITY": "u=0",
        "REQUEST_TIME_FLOAT": 1744760379.675977,
        "REQUEST_TIME": 1744760379
    }
}

{
    "time": "2025-04-16 01:43:52",
    "request": {
        "license_key": "TNBH-DRDK-K9JG-H4RR"
    },
    "server": {
        "DOCUMENT_ROOT": "R:\\Adev\\200  -  test\\adminlicence_saas\\public",
        "REMOTE_ADDR": "127.0.0.1",
        "REMOTE_PORT": "49527",
        "SERVER_SOFTWARE": "PHP 8.2.12 Development Server",
        "SERVER_PROTOCOL": "HTTP\/1.1",
        "SERVER_NAME": "127.0.0.1",
        "SERVER_PORT": "8000",
        "REQUEST_URI": "\/install\/ajax\/verify_license.php",
        "REQUEST_METHOD": "POST",
        "SCRIPT_NAME": "\/install\/ajax\/verify_license.php",
        "SCRIPT_FILENAME": "R:\\Adev\\200  -  test\\adminlicence_saas\\public\\install\\ajax\\verify_license.php",
        "PHP_SELF": "\/install\/ajax\/verify_license.php",
        "HTTP_HOST": "127.0.0.1:8000",
        "HTTP_USER_AGENT": "Mozilla\/5.0 (Windows NT 10.0; Win64; x64; rv:137.0) Gecko\/20100101 Firefox\/137.0",
        "HTTP_ACCEPT": "application\/json, text\/javascript, *\/*; q=0.01",
        "HTTP_ACCEPT_LANGUAGE": "fr,fr-FR;q=0.8,en-US;q=0.5,en;q=0.3",
        "HTTP_ACCEPT_ENCODING": "gzip, deflate, br, zstd",
        "CONTENT_TYPE": "application\/x-www-form-urlencoded; charset=UTF-8",
        "HTTP_CONTENT_TYPE": "application\/x-www-form-urlencoded; charset=UTF-8",
        "HTTP_X_REQUESTED_WITH": "XMLHttpRequest",
        "CONTENT_LENGTH": "31",
        "HTTP_CONTENT_LENGTH": "31",
        "HTTP_ORIGIN": "http:\/\/127.0.0.1:8000",
        "HTTP_DNT": "1",
        "HTTP_CONNECTION": "keep-alive",
        "HTTP_REFERER": "http:\/\/127.0.0.1:8000\/install\/index.php?step=1",
        "HTTP_COOKIE": "io=2G6p8qMg8xwIN3JpAAAD; TawkConnectionTime=0; PHPSESSID=hcsc3m94mlr88j37gd0i4rd5nd",
        "HTTP_SEC_FETCH_DEST": "empty",
        "HTTP_SEC_FETCH_MODE": "cors",
        "HTTP_SEC_FETCH_SITE": "same-origin",
        "HTTP_PRIORITY": "u=0",
        "REQUEST_TIME_FLOAT": 1744760632.861428,
        "REQUEST_TIME": 1744760632
    }
}

{
    "time": "2025-04-16 01:44:54",
    "request": {
        "license_key": "TNBH-DRDK-K9JG-H4RR"
    },
    "server": {
        "DOCUMENT_ROOT": "R:\\Adev\\200  -  test\\adminlicence_saas\\public",
        "REMOTE_ADDR": "127.0.0.1",
        "REMOTE_PORT": "49653",
        "SERVER_SOFTWARE": "PHP 8.2.12 Development Server",
        "SERVER_PROTOCOL": "HTTP\/1.1",
        "SERVER_NAME": "127.0.0.1",
        "SERVER_PORT": "8000",
        "REQUEST_URI": "\/install\/ajax\/verify_license.php",
        "REQUEST_METHOD": "POST",
        "SCRIPT_NAME": "\/install\/ajax\/verify_license.php",
        "SCRIPT_FILENAME": "R:\\Adev\\200  -  test\\adminlicence_saas\\public\\install\\ajax\\verify_license.php",
        "PHP_SELF": "\/install\/ajax\/verify_license.php",
        "HTTP_HOST": "127.0.0.1:8000",
        "HTTP_USER_AGENT": "Mozilla\/5.0 (Windows NT 10.0; Win64; x64; rv:137.0) Gecko\/20100101 Firefox\/137.0",
        "HTTP_ACCEPT": "application\/json, text\/javascript, *\/*; q=0.01",
        "HTTP_ACCEPT_LANGUAGE": "fr,fr-FR;q=0.8,en-US;q=0.5,en;q=0.3",
        "HTTP_ACCEPT_ENCODING": "gzip, deflate, br, zstd",
        "CONTENT_TYPE": "application\/x-www-form-urlencoded; charset=UTF-8",
        "HTTP_CONTENT_TYPE": "application\/x-www-form-urlencoded; charset=UTF-8",
        "HTTP_X_REQUESTED_WITH": "XMLHttpRequest",
        "CONTENT_LENGTH": "31",
        "HTTP_CONTENT_LENGTH": "31",
        "HTTP_ORIGIN": "http:\/\/127.0.0.1:8000",
        "HTTP_DNT": "1",
        "HTTP_CONNECTION": "keep-alive",
        "HTTP_REFERER": "http:\/\/127.0.0.1:8000\/install\/index.php?step=1",
        "HTTP_COOKIE": "io=2G6p8qMg8xwIN3JpAAAD; TawkConnectionTime=0; PHPSESSID=hcsc3m94mlr88j37gd0i4rd5nd",
        "HTTP_SEC_FETCH_DEST": "empty",
        "HTTP_SEC_FETCH_MODE": "cors",
        "HTTP_SEC_FETCH_SITE": "same-origin",
        "HTTP_PRIORITY": "u=0",
        "REQUEST_TIME_FLOAT": 1744760694.527579,
        "REQUEST_TIME": 1744760694
    }
}

{
    "time": "2025-04-16 01:51:44",
    "request": {
        "license_key": "TNBH-DRDK-K9JG-H4RR"
    },
    "server": {
        "DOCUMENT_ROOT": "R:\\Adev\\200  -  test\\adminlicence_saas\\public",
        "REMOTE_ADDR": "127.0.0.1",
        "REMOTE_PORT": "61254",
        "SERVER_SOFTWARE": "PHP 8.2.12 Development Server",
        "SERVER_PROTOCOL": "HTTP\/1.1",
        "SERVER_NAME": "127.0.0.1",
        "SERVER_PORT": "8000",
        "REQUEST_URI": "\/install\/ajax\/verify_license.php",
        "REQUEST_METHOD": "POST",
        "SCRIPT_NAME": "\/install\/ajax\/verify_license.php",
        "SCRIPT_FILENAME": "R:\\Adev\\200  -  test\\adminlicence_saas\\public\\install\\ajax\\verify_license.php",
        "PHP_SELF": "\/install\/ajax\/verify_license.php",
        "HTTP_HOST": "127.0.0.1:8000",
        "HTTP_USER_AGENT": "Mozilla\/5.0 (Windows NT 10.0; Win64; x64; rv:137.0) Gecko\/20100101 Firefox\/137.0",
        "HTTP_ACCEPT": "application\/json, text\/javascript, *\/*; q=0.01",
        "HTTP_ACCEPT_LANGUAGE": "fr,fr-FR;q=0.8,en-US;q=0.5,en;q=0.3",
        "HTTP_ACCEPT_ENCODING": "gzip, deflate, br, zstd",
        "CONTENT_TYPE": "application\/x-www-form-urlencoded; charset=UTF-8",
        "HTTP_CONTENT_TYPE": "application\/x-www-form-urlencoded; charset=UTF-8",
        "HTTP_X_REQUESTED_WITH": "XMLHttpRequest",
        "CONTENT_LENGTH": "31",
        "HTTP_CONTENT_LENGTH": "31",
        "HTTP_ORIGIN": "http:\/\/127.0.0.1:8000",
        "HTTP_DNT": "1",
        "HTTP_CONNECTION": "keep-alive",
        "HTTP_REFERER": "http:\/\/127.0.0.1:8000\/install\/index.php?step=1",
        "HTTP_COOKIE": "io=2G6p8qMg8xwIN3JpAAAD; TawkConnectionTime=0; PHPSESSID=hcsc3m94mlr88j37gd0i4rd5nd",
        "HTTP_SEC_FETCH_DEST": "empty",
        "HTTP_SEC_FETCH_MODE": "cors",
        "HTTP_SEC_FETCH_SITE": "same-origin",
        "HTTP_PRIORITY": "u=0",
        "REQUEST_TIME_FLOAT": 1744761104.097892,
        "REQUEST_TIME": 1744761104
    }
}

{
    "time": "2025-04-16 02:00:58",
    "request": {
        "license_key": "TNBH-DRDK-K9JG-H4RR"
    },
    "server": {
        "DOCUMENT_ROOT": "R:\\Adev\\200  -  test\\adminlicence_saas\\public",
        "REMOTE_ADDR": "127.0.0.1",
        "REMOTE_PORT": "50126",
        "SERVER_SOFTWARE": "PHP 8.2.12 Development Server",
        "SERVER_PROTOCOL": "HTTP\/1.1",
        "SERVER_NAME": "127.0.0.1",
        "SERVER_PORT": "8000",
        "REQUEST_URI": "\/install\/ajax\/verify_license.php",
        "REQUEST_METHOD": "POST",
        "SCRIPT_NAME": "\/install\/ajax\/verify_license.php",
        "SCRIPT_FILENAME": "R:\\Adev\\200  -  test\\adminlicence_saas\\public\\install\\ajax\\verify_license.php",
        "PHP_SELF": "\/install\/ajax\/verify_license.php",
        "HTTP_HOST": "127.0.0.1:8000",
        "HTTP_USER_AGENT": "Mozilla\/5.0 (Windows NT 10.0; Win64; x64; rv:137.0) Gecko\/20100101 Firefox\/137.0",
        "HTTP_ACCEPT": "application\/json, text\/javascript, *\/*; q=0.01",
        "HTTP_ACCEPT_LANGUAGE": "fr,fr-FR;q=0.8,en-US;q=0.5,en;q=0.3",
        "HTTP_ACCEPT_ENCODING": "gzip, deflate, br, zstd",
        "CONTENT_TYPE": "application\/x-www-form-urlencoded; charset=UTF-8",
        "HTTP_CONTENT_TYPE": "application\/x-www-form-urlencoded; charset=UTF-8",
        "HTTP_X_REQUESTED_WITH": "XMLHttpRequest",
        "CONTENT_LENGTH": "31",
        "HTTP_CONTENT_LENGTH": "31",
        "HTTP_ORIGIN": "http:\/\/127.0.0.1:8000",
        "HTTP_DNT": "1",
        "HTTP_CONNECTION": "keep-alive",
        "HTTP_REFERER": "http:\/\/127.0.0.1:8000\/install\/index.php?step=1",
        "HTTP_COOKIE": "io=2G6p8qMg8xwIN3JpAAAD; TawkConnectionTime=0; PHPSESSID=hcsc3m94mlr88j37gd0i4rd5nd",
        "HTTP_SEC_FETCH_DEST": "empty",
        "HTTP_SEC_FETCH_MODE": "cors",
        "HTTP_SEC_FETCH_SITE": "same-origin",
        "HTTP_PRIORITY": "u=0",
        "REQUEST_TIME_FLOAT": 1744761658.315865,
        "REQUEST_TIME": 1744761658
    }
}

{
    "time": "2025-04-16 02:06:10",
    "request": {
        "license_key": "TNBH-DRDK-K9JG-H4RR"
    },
    "server": {
        "DOCUMENT_ROOT": "R:\\Adev\\200  -  test\\adminlicence_saas\\public",
        "REMOTE_ADDR": "127.0.0.1",
        "REMOTE_PORT": "59431",
        "SERVER_SOFTWARE": "PHP 8.2.12 Development Server",
        "SERVER_PROTOCOL": "HTTP\/1.1",
        "SERVER_NAME": "127.0.0.1",
        "SERVER_PORT": "8000",
        "REQUEST_URI": "\/install\/ajax\/verify_license.php",
        "REQUEST_METHOD": "POST",
        "SCRIPT_NAME": "\/install\/ajax\/verify_license.php",
        "SCRIPT_FILENAME": "R:\\Adev\\200  -  test\\adminlicence_saas\\public\\install\\ajax\\verify_license.php",
        "PHP_SELF": "\/install\/ajax\/verify_license.php",
        "HTTP_HOST": "127.0.0.1:8000",
        "HTTP_USER_AGENT": "Mozilla\/5.0 (Windows NT 10.0; Win64; x64; rv:137.0) Gecko\/20100101 Firefox\/137.0",
        "HTTP_ACCEPT": "application\/json, text\/javascript, *\/*; q=0.01",
        "HTTP_ACCEPT_LANGUAGE": "fr,fr-FR;q=0.8,en-US;q=0.5,en;q=0.3",
        "HTTP_ACCEPT_ENCODING": "gzip, deflate, br, zstd",
        "CONTENT_TYPE": "application\/x-www-form-urlencoded; charset=UTF-8",
        "HTTP_CONTENT_TYPE": "application\/x-www-form-urlencoded; charset=UTF-8",
        "HTTP_X_REQUESTED_WITH": "XMLHttpRequest",
        "CONTENT_LENGTH": "31",
        "HTTP_CONTENT_LENGTH": "31",
        "HTTP_ORIGIN": "http:\/\/127.0.0.1:8000",
        "HTTP_DNT": "1",
        "HTTP_CONNECTION": "keep-alive",
        "HTTP_REFERER": "http:\/\/127.0.0.1:8000\/install\/index.php?step=1",
        "HTTP_COOKIE": "io=2G6p8qMg8xwIN3JpAAAD; TawkConnectionTime=0; PHPSESSID=hcsc3m94mlr88j37gd0i4rd5nd; XSRF-TOKEN=eyJpdiI6InhxWkFsNHg4cDB1QXJIcTdabVV1THc9PSIsInZhbHVlIjoid3lVOE83V3BLOWcyRVUvbVpUVERUUmY4Z2VYWkY0WTNpbFFvbXZYZWFFK04rR0tkZzU4UURhT3BaUHQyeHJrek9Oc0pQaFJuUDBlTnA0NjNiYTJRei9kVHFhOWQycFZ6Si82SFF2amoyOUVyRjUvRFNLVUlaS3BaWTZPeGxibTMiLCJtYWMiOiIyYzE0Zjg0YjY5MzcxMjc2ZDE2MjU0ODdmMmFkZmM2NjlhMjIyMzBjMDk2NDA3NWNjNWFkZGQ1ZGViZjlhOTRiIiwidGFnIjoiIn0%3D; adminlicence_session=eyJpdiI6Iml0Q0MzQU1tM1NlNm9WQmN1ZnIvN3c9PSIsInZhbHVlIjoiNzJiOUhrbTlyVWlsempRZW9Ca2lhWFBmMXIvQ3pSOElFWm9xMGt4czlLdnMzWGs5dTUyUVVZL0xCTnZqaDRxdldyUTlUTWRaZ3N0UEpyWHFDa2JhZFRlYVYvOE1Cc0F6WkNjNWdVMGYxQWRrWTBCL0JWeDI2RTRCU3U4eWpzemMiLCJtYWMiOiI5OGM2NGRjMGRiY2VmNWMwYjYxOTAyYmQ2MjU4ZjY1MDNlZjdiZTI5MzA1OTYzOTUyMzhlOWJlZTI0NDY2MjczIiwidGFnIjoiIn0%3D",
        "HTTP_SEC_FETCH_DEST": "empty",
        "HTTP_SEC_FETCH_MODE": "cors",
        "HTTP_SEC_FETCH_SITE": "same-origin",
        "HTTP_PRIORITY": "u=0",
        "REQUEST_TIME_FLOAT": 1744761970.202425,
        "REQUEST_TIME": 1744761970
    }
}

{
    "time": "2025-04-16 02:14:04",
    "request": {
        "license_key": "TNBH-DRDK-K9JG-H4RR"
    },
    "server": {
        "DOCUMENT_ROOT": "R:\\Adev\\200  -  test\\adminlicence_saas\\public",
        "REMOTE_ADDR": "127.0.0.1",
        "REMOTE_PORT": "60324",
        "SERVER_SOFTWARE": "PHP 8.2.12 Development Server",
        "SERVER_PROTOCOL": "HTTP\/1.1",
        "SERVER_NAME": "127.0.0.1",
        "SERVER_PORT": "8000",
        "REQUEST_URI": "\/install\/ajax\/verify_license.php",
        "REQUEST_METHOD": "POST",
        "SCRIPT_NAME": "\/install\/ajax\/verify_license.php",
        "SCRIPT_FILENAME": "R:\\Adev\\200  -  test\\adminlicence_saas\\public\\install\\ajax\\verify_license.php",
        "PHP_SELF": "\/install\/ajax\/verify_license.php",
        "HTTP_HOST": "127.0.0.1:8000",
        "HTTP_USER_AGENT": "Mozilla\/5.0 (Windows NT 10.0; Win64; x64; rv:137.0) Gecko\/20100101 Firefox\/137.0",
        "HTTP_ACCEPT": "application\/json, text\/javascript, *\/*; q=0.01",
        "HTTP_ACCEPT_LANGUAGE": "fr,fr-FR;q=0.8,en-US;q=0.5,en;q=0.3",
        "HTTP_ACCEPT_ENCODING": "gzip, deflate, br, zstd",
        "CONTENT_TYPE": "application\/x-www-form-urlencoded; charset=UTF-8",
        "HTTP_CONTENT_TYPE": "application\/x-www-form-urlencoded; charset=UTF-8",
        "HTTP_X_REQUESTED_WITH": "XMLHttpRequest",
        "CONTENT_LENGTH": "31",
        "HTTP_CONTENT_LENGTH": "31",
        "HTTP_ORIGIN": "http:\/\/127.0.0.1:8000",
        "HTTP_DNT": "1",
        "HTTP_CONNECTION": "keep-alive",
        "HTTP_REFERER": "http:\/\/127.0.0.1:8000\/install\/index.php?step=1",
        "HTTP_COOKIE": "io=2G6p8qMg8xwIN3JpAAAD; TawkConnectionTime=0; PHPSESSID=hcsc3m94mlr88j37gd0i4rd5nd; XSRF-TOKEN=eyJpdiI6IjF2dEhsWjFDd21EY0N3UjgyNnc3ZEE9PSIsInZhbHVlIjoicFE1aCtLd1grV2Q2c1dWRXFOMUFFZlBCbEhNUEVBbEorbUpseVZaQ1NGbkJSTSticFdQanZ6VFc0YmdERldOUDdDRnc4UmpzWEJmdE1iMjRRbnhhL1RWRVEwRHZEdVlLY1FmOFhKT2pXWmwyVHN4d0luM0xaYnF6MnllOFRjcVciLCJtYWMiOiJkNWUyYTNjZjBmNGU3ODYyYzIyNTk1MmE1NjY3ODc4ZjQ0YTgxNmFjYjFmNjc1MmMwZTI2YzBiNTNhOTg5NTQwIiwidGFnIjoiIn0%3D; adminlicence_session=eyJpdiI6IlVzTzlzaU1ZWDVBMjNiQ3VMZUhsbWc9PSIsInZhbHVlIjoiUit3elpsaFZPU0t5RWlIYzQwU2N1SlNvT2NxczR1bFEyNm9rbFBuZ0tnejNmS2RpVEJnbHBST2JKUWx4eFVxOG14ZExyeWxZUUZaQ1NmY0owTGtGbWRGQjkwZ2xmRWNneVhQY1hhM2dFUU9nZGw1bllweDk5T2Iyby9wdWpBRHUiLCJtYWMiOiI4OTBkNGUzMzFiNTAyNjZhMjcyYTZlYWU2MDE3ODc3YTU1MzhiYThjZDk2MzI2YWE4YWI3OTcyMWIxYTQxNDc2IiwidGFnIjoiIn0%3D",
        "HTTP_SEC_FETCH_DEST": "empty",
        "HTTP_SEC_FETCH_MODE": "cors",
        "HTTP_SEC_FETCH_SITE": "same-origin",
        "HTTP_PRIORITY": "u=0",
        "REQUEST_TIME_FLOAT": 1744762444.569093,
        "REQUEST_TIME": 1744762444
    }
}

{
    "time": "2025-04-16 02:18:45",
    "request": {
        "license_key": "TNBH-DRDK-K9JG-H4RR"
    },
    "server": {
        "DOCUMENT_ROOT": "R:\\Adev\\200  -  test\\adminlicence_saas\\public",
        "REMOTE_ADDR": "127.0.0.1",
        "REMOTE_PORT": "62454",
        "SERVER_SOFTWARE": "PHP 8.2.12 Development Server",
        "SERVER_PROTOCOL": "HTTP\/1.1",
        "SERVER_NAME": "127.0.0.1",
        "SERVER_PORT": "8000",
        "REQUEST_URI": "\/install\/ajax\/verify_license.php",
        "REQUEST_METHOD": "POST",
        "SCRIPT_NAME": "\/install\/ajax\/verify_license.php",
        "SCRIPT_FILENAME": "R:\\Adev\\200  -  test\\adminlicence_saas\\public\\install\\ajax\\verify_license.php",
        "PHP_SELF": "\/install\/ajax\/verify_license.php",
        "HTTP_HOST": "127.0.0.1:8000",
        "HTTP_USER_AGENT": "Mozilla\/5.0 (Windows NT 10.0; Win64; x64; rv:137.0) Gecko\/20100101 Firefox\/137.0",
        "HTTP_ACCEPT": "application\/json, text\/javascript, *\/*; q=0.01",
        "HTTP_ACCEPT_LANGUAGE": "fr,fr-FR;q=0.8,en-US;q=0.5,en;q=0.3",
        "HTTP_ACCEPT_ENCODING": "gzip, deflate, br, zstd",
        "CONTENT_TYPE": "application\/x-www-form-urlencoded; charset=UTF-8",
        "HTTP_CONTENT_TYPE": "application\/x-www-form-urlencoded; charset=UTF-8",
        "HTTP_X_REQUESTED_WITH": "XMLHttpRequest",
        "CONTENT_LENGTH": "31",
        "HTTP_CONTENT_LENGTH": "31",
        "HTTP_ORIGIN": "http:\/\/127.0.0.1:8000",
        "HTTP_DNT": "1",
        "HTTP_CONNECTION": "keep-alive",
        "HTTP_REFERER": "http:\/\/127.0.0.1:8000\/install\/index.php?step=1",
        "HTTP_COOKIE": "io=2G6p8qMg8xwIN3JpAAAD; TawkConnectionTime=0; PHPSESSID=hcsc3m94mlr88j37gd0i4rd5nd; XSRF-TOKEN=eyJpdiI6IjF2dEhsWjFDd21EY0N3UjgyNnc3ZEE9PSIsInZhbHVlIjoicFE1aCtLd1grV2Q2c1dWRXFOMUFFZlBCbEhNUEVBbEorbUpseVZaQ1NGbkJSTSticFdQanZ6VFc0YmdERldOUDdDRnc4UmpzWEJmdE1iMjRRbnhhL1RWRVEwRHZEdVlLY1FmOFhKT2pXWmwyVHN4d0luM0xaYnF6MnllOFRjcVciLCJtYWMiOiJkNWUyYTNjZjBmNGU3ODYyYzIyNTk1MmE1NjY3ODc4ZjQ0YTgxNmFjYjFmNjc1MmMwZTI2YzBiNTNhOTg5NTQwIiwidGFnIjoiIn0%3D; adminlicence_session=eyJpdiI6IlVzTzlzaU1ZWDVBMjNiQ3VMZUhsbWc9PSIsInZhbHVlIjoiUit3elpsaFZPU0t5RWlIYzQwU2N1SlNvT2NxczR1bFEyNm9rbFBuZ0tnejNmS2RpVEJnbHBST2JKUWx4eFVxOG14ZExyeWxZUUZaQ1NmY0owTGtGbWRGQjkwZ2xmRWNneVhQY1hhM2dFUU9nZGw1bllweDk5T2Iyby9wdWpBRHUiLCJtYWMiOiI4OTBkNGUzMzFiNTAyNjZhMjcyYTZlYWU2MDE3ODc3YTU1MzhiYThjZDk2MzI2YWE4YWI3OTcyMWIxYTQxNDc2IiwidGFnIjoiIn0%3D",
        "HTTP_SEC_FETCH_DEST": "empty",
        "HTTP_SEC_FETCH_MODE": "cors",
        "HTTP_SEC_FETCH_SITE": "same-origin",
        "HTTP_PRIORITY": "u=0",
        "REQUEST_TIME_FLOAT": 1744762725.926773,
        "REQUEST_TIME": 1744762725
    }
}

{
    "time": "2025-04-16 02:22:14",
    "request": {
        "license_key": "TNBH-DRDK-K9JG-H4RR"
    },
    "server": {
        "DOCUMENT_ROOT": "R:\\Adev\\200  -  test\\adminlicence_saas\\public",
        "REMOTE_ADDR": "127.0.0.1",
        "REMOTE_PORT": "62818",
        "SERVER_SOFTWARE": "PHP 8.2.12 Development Server",
        "SERVER_PROTOCOL": "HTTP\/1.1",
        "SERVER_NAME": "127.0.0.1",
        "SERVER_PORT": "8000",
        "REQUEST_URI": "\/install\/ajax\/verify_license.php",
        "REQUEST_METHOD": "POST",
        "SCRIPT_NAME": "\/install\/ajax\/verify_license.php",
        "SCRIPT_FILENAME": "R:\\Adev\\200  -  test\\adminlicence_saas\\public\\install\\ajax\\verify_license.php",
        "PHP_SELF": "\/install\/ajax\/verify_license.php",
        "HTTP_HOST": "127.0.0.1:8000",
        "HTTP_USER_AGENT": "Mozilla\/5.0 (Windows NT 10.0; Win64; x64; rv:137.0) Gecko\/20100101 Firefox\/137.0",
        "HTTP_ACCEPT": "application\/json, text\/javascript, *\/*; q=0.01",
        "HTTP_ACCEPT_LANGUAGE": "fr,fr-FR;q=0.8,en-US;q=0.5,en;q=0.3",
        "HTTP_ACCEPT_ENCODING": "gzip, deflate, br, zstd",
        "CONTENT_TYPE": "application\/x-www-form-urlencoded; charset=UTF-8",
        "HTTP_CONTENT_TYPE": "application\/x-www-form-urlencoded; charset=UTF-8",
        "HTTP_X_REQUESTED_WITH": "XMLHttpRequest",
        "CONTENT_LENGTH": "31",
        "HTTP_CONTENT_LENGTH": "31",
        "HTTP_ORIGIN": "http:\/\/127.0.0.1:8000",
        "HTTP_DNT": "1",
        "HTTP_CONNECTION": "keep-alive",
        "HTTP_REFERER": "http:\/\/127.0.0.1:8000\/install\/index.php?step=6",
        "HTTP_COOKIE": "io=2G6p8qMg8xwIN3JpAAAD; TawkConnectionTime=0; PHPSESSID=hcsc3m94mlr88j37gd0i4rd5nd; XSRF-TOKEN=eyJpdiI6IlN6Zmw4NllPMUpXMzUxQWZVNHJPOGc9PSIsInZhbHVlIjoianczZSthWklPaWFrNDVGUkZxTStVT29CVUNGNjRiN1VjL0sxNCt6VnU3b3BiejhjZGhMZHk2YjQyc1BDcG53a0E4eCtSOTFqdE50NnZidW5qd2ZoZm44dlBVVnVla1dZTEJIMllpRWdRYmFnZjBDSEdrMElkZDhUZVBnbmNqbW0iLCJtYWMiOiI5MTFlZTVkN2FmODkzM2ZmMWEyYmNjMjYzYjNlMGMzZThhY2JmMmQyNThmN2M4ODgwNmM2ZjExY2IwZTM1OWM1IiwidGFnIjoiIn0%3D; adminlicence_session=eyJpdiI6ImFlcmpzY1BYU3ljcTFBQXhhTitjL3c9PSIsInZhbHVlIjoiMG1XSGdlRGZSMW5jRHhFN0V6R3lUUjcwdmljb1QwNE1XTVlOU0lVbm5GTFNiTHk5MndpcFpaMDJLQ3hXb002SjZFRnRBclgxWVlSbnlDSSs3QVVSRm10SmhiL0FTMi80VzRUNTR5cWNhWWt4dlBDelpkbEp5UG5uNHdNWi9pbEMiLCJtYWMiOiJkY2M1ZmE3NzI3MjI5YjYxNzRlMTcyMTUwMjExMjQ5M2I5ZmY4MGExZTM5NmNjMDJhYTE4YjUxNmMxOWJjYzBiIiwidGFnIjoiIn0%3D",
        "HTTP_SEC_FETCH_DEST": "empty",
        "HTTP_SEC_FETCH_MODE": "cors",
        "HTTP_SEC_FETCH_SITE": "same-origin",
        "HTTP_PRIORITY": "u=0",
        "REQUEST_TIME_FLOAT": 1744762934.447214,
        "REQUEST_TIME": 1744762934
    }
}

{
    "time": "2025-04-16 02:26:03",
    "request": {
        "license_key": "TNBH-DRDK-K9JG-H4RR"
    },
    "server": {
        "DOCUMENT_ROOT": "R:\\Adev\\200  -  test\\adminlicence_saas\\public",
        "REMOTE_ADDR": "127.0.0.1",
        "REMOTE_PORT": "63201",
        "SERVER_SOFTWARE": "PHP 8.2.12 Development Server",
        "SERVER_PROTOCOL": "HTTP\/1.1",
        "SERVER_NAME": "127.0.0.1",
        "SERVER_PORT": "8000",
        "REQUEST_URI": "\/install\/ajax\/verify_license.php",
        "REQUEST_METHOD": "POST",
        "SCRIPT_NAME": "\/install\/ajax\/verify_license.php",
        "SCRIPT_FILENAME": "R:\\Adev\\200  -  test\\adminlicence_saas\\public\\install\\ajax\\verify_license.php",
        "PHP_SELF": "\/install\/ajax\/verify_license.php",
        "HTTP_HOST": "127.0.0.1:8000",
        "HTTP_USER_AGENT": "Mozilla\/5.0 (Windows NT 10.0; Win64; x64; rv:137.0) Gecko\/20100101 Firefox\/137.0",
        "HTTP_ACCEPT": "application\/json, text\/javascript, *\/*; q=0.01",
        "HTTP_ACCEPT_LANGUAGE": "fr,fr-FR;q=0.8,en-US;q=0.5,en;q=0.3",
        "HTTP_ACCEPT_ENCODING": "gzip, deflate, br, zstd",
        "CONTENT_TYPE": "application\/x-www-form-urlencoded; charset=UTF-8",
        "HTTP_CONTENT_TYPE": "application\/x-www-form-urlencoded; charset=UTF-8",
        "HTTP_X_REQUESTED_WITH": "XMLHttpRequest",
        "CONTENT_LENGTH": "31",
        "HTTP_CONTENT_LENGTH": "31",
        "HTTP_ORIGIN": "http:\/\/127.0.0.1:8000",
        "HTTP_DNT": "1",
        "HTTP_CONNECTION": "keep-alive",
        "HTTP_REFERER": "http:\/\/127.0.0.1:8000\/install\/index.php?step=6",
        "HTTP_COOKIE": "io=2G6p8qMg8xwIN3JpAAAD; TawkConnectionTime=0; PHPSESSID=hcsc3m94mlr88j37gd0i4rd5nd; XSRF-TOKEN=eyJpdiI6IlN6Zmw4NllPMUpXMzUxQWZVNHJPOGc9PSIsInZhbHVlIjoianczZSthWklPaWFrNDVGUkZxTStVT29CVUNGNjRiN1VjL0sxNCt6VnU3b3BiejhjZGhMZHk2YjQyc1BDcG53a0E4eCtSOTFqdE50NnZidW5qd2ZoZm44dlBVVnVla1dZTEJIMllpRWdRYmFnZjBDSEdrMElkZDhUZVBnbmNqbW0iLCJtYWMiOiI5MTFlZTVkN2FmODkzM2ZmMWEyYmNjMjYzYjNlMGMzZThhY2JmMmQyNThmN2M4ODgwNmM2ZjExY2IwZTM1OWM1IiwidGFnIjoiIn0%3D; adminlicence_session=eyJpdiI6ImFlcmpzY1BYU3ljcTFBQXhhTitjL3c9PSIsInZhbHVlIjoiMG1XSGdlRGZSMW5jRHhFN0V6R3lUUjcwdmljb1QwNE1XTVlOU0lVbm5GTFNiTHk5MndpcFpaMDJLQ3hXb002SjZFRnRBclgxWVlSbnlDSSs3QVVSRm10SmhiL0FTMi80VzRUNTR5cWNhWWt4dlBDelpkbEp5UG5uNHdNWi9pbEMiLCJtYWMiOiJkY2M1ZmE3NzI3MjI5YjYxNzRlMTcyMTUwMjExMjQ5M2I5ZmY4MGExZTM5NmNjMDJhYTE4YjUxNmMxOWJjYzBiIiwidGFnIjoiIn0%3D",
        "HTTP_SEC_FETCH_DEST": "empty",
        "HTTP_SEC_FETCH_MODE": "cors",
        "HTTP_SEC_FETCH_SITE": "same-origin",
        "HTTP_PRIORITY": "u=0",
        "REQUEST_TIME_FLOAT": 1744763163.654379,
        "REQUEST_TIME": 1744763163
    }
}

{
    "time": "2025-04-16 02:30:30",
    "request": {
        "license_key": "TNBH-DRDK-K9JG-H4RR"
    },
    "server": {
        "DOCUMENT_ROOT": "R:\\Adev\\200  -  test\\adminlicence_saas\\public",
        "REMOTE_ADDR": "127.0.0.1",
        "REMOTE_PORT": "63673",
        "SERVER_SOFTWARE": "PHP 8.2.12 Development Server",
        "SERVER_PROTOCOL": "HTTP\/1.1",
        "SERVER_NAME": "127.0.0.1",
        "SERVER_PORT": "8000",
        "REQUEST_URI": "\/install\/ajax\/verify_license.php",
        "REQUEST_METHOD": "POST",
        "SCRIPT_NAME": "\/install\/ajax\/verify_license.php",
        "SCRIPT_FILENAME": "R:\\Adev\\200  -  test\\adminlicence_saas\\public\\install\\ajax\\verify_license.php",
        "PHP_SELF": "\/install\/ajax\/verify_license.php",
        "HTTP_HOST": "127.0.0.1:8000",
        "HTTP_USER_AGENT": "Mozilla\/5.0 (Windows NT 10.0; Win64; x64; rv:137.0) Gecko\/20100101 Firefox\/137.0",
        "HTTP_ACCEPT": "application\/json, text\/javascript, *\/*; q=0.01",
        "HTTP_ACCEPT_LANGUAGE": "fr,fr-FR;q=0.8,en-US;q=0.5,en;q=0.3",
        "HTTP_ACCEPT_ENCODING": "gzip, deflate, br, zstd",
        "CONTENT_TYPE": "application\/x-www-form-urlencoded; charset=UTF-8",
        "HTTP_CONTENT_TYPE": "application\/x-www-form-urlencoded; charset=UTF-8",
        "HTTP_X_REQUESTED_WITH": "XMLHttpRequest",
        "CONTENT_LENGTH": "31",
        "HTTP_CONTENT_LENGTH": "31",
        "HTTP_ORIGIN": "http:\/\/127.0.0.1:8000",
        "HTTP_DNT": "1",
        "HTTP_CONNECTION": "keep-alive",
        "HTTP_REFERER": "http:\/\/127.0.0.1:8000\/install\/index.php?step=1",
        "HTTP_COOKIE": "io=2G6p8qMg8xwIN3JpAAAD; TawkConnectionTime=0; PHPSESSID=hcsc3m94mlr88j37gd0i4rd5nd; XSRF-TOKEN=eyJpdiI6IldFNGxLbE8yTFFHZ0FmdGRrdTlXR1E9PSIsInZhbHVlIjoiL1hnVkhPWFl0L3B1czkzWXdaQk9ZVnNySEt2UlRwbVh1eXVUOEtCbDRiUTVhUDZER2JwSjZUcVY2TXVWbXVrL1JtQTYzamJ1eVVPRFJScUdhUk5EQ01HQ21hMUFpZlE1VFpqOGVtQ1BsTmZxZ0FuWFlma01lcnF1ODJsSW53RkIiLCJtYWMiOiJiZTkzYzYyNDNmY2QyZDc2ZTc3ZjIzMDViM2MwYmJhMDUyNDZiOTgyNTM4MGZhM2E4ZWMyNDJkYzU4NzYwYjhhIiwidGFnIjoiIn0%3D; adminlicence_session=eyJpdiI6ImhRTXJ2dGdycU44MTJOb3BQd3FKN1E9PSIsInZhbHVlIjoiMlVwMW1XWDJ4SmJsWmJjNCtTTFB1emR5cTFNRkdjQ0lxTEFWZVBWd1dzanNjUTJzWVlhRDdla3pmc3RnemVDK0l4cUtWV2RRVWJsaDRMdklpNE5zT1laZlk3ZlRuSzY4cTZ5QkpSVnlpMG9ScC9FSjFNVjB2dldqTHJNTnVzbngiLCJtYWMiOiI2NGI0ODFkMDJlZTNkMGE2OGZmNjAyZDNiYTY0NzM3YTk5ZDNhNmFhM2JhMjdkZjU4YTc2YjI1YWIzNjBkMTg2IiwidGFnIjoiIn0%3D",
        "HTTP_SEC_FETCH_DEST": "empty",
        "HTTP_SEC_FETCH_MODE": "cors",
        "HTTP_SEC_FETCH_SITE": "same-origin",
        "HTTP_PRIORITY": "u=0",
        "REQUEST_TIME_FLOAT": 1744763430.85226,
        "REQUEST_TIME": 1744763430
    }
}

{
    "time": "2025-04-16 02:42:41",
    "request": {
        "license_key": "TNBH-DRDK-K9JG-H4RR"
    },
    "server": {
        "DOCUMENT_ROOT": "R:\\Adev\\200  -  test\\adminlicence_saas\\public",
        "REMOTE_ADDR": "127.0.0.1",
        "REMOTE_PORT": "64942",
        "SERVER_SOFTWARE": "PHP 8.2.12 Development Server",
        "SERVER_PROTOCOL": "HTTP\/1.1",
        "SERVER_NAME": "127.0.0.1",
        "SERVER_PORT": "8000",
        "REQUEST_URI": "\/install\/ajax\/verify_license.php",
        "REQUEST_METHOD": "POST",
        "SCRIPT_NAME": "\/install\/ajax\/verify_license.php",
        "SCRIPT_FILENAME": "R:\\Adev\\200  -  test\\adminlicence_saas\\public\\install\\ajax\\verify_license.php",
        "PHP_SELF": "\/install\/ajax\/verify_license.php",
        "HTTP_HOST": "127.0.0.1:8000",
        "HTTP_USER_AGENT": "Mozilla\/5.0 (Windows NT 10.0; Win64; x64; rv:137.0) Gecko\/20100101 Firefox\/137.0",
        "HTTP_ACCEPT": "application\/json, text\/javascript, *\/*; q=0.01",
        "HTTP_ACCEPT_LANGUAGE": "fr,fr-FR;q=0.8,en-US;q=0.5,en;q=0.3",
        "HTTP_ACCEPT_ENCODING": "gzip, deflate, br, zstd",
        "CONTENT_TYPE": "application\/x-www-form-urlencoded; charset=UTF-8",
        "HTTP_CONTENT_TYPE": "application\/x-www-form-urlencoded; charset=UTF-8",
        "HTTP_X_REQUESTED_WITH": "XMLHttpRequest",
        "CONTENT_LENGTH": "31",
        "HTTP_CONTENT_LENGTH": "31",
        "HTTP_ORIGIN": "http:\/\/127.0.0.1:8000",
        "HTTP_DNT": "1",
        "HTTP_CONNECTION": "keep-alive",
        "HTTP_REFERER": "http:\/\/127.0.0.1:8000\/install\/index.php?step=1",
        "HTTP_COOKIE": "io=2G6p8qMg8xwIN3JpAAAD; TawkConnectionTime=0; PHPSESSID=hcsc3m94mlr88j37gd0i4rd5nd; XSRF-TOKEN=eyJpdiI6IldFNGxLbE8yTFFHZ0FmdGRrdTlXR1E9PSIsInZhbHVlIjoiL1hnVkhPWFl0L3B1czkzWXdaQk9ZVnNySEt2UlRwbVh1eXVUOEtCbDRiUTVhUDZER2JwSjZUcVY2TXVWbXVrL1JtQTYzamJ1eVVPRFJScUdhUk5EQ01HQ21hMUFpZlE1VFpqOGVtQ1BsTmZxZ0FuWFlma01lcnF1ODJsSW53RkIiLCJtYWMiOiJiZTkzYzYyNDNmY2QyZDc2ZTc3ZjIzMDViM2MwYmJhMDUyNDZiOTgyNTM4MGZhM2E4ZWMyNDJkYzU4NzYwYjhhIiwidGFnIjoiIn0%3D; adminlicence_session=eyJpdiI6ImhRTXJ2dGdycU44MTJOb3BQd3FKN1E9PSIsInZhbHVlIjoiMlVwMW1XWDJ4SmJsWmJjNCtTTFB1emR5cTFNRkdjQ0lxTEFWZVBWd1dzanNjUTJzWVlhRDdla3pmc3RnemVDK0l4cUtWV2RRVWJsaDRMdklpNE5zT1laZlk3ZlRuSzY4cTZ5QkpSVnlpMG9ScC9FSjFNVjB2dldqTHJNTnVzbngiLCJtYWMiOiI2NGI0ODFkMDJlZTNkMGE2OGZmNjAyZDNiYTY0NzM3YTk5ZDNhNmFhM2JhMjdkZjU4YTc2YjI1YWIzNjBkMTg2IiwidGFnIjoiIn0%3D",
        "HTTP_SEC_FETCH_DEST": "empty",
        "HTTP_SEC_FETCH_MODE": "cors",
        "HTTP_SEC_FETCH_SITE": "same-origin",
        "HTTP_PRIORITY": "u=0",
        "REQUEST_TIME_FLOAT": 1744764161.808941,
        "REQUEST_TIME": 1744764161
    }
}

