{
    "time": "2025-04-15 21:27:22",
    "function": "test_db",
    "host": "localhost",
    "database": "adminlicencetest",
    "username": "adminlicencetest"
}

{
    "time": "2025-04-15 21:35:53",
    "function": "test_db",
    "host": "localhost",
    "database": "adminlicencetest",
    "username": "adminlicencetest"
}

{
    "time": "2025-04-15 21:35:53",
    "function": "update_env_db_config",
    "status": "success",
    "env_path": "R:\\Adev\\200  -  test\\adminlicence_saas\/.env"
}

{
    "time": "2025-04-15 21:42:59",
    "function": "test_db",
    "host": "localhost",
    "database": "adminlicencetest",
    "username": "adminlicencetest"
}

{
    "time": "2025-04-15 21:42:59",
    "function": "update_env_db_config",
    "status": "success",
    "env_path": "R:\\Adev\\200  -  test\\adminlicence_saas\/.env"
}

{
    "time": "2025-04-15 21:48:24",
    "function": "test_db",
    "host": "localhost",
    "database": "adminlicencetest",
    "username": "adminlicencetest"
}

{
    "time": "2025-04-15 21:48:24",
    "function": "update_env_db_config",
    "status": "success",
    "env_path": "R:\\Adev\\200  -  test\\adminlicence_saas\/.env"
}

{
    "time": "2025-04-15 21:51:18",
    "function": "test_db",
    "host": "localhost",
    "database": "adminlicencetest",
    "username": "adminlicencetest"
}

ERREUR: SQLSTATE[HY000] [1045] Access denied for user 'adminlicencetest'@'localhost' (using password: YES)

{
    "time": "2025-04-15 21:51:22",
    "function": "test_db",
    "host": "localhost",
    "database": "adminlicencetest",
    "username": "adminlicencetest"
}

{
    "time": "2025-04-15 21:51:22",
    "function": "update_env_db_config",
    "status": "success",
    "env_path": "R:\\Adev\\200  -  test\\adminlicence_saas\/.env"
}

{
    "time": "2025-04-15 21:53:29",
    "function": "test_db",
    "host": "localhost",
    "database": "adminlicencetest",
    "username": "adminlicencetest"
}

{
    "time": "2025-04-15 21:53:29",
    "function": "update_env_db_config",
    "status": "success",
    "env_path": "R:\\Adev\\200  -  test\\adminlicence_saas\/.env"
}

{
    "time": "2025-04-15 22:00:47",
    "function": "test_db",
    "host": "localhost",
    "database": "adminlicencetest",
    "username": "adminlicencetest"
}

{
    "time": "2025-04-15 22:00:47",
    "function": "update_env_db_config",
    "status": "success",
    "env_path": "R:\\Adev\\200  -  test\\adminlicence_saas\/.env"
}

{
    "time": "2025-04-15 22:07:35",
    "function": "test_db",
    "host": "localhost",
    "database": "adminlicencetest",
    "username": "adminlicencetest1"
}

ERREUR: SQLSTATE[HY000] [1045] Access denied for user 'adminlicencetest1'@'localhost' (using password: YES)

{
    "time": "2025-04-15 22:07:41",
    "function": "test_db",
    "host": "localhost",
    "database": "adminlicencetest1",
    "username": "adminlicencetest"
}

ERREUR: SQLSTATE[HY000] [1049] Unknown database 'adminlicencetest1'

{
    "time": "2025-04-15 22:07:47",
    "function": "test_db",
    "host": "localhost",
    "database": "adminlicencetest",
    "username": "adminlicencetest"
}

ERREUR: SQLSTATE[HY000] [1045] Access denied for user 'adminlicencetest'@'localhost' (using password: YES)

{
    "time": "2025-04-15 22:07:50",
    "function": "test_db",
    "host": "localhost",
    "database": "adminlicencetest",
    "username": "adminlicencetest"
}

{
    "time": "2025-04-15 22:07:50",
    "function": "update_env_db_config",
    "status": "success",
    "env_path": "R:\\Adev\\200  -  test\\adminlicence_saas\/.env"
}

{
    "time": "2025-04-16 01:36:15",
    "function": "test_db",
    "host": "localhost",
    "database": "adminlicencetest",
    "username": "adminlicencetest"
}

{
    "time": "2025-04-16 01:36:15",
    "function": "update_env_db_config",
    "status": "success",
    "env_path": "R:\\Adev\\200  -  test\\adminlicence_saas\/.env"
}

{
    "time": "2025-04-16 02:18:50",
    "function": "test_db",
    "host": "localhost",
    "database": "adminlicencetest",
    "username": "adminlicencetest"
}

{
    "time": "2025-04-16 02:18:50",
    "function": "update_env_db_config",
    "status": "success",
    "env_path": "R:\\Adev\\200  -  test\\adminlicence_saas\/.env"
}

{
    "time": "2025-04-16 02:30:35",
    "function": "test_db",
    "host": "localhost",
    "database": "adminlicencetest",
    "username": "adminlicencetest"
}

{
    "time": "2025-04-16 02:30:35",
    "function": "update_env_db_config",
    "status": "success",
    "env_path": "R:\\Adev\\200  -  test\\adminlicence_saas\/.env"
}

{
    "time": "2025-04-16 14:31:14",
    "function": "test_db",
    "host": "localhost",
    "database": "adminlicencetest",
    "username": "adminlicencetest"
}

{
    "time": "2025-04-16 14:31:14",
    "function": "update_env_db_config",
    "status": "success",
    "env_path": "R:\\Adev\\200  -  test\\adminlicence_saas\/.env"
}

{
    "time": "2025-04-16 15:40:15",
    "function": "test_db",
    "host": "localhost",
    "database": "adminlicencetest",
    "username": "adminlicencetest"
}

{
    "time": "2025-04-16 15:40:15",
    "function": "update_env_db_config",
    "status": "success",
    "env_path": "R:\\Adev\\200  -  test\\adminlicence_saas\/.env"
}

{
    "time": "2025-04-16 15:40:18",
    "function": "test_db",
    "host": "localhost",
    "database": "adminlicencetest",
    "username": "adminlicencetest"
}

ERREUR: SQLSTATE[HY000] [1045] Access denied for user 'adminlicencetest'@'localhost' (using password: YES)

{
    "time": "2025-04-16 15:40:22",
    "function": "test_db",
    "host": "localhost",
    "database": "adminlicencetest",
    "username": "adminlicencetest"
}

{
    "time": "2025-04-16 15:40:22",
    "function": "update_env_db_config",
    "status": "success",
    "env_path": "R:\\Adev\\200  -  test\\adminlicence_saas\/.env"
}

{
    "time": "2025-04-16 15:40:44",
    "function": "get_admin_details",
    "connection": {
        "host": "localhost",
        "database": "adminlicencetest",
        "username": "adminlicencetest",
        "port": "3306"
    }
}

{
    "time": "2025-04-16 15:46:08",
    "function": "test_db",
    "host": "localhost",
    "database": "adminlicencetest",
    "username": "adminlicencetest"
}

ERREUR: SQLSTATE[HY000] [1045] Access denied for user 'adminlicencetest'@'localhost' (using password: YES)

{
    "time": "2025-04-16 15:46:15",
    "function": "test_db",
    "host": "localhost",
    "database": "adminlicencetest",
    "username": "adminlicenceteste"
}

{
    "time": "2025-04-16 15:46:15",
    "function": "update_env_db_config",
    "status": "success",
    "env_path": "R:\\Adev\\200  -  test\\adminlicence_saas\/.env"
}

{
    "time": "2025-04-16 15:46:21",
    "function": "test_db",
    "host": "localhost",
    "database": "adminlicencetest",
    "username": "adminlicencetesteee"
}

ERREUR: SQLSTATE[HY000] [1045] Access denied for user 'adminlicencetesteee'@'localhost' (using password: YES)

{
    "time": "2025-04-16 15:46:28",
    "function": "test_db",
    "host": "localhost",
    "database": "adminlicencetest",
    "username": "adminlicencetest"
}

{
    "time": "2025-04-16 15:46:28",
    "function": "update_env_db_config",
    "status": "success",
    "env_path": "R:\\Adev\\200  -  test\\adminlicence_saas\/.env"
}

{
    "time": "2025-04-16 15:46:59",
    "function": "get_admin_details",
    "connection": {
        "host": "localhost",
        "database": "adminlicencetest",
        "username": "adminlicencetest",
        "port": "3306"
    }
}

{
    "time": "2025-04-16 15:56:12",
    "function": "test_db",
    "host": "localhost",
    "database": "adminlicencetest",
    "username": "adminlicencetest"
}

{
    "time": "2025-04-16 15:56:12",
    "function": "update_env_db_config",
    "status": "success",
    "env_path": "R:\\Adev\\200  -  test\\adminlicence_saas\/.env"
}

{
    "time": "2025-04-16 15:56:19",
    "function": "test_db",
    "host": "localhost",
    "database": "adminlicencetest",
    "username": "adminlicencetest"
}

{
    "time": "2025-04-16 15:56:19",
    "function": "update_env_db_config",
    "status": "success",
    "env_path": "R:\\Adev\\200  -  test\\adminlicence_saas\/.env"
}

{
    "time": "2025-04-16 15:56:40",
    "function": "get_admin_details",
    "connection": {
        "host": "localhost",
        "database": "adminlicencetest",
        "username": "adminlicencetest",
        "port": "3306"
    }
}

{
    "time": "2025-04-16 15:57:03",
    "function": "get_admin_details",
    "connection": {
        "host": "localhost",
        "database": "adminlicencetest",
        "username": "adminlicencetest",
        "port": "3306"
    }
}

{
    "time": "2025-04-16 16:14:45",
    "function": "get_admin_details",
    "connection": {
        "host": "localhost",
        "database": "adminlicencetest",
        "username": "adminlicencetest",
        "port": "3306"
    }
}

