{
    "time": "2025-04-15 21:06:38",
    "function": "detect_project_request",
    "method": "GET",
    "query": {
        "ajax": "1"
    },
    "server": {
        "DOCUMENT_ROOT": "R:\\Adev\\200  -  test\\adminlicence_saas\\public",
        "REMOTE_ADDR": "127.0.0.1",
        "REMOTE_PORT": "60285",
        "SERVER_SOFTWARE": "PHP 8.2.12 Development Server",
        "SERVER_PROTOCOL": "HTTP\/1.1",
        "SERVER_NAME": "127.0.0.1",
        "SERVER_PORT": "8000",
        "REQUEST_URI": "\/install\/ajax\/detect_project.php?ajax=1",
        "REQUEST_METHOD": "GET",
        "SCRIPT_NAME": "\/install\/ajax\/detect_project.php",
        "SCRIPT_FILENAME": "R:\\Adev\\200  -  test\\adminlicence_saas\\public\\install\\ajax\\detect_project.php",
        "PHP_SELF": "\/install\/ajax\/detect_project.php",
        "QUERY_STRING": "ajax=1",
        "HTTP_HOST": "127.0.0.1:8000",
        "HTTP_CONNECTION": "keep-alive",
        "HTTP_SEC_CH_UA_PLATFORM": "\"Windows\"",
        "HTTP_X_REQUESTED_WITH": "XMLHttpRequest",
        "HTTP_USER_AGENT": "Mozilla\/5.0 (Windows NT 10.0; Win64; x64) AppleWebKit\/537.36 (KHTML, like Gecko) Chrome\/132.0.0.0 Safari\/537.36 OPR\/117.0.0.0 (Edition std-1)",
        "HTTP_ACCEPT": "application\/json, text\/javascript, *\/*; q=0.01",
        "HTTP_SEC_CH_UA": "\"Not A(Brand\";v=\"8\", \"Chromium\";v=\"132\", \"Opera GX\";v=\"117\"",
        "HTTP_SEC_CH_UA_MOBILE": "?0",
        "HTTP_SEC_FETCH_SITE": "same-origin",
        "HTTP_SEC_FETCH_MODE": "cors",
        "HTTP_SEC_FETCH_DEST": "empty",
        "HTTP_REFERER": "http:\/\/127.0.0.1:8000\/install\/index.php?step=2",
        "HTTP_ACCEPT_ENCODING": "gzip, deflate, br, zstd",
        "HTTP_ACCEPT_LANGUAGE": "fr-FR,fr;q=0.9,en-US;q=0.8,en;q=0.7",
        "HTTP_COOKIE": "PHPSESSID=136rei8taoan5mpsacdhd619b5; XSRF-TOKEN=eyJpdiI6Imt5bVpINVdjQUhuZmVhMnRWc2lRZVE9PSIsInZhbHVlIjoiQkNnaDNHNmE2ek9iRFRqWTMyOGF0YldZMTJpdlZSOWFKVDcxNkM1QjlKcjB3Q1E2QjNQT0V6dGZQZ2VDUHNRL1FYa1h1VnVMNEErd0djYWtmN0xUaVNqSVJqVXVrWGMvbXdnWkRnUmhTQThlYlpmdHdmdGhKVkJRN2U1VzBoOVMiLCJtYWMiOiIzOWFiMWE5ZDY3YTAwMTMyMDBkODk0YjJhZTBhYWQ1ZDcyNGYyMGE5NGNmYjhmMTZjYTEyMDE2ZjRlYWJlNDMxIiwidGFnIjoiIn0%3D; adminlicence_session=eyJpdiI6IjN0aGVJK3Q2dFBMUHl1ZXpTWE1oU0E9PSIsInZhbHVlIjoiS1ZaSEZheVBHdllLdTRWNEg3M0ZmMlpZajJyL3VCdHdtc1MzTVhZbkErN2EvTU5LdlRMWkt4SWVYQ211YTQ2NnlCSU5mUVgrV2VSY2RPS3B2VEhZMkljSEFMd2kzaDUwQ3I0bFpEZ2w0QXZ3SEhyTDN0dDNCd0hnK0FuUGdrNmsiLCJtYWMiOiJiMWNlOWY1ODg2YjViYzgzYTgxZTBiODBiYmQ2MjczYjk0ZTVlMjNlNWM0NGM0ZWE3ZTM0Yzc5OGRjMGZjZmMwIiwidGFnIjoiIn0%3D",
        "REQUEST_TIME_FLOAT": 1744743998.688894,
        "REQUEST_TIME": 1744743998
    }
}

{
    "time": "2025-04-15 21:06:51",
    "function": "detect_project_request",
    "method": "GET",
    "query": {
        "ajax": "1"
    },
    "server": {
        "DOCUMENT_ROOT": "R:\\Adev\\200  -  test\\adminlicence_saas\\public",
        "REMOTE_ADDR": "127.0.0.1",
        "REMOTE_PORT": "60314",
        "SERVER_SOFTWARE": "PHP 8.2.12 Development Server",
        "SERVER_PROTOCOL": "HTTP\/1.1",
        "SERVER_NAME": "127.0.0.1",
        "SERVER_PORT": "8000",
        "REQUEST_URI": "\/install\/ajax\/detect_project.php?ajax=1",
        "REQUEST_METHOD": "GET",
        "SCRIPT_NAME": "\/install\/ajax\/detect_project.php",
        "SCRIPT_FILENAME": "R:\\Adev\\200  -  test\\adminlicence_saas\\public\\install\\ajax\\detect_project.php",
        "PHP_SELF": "\/install\/ajax\/detect_project.php",
        "QUERY_STRING": "ajax=1",
        "HTTP_HOST": "127.0.0.1:8000",
        "HTTP_CONNECTION": "keep-alive",
        "HTTP_SEC_CH_UA_PLATFORM": "\"Windows\"",
        "HTTP_X_REQUESTED_WITH": "XMLHttpRequest",
        "HTTP_USER_AGENT": "Mozilla\/5.0 (Windows NT 10.0; Win64; x64) AppleWebKit\/537.36 (KHTML, like Gecko) Chrome\/132.0.0.0 Safari\/537.36 OPR\/117.0.0.0 (Edition std-1)",
        "HTTP_ACCEPT": "application\/json, text\/javascript, *\/*; q=0.01",
        "HTTP_SEC_CH_UA": "\"Not A(Brand\";v=\"8\", \"Chromium\";v=\"132\", \"Opera GX\";v=\"117\"",
        "HTTP_SEC_CH_UA_MOBILE": "?0",
        "HTTP_SEC_FETCH_SITE": "same-origin",
        "HTTP_SEC_FETCH_MODE": "cors",
        "HTTP_SEC_FETCH_DEST": "empty",
        "HTTP_REFERER": "http:\/\/127.0.0.1:8000\/install\/index.php?step=2",
        "HTTP_ACCEPT_ENCODING": "gzip, deflate, br, zstd",
        "HTTP_ACCEPT_LANGUAGE": "fr-FR,fr;q=0.9,en-US;q=0.8,en;q=0.7",
        "HTTP_COOKIE": "PHPSESSID=136rei8taoan5mpsacdhd619b5; XSRF-TOKEN=eyJpdiI6Imt5bVpINVdjQUhuZmVhMnRWc2lRZVE9PSIsInZhbHVlIjoiQkNnaDNHNmE2ek9iRFRqWTMyOGF0YldZMTJpdlZSOWFKVDcxNkM1QjlKcjB3Q1E2QjNQT0V6dGZQZ2VDUHNRL1FYa1h1VnVMNEErd0djYWtmN0xUaVNqSVJqVXVrWGMvbXdnWkRnUmhTQThlYlpmdHdmdGhKVkJRN2U1VzBoOVMiLCJtYWMiOiIzOWFiMWE5ZDY3YTAwMTMyMDBkODk0YjJhZTBhYWQ1ZDcyNGYyMGE5NGNmYjhmMTZjYTEyMDE2ZjRlYWJlNDMxIiwidGFnIjoiIn0%3D; adminlicence_session=eyJpdiI6IjN0aGVJK3Q2dFBMUHl1ZXpTWE1oU0E9PSIsInZhbHVlIjoiS1ZaSEZheVBHdllLdTRWNEg3M0ZmMlpZajJyL3VCdHdtc1MzTVhZbkErN2EvTU5LdlRMWkt4SWVYQ211YTQ2NnlCSU5mUVgrV2VSY2RPS3B2VEhZMkljSEFMd2kzaDUwQ3I0bFpEZ2w0QXZ3SEhyTDN0dDNCd0hnK0FuUGdrNmsiLCJtYWMiOiJiMWNlOWY1ODg2YjViYzgzYTgxZTBiODBiYmQ2MjczYjk0ZTVlMjNlNWM0NGM0ZWE3ZTM0Yzc5OGRjMGZjZmMwIiwidGFnIjoiIn0%3D",
        "REQUEST_TIME_FLOAT": 1744744011.037753,
        "REQUEST_TIME": 1744744011
    }
}

{
    "time": "2025-04-15 21:10:30",
    "function": "detect_project_request",
    "method": "GET",
    "query": {
        "ajax": "1"
    },
    "server": {
        "DOCUMENT_ROOT": "R:\\Adev\\200  -  test\\adminlicence_saas\\public",
        "REMOTE_ADDR": "127.0.0.1",
        "REMOTE_PORT": "60657",
        "SERVER_SOFTWARE": "PHP 8.2.12 Development Server",
        "SERVER_PROTOCOL": "HTTP\/1.1",
        "SERVER_NAME": "127.0.0.1",
        "SERVER_PORT": "8000",
        "REQUEST_URI": "\/install\/ajax\/detect_project.php?ajax=1",
        "REQUEST_METHOD": "GET",
        "SCRIPT_NAME": "\/install\/ajax\/detect_project.php",
        "SCRIPT_FILENAME": "R:\\Adev\\200  -  test\\adminlicence_saas\\public\\install\\ajax\\detect_project.php",
        "PHP_SELF": "\/install\/ajax\/detect_project.php",
        "QUERY_STRING": "ajax=1",
        "HTTP_HOST": "127.0.0.1:8000",
        "HTTP_CONNECTION": "keep-alive",
        "HTTP_SEC_CH_UA_PLATFORM": "\"Windows\"",
        "HTTP_X_REQUESTED_WITH": "XMLHttpRequest",
        "HTTP_USER_AGENT": "Mozilla\/5.0 (Windows NT 10.0; Win64; x64) AppleWebKit\/537.36 (KHTML, like Gecko) Chrome\/132.0.0.0 Safari\/537.36 OPR\/117.0.0.0 (Edition std-1)",
        "HTTP_ACCEPT": "application\/json, text\/javascript, *\/*; q=0.01",
        "HTTP_SEC_CH_UA": "\"Not A(Brand\";v=\"8\", \"Chromium\";v=\"132\", \"Opera GX\";v=\"117\"",
        "HTTP_SEC_CH_UA_MOBILE": "?0",
        "HTTP_SEC_FETCH_SITE": "same-origin",
        "HTTP_SEC_FETCH_MODE": "cors",
        "HTTP_SEC_FETCH_DEST": "empty",
        "HTTP_REFERER": "http:\/\/127.0.0.1:8000\/install\/index.php?step=2",
        "HTTP_ACCEPT_ENCODING": "gzip, deflate, br, zstd",
        "HTTP_ACCEPT_LANGUAGE": "fr-FR,fr;q=0.9,en-US;q=0.8,en;q=0.7",
        "HTTP_COOKIE": "PHPSESSID=136rei8taoan5mpsacdhd619b5; XSRF-TOKEN=eyJpdiI6Imt5bVpINVdjQUhuZmVhMnRWc2lRZVE9PSIsInZhbHVlIjoiQkNnaDNHNmE2ek9iRFRqWTMyOGF0YldZMTJpdlZSOWFKVDcxNkM1QjlKcjB3Q1E2QjNQT0V6dGZQZ2VDUHNRL1FYa1h1VnVMNEErd0djYWtmN0xUaVNqSVJqVXVrWGMvbXdnWkRnUmhTQThlYlpmdHdmdGhKVkJRN2U1VzBoOVMiLCJtYWMiOiIzOWFiMWE5ZDY3YTAwMTMyMDBkODk0YjJhZTBhYWQ1ZDcyNGYyMGE5NGNmYjhmMTZjYTEyMDE2ZjRlYWJlNDMxIiwidGFnIjoiIn0%3D; adminlicence_session=eyJpdiI6IjN0aGVJK3Q2dFBMUHl1ZXpTWE1oU0E9PSIsInZhbHVlIjoiS1ZaSEZheVBHdllLdTRWNEg3M0ZmMlpZajJyL3VCdHdtc1MzTVhZbkErN2EvTU5LdlRMWkt4SWVYQ211YTQ2NnlCSU5mUVgrV2VSY2RPS3B2VEhZMkljSEFMd2kzaDUwQ3I0bFpEZ2w0QXZ3SEhyTDN0dDNCd0hnK0FuUGdrNmsiLCJtYWMiOiJiMWNlOWY1ODg2YjViYzgzYTgxZTBiODBiYmQ2MjczYjk0ZTVlMjNlNWM0NGM0ZWE3ZTM0Yzc5OGRjMGZjZmMwIiwidGFnIjoiIn0%3D",
        "REQUEST_TIME_FLOAT": 1744744230.149191,
        "REQUEST_TIME": 1744744230
    }
}

{
    "time": "2025-04-15 21:11:07",
    "function": "detect_project_request",
    "method": "GET",
    "query": {
        "ajax": "1"
    },
    "server": {
        "DOCUMENT_ROOT": "R:\\Adev\\200  -  test\\adminlicence_saas\\public",
        "REMOTE_ADDR": "127.0.0.1",
        "REMOTE_PORT": "60737",
        "SERVER_SOFTWARE": "PHP 8.2.12 Development Server",
        "SERVER_PROTOCOL": "HTTP\/1.1",
        "SERVER_NAME": "127.0.0.1",
        "SERVER_PORT": "8000",
        "REQUEST_URI": "\/install\/ajax\/detect_project.php?ajax=1",
        "REQUEST_METHOD": "GET",
        "SCRIPT_NAME": "\/install\/ajax\/detect_project.php",
        "SCRIPT_FILENAME": "R:\\Adev\\200  -  test\\adminlicence_saas\\public\\install\\ajax\\detect_project.php",
        "PHP_SELF": "\/install\/ajax\/detect_project.php",
        "QUERY_STRING": "ajax=1",
        "HTTP_HOST": "127.0.0.1:8000",
        "HTTP_CONNECTION": "keep-alive",
        "HTTP_SEC_CH_UA_PLATFORM": "\"Windows\"",
        "HTTP_X_REQUESTED_WITH": "XMLHttpRequest",
        "HTTP_USER_AGENT": "Mozilla\/5.0 (Windows NT 10.0; Win64; x64) AppleWebKit\/537.36 (KHTML, like Gecko) Chrome\/132.0.0.0 Safari\/537.36 OPR\/117.0.0.0 (Edition std-1)",
        "HTTP_ACCEPT": "application\/json, text\/javascript, *\/*; q=0.01",
        "HTTP_SEC_CH_UA": "\"Not A(Brand\";v=\"8\", \"Chromium\";v=\"132\", \"Opera GX\";v=\"117\"",
        "HTTP_SEC_CH_UA_MOBILE": "?0",
        "HTTP_SEC_FETCH_SITE": "same-origin",
        "HTTP_SEC_FETCH_MODE": "cors",
        "HTTP_SEC_FETCH_DEST": "empty",
        "HTTP_REFERER": "http:\/\/127.0.0.1:8000\/install\/index.php?step=2",
        "HTTP_ACCEPT_ENCODING": "gzip, deflate, br, zstd",
        "HTTP_ACCEPT_LANGUAGE": "fr-FR,fr;q=0.9,en-US;q=0.8,en;q=0.7",
        "HTTP_COOKIE": "PHPSESSID=136rei8taoan5mpsacdhd619b5; XSRF-TOKEN=eyJpdiI6Imt5bVpINVdjQUhuZmVhMnRWc2lRZVE9PSIsInZhbHVlIjoiQkNnaDNHNmE2ek9iRFRqWTMyOGF0YldZMTJpdlZSOWFKVDcxNkM1QjlKcjB3Q1E2QjNQT0V6dGZQZ2VDUHNRL1FYa1h1VnVMNEErd0djYWtmN0xUaVNqSVJqVXVrWGMvbXdnWkRnUmhTQThlYlpmdHdmdGhKVkJRN2U1VzBoOVMiLCJtYWMiOiIzOWFiMWE5ZDY3YTAwMTMyMDBkODk0YjJhZTBhYWQ1ZDcyNGYyMGE5NGNmYjhmMTZjYTEyMDE2ZjRlYWJlNDMxIiwidGFnIjoiIn0%3D; adminlicence_session=eyJpdiI6IjN0aGVJK3Q2dFBMUHl1ZXpTWE1oU0E9PSIsInZhbHVlIjoiS1ZaSEZheVBHdllLdTRWNEg3M0ZmMlpZajJyL3VCdHdtc1MzTVhZbkErN2EvTU5LdlRMWkt4SWVYQ211YTQ2NnlCSU5mUVgrV2VSY2RPS3B2VEhZMkljSEFMd2kzaDUwQ3I0bFpEZ2w0QXZ3SEhyTDN0dDNCd0hnK0FuUGdrNmsiLCJtYWMiOiJiMWNlOWY1ODg2YjViYzgzYTgxZTBiODBiYmQ2MjczYjk0ZTVlMjNlNWM0NGM0ZWE3ZTM0Yzc5OGRjMGZjZmMwIiwidGFnIjoiIn0%3D",
        "REQUEST_TIME_FLOAT": 1744744267.912869,
        "REQUEST_TIME": 1744744267
    }
}

{
    "time": "2025-04-15 21:11:33",
    "function": "detect_project_request",
    "method": "GET",
    "query": {
        "ajax": "1"
    },
    "server": {
        "DOCUMENT_ROOT": "R:\\Adev\\200  -  test\\adminlicence_saas\\public",
        "REMOTE_ADDR": "127.0.0.1",
        "REMOTE_PORT": "60804",
        "SERVER_SOFTWARE": "PHP 8.2.12 Development Server",
        "SERVER_PROTOCOL": "HTTP\/1.1",
        "SERVER_NAME": "127.0.0.1",
        "SERVER_PORT": "8000",
        "REQUEST_URI": "\/install\/ajax\/detect_project.php?ajax=1",
        "REQUEST_METHOD": "GET",
        "SCRIPT_NAME": "\/install\/ajax\/detect_project.php",
        "SCRIPT_FILENAME": "R:\\Adev\\200  -  test\\adminlicence_saas\\public\\install\\ajax\\detect_project.php",
        "PHP_SELF": "\/install\/ajax\/detect_project.php",
        "QUERY_STRING": "ajax=1",
        "HTTP_HOST": "127.0.0.1:8000",
        "HTTP_CONNECTION": "keep-alive",
        "HTTP_SEC_CH_UA_PLATFORM": "\"Windows\"",
        "HTTP_X_REQUESTED_WITH": "XMLHttpRequest",
        "HTTP_USER_AGENT": "Mozilla\/5.0 (Windows NT 10.0; Win64; x64) AppleWebKit\/537.36 (KHTML, like Gecko) Chrome\/132.0.0.0 Safari\/537.36 OPR\/117.0.0.0 (Edition std-1)",
        "HTTP_ACCEPT": "application\/json, text\/javascript, *\/*; q=0.01",
        "HTTP_SEC_CH_UA": "\"Not A(Brand\";v=\"8\", \"Chromium\";v=\"132\", \"Opera GX\";v=\"117\"",
        "HTTP_SEC_CH_UA_MOBILE": "?0",
        "HTTP_SEC_FETCH_SITE": "same-origin",
        "HTTP_SEC_FETCH_MODE": "cors",
        "HTTP_SEC_FETCH_DEST": "empty",
        "HTTP_REFERER": "http:\/\/127.0.0.1:8000\/install\/index.php?step=2",
        "HTTP_ACCEPT_ENCODING": "gzip, deflate, br, zstd",
        "HTTP_ACCEPT_LANGUAGE": "fr-FR,fr;q=0.9,en-US;q=0.8,en;q=0.7",
        "HTTP_COOKIE": "PHPSESSID=136rei8taoan5mpsacdhd619b5; XSRF-TOKEN=eyJpdiI6Imt5bVpINVdjQUhuZmVhMnRWc2lRZVE9PSIsInZhbHVlIjoiQkNnaDNHNmE2ek9iRFRqWTMyOGF0YldZMTJpdlZSOWFKVDcxNkM1QjlKcjB3Q1E2QjNQT0V6dGZQZ2VDUHNRL1FYa1h1VnVMNEErd0djYWtmN0xUaVNqSVJqVXVrWGMvbXdnWkRnUmhTQThlYlpmdHdmdGhKVkJRN2U1VzBoOVMiLCJtYWMiOiIzOWFiMWE5ZDY3YTAwMTMyMDBkODk0YjJhZTBhYWQ1ZDcyNGYyMGE5NGNmYjhmMTZjYTEyMDE2ZjRlYWJlNDMxIiwidGFnIjoiIn0%3D; adminlicence_session=eyJpdiI6IjN0aGVJK3Q2dFBMUHl1ZXpTWE1oU0E9PSIsInZhbHVlIjoiS1ZaSEZheVBHdllLdTRWNEg3M0ZmMlpZajJyL3VCdHdtc1MzTVhZbkErN2EvTU5LdlRMWkt4SWVYQ211YTQ2NnlCSU5mUVgrV2VSY2RPS3B2VEhZMkljSEFMd2kzaDUwQ3I0bFpEZ2w0QXZ3SEhyTDN0dDNCd0hnK0FuUGdrNmsiLCJtYWMiOiJiMWNlOWY1ODg2YjViYzgzYTgxZTBiODBiYmQ2MjczYjk0ZTVlMjNlNWM0NGM0ZWE3ZTM0Yzc5OGRjMGZjZmMwIiwidGFnIjoiIn0%3D",
        "REQUEST_TIME_FLOAT": 1744744293.362463,
        "REQUEST_TIME": 1744744293
    }
}

{
    "time": "2025-04-15 21:17:18",
    "function": "detect_project_request",
    "method": "GET",
    "query": {
        "ajax": "1"
    },
    "server": {
        "DOCUMENT_ROOT": "R:\\Adev\\200  -  test\\adminlicence_saas\\public",
        "REMOTE_ADDR": "127.0.0.1",
        "REMOTE_PORT": "61342",
        "SERVER_SOFTWARE": "PHP 8.2.12 Development Server",
        "SERVER_PROTOCOL": "HTTP\/1.1",
        "SERVER_NAME": "127.0.0.1",
        "SERVER_PORT": "8000",
        "REQUEST_URI": "\/install\/ajax\/detect_project.php?ajax=1",
        "REQUEST_METHOD": "GET",
        "SCRIPT_NAME": "\/install\/ajax\/detect_project.php",
        "SCRIPT_FILENAME": "R:\\Adev\\200  -  test\\adminlicence_saas\\public\\install\\ajax\\detect_project.php",
        "PHP_SELF": "\/install\/ajax\/detect_project.php",
        "QUERY_STRING": "ajax=1",
        "HTTP_HOST": "127.0.0.1:8000",
        "HTTP_CONNECTION": "keep-alive",
        "HTTP_SEC_CH_UA_PLATFORM": "\"Windows\"",
        "HTTP_X_REQUESTED_WITH": "XMLHttpRequest",
        "HTTP_USER_AGENT": "Mozilla\/5.0 (Windows NT 10.0; Win64; x64) AppleWebKit\/537.36 (KHTML, like Gecko) Chrome\/132.0.0.0 Safari\/537.36 OPR\/117.0.0.0 (Edition std-1)",
        "HTTP_ACCEPT": "application\/json, text\/javascript, *\/*; q=0.01",
        "HTTP_SEC_CH_UA": "\"Not A(Brand\";v=\"8\", \"Chromium\";v=\"132\", \"Opera GX\";v=\"117\"",
        "HTTP_SEC_CH_UA_MOBILE": "?0",
        "HTTP_SEC_FETCH_SITE": "same-origin",
        "HTTP_SEC_FETCH_MODE": "cors",
        "HTTP_SEC_FETCH_DEST": "empty",
        "HTTP_REFERER": "http:\/\/127.0.0.1:8000\/install\/index.php?step=2",
        "HTTP_ACCEPT_ENCODING": "gzip, deflate, br, zstd",
        "HTTP_ACCEPT_LANGUAGE": "fr-FR,fr;q=0.9,en-US;q=0.8,en;q=0.7",
        "HTTP_COOKIE": "PHPSESSID=136rei8taoan5mpsacdhd619b5; XSRF-TOKEN=eyJpdiI6Imt5bVpINVdjQUhuZmVhMnRWc2lRZVE9PSIsInZhbHVlIjoiQkNnaDNHNmE2ek9iRFRqWTMyOGF0YldZMTJpdlZSOWFKVDcxNkM1QjlKcjB3Q1E2QjNQT0V6dGZQZ2VDUHNRL1FYa1h1VnVMNEErd0djYWtmN0xUaVNqSVJqVXVrWGMvbXdnWkRnUmhTQThlYlpmdHdmdGhKVkJRN2U1VzBoOVMiLCJtYWMiOiIzOWFiMWE5ZDY3YTAwMTMyMDBkODk0YjJhZTBhYWQ1ZDcyNGYyMGE5NGNmYjhmMTZjYTEyMDE2ZjRlYWJlNDMxIiwidGFnIjoiIn0%3D; adminlicence_session=eyJpdiI6IjN0aGVJK3Q2dFBMUHl1ZXpTWE1oU0E9PSIsInZhbHVlIjoiS1ZaSEZheVBHdllLdTRWNEg3M0ZmMlpZajJyL3VCdHdtc1MzTVhZbkErN2EvTU5LdlRMWkt4SWVYQ211YTQ2NnlCSU5mUVgrV2VSY2RPS3B2VEhZMkljSEFMd2kzaDUwQ3I0bFpEZ2w0QXZ3SEhyTDN0dDNCd0hnK0FuUGdrNmsiLCJtYWMiOiJiMWNlOWY1ODg2YjViYzgzYTgxZTBiODBiYmQ2MjczYjk0ZTVlMjNlNWM0NGM0ZWE3ZTM0Yzc5OGRjMGZjZmMwIiwidGFnIjoiIn0%3D",
        "REQUEST_TIME_FLOAT": 1744744638.192194,
        "REQUEST_TIME": 1744744638
    }
}

{
    "time": "2025-04-15 21:24:58",
    "function": "detect_project_request",
    "method": "GET",
    "query": {
        "ajax": "1"
    },
    "server": {
        "DOCUMENT_ROOT": "R:\\Adev\\200  -  test\\adminlicence_saas\\public",
        "REMOTE_ADDR": "127.0.0.1",
        "REMOTE_PORT": "57188",
        "SERVER_SOFTWARE": "PHP 8.2.12 Development Server",
        "SERVER_PROTOCOL": "HTTP\/1.1",
        "SERVER_NAME": "127.0.0.1",
        "SERVER_PORT": "8000",
        "REQUEST_URI": "\/install\/ajax\/detect_project.php?ajax=1",
        "REQUEST_METHOD": "GET",
        "SCRIPT_NAME": "\/install\/ajax\/detect_project.php",
        "SCRIPT_FILENAME": "R:\\Adev\\200  -  test\\adminlicence_saas\\public\\install\\ajax\\detect_project.php",
        "PHP_SELF": "\/install\/ajax\/detect_project.php",
        "QUERY_STRING": "ajax=1",
        "HTTP_HOST": "127.0.0.1:8000",
        "HTTP_CONNECTION": "keep-alive",
        "HTTP_SEC_CH_UA_PLATFORM": "\"Windows\"",
        "HTTP_X_REQUESTED_WITH": "XMLHttpRequest",
        "HTTP_USER_AGENT": "Mozilla\/5.0 (Windows NT 10.0; Win64; x64) AppleWebKit\/537.36 (KHTML, like Gecko) Chrome\/132.0.0.0 Safari\/537.36 OPR\/117.0.0.0 (Edition std-1)",
        "HTTP_ACCEPT": "application\/json, text\/javascript, *\/*; q=0.01",
        "HTTP_SEC_CH_UA": "\"Not A(Brand\";v=\"8\", \"Chromium\";v=\"132\", \"Opera GX\";v=\"117\"",
        "HTTP_SEC_CH_UA_MOBILE": "?0",
        "HTTP_SEC_FETCH_SITE": "same-origin",
        "HTTP_SEC_FETCH_MODE": "cors",
        "HTTP_SEC_FETCH_DEST": "empty",
        "HTTP_REFERER": "http:\/\/127.0.0.1:8000\/install\/index.php?step=2",
        "HTTP_ACCEPT_ENCODING": "gzip, deflate, br, zstd",
        "HTTP_ACCEPT_LANGUAGE": "fr-FR,fr;q=0.9,en-US;q=0.8,en;q=0.7",
        "HTTP_COOKIE": "PHPSESSID=136rei8taoan5mpsacdhd619b5; XSRF-TOKEN=eyJpdiI6Imt5bVpINVdjQUhuZmVhMnRWc2lRZVE9PSIsInZhbHVlIjoiQkNnaDNHNmE2ek9iRFRqWTMyOGF0YldZMTJpdlZSOWFKVDcxNkM1QjlKcjB3Q1E2QjNQT0V6dGZQZ2VDUHNRL1FYa1h1VnVMNEErd0djYWtmN0xUaVNqSVJqVXVrWGMvbXdnWkRnUmhTQThlYlpmdHdmdGhKVkJRN2U1VzBoOVMiLCJtYWMiOiIzOWFiMWE5ZDY3YTAwMTMyMDBkODk0YjJhZTBhYWQ1ZDcyNGYyMGE5NGNmYjhmMTZjYTEyMDE2ZjRlYWJlNDMxIiwidGFnIjoiIn0%3D; adminlicence_session=eyJpdiI6IjN0aGVJK3Q2dFBMUHl1ZXpTWE1oU0E9PSIsInZhbHVlIjoiS1ZaSEZheVBHdllLdTRWNEg3M0ZmMlpZajJyL3VCdHdtc1MzTVhZbkErN2EvTU5LdlRMWkt4SWVYQ211YTQ2NnlCSU5mUVgrV2VSY2RPS3B2VEhZMkljSEFMd2kzaDUwQ3I0bFpEZ2w0QXZ3SEhyTDN0dDNCd0hnK0FuUGdrNmsiLCJtYWMiOiJiMWNlOWY1ODg2YjViYzgzYTgxZTBiODBiYmQ2MjczYjk0ZTVlMjNlNWM0NGM0ZWE3ZTM0Yzc5OGRjMGZjZmMwIiwidGFnIjoiIn0%3D",
        "REQUEST_TIME_FLOAT": 1744745098.333152,
        "REQUEST_TIME": 1744745098
    }
}

{
    "time": "2025-04-15 21:26:22",
    "function": "detect_project_request",
    "method": "GET",
    "query": {
        "ajax": "1"
    },
    "server": {
        "DOCUMENT_ROOT": "R:\\Adev\\200  -  test\\adminlicence_saas\\public",
        "REMOTE_ADDR": "127.0.0.1",
        "REMOTE_PORT": "57347",
        "SERVER_SOFTWARE": "PHP 8.2.12 Development Server",
        "SERVER_PROTOCOL": "HTTP\/1.1",
        "SERVER_NAME": "127.0.0.1",
        "SERVER_PORT": "8000",
        "REQUEST_URI": "\/install\/ajax\/detect_project.php?ajax=1",
        "REQUEST_METHOD": "GET",
        "SCRIPT_NAME": "\/install\/ajax\/detect_project.php",
        "SCRIPT_FILENAME": "R:\\Adev\\200  -  test\\adminlicence_saas\\public\\install\\ajax\\detect_project.php",
        "PHP_SELF": "\/install\/ajax\/detect_project.php",
        "QUERY_STRING": "ajax=1",
        "HTTP_HOST": "127.0.0.1:8000",
        "HTTP_CONNECTION": "keep-alive",
        "HTTP_SEC_CH_UA_PLATFORM": "\"Windows\"",
        "HTTP_X_REQUESTED_WITH": "XMLHttpRequest",
        "HTTP_USER_AGENT": "Mozilla\/5.0 (Windows NT 10.0; Win64; x64) AppleWebKit\/537.36 (KHTML, like Gecko) Chrome\/132.0.0.0 Safari\/537.36 OPR\/117.0.0.0 (Edition std-1)",
        "HTTP_ACCEPT": "application\/json, text\/javascript, *\/*; q=0.01",
        "HTTP_SEC_CH_UA": "\"Not A(Brand\";v=\"8\", \"Chromium\";v=\"132\", \"Opera GX\";v=\"117\"",
        "HTTP_SEC_CH_UA_MOBILE": "?0",
        "HTTP_SEC_FETCH_SITE": "same-origin",
        "HTTP_SEC_FETCH_MODE": "cors",
        "HTTP_SEC_FETCH_DEST": "empty",
        "HTTP_REFERER": "http:\/\/127.0.0.1:8000\/install\/index.php?step=2",
        "HTTP_ACCEPT_ENCODING": "gzip, deflate, br, zstd",
        "HTTP_ACCEPT_LANGUAGE": "fr-FR,fr;q=0.9,en-US;q=0.8,en;q=0.7",
        "HTTP_COOKIE": "PHPSESSID=136rei8taoan5mpsacdhd619b5; XSRF-TOKEN=eyJpdiI6Imt5bVpINVdjQUhuZmVhMnRWc2lRZVE9PSIsInZhbHVlIjoiQkNnaDNHNmE2ek9iRFRqWTMyOGF0YldZMTJpdlZSOWFKVDcxNkM1QjlKcjB3Q1E2QjNQT0V6dGZQZ2VDUHNRL1FYa1h1VnVMNEErd0djYWtmN0xUaVNqSVJqVXVrWGMvbXdnWkRnUmhTQThlYlpmdHdmdGhKVkJRN2U1VzBoOVMiLCJtYWMiOiIzOWFiMWE5ZDY3YTAwMTMyMDBkODk0YjJhZTBhYWQ1ZDcyNGYyMGE5NGNmYjhmMTZjYTEyMDE2ZjRlYWJlNDMxIiwidGFnIjoiIn0%3D; adminlicence_session=eyJpdiI6IjN0aGVJK3Q2dFBMUHl1ZXpTWE1oU0E9PSIsInZhbHVlIjoiS1ZaSEZheVBHdllLdTRWNEg3M0ZmMlpZajJyL3VCdHdtc1MzTVhZbkErN2EvTU5LdlRMWkt4SWVYQ211YTQ2NnlCSU5mUVgrV2VSY2RPS3B2VEhZMkljSEFMd2kzaDUwQ3I0bFpEZ2w0QXZ3SEhyTDN0dDNCd0hnK0FuUGdrNmsiLCJtYWMiOiJiMWNlOWY1ODg2YjViYzgzYTgxZTBiODBiYmQ2MjczYjk0ZTVlMjNlNWM0NGM0ZWE3ZTM0Yzc5OGRjMGZjZmMwIiwidGFnIjoiIn0%3D",
        "REQUEST_TIME_FLOAT": 1744745182.519765,
        "REQUEST_TIME": 1744745182
    }
}

{
    "time": "2025-04-15 21:35:05",
    "function": "detect_project_request",
    "method": "GET",
    "query": {
        "ajax": "1"
    },
    "server": {
        "DOCUMENT_ROOT": "R:\\Adev\\200  -  test\\adminlicence_saas\\public",
        "REMOTE_ADDR": "127.0.0.1",
        "REMOTE_PORT": "58202",
        "SERVER_SOFTWARE": "PHP 8.2.12 Development Server",
        "SERVER_PROTOCOL": "HTTP\/1.1",
        "SERVER_NAME": "127.0.0.1",
        "SERVER_PORT": "8000",
        "REQUEST_URI": "\/install\/ajax\/detect_project.php?ajax=1",
        "REQUEST_METHOD": "GET",
        "SCRIPT_NAME": "\/install\/ajax\/detect_project.php",
        "SCRIPT_FILENAME": "R:\\Adev\\200  -  test\\adminlicence_saas\\public\\install\\ajax\\detect_project.php",
        "PHP_SELF": "\/install\/ajax\/detect_project.php",
        "QUERY_STRING": "ajax=1",
        "HTTP_HOST": "127.0.0.1:8000",
        "HTTP_CONNECTION": "keep-alive",
        "HTTP_SEC_CH_UA_PLATFORM": "\"Windows\"",
        "HTTP_X_REQUESTED_WITH": "XMLHttpRequest",
        "HTTP_USER_AGENT": "Mozilla\/5.0 (Windows NT 10.0; Win64; x64) AppleWebKit\/537.36 (KHTML, like Gecko) Chrome\/132.0.0.0 Safari\/537.36 OPR\/117.0.0.0 (Edition std-1)",
        "HTTP_ACCEPT": "application\/json, text\/javascript, *\/*; q=0.01",
        "HTTP_SEC_CH_UA": "\"Not A(Brand\";v=\"8\", \"Chromium\";v=\"132\", \"Opera GX\";v=\"117\"",
        "HTTP_SEC_CH_UA_MOBILE": "?0",
        "HTTP_SEC_FETCH_SITE": "same-origin",
        "HTTP_SEC_FETCH_MODE": "cors",
        "HTTP_SEC_FETCH_DEST": "empty",
        "HTTP_REFERER": "http:\/\/127.0.0.1:8000\/install\/index.php?step=2",
        "HTTP_ACCEPT_ENCODING": "gzip, deflate, br, zstd",
        "HTTP_ACCEPT_LANGUAGE": "fr-FR,fr;q=0.9,en-US;q=0.8,en;q=0.7",
        "HTTP_COOKIE": "PHPSESSID=136rei8taoan5mpsacdhd619b5; XSRF-TOKEN=eyJpdiI6Imt5bVpINVdjQUhuZmVhMnRWc2lRZVE9PSIsInZhbHVlIjoiQkNnaDNHNmE2ek9iRFRqWTMyOGF0YldZMTJpdlZSOWFKVDcxNkM1QjlKcjB3Q1E2QjNQT0V6dGZQZ2VDUHNRL1FYa1h1VnVMNEErd0djYWtmN0xUaVNqSVJqVXVrWGMvbXdnWkRnUmhTQThlYlpmdHdmdGhKVkJRN2U1VzBoOVMiLCJtYWMiOiIzOWFiMWE5ZDY3YTAwMTMyMDBkODk0YjJhZTBhYWQ1ZDcyNGYyMGE5NGNmYjhmMTZjYTEyMDE2ZjRlYWJlNDMxIiwidGFnIjoiIn0%3D; adminlicence_session=eyJpdiI6IjN0aGVJK3Q2dFBMUHl1ZXpTWE1oU0E9PSIsInZhbHVlIjoiS1ZaSEZheVBHdllLdTRWNEg3M0ZmMlpZajJyL3VCdHdtc1MzTVhZbkErN2EvTU5LdlRMWkt4SWVYQ211YTQ2NnlCSU5mUVgrV2VSY2RPS3B2VEhZMkljSEFMd2kzaDUwQ3I0bFpEZ2w0QXZ3SEhyTDN0dDNCd0hnK0FuUGdrNmsiLCJtYWMiOiJiMWNlOWY1ODg2YjViYzgzYTgxZTBiODBiYmQ2MjczYjk0ZTVlMjNlNWM0NGM0ZWE3ZTM0Yzc5OGRjMGZjZmMwIiwidGFnIjoiIn0%3D",
        "REQUEST_TIME_FLOAT": 1744745705.095284,
        "REQUEST_TIME": 1744745705
    }
}

{
    "time": "2025-04-15 21:35:34",
    "function": "detect_project_request",
    "method": "GET",
    "query": {
        "ajax": "1"
    },
    "server": {
        "DOCUMENT_ROOT": "R:\\Adev\\200  -  test\\adminlicence_saas\\public",
        "REMOTE_ADDR": "127.0.0.1",
        "REMOTE_PORT": "58299",
        "SERVER_SOFTWARE": "PHP 8.2.12 Development Server",
        "SERVER_PROTOCOL": "HTTP\/1.1",
        "SERVER_NAME": "127.0.0.1",
        "SERVER_PORT": "8000",
        "REQUEST_URI": "\/install\/ajax\/detect_project.php?ajax=1",
        "REQUEST_METHOD": "GET",
        "SCRIPT_NAME": "\/install\/ajax\/detect_project.php",
        "SCRIPT_FILENAME": "R:\\Adev\\200  -  test\\adminlicence_saas\\public\\install\\ajax\\detect_project.php",
        "PHP_SELF": "\/install\/ajax\/detect_project.php",
        "QUERY_STRING": "ajax=1",
        "HTTP_HOST": "127.0.0.1:8000",
        "HTTP_CONNECTION": "keep-alive",
        "HTTP_SEC_CH_UA_PLATFORM": "\"Windows\"",
        "HTTP_X_REQUESTED_WITH": "XMLHttpRequest",
        "HTTP_USER_AGENT": "Mozilla\/5.0 (Windows NT 10.0; Win64; x64) AppleWebKit\/537.36 (KHTML, like Gecko) Chrome\/132.0.0.0 Safari\/537.36 OPR\/117.0.0.0 (Edition std-1)",
        "HTTP_ACCEPT": "application\/json, text\/javascript, *\/*; q=0.01",
        "HTTP_SEC_CH_UA": "\"Not A(Brand\";v=\"8\", \"Chromium\";v=\"132\", \"Opera GX\";v=\"117\"",
        "HTTP_SEC_CH_UA_MOBILE": "?0",
        "HTTP_SEC_FETCH_SITE": "same-origin",
        "HTTP_SEC_FETCH_MODE": "cors",
        "HTTP_SEC_FETCH_DEST": "empty",
        "HTTP_REFERER": "http:\/\/127.0.0.1:8000\/install\/index.php?step=2",
        "HTTP_ACCEPT_ENCODING": "gzip, deflate, br, zstd",
        "HTTP_ACCEPT_LANGUAGE": "fr-FR,fr;q=0.9,en-US;q=0.8,en;q=0.7",
        "HTTP_COOKIE": "PHPSESSID=136rei8taoan5mpsacdhd619b5; XSRF-TOKEN=eyJpdiI6Imt5bVpINVdjQUhuZmVhMnRWc2lRZVE9PSIsInZhbHVlIjoiQkNnaDNHNmE2ek9iRFRqWTMyOGF0YldZMTJpdlZSOWFKVDcxNkM1QjlKcjB3Q1E2QjNQT0V6dGZQZ2VDUHNRL1FYa1h1VnVMNEErd0djYWtmN0xUaVNqSVJqVXVrWGMvbXdnWkRnUmhTQThlYlpmdHdmdGhKVkJRN2U1VzBoOVMiLCJtYWMiOiIzOWFiMWE5ZDY3YTAwMTMyMDBkODk0YjJhZTBhYWQ1ZDcyNGYyMGE5NGNmYjhmMTZjYTEyMDE2ZjRlYWJlNDMxIiwidGFnIjoiIn0%3D; adminlicence_session=eyJpdiI6IjN0aGVJK3Q2dFBMUHl1ZXpTWE1oU0E9PSIsInZhbHVlIjoiS1ZaSEZheVBHdllLdTRWNEg3M0ZmMlpZajJyL3VCdHdtc1MzTVhZbkErN2EvTU5LdlRMWkt4SWVYQ211YTQ2NnlCSU5mUVgrV2VSY2RPS3B2VEhZMkljSEFMd2kzaDUwQ3I0bFpEZ2w0QXZ3SEhyTDN0dDNCd0hnK0FuUGdrNmsiLCJtYWMiOiJiMWNlOWY1ODg2YjViYzgzYTgxZTBiODBiYmQ2MjczYjk0ZTVlMjNlNWM0NGM0ZWE3ZTM0Yzc5OGRjMGZjZmMwIiwidGFnIjoiIn0%3D",
        "REQUEST_TIME_FLOAT": 1744745734.294983,
        "REQUEST_TIME": 1744745734
    }
}

{
    "time": "2025-04-15 21:42:29",
    "function": "detect_project_request",
    "method": "GET",
    "query": {
        "ajax": "1"
    },
    "server": {
        "DOCUMENT_ROOT": "R:\\Adev\\200  -  test\\adminlicence_saas\\public",
        "REMOTE_ADDR": "127.0.0.1",
        "REMOTE_PORT": "59028",
        "SERVER_SOFTWARE": "PHP 8.2.12 Development Server",
        "SERVER_PROTOCOL": "HTTP\/1.1",
        "SERVER_NAME": "127.0.0.1",
        "SERVER_PORT": "8000",
        "REQUEST_URI": "\/install\/ajax\/detect_project.php?ajax=1",
        "REQUEST_METHOD": "GET",
        "SCRIPT_NAME": "\/install\/ajax\/detect_project.php",
        "SCRIPT_FILENAME": "R:\\Adev\\200  -  test\\adminlicence_saas\\public\\install\\ajax\\detect_project.php",
        "PHP_SELF": "\/install\/ajax\/detect_project.php",
        "QUERY_STRING": "ajax=1",
        "HTTP_HOST": "127.0.0.1:8000",
        "HTTP_CONNECTION": "keep-alive",
        "HTTP_SEC_CH_UA_PLATFORM": "\"Windows\"",
        "HTTP_X_REQUESTED_WITH": "XMLHttpRequest",
        "HTTP_USER_AGENT": "Mozilla\/5.0 (Windows NT 10.0; Win64; x64) AppleWebKit\/537.36 (KHTML, like Gecko) Chrome\/132.0.0.0 Safari\/537.36 OPR\/117.0.0.0 (Edition std-1)",
        "HTTP_ACCEPT": "application\/json, text\/javascript, *\/*; q=0.01",
        "HTTP_SEC_CH_UA": "\"Not A(Brand\";v=\"8\", \"Chromium\";v=\"132\", \"Opera GX\";v=\"117\"",
        "HTTP_SEC_CH_UA_MOBILE": "?0",
        "HTTP_SEC_FETCH_SITE": "same-origin",
        "HTTP_SEC_FETCH_MODE": "cors",
        "HTTP_SEC_FETCH_DEST": "empty",
        "HTTP_REFERER": "http:\/\/127.0.0.1:8000\/install\/index.php?step=2",
        "HTTP_ACCEPT_ENCODING": "gzip, deflate, br, zstd",
        "HTTP_ACCEPT_LANGUAGE": "fr-FR,fr;q=0.9,en-US;q=0.8,en;q=0.7",
        "HTTP_COOKIE": "PHPSESSID=136rei8taoan5mpsacdhd619b5; XSRF-TOKEN=eyJpdiI6Imt5bVpINVdjQUhuZmVhMnRWc2lRZVE9PSIsInZhbHVlIjoiQkNnaDNHNmE2ek9iRFRqWTMyOGF0YldZMTJpdlZSOWFKVDcxNkM1QjlKcjB3Q1E2QjNQT0V6dGZQZ2VDUHNRL1FYa1h1VnVMNEErd0djYWtmN0xUaVNqSVJqVXVrWGMvbXdnWkRnUmhTQThlYlpmdHdmdGhKVkJRN2U1VzBoOVMiLCJtYWMiOiIzOWFiMWE5ZDY3YTAwMTMyMDBkODk0YjJhZTBhYWQ1ZDcyNGYyMGE5NGNmYjhmMTZjYTEyMDE2ZjRlYWJlNDMxIiwidGFnIjoiIn0%3D; adminlicence_session=eyJpdiI6IjN0aGVJK3Q2dFBMUHl1ZXpTWE1oU0E9PSIsInZhbHVlIjoiS1ZaSEZheVBHdllLdTRWNEg3M0ZmMlpZajJyL3VCdHdtc1MzTVhZbkErN2EvTU5LdlRMWkt4SWVYQ211YTQ2NnlCSU5mUVgrV2VSY2RPS3B2VEhZMkljSEFMd2kzaDUwQ3I0bFpEZ2w0QXZ3SEhyTDN0dDNCd0hnK0FuUGdrNmsiLCJtYWMiOiJiMWNlOWY1ODg2YjViYzgzYTgxZTBiODBiYmQ2MjczYjk0ZTVlMjNlNWM0NGM0ZWE3ZTM0Yzc5OGRjMGZjZmMwIiwidGFnIjoiIn0%3D",
        "REQUEST_TIME_FLOAT": 1744746149.711639,
        "REQUEST_TIME": 1744746149
    }
}

{
    "time": "2025-04-15 21:42:48",
    "function": "detect_project_request",
    "method": "GET",
    "query": {
        "ajax": "1"
    },
    "server": {
        "DOCUMENT_ROOT": "R:\\Adev\\200  -  test\\adminlicence_saas\\public",
        "REMOTE_ADDR": "127.0.0.1",
        "REMOTE_PORT": "59082",
        "SERVER_SOFTWARE": "PHP 8.2.12 Development Server",
        "SERVER_PROTOCOL": "HTTP\/1.1",
        "SERVER_NAME": "127.0.0.1",
        "SERVER_PORT": "8000",
        "REQUEST_URI": "\/install\/ajax\/detect_project.php?ajax=1",
        "REQUEST_METHOD": "GET",
        "SCRIPT_NAME": "\/install\/ajax\/detect_project.php",
        "SCRIPT_FILENAME": "R:\\Adev\\200  -  test\\adminlicence_saas\\public\\install\\ajax\\detect_project.php",
        "PHP_SELF": "\/install\/ajax\/detect_project.php",
        "QUERY_STRING": "ajax=1",
        "HTTP_HOST": "127.0.0.1:8000",
        "HTTP_CONNECTION": "keep-alive",
        "HTTP_SEC_CH_UA_PLATFORM": "\"Windows\"",
        "HTTP_X_REQUESTED_WITH": "XMLHttpRequest",
        "HTTP_USER_AGENT": "Mozilla\/5.0 (Windows NT 10.0; Win64; x64) AppleWebKit\/537.36 (KHTML, like Gecko) Chrome\/132.0.0.0 Safari\/537.36 OPR\/117.0.0.0 (Edition std-1)",
        "HTTP_ACCEPT": "application\/json, text\/javascript, *\/*; q=0.01",
        "HTTP_SEC_CH_UA": "\"Not A(Brand\";v=\"8\", \"Chromium\";v=\"132\", \"Opera GX\";v=\"117\"",
        "HTTP_SEC_CH_UA_MOBILE": "?0",
        "HTTP_SEC_FETCH_SITE": "same-origin",
        "HTTP_SEC_FETCH_MODE": "cors",
        "HTTP_SEC_FETCH_DEST": "empty",
        "HTTP_REFERER": "http:\/\/127.0.0.1:8000\/install\/index.php?step=2",
        "HTTP_ACCEPT_ENCODING": "gzip, deflate, br, zstd",
        "HTTP_ACCEPT_LANGUAGE": "fr-FR,fr;q=0.9,en-US;q=0.8,en;q=0.7",
        "HTTP_COOKIE": "PHPSESSID=136rei8taoan5mpsacdhd619b5; XSRF-TOKEN=eyJpdiI6Imt5bVpINVdjQUhuZmVhMnRWc2lRZVE9PSIsInZhbHVlIjoiQkNnaDNHNmE2ek9iRFRqWTMyOGF0YldZMTJpdlZSOWFKVDcxNkM1QjlKcjB3Q1E2QjNQT0V6dGZQZ2VDUHNRL1FYa1h1VnVMNEErd0djYWtmN0xUaVNqSVJqVXVrWGMvbXdnWkRnUmhTQThlYlpmdHdmdGhKVkJRN2U1VzBoOVMiLCJtYWMiOiIzOWFiMWE5ZDY3YTAwMTMyMDBkODk0YjJhZTBhYWQ1ZDcyNGYyMGE5NGNmYjhmMTZjYTEyMDE2ZjRlYWJlNDMxIiwidGFnIjoiIn0%3D; adminlicence_session=eyJpdiI6IjN0aGVJK3Q2dFBMUHl1ZXpTWE1oU0E9PSIsInZhbHVlIjoiS1ZaSEZheVBHdllLdTRWNEg3M0ZmMlpZajJyL3VCdHdtc1MzTVhZbkErN2EvTU5LdlRMWkt4SWVYQ211YTQ2NnlCSU5mUVgrV2VSY2RPS3B2VEhZMkljSEFMd2kzaDUwQ3I0bFpEZ2w0QXZ3SEhyTDN0dDNCd0hnK0FuUGdrNmsiLCJtYWMiOiJiMWNlOWY1ODg2YjViYzgzYTgxZTBiODBiYmQ2MjczYjk0ZTVlMjNlNWM0NGM0ZWE3ZTM0Yzc5OGRjMGZjZmMwIiwidGFnIjoiIn0%3D",
        "REQUEST_TIME_FLOAT": 1744746168.764116,
        "REQUEST_TIME": 1744746168
    }
}

{
    "time": "2025-04-15 21:48:18",
    "function": "detect_project_request",
    "method": "GET",
    "query": {
        "ajax": "1"
    },
    "server": {
        "DOCUMENT_ROOT": "R:\\Adev\\200  -  test\\adminlicence_saas\\public",
        "REMOTE_ADDR": "127.0.0.1",
        "REMOTE_PORT": "63561",
        "SERVER_SOFTWARE": "PHP 8.2.12 Development Server",
        "SERVER_PROTOCOL": "HTTP\/1.1",
        "SERVER_NAME": "127.0.0.1",
        "SERVER_PORT": "8000",
        "REQUEST_URI": "\/install\/ajax\/detect_project.php?ajax=1",
        "REQUEST_METHOD": "GET",
        "SCRIPT_NAME": "\/install\/ajax\/detect_project.php",
        "SCRIPT_FILENAME": "R:\\Adev\\200  -  test\\adminlicence_saas\\public\\install\\ajax\\detect_project.php",
        "PHP_SELF": "\/install\/ajax\/detect_project.php",
        "QUERY_STRING": "ajax=1",
        "HTTP_HOST": "127.0.0.1:8000",
        "HTTP_CONNECTION": "keep-alive",
        "HTTP_SEC_CH_UA_PLATFORM": "\"Windows\"",
        "HTTP_X_REQUESTED_WITH": "XMLHttpRequest",
        "HTTP_USER_AGENT": "Mozilla\/5.0 (Windows NT 10.0; Win64; x64) AppleWebKit\/537.36 (KHTML, like Gecko) Chrome\/132.0.0.0 Safari\/537.36 OPR\/117.0.0.0 (Edition std-1)",
        "HTTP_ACCEPT": "application\/json, text\/javascript, *\/*; q=0.01",
        "HTTP_SEC_CH_UA": "\"Not A(Brand\";v=\"8\", \"Chromium\";v=\"132\", \"Opera GX\";v=\"117\"",
        "HTTP_SEC_CH_UA_MOBILE": "?0",
        "HTTP_SEC_FETCH_SITE": "same-origin",
        "HTTP_SEC_FETCH_MODE": "cors",
        "HTTP_SEC_FETCH_DEST": "empty",
        "HTTP_REFERER": "http:\/\/127.0.0.1:8000\/install\/index.php?step=2",
        "HTTP_ACCEPT_ENCODING": "gzip, deflate, br, zstd",
        "HTTP_ACCEPT_LANGUAGE": "fr-FR,fr;q=0.9,en-US;q=0.8,en;q=0.7",
        "HTTP_COOKIE": "PHPSESSID=136rei8taoan5mpsacdhd619b5; XSRF-TOKEN=eyJpdiI6Imt5bVpINVdjQUhuZmVhMnRWc2lRZVE9PSIsInZhbHVlIjoiQkNnaDNHNmE2ek9iRFRqWTMyOGF0YldZMTJpdlZSOWFKVDcxNkM1QjlKcjB3Q1E2QjNQT0V6dGZQZ2VDUHNRL1FYa1h1VnVMNEErd0djYWtmN0xUaVNqSVJqVXVrWGMvbXdnWkRnUmhTQThlYlpmdHdmdGhKVkJRN2U1VzBoOVMiLCJtYWMiOiIzOWFiMWE5ZDY3YTAwMTMyMDBkODk0YjJhZTBhYWQ1ZDcyNGYyMGE5NGNmYjhmMTZjYTEyMDE2ZjRlYWJlNDMxIiwidGFnIjoiIn0%3D; adminlicence_session=eyJpdiI6IjN0aGVJK3Q2dFBMUHl1ZXpTWE1oU0E9PSIsInZhbHVlIjoiS1ZaSEZheVBHdllLdTRWNEg3M0ZmMlpZajJyL3VCdHdtc1MzTVhZbkErN2EvTU5LdlRMWkt4SWVYQ211YTQ2NnlCSU5mUVgrV2VSY2RPS3B2VEhZMkljSEFMd2kzaDUwQ3I0bFpEZ2w0QXZ3SEhyTDN0dDNCd0hnK0FuUGdrNmsiLCJtYWMiOiJiMWNlOWY1ODg2YjViYzgzYTgxZTBiODBiYmQ2MjczYjk0ZTVlMjNlNWM0NGM0ZWE3ZTM0Yzc5OGRjMGZjZmMwIiwidGFnIjoiIn0%3D",
        "REQUEST_TIME_FLOAT": 1744746498.382415,
        "REQUEST_TIME": 1744746498
    }
}

{
    "time": "2025-04-15 21:48:21",
    "function": "detect_project_request",
    "method": "GET",
    "query": {
        "ajax": "1"
    },
    "server": {
        "DOCUMENT_ROOT": "R:\\Adev\\200  -  test\\adminlicence_saas\\public",
        "REMOTE_ADDR": "127.0.0.1",
        "REMOTE_PORT": "63581",
        "SERVER_SOFTWARE": "PHP 8.2.12 Development Server",
        "SERVER_PROTOCOL": "HTTP\/1.1",
        "SERVER_NAME": "127.0.0.1",
        "SERVER_PORT": "8000",
        "REQUEST_URI": "\/install\/ajax\/detect_project.php?ajax=1",
        "REQUEST_METHOD": "GET",
        "SCRIPT_NAME": "\/install\/ajax\/detect_project.php",
        "SCRIPT_FILENAME": "R:\\Adev\\200  -  test\\adminlicence_saas\\public\\install\\ajax\\detect_project.php",
        "PHP_SELF": "\/install\/ajax\/detect_project.php",
        "QUERY_STRING": "ajax=1",
        "HTTP_HOST": "127.0.0.1:8000",
        "HTTP_CONNECTION": "keep-alive",
        "HTTP_SEC_CH_UA_PLATFORM": "\"Windows\"",
        "HTTP_X_REQUESTED_WITH": "XMLHttpRequest",
        "HTTP_USER_AGENT": "Mozilla\/5.0 (Windows NT 10.0; Win64; x64) AppleWebKit\/537.36 (KHTML, like Gecko) Chrome\/132.0.0.0 Safari\/537.36 OPR\/117.0.0.0 (Edition std-1)",
        "HTTP_ACCEPT": "application\/json, text\/javascript, *\/*; q=0.01",
        "HTTP_SEC_CH_UA": "\"Not A(Brand\";v=\"8\", \"Chromium\";v=\"132\", \"Opera GX\";v=\"117\"",
        "HTTP_SEC_CH_UA_MOBILE": "?0",
        "HTTP_SEC_FETCH_SITE": "same-origin",
        "HTTP_SEC_FETCH_MODE": "cors",
        "HTTP_SEC_FETCH_DEST": "empty",
        "HTTP_REFERER": "http:\/\/127.0.0.1:8000\/install\/index.php?step=2",
        "HTTP_ACCEPT_ENCODING": "gzip, deflate, br, zstd",
        "HTTP_ACCEPT_LANGUAGE": "fr-FR,fr;q=0.9,en-US;q=0.8,en;q=0.7",
        "HTTP_COOKIE": "PHPSESSID=136rei8taoan5mpsacdhd619b5; XSRF-TOKEN=eyJpdiI6Imt5bVpINVdjQUhuZmVhMnRWc2lRZVE9PSIsInZhbHVlIjoiQkNnaDNHNmE2ek9iRFRqWTMyOGF0YldZMTJpdlZSOWFKVDcxNkM1QjlKcjB3Q1E2QjNQT0V6dGZQZ2VDUHNRL1FYa1h1VnVMNEErd0djYWtmN0xUaVNqSVJqVXVrWGMvbXdnWkRnUmhTQThlYlpmdHdmdGhKVkJRN2U1VzBoOVMiLCJtYWMiOiIzOWFiMWE5ZDY3YTAwMTMyMDBkODk0YjJhZTBhYWQ1ZDcyNGYyMGE5NGNmYjhmMTZjYTEyMDE2ZjRlYWJlNDMxIiwidGFnIjoiIn0%3D; adminlicence_session=eyJpdiI6IjN0aGVJK3Q2dFBMUHl1ZXpTWE1oU0E9PSIsInZhbHVlIjoiS1ZaSEZheVBHdllLdTRWNEg3M0ZmMlpZajJyL3VCdHdtc1MzTVhZbkErN2EvTU5LdlRMWkt4SWVYQ211YTQ2NnlCSU5mUVgrV2VSY2RPS3B2VEhZMkljSEFMd2kzaDUwQ3I0bFpEZ2w0QXZ3SEhyTDN0dDNCd0hnK0FuUGdrNmsiLCJtYWMiOiJiMWNlOWY1ODg2YjViYzgzYTgxZTBiODBiYmQ2MjczYjk0ZTVlMjNlNWM0NGM0ZWE3ZTM0Yzc5OGRjMGZjZmMwIiwidGFnIjoiIn0%3D",
        "REQUEST_TIME_FLOAT": 1744746501.648233,
        "REQUEST_TIME": 1744746501
    }
}

{
    "time": "2025-04-15 21:51:08",
    "function": "detect_project_request",
    "method": "GET",
    "query": {
        "ajax": "1"
    },
    "server": {
        "DOCUMENT_ROOT": "R:\\Adev\\200  -  test\\adminlicence_saas\\public",
        "REMOTE_ADDR": "127.0.0.1",
        "REMOTE_PORT": "64110",
        "SERVER_SOFTWARE": "PHP 8.2.12 Development Server",
        "SERVER_PROTOCOL": "HTTP\/1.1",
        "SERVER_NAME": "127.0.0.1",
        "SERVER_PORT": "8000",
        "REQUEST_URI": "\/install\/ajax\/detect_project.php?ajax=1",
        "REQUEST_METHOD": "GET",
        "SCRIPT_NAME": "\/install\/ajax\/detect_project.php",
        "SCRIPT_FILENAME": "R:\\Adev\\200  -  test\\adminlicence_saas\\public\\install\\ajax\\detect_project.php",
        "PHP_SELF": "\/install\/ajax\/detect_project.php",
        "QUERY_STRING": "ajax=1",
        "HTTP_HOST": "127.0.0.1:8000",
        "HTTP_CONNECTION": "keep-alive",
        "HTTP_SEC_CH_UA_PLATFORM": "\"Windows\"",
        "HTTP_X_REQUESTED_WITH": "XMLHttpRequest",
        "HTTP_USER_AGENT": "Mozilla\/5.0 (Windows NT 10.0; Win64; x64) AppleWebKit\/537.36 (KHTML, like Gecko) Chrome\/132.0.0.0 Safari\/537.36 OPR\/117.0.0.0 (Edition std-1)",
        "HTTP_ACCEPT": "application\/json, text\/javascript, *\/*; q=0.01",
        "HTTP_SEC_CH_UA": "\"Not A(Brand\";v=\"8\", \"Chromium\";v=\"132\", \"Opera GX\";v=\"117\"",
        "HTTP_SEC_CH_UA_MOBILE": "?0",
        "HTTP_SEC_FETCH_SITE": "same-origin",
        "HTTP_SEC_FETCH_MODE": "cors",
        "HTTP_SEC_FETCH_DEST": "empty",
        "HTTP_REFERER": "http:\/\/127.0.0.1:8000\/install\/index.php?step=2",
        "HTTP_ACCEPT_ENCODING": "gzip, deflate, br, zstd",
        "HTTP_ACCEPT_LANGUAGE": "fr-FR,fr;q=0.9,en-US;q=0.8,en;q=0.7",
        "HTTP_COOKIE": "PHPSESSID=136rei8taoan5mpsacdhd619b5; XSRF-TOKEN=eyJpdiI6Imt5bVpINVdjQUhuZmVhMnRWc2lRZVE9PSIsInZhbHVlIjoiQkNnaDNHNmE2ek9iRFRqWTMyOGF0YldZMTJpdlZSOWFKVDcxNkM1QjlKcjB3Q1E2QjNQT0V6dGZQZ2VDUHNRL1FYa1h1VnVMNEErd0djYWtmN0xUaVNqSVJqVXVrWGMvbXdnWkRnUmhTQThlYlpmdHdmdGhKVkJRN2U1VzBoOVMiLCJtYWMiOiIzOWFiMWE5ZDY3YTAwMTMyMDBkODk0YjJhZTBhYWQ1ZDcyNGYyMGE5NGNmYjhmMTZjYTEyMDE2ZjRlYWJlNDMxIiwidGFnIjoiIn0%3D; adminlicence_session=eyJpdiI6IjN0aGVJK3Q2dFBMUHl1ZXpTWE1oU0E9PSIsInZhbHVlIjoiS1ZaSEZheVBHdllLdTRWNEg3M0ZmMlpZajJyL3VCdHdtc1MzTVhZbkErN2EvTU5LdlRMWkt4SWVYQ211YTQ2NnlCSU5mUVgrV2VSY2RPS3B2VEhZMkljSEFMd2kzaDUwQ3I0bFpEZ2w0QXZ3SEhyTDN0dDNCd0hnK0FuUGdrNmsiLCJtYWMiOiJiMWNlOWY1ODg2YjViYzgzYTgxZTBiODBiYmQ2MjczYjk0ZTVlMjNlNWM0NGM0ZWE3ZTM0Yzc5OGRjMGZjZmMwIiwidGFnIjoiIn0%3D",
        "REQUEST_TIME_FLOAT": 1744746668.035564,
        "REQUEST_TIME": 1744746668
    }
}

{
    "time": "2025-04-15 21:51:12",
    "function": "detect_project_request",
    "method": "GET",
    "query": {
        "ajax": "1"
    },
    "server": {
        "DOCUMENT_ROOT": "R:\\Adev\\200  -  test\\adminlicence_saas\\public",
        "REMOTE_ADDR": "127.0.0.1",
        "REMOTE_PORT": "64132",
        "SERVER_SOFTWARE": "PHP 8.2.12 Development Server",
        "SERVER_PROTOCOL": "HTTP\/1.1",
        "SERVER_NAME": "127.0.0.1",
        "SERVER_PORT": "8000",
        "REQUEST_URI": "\/install\/ajax\/detect_project.php?ajax=1",
        "REQUEST_METHOD": "GET",
        "SCRIPT_NAME": "\/install\/ajax\/detect_project.php",
        "SCRIPT_FILENAME": "R:\\Adev\\200  -  test\\adminlicence_saas\\public\\install\\ajax\\detect_project.php",
        "PHP_SELF": "\/install\/ajax\/detect_project.php",
        "QUERY_STRING": "ajax=1",
        "HTTP_HOST": "127.0.0.1:8000",
        "HTTP_CONNECTION": "keep-alive",
        "HTTP_SEC_CH_UA_PLATFORM": "\"Windows\"",
        "HTTP_X_REQUESTED_WITH": "XMLHttpRequest",
        "HTTP_USER_AGENT": "Mozilla\/5.0 (Windows NT 10.0; Win64; x64) AppleWebKit\/537.36 (KHTML, like Gecko) Chrome\/132.0.0.0 Safari\/537.36 OPR\/117.0.0.0 (Edition std-1)",
        "HTTP_ACCEPT": "application\/json, text\/javascript, *\/*; q=0.01",
        "HTTP_SEC_CH_UA": "\"Not A(Brand\";v=\"8\", \"Chromium\";v=\"132\", \"Opera GX\";v=\"117\"",
        "HTTP_SEC_CH_UA_MOBILE": "?0",
        "HTTP_SEC_FETCH_SITE": "same-origin",
        "HTTP_SEC_FETCH_MODE": "cors",
        "HTTP_SEC_FETCH_DEST": "empty",
        "HTTP_REFERER": "http:\/\/127.0.0.1:8000\/install\/index.php?step=2",
        "HTTP_ACCEPT_ENCODING": "gzip, deflate, br, zstd",
        "HTTP_ACCEPT_LANGUAGE": "fr-FR,fr;q=0.9,en-US;q=0.8,en;q=0.7",
        "HTTP_COOKIE": "PHPSESSID=136rei8taoan5mpsacdhd619b5; XSRF-TOKEN=eyJpdiI6Imt5bVpINVdjQUhuZmVhMnRWc2lRZVE9PSIsInZhbHVlIjoiQkNnaDNHNmE2ek9iRFRqWTMyOGF0YldZMTJpdlZSOWFKVDcxNkM1QjlKcjB3Q1E2QjNQT0V6dGZQZ2VDUHNRL1FYa1h1VnVMNEErd0djYWtmN0xUaVNqSVJqVXVrWGMvbXdnWkRnUmhTQThlYlpmdHdmdGhKVkJRN2U1VzBoOVMiLCJtYWMiOiIzOWFiMWE5ZDY3YTAwMTMyMDBkODk0YjJhZTBhYWQ1ZDcyNGYyMGE5NGNmYjhmMTZjYTEyMDE2ZjRlYWJlNDMxIiwidGFnIjoiIn0%3D; adminlicence_session=eyJpdiI6IjN0aGVJK3Q2dFBMUHl1ZXpTWE1oU0E9PSIsInZhbHVlIjoiS1ZaSEZheVBHdllLdTRWNEg3M0ZmMlpZajJyL3VCdHdtc1MzTVhZbkErN2EvTU5LdlRMWkt4SWVYQ211YTQ2NnlCSU5mUVgrV2VSY2RPS3B2VEhZMkljSEFMd2kzaDUwQ3I0bFpEZ2w0QXZ3SEhyTDN0dDNCd0hnK0FuUGdrNmsiLCJtYWMiOiJiMWNlOWY1ODg2YjViYzgzYTgxZTBiODBiYmQ2MjczYjk0ZTVlMjNlNWM0NGM0ZWE3ZTM0Yzc5OGRjMGZjZmMwIiwidGFnIjoiIn0%3D",
        "REQUEST_TIME_FLOAT": 1744746672.713706,
        "REQUEST_TIME": 1744746672
    }
}

{
    "time": "2025-04-15 21:52:43",
    "function": "detect_project_request",
    "method": "GET",
    "query": {
        "ajax": "1"
    },
    "server": {
        "DOCUMENT_ROOT": "R:\\Adev\\200  -  test\\adminlicence_saas\\public",
        "REMOTE_ADDR": "127.0.0.1",
        "REMOTE_PORT": "64300",
        "SERVER_SOFTWARE": "PHP 8.2.12 Development Server",
        "SERVER_PROTOCOL": "HTTP\/1.1",
        "SERVER_NAME": "127.0.0.1",
        "SERVER_PORT": "8000",
        "REQUEST_URI": "\/install\/ajax\/detect_project.php?ajax=1",
        "REQUEST_METHOD": "GET",
        "SCRIPT_NAME": "\/install\/ajax\/detect_project.php",
        "SCRIPT_FILENAME": "R:\\Adev\\200  -  test\\adminlicence_saas\\public\\install\\ajax\\detect_project.php",
        "PHP_SELF": "\/install\/ajax\/detect_project.php",
        "QUERY_STRING": "ajax=1",
        "HTTP_HOST": "127.0.0.1:8000",
        "HTTP_USER_AGENT": "Mozilla\/5.0 (Windows NT 10.0; Win64; x64; rv:137.0) Gecko\/20100101 Firefox\/137.0",
        "HTTP_ACCEPT": "application\/json, text\/javascript, *\/*; q=0.01",
        "HTTP_ACCEPT_LANGUAGE": "fr,fr-FR;q=0.8,en-US;q=0.5,en;q=0.3",
        "HTTP_ACCEPT_ENCODING": "gzip, deflate, br, zstd",
        "HTTP_X_REQUESTED_WITH": "XMLHttpRequest",
        "HTTP_DNT": "1",
        "HTTP_CONNECTION": "keep-alive",
        "HTTP_REFERER": "http:\/\/127.0.0.1:8000\/install\/index.php?step=2",
        "HTTP_COOKIE": "io=2G6p8qMg8xwIN3JpAAAD; TawkConnectionTime=0; PHPSESSID=hcsc3m94mlr88j37gd0i4rd5nd",
        "HTTP_SEC_FETCH_DEST": "empty",
        "HTTP_SEC_FETCH_MODE": "cors",
        "HTTP_SEC_FETCH_SITE": "same-origin",
        "REQUEST_TIME_FLOAT": 1744746763.427289,
        "REQUEST_TIME": 1744746763
    }
}

{
    "time": "2025-04-15 21:53:11",
    "function": "detect_project_request",
    "method": "GET",
    "query": {
        "ajax": "1"
    },
    "server": {
        "DOCUMENT_ROOT": "R:\\Adev\\200  -  test\\adminlicence_saas\\public",
        "REMOTE_ADDR": "127.0.0.1",
        "REMOTE_PORT": "64353",
        "SERVER_SOFTWARE": "PHP 8.2.12 Development Server",
        "SERVER_PROTOCOL": "HTTP\/1.1",
        "SERVER_NAME": "127.0.0.1",
        "SERVER_PORT": "8000",
        "REQUEST_URI": "\/install\/ajax\/detect_project.php?ajax=1",
        "REQUEST_METHOD": "GET",
        "SCRIPT_NAME": "\/install\/ajax\/detect_project.php",
        "SCRIPT_FILENAME": "R:\\Adev\\200  -  test\\adminlicence_saas\\public\\install\\ajax\\detect_project.php",
        "PHP_SELF": "\/install\/ajax\/detect_project.php",
        "QUERY_STRING": "ajax=1",
        "HTTP_HOST": "127.0.0.1:8000",
        "HTTP_USER_AGENT": "Mozilla\/5.0 (Windows NT 10.0; Win64; x64; rv:137.0) Gecko\/20100101 Firefox\/137.0",
        "HTTP_ACCEPT": "application\/json, text\/javascript, *\/*; q=0.01",
        "HTTP_ACCEPT_LANGUAGE": "fr,fr-FR;q=0.8,en-US;q=0.5,en;q=0.3",
        "HTTP_ACCEPT_ENCODING": "gzip, deflate, br, zstd",
        "HTTP_X_REQUESTED_WITH": "XMLHttpRequest",
        "HTTP_DNT": "1",
        "HTTP_CONNECTION": "keep-alive",
        "HTTP_REFERER": "http:\/\/127.0.0.1:8000\/install\/index.php?step=2",
        "HTTP_COOKIE": "io=2G6p8qMg8xwIN3JpAAAD; TawkConnectionTime=0; PHPSESSID=hcsc3m94mlr88j37gd0i4rd5nd",
        "HTTP_SEC_FETCH_DEST": "empty",
        "HTTP_SEC_FETCH_MODE": "cors",
        "HTTP_SEC_FETCH_SITE": "same-origin",
        "REQUEST_TIME_FLOAT": 1744746791.071029,
        "REQUEST_TIME": 1744746791
    }
}

{
    "time": "2025-04-15 21:56:55",
    "function": "detect_project_request",
    "method": "GET",
    "query": {
        "ajax": "1"
    },
    "server": {
        "DOCUMENT_ROOT": "R:\\Adev\\200  -  test\\adminlicence_saas\\public",
        "REMOTE_ADDR": "127.0.0.1",
        "REMOTE_PORT": "64728",
        "SERVER_SOFTWARE": "PHP 8.2.12 Development Server",
        "SERVER_PROTOCOL": "HTTP\/1.1",
        "SERVER_NAME": "127.0.0.1",
        "SERVER_PORT": "8000",
        "REQUEST_URI": "\/install\/ajax\/detect_project.php?ajax=1",
        "REQUEST_METHOD": "GET",
        "SCRIPT_NAME": "\/install\/ajax\/detect_project.php",
        "SCRIPT_FILENAME": "R:\\Adev\\200  -  test\\adminlicence_saas\\public\\install\\ajax\\detect_project.php",
        "PHP_SELF": "\/install\/ajax\/detect_project.php",
        "QUERY_STRING": "ajax=1",
        "HTTP_HOST": "127.0.0.1:8000",
        "HTTP_CONNECTION": "keep-alive",
        "HTTP_SEC_CH_UA_PLATFORM": "\"Windows\"",
        "HTTP_X_REQUESTED_WITH": "XMLHttpRequest",
        "HTTP_USER_AGENT": "Mozilla\/5.0 (Windows NT 10.0; Win64; x64) AppleWebKit\/537.36 (KHTML, like Gecko) Chrome\/132.0.0.0 Safari\/537.36 OPR\/117.0.0.0 (Edition std-1)",
        "HTTP_ACCEPT": "application\/json, text\/javascript, *\/*; q=0.01",
        "HTTP_SEC_CH_UA": "\"Not A(Brand\";v=\"8\", \"Chromium\";v=\"132\", \"Opera GX\";v=\"117\"",
        "HTTP_SEC_CH_UA_MOBILE": "?0",
        "HTTP_SEC_FETCH_SITE": "same-origin",
        "HTTP_SEC_FETCH_MODE": "cors",
        "HTTP_SEC_FETCH_DEST": "empty",
        "HTTP_REFERER": "http:\/\/127.0.0.1:8000\/install\/index.php?step=2",
        "HTTP_ACCEPT_ENCODING": "gzip, deflate, br, zstd",
        "HTTP_ACCEPT_LANGUAGE": "fr-FR,fr;q=0.9,en-US;q=0.8,en;q=0.7",
        "HTTP_COOKIE": "PHPSESSID=136rei8taoan5mpsacdhd619b5; XSRF-TOKEN=eyJpdiI6Imt5bVpINVdjQUhuZmVhMnRWc2lRZVE9PSIsInZhbHVlIjoiQkNnaDNHNmE2ek9iRFRqWTMyOGF0YldZMTJpdlZSOWFKVDcxNkM1QjlKcjB3Q1E2QjNQT0V6dGZQZ2VDUHNRL1FYa1h1VnVMNEErd0djYWtmN0xUaVNqSVJqVXVrWGMvbXdnWkRnUmhTQThlYlpmdHdmdGhKVkJRN2U1VzBoOVMiLCJtYWMiOiIzOWFiMWE5ZDY3YTAwMTMyMDBkODk0YjJhZTBhYWQ1ZDcyNGYyMGE5NGNmYjhmMTZjYTEyMDE2ZjRlYWJlNDMxIiwidGFnIjoiIn0%3D; adminlicence_session=eyJpdiI6IjN0aGVJK3Q2dFBMUHl1ZXpTWE1oU0E9PSIsInZhbHVlIjoiS1ZaSEZheVBHdllLdTRWNEg3M0ZmMlpZajJyL3VCdHdtc1MzTVhZbkErN2EvTU5LdlRMWkt4SWVYQ211YTQ2NnlCSU5mUVgrV2VSY2RPS3B2VEhZMkljSEFMd2kzaDUwQ3I0bFpEZ2w0QXZ3SEhyTDN0dDNCd0hnK0FuUGdrNmsiLCJtYWMiOiJiMWNlOWY1ODg2YjViYzgzYTgxZTBiODBiYmQ2MjczYjk0ZTVlMjNlNWM0NGM0ZWE3ZTM0Yzc5OGRjMGZjZmMwIiwidGFnIjoiIn0%3D",
        "REQUEST_TIME_FLOAT": 1744747015.572421,
        "REQUEST_TIME": 1744747015
    }
}

{
    "time": "2025-04-15 21:57:36",
    "function": "detect_project_request",
    "method": "GET",
    "query": {
        "ajax": "1"
    },
    "server": {
        "DOCUMENT_ROOT": "R:\\Adev\\200  -  test\\adminlicence_saas\\public",
        "REMOTE_ADDR": "127.0.0.1",
        "REMOTE_PORT": "64801",
        "SERVER_SOFTWARE": "PHP 8.2.12 Development Server",
        "SERVER_PROTOCOL": "HTTP\/1.1",
        "SERVER_NAME": "127.0.0.1",
        "SERVER_PORT": "8000",
        "REQUEST_URI": "\/install\/ajax\/detect_project.php?ajax=1",
        "REQUEST_METHOD": "GET",
        "SCRIPT_NAME": "\/install\/ajax\/detect_project.php",
        "SCRIPT_FILENAME": "R:\\Adev\\200  -  test\\adminlicence_saas\\public\\install\\ajax\\detect_project.php",
        "PHP_SELF": "\/install\/ajax\/detect_project.php",
        "QUERY_STRING": "ajax=1",
        "HTTP_HOST": "127.0.0.1:8000",
        "HTTP_CONNECTION": "keep-alive",
        "HTTP_SEC_CH_UA_PLATFORM": "\"Windows\"",
        "HTTP_X_REQUESTED_WITH": "XMLHttpRequest",
        "HTTP_USER_AGENT": "Mozilla\/5.0 (Windows NT 10.0; Win64; x64) AppleWebKit\/537.36 (KHTML, like Gecko) Chrome\/132.0.0.0 Safari\/537.36 OPR\/117.0.0.0 (Edition std-1)",
        "HTTP_ACCEPT": "application\/json, text\/javascript, *\/*; q=0.01",
        "HTTP_SEC_CH_UA": "\"Not A(Brand\";v=\"8\", \"Chromium\";v=\"132\", \"Opera GX\";v=\"117\"",
        "HTTP_SEC_CH_UA_MOBILE": "?0",
        "HTTP_SEC_FETCH_SITE": "same-origin",
        "HTTP_SEC_FETCH_MODE": "cors",
        "HTTP_SEC_FETCH_DEST": "empty",
        "HTTP_REFERER": "http:\/\/127.0.0.1:8000\/install\/index.php?step=2",
        "HTTP_ACCEPT_ENCODING": "gzip, deflate, br, zstd",
        "HTTP_ACCEPT_LANGUAGE": "fr-FR,fr;q=0.9,en-US;q=0.8,en;q=0.7",
        "HTTP_COOKIE": "PHPSESSID=136rei8taoan5mpsacdhd619b5; XSRF-TOKEN=eyJpdiI6Imt5bVpINVdjQUhuZmVhMnRWc2lRZVE9PSIsInZhbHVlIjoiQkNnaDNHNmE2ek9iRFRqWTMyOGF0YldZMTJpdlZSOWFKVDcxNkM1QjlKcjB3Q1E2QjNQT0V6dGZQZ2VDUHNRL1FYa1h1VnVMNEErd0djYWtmN0xUaVNqSVJqVXVrWGMvbXdnWkRnUmhTQThlYlpmdHdmdGhKVkJRN2U1VzBoOVMiLCJtYWMiOiIzOWFiMWE5ZDY3YTAwMTMyMDBkODk0YjJhZTBhYWQ1ZDcyNGYyMGE5NGNmYjhmMTZjYTEyMDE2ZjRlYWJlNDMxIiwidGFnIjoiIn0%3D; adminlicence_session=eyJpdiI6IjN0aGVJK3Q2dFBMUHl1ZXpTWE1oU0E9PSIsInZhbHVlIjoiS1ZaSEZheVBHdllLdTRWNEg3M0ZmMlpZajJyL3VCdHdtc1MzTVhZbkErN2EvTU5LdlRMWkt4SWVYQ211YTQ2NnlCSU5mUVgrV2VSY2RPS3B2VEhZMkljSEFMd2kzaDUwQ3I0bFpEZ2w0QXZ3SEhyTDN0dDNCd0hnK0FuUGdrNmsiLCJtYWMiOiJiMWNlOWY1ODg2YjViYzgzYTgxZTBiODBiYmQ2MjczYjk0ZTVlMjNlNWM0NGM0ZWE3ZTM0Yzc5OGRjMGZjZmMwIiwidGFnIjoiIn0%3D",
        "REQUEST_TIME_FLOAT": 1744747056.154962,
        "REQUEST_TIME": 1744747056
    }
}

{
    "time": "2025-04-15 22:00:42",
    "function": "detect_project_request",
    "method": "GET",
    "query": {
        "ajax": "1"
    },
    "server": {
        "DOCUMENT_ROOT": "R:\\Adev\\200  -  test\\adminlicence_saas\\public",
        "REMOTE_ADDR": "127.0.0.1",
        "REMOTE_PORT": "65204",
        "SERVER_SOFTWARE": "PHP 8.2.12 Development Server",
        "SERVER_PROTOCOL": "HTTP\/1.1",
        "SERVER_NAME": "127.0.0.1",
        "SERVER_PORT": "8000",
        "REQUEST_URI": "\/install\/ajax\/detect_project.php?ajax=1",
        "REQUEST_METHOD": "GET",
        "SCRIPT_NAME": "\/install\/ajax\/detect_project.php",
        "SCRIPT_FILENAME": "R:\\Adev\\200  -  test\\adminlicence_saas\\public\\install\\ajax\\detect_project.php",
        "PHP_SELF": "\/install\/ajax\/detect_project.php",
        "QUERY_STRING": "ajax=1",
        "HTTP_HOST": "127.0.0.1:8000",
        "HTTP_USER_AGENT": "Mozilla\/5.0 (Windows NT 10.0; Win64; x64; rv:137.0) Gecko\/20100101 Firefox\/137.0",
        "HTTP_ACCEPT": "application\/json, text\/javascript, *\/*; q=0.01",
        "HTTP_ACCEPT_LANGUAGE": "fr,fr-FR;q=0.8,en-US;q=0.5,en;q=0.3",
        "HTTP_ACCEPT_ENCODING": "gzip, deflate, br, zstd",
        "HTTP_X_REQUESTED_WITH": "XMLHttpRequest",
        "HTTP_DNT": "1",
        "HTTP_CONNECTION": "keep-alive",
        "HTTP_REFERER": "http:\/\/127.0.0.1:8000\/install\/index.php?step=2",
        "HTTP_COOKIE": "io=2G6p8qMg8xwIN3JpAAAD; TawkConnectionTime=0; PHPSESSID=hcsc3m94mlr88j37gd0i4rd5nd",
        "HTTP_SEC_FETCH_DEST": "empty",
        "HTTP_SEC_FETCH_MODE": "cors",
        "HTTP_SEC_FETCH_SITE": "same-origin",
        "REQUEST_TIME_FLOAT": 1744747242.516627,
        "REQUEST_TIME": 1744747242
    }
}

{
    "time": "2025-04-15 22:04:53",
    "function": "detect_project_request",
    "method": "GET",
    "query": {
        "ajax": "1"
    },
    "server": {
        "DOCUMENT_ROOT": "R:\\Adev\\200  -  test\\adminlicence_saas\\public",
        "REMOTE_ADDR": "127.0.0.1",
        "REMOTE_PORT": "49238",
        "SERVER_SOFTWARE": "PHP 8.2.12 Development Server",
        "SERVER_PROTOCOL": "HTTP\/1.1",
        "SERVER_NAME": "127.0.0.1",
        "SERVER_PORT": "8000",
        "REQUEST_URI": "\/install\/ajax\/detect_project.php?ajax=1",
        "REQUEST_METHOD": "GET",
        "SCRIPT_NAME": "\/install\/ajax\/detect_project.php",
        "SCRIPT_FILENAME": "R:\\Adev\\200  -  test\\adminlicence_saas\\public\\install\\ajax\\detect_project.php",
        "PHP_SELF": "\/install\/ajax\/detect_project.php",
        "QUERY_STRING": "ajax=1",
        "HTTP_HOST": "127.0.0.1:8000",
        "HTTP_USER_AGENT": "Mozilla\/5.0 (Windows NT 10.0; Win64; x64; rv:137.0) Gecko\/20100101 Firefox\/137.0",
        "HTTP_ACCEPT": "application\/json, text\/javascript, *\/*; q=0.01",
        "HTTP_ACCEPT_LANGUAGE": "fr,fr-FR;q=0.8,en-US;q=0.5,en;q=0.3",
        "HTTP_ACCEPT_ENCODING": "gzip, deflate, br, zstd",
        "HTTP_X_REQUESTED_WITH": "XMLHttpRequest",
        "HTTP_DNT": "1",
        "HTTP_CONNECTION": "keep-alive",
        "HTTP_REFERER": "http:\/\/127.0.0.1:8000\/install\/index.php?step=2",
        "HTTP_COOKIE": "io=2G6p8qMg8xwIN3JpAAAD; TawkConnectionTime=0; PHPSESSID=hcsc3m94mlr88j37gd0i4rd5nd; XSRF-TOKEN=eyJpdiI6IllUaW9WRU1OeGhkSTB3QUxUQTNmdFE9PSIsInZhbHVlIjoiWGQ2bllqb1lpS0MyYjM4aHNKV0VCanhZVjQ2R2t2ZmdxL0sxK09ZUnJwMk4zRHRiZ08vUkFIMHh4MzllL2I3cTF5SGxYa2tuL2w2VmJadXRHWnpZS1J3YUZwMFdDYzNtNjc2MDdscGdFemFlYzl1YmFadjVORHh4OUNtZ3R0M2EiLCJtYWMiOiI3MTQ1YjdkMjFlNjBjMzEzNjNhYWRmNDQ0MDhhZmJjNDQ1MDVkYTJhZmQ4YTI5NzVmMDc5MDRiNTYzNTRiOWUwIiwidGFnIjoiIn0%3D; adminlicence_session=eyJpdiI6ImtoUk1YazdHSEoyMXhVUnRSSDZweHc9PSIsInZhbHVlIjoib0xHM1lRTVlpVjlWTnhTNlFYcnFLR0dQZ3NpdkdvNHZDaWlIMHFwQkkxRHQ5QmgrckZlR2VYTlo4K3pJR2g4cGdUQlViQXZXRFRVQ2JGUFN5ZlNETTE1VThsaEd6YjVLb0dmcGE3WHFZZUJqT1pjcE1XTDB5a3NpNW1TYjdZT0giLCJtYWMiOiJkMzFiNGUwNjMxMWMyYWZlOTc2YjdjMDJhNWEwNmIzN2E5NmM0MGE5YWFhNWJlZTUyYjk4YmM4NmFjMGI3MjA1IiwidGFnIjoiIn0%3D",
        "HTTP_SEC_FETCH_DEST": "empty",
        "HTTP_SEC_FETCH_MODE": "cors",
        "HTTP_SEC_FETCH_SITE": "same-origin",
        "REQUEST_TIME_FLOAT": 1744747493.155295,
        "REQUEST_TIME": 1744747493
    }
}

{
    "time": "2025-04-15 22:07:17",
    "function": "detect_project_request",
    "method": "GET",
    "query": {
        "ajax": "1"
    },
    "server": {
        "DOCUMENT_ROOT": "R:\\Adev\\200  -  test\\adminlicence_saas\\public",
        "REMOTE_ADDR": "127.0.0.1",
        "REMOTE_PORT": "49498",
        "SERVER_SOFTWARE": "PHP 8.2.12 Development Server",
        "SERVER_PROTOCOL": "HTTP\/1.1",
        "SERVER_NAME": "127.0.0.1",
        "SERVER_PORT": "8000",
        "REQUEST_URI": "\/install\/ajax\/detect_project.php?ajax=1",
        "REQUEST_METHOD": "GET",
        "SCRIPT_NAME": "\/install\/ajax\/detect_project.php",
        "SCRIPT_FILENAME": "R:\\Adev\\200  -  test\\adminlicence_saas\\public\\install\\ajax\\detect_project.php",
        "PHP_SELF": "\/install\/ajax\/detect_project.php",
        "QUERY_STRING": "ajax=1",
        "HTTP_HOST": "127.0.0.1:8000",
        "HTTP_USER_AGENT": "Mozilla\/5.0 (Windows NT 10.0; Win64; x64; rv:137.0) Gecko\/20100101 Firefox\/137.0",
        "HTTP_ACCEPT": "application\/json, text\/javascript, *\/*; q=0.01",
        "HTTP_ACCEPT_LANGUAGE": "fr,fr-FR;q=0.8,en-US;q=0.5,en;q=0.3",
        "HTTP_ACCEPT_ENCODING": "gzip, deflate, br, zstd",
        "HTTP_X_REQUESTED_WITH": "XMLHttpRequest",
        "HTTP_DNT": "1",
        "HTTP_CONNECTION": "keep-alive",
        "HTTP_REFERER": "http:\/\/127.0.0.1:8000\/install\/index.php?step=2",
        "HTTP_COOKIE": "io=2G6p8qMg8xwIN3JpAAAD; TawkConnectionTime=0; PHPSESSID=hcsc3m94mlr88j37gd0i4rd5nd; XSRF-TOKEN=eyJpdiI6IllUaW9WRU1OeGhkSTB3QUxUQTNmdFE9PSIsInZhbHVlIjoiWGQ2bllqb1lpS0MyYjM4aHNKV0VCanhZVjQ2R2t2ZmdxL0sxK09ZUnJwMk4zRHRiZ08vUkFIMHh4MzllL2I3cTF5SGxYa2tuL2w2VmJadXRHWnpZS1J3YUZwMFdDYzNtNjc2MDdscGdFemFlYzl1YmFadjVORHh4OUNtZ3R0M2EiLCJtYWMiOiI3MTQ1YjdkMjFlNjBjMzEzNjNhYWRmNDQ0MDhhZmJjNDQ1MDVkYTJhZmQ4YTI5NzVmMDc5MDRiNTYzNTRiOWUwIiwidGFnIjoiIn0%3D; adminlicence_session=eyJpdiI6ImtoUk1YazdHSEoyMXhVUnRSSDZweHc9PSIsInZhbHVlIjoib0xHM1lRTVlpVjlWTnhTNlFYcnFLR0dQZ3NpdkdvNHZDaWlIMHFwQkkxRHQ5QmgrckZlR2VYTlo4K3pJR2g4cGdUQlViQXZXRFRVQ2JGUFN5ZlNETTE1VThsaEd6YjVLb0dmcGE3WHFZZUJqT1pjcE1XTDB5a3NpNW1TYjdZT0giLCJtYWMiOiJkMzFiNGUwNjMxMWMyYWZlOTc2YjdjMDJhNWEwNmIzN2E5NmM0MGE5YWFhNWJlZTUyYjk4YmM4NmFjMGI3MjA1IiwidGFnIjoiIn0%3D",
        "HTTP_SEC_FETCH_DEST": "empty",
        "HTTP_SEC_FETCH_MODE": "cors",
        "HTTP_SEC_FETCH_SITE": "same-origin",
        "REQUEST_TIME_FLOAT": 1744747637.930845,
        "REQUEST_TIME": 1744747637
    }
}

{
    "time": "2025-04-15 22:10:11",
    "function": "detect_project_request",
    "method": "GET",
    "query": {
        "ajax": "1"
    },
    "server": {
        "DOCUMENT_ROOT": "R:\\Adev\\200  -  test\\adminlicence_saas\\public",
        "REMOTE_ADDR": "127.0.0.1",
        "REMOTE_PORT": "49834",
        "SERVER_SOFTWARE": "PHP 8.2.12 Development Server",
        "SERVER_PROTOCOL": "HTTP\/1.1",
        "SERVER_NAME": "127.0.0.1",
        "SERVER_PORT": "8000",
        "REQUEST_URI": "\/install\/ajax\/detect_project.php?ajax=1",
        "REQUEST_METHOD": "GET",
        "SCRIPT_NAME": "\/install\/ajax\/detect_project.php",
        "SCRIPT_FILENAME": "R:\\Adev\\200  -  test\\adminlicence_saas\\public\\install\\ajax\\detect_project.php",
        "PHP_SELF": "\/install\/ajax\/detect_project.php",
        "QUERY_STRING": "ajax=1",
        "HTTP_HOST": "127.0.0.1:8000",
        "HTTP_USER_AGENT": "Mozilla\/5.0 (Windows NT 10.0; Win64; x64; rv:137.0) Gecko\/20100101 Firefox\/137.0",
        "HTTP_ACCEPT": "application\/json, text\/javascript, *\/*; q=0.01",
        "HTTP_ACCEPT_LANGUAGE": "fr,fr-FR;q=0.8,en-US;q=0.5,en;q=0.3",
        "HTTP_ACCEPT_ENCODING": "gzip, deflate, br, zstd",
        "HTTP_X_REQUESTED_WITH": "XMLHttpRequest",
        "HTTP_DNT": "1",
        "HTTP_CONNECTION": "keep-alive",
        "HTTP_REFERER": "http:\/\/127.0.0.1:8000\/install\/index.php?step=2",
        "HTTP_COOKIE": "io=2G6p8qMg8xwIN3JpAAAD; TawkConnectionTime=0; PHPSESSID=hcsc3m94mlr88j37gd0i4rd5nd; XSRF-TOKEN=eyJpdiI6IllUaW9WRU1OeGhkSTB3QUxUQTNmdFE9PSIsInZhbHVlIjoiWGQ2bllqb1lpS0MyYjM4aHNKV0VCanhZVjQ2R2t2ZmdxL0sxK09ZUnJwMk4zRHRiZ08vUkFIMHh4MzllL2I3cTF5SGxYa2tuL2w2VmJadXRHWnpZS1J3YUZwMFdDYzNtNjc2MDdscGdFemFlYzl1YmFadjVORHh4OUNtZ3R0M2EiLCJtYWMiOiI3MTQ1YjdkMjFlNjBjMzEzNjNhYWRmNDQ0MDhhZmJjNDQ1MDVkYTJhZmQ4YTI5NzVmMDc5MDRiNTYzNTRiOWUwIiwidGFnIjoiIn0%3D; adminlicence_session=eyJpdiI6ImtoUk1YazdHSEoyMXhVUnRSSDZweHc9PSIsInZhbHVlIjoib0xHM1lRTVlpVjlWTnhTNlFYcnFLR0dQZ3NpdkdvNHZDaWlIMHFwQkkxRHQ5QmgrckZlR2VYTlo4K3pJR2g4cGdUQlViQXZXRFRVQ2JGUFN5ZlNETTE1VThsaEd6YjVLb0dmcGE3WHFZZUJqT1pjcE1XTDB5a3NpNW1TYjdZT0giLCJtYWMiOiJkMzFiNGUwNjMxMWMyYWZlOTc2YjdjMDJhNWEwNmIzN2E5NmM0MGE5YWFhNWJlZTUyYjk4YmM4NmFjMGI3MjA1IiwidGFnIjoiIn0%3D",
        "HTTP_SEC_FETCH_DEST": "empty",
        "HTTP_SEC_FETCH_MODE": "cors",
        "HTTP_SEC_FETCH_SITE": "same-origin",
        "REQUEST_TIME_FLOAT": 1744747811.377294,
        "REQUEST_TIME": 1744747811
    }
}

{
    "time": "2025-04-15 22:13:39",
    "function": "detect_project_request",
    "method": "GET",
    "query": {
        "ajax": "1"
    },
    "server": {
        "DOCUMENT_ROOT": "R:\\Adev\\200  -  test\\adminlicence_saas\\public",
        "REMOTE_ADDR": "127.0.0.1",
        "REMOTE_PORT": "50202",
        "SERVER_SOFTWARE": "PHP 8.2.12 Development Server",
        "SERVER_PROTOCOL": "HTTP\/1.1",
        "SERVER_NAME": "127.0.0.1",
        "SERVER_PORT": "8000",
        "REQUEST_URI": "\/install\/ajax\/detect_project.php?ajax=1",
        "REQUEST_METHOD": "GET",
        "SCRIPT_NAME": "\/install\/ajax\/detect_project.php",
        "SCRIPT_FILENAME": "R:\\Adev\\200  -  test\\adminlicence_saas\\public\\install\\ajax\\detect_project.php",
        "PHP_SELF": "\/install\/ajax\/detect_project.php",
        "QUERY_STRING": "ajax=1",
        "HTTP_HOST": "127.0.0.1:8000",
        "HTTP_USER_AGENT": "Mozilla\/5.0 (Windows NT 10.0; Win64; x64; rv:137.0) Gecko\/20100101 Firefox\/137.0",
        "HTTP_ACCEPT": "application\/json, text\/javascript, *\/*; q=0.01",
        "HTTP_ACCEPT_LANGUAGE": "fr,fr-FR;q=0.8,en-US;q=0.5,en;q=0.3",
        "HTTP_ACCEPT_ENCODING": "gzip, deflate, br, zstd",
        "HTTP_X_REQUESTED_WITH": "XMLHttpRequest",
        "HTTP_DNT": "1",
        "HTTP_CONNECTION": "keep-alive",
        "HTTP_REFERER": "http:\/\/127.0.0.1:8000\/install\/index.php?step=2",
        "HTTP_COOKIE": "io=2G6p8qMg8xwIN3JpAAAD; TawkConnectionTime=0; PHPSESSID=hcsc3m94mlr88j37gd0i4rd5nd; XSRF-TOKEN=eyJpdiI6IllUaW9WRU1OeGhkSTB3QUxUQTNmdFE9PSIsInZhbHVlIjoiWGQ2bllqb1lpS0MyYjM4aHNKV0VCanhZVjQ2R2t2ZmdxL0sxK09ZUnJwMk4zRHRiZ08vUkFIMHh4MzllL2I3cTF5SGxYa2tuL2w2VmJadXRHWnpZS1J3YUZwMFdDYzNtNjc2MDdscGdFemFlYzl1YmFadjVORHh4OUNtZ3R0M2EiLCJtYWMiOiI3MTQ1YjdkMjFlNjBjMzEzNjNhYWRmNDQ0MDhhZmJjNDQ1MDVkYTJhZmQ4YTI5NzVmMDc5MDRiNTYzNTRiOWUwIiwidGFnIjoiIn0%3D; adminlicence_session=eyJpdiI6ImtoUk1YazdHSEoyMXhVUnRSSDZweHc9PSIsInZhbHVlIjoib0xHM1lRTVlpVjlWTnhTNlFYcnFLR0dQZ3NpdkdvNHZDaWlIMHFwQkkxRHQ5QmgrckZlR2VYTlo4K3pJR2g4cGdUQlViQXZXRFRVQ2JGUFN5ZlNETTE1VThsaEd6YjVLb0dmcGE3WHFZZUJqT1pjcE1XTDB5a3NpNW1TYjdZT0giLCJtYWMiOiJkMzFiNGUwNjMxMWMyYWZlOTc2YjdjMDJhNWEwNmIzN2E5NmM0MGE5YWFhNWJlZTUyYjk4YmM4NmFjMGI3MjA1IiwidGFnIjoiIn0%3D",
        "HTTP_SEC_FETCH_DEST": "empty",
        "HTTP_SEC_FETCH_MODE": "cors",
        "HTTP_SEC_FETCH_SITE": "same-origin",
        "REQUEST_TIME_FLOAT": 1744748019.902745,
        "REQUEST_TIME": 1744748019
    }
}

{
    "time": "2025-04-16 01:36:12",
    "function": "detect_project_request",
    "method": "GET",
    "query": {
        "ajax": "1"
    },
    "server": {
        "DOCUMENT_ROOT": "R:\\Adev\\200  -  test\\adminlicence_saas\\public",
        "REMOTE_ADDR": "127.0.0.1",
        "REMOTE_PORT": "62187",
        "SERVER_SOFTWARE": "PHP 8.2.12 Development Server",
        "SERVER_PROTOCOL": "HTTP\/1.1",
        "SERVER_NAME": "127.0.0.1",
        "SERVER_PORT": "8000",
        "REQUEST_URI": "\/install\/ajax\/detect_project.php?ajax=1",
        "REQUEST_METHOD": "GET",
        "SCRIPT_NAME": "\/install\/ajax\/detect_project.php",
        "SCRIPT_FILENAME": "R:\\Adev\\200  -  test\\adminlicence_saas\\public\\install\\ajax\\detect_project.php",
        "PHP_SELF": "\/install\/ajax\/detect_project.php",
        "QUERY_STRING": "ajax=1",
        "HTTP_HOST": "127.0.0.1:8000",
        "HTTP_USER_AGENT": "Mozilla\/5.0 (Windows NT 10.0; Win64; x64; rv:137.0) Gecko\/20100101 Firefox\/137.0",
        "HTTP_ACCEPT": "application\/json, text\/javascript, *\/*; q=0.01",
        "HTTP_ACCEPT_LANGUAGE": "fr,fr-FR;q=0.8,en-US;q=0.5,en;q=0.3",
        "HTTP_ACCEPT_ENCODING": "gzip, deflate, br, zstd",
        "HTTP_X_REQUESTED_WITH": "XMLHttpRequest",
        "HTTP_DNT": "1",
        "HTTP_CONNECTION": "keep-alive",
        "HTTP_REFERER": "http:\/\/127.0.0.1:8000\/install\/index.php?step=2",
        "HTTP_COOKIE": "io=2G6p8qMg8xwIN3JpAAAD; TawkConnectionTime=0; PHPSESSID=hcsc3m94mlr88j37gd0i4rd5nd",
        "HTTP_SEC_FETCH_DEST": "empty",
        "HTTP_SEC_FETCH_MODE": "cors",
        "HTTP_SEC_FETCH_SITE": "same-origin",
        "REQUEST_TIME_FLOAT": 1744760172.078139,
        "REQUEST_TIME": 1744760172
    }
}

{
    "time": "2025-04-16 01:39:40",
    "function": "detect_project_request",
    "method": "GET",
    "query": {
        "ajax": "1"
    },
    "server": {
        "DOCUMENT_ROOT": "R:\\Adev\\200  -  test\\adminlicence_saas\\public",
        "REMOTE_ADDR": "127.0.0.1",
        "REMOTE_PORT": "65476",
        "SERVER_SOFTWARE": "PHP 8.2.12 Development Server",
        "SERVER_PROTOCOL": "HTTP\/1.1",
        "SERVER_NAME": "127.0.0.1",
        "SERVER_PORT": "8000",
        "REQUEST_URI": "\/install\/ajax\/detect_project.php?ajax=1",
        "REQUEST_METHOD": "GET",
        "SCRIPT_NAME": "\/install\/ajax\/detect_project.php",
        "SCRIPT_FILENAME": "R:\\Adev\\200  -  test\\adminlicence_saas\\public\\install\\ajax\\detect_project.php",
        "PHP_SELF": "\/install\/ajax\/detect_project.php",
        "QUERY_STRING": "ajax=1",
        "HTTP_HOST": "127.0.0.1:8000",
        "HTTP_USER_AGENT": "Mozilla\/5.0 (Windows NT 10.0; Win64; x64; rv:137.0) Gecko\/20100101 Firefox\/137.0",
        "HTTP_ACCEPT": "application\/json, text\/javascript, *\/*; q=0.01",
        "HTTP_ACCEPT_LANGUAGE": "fr,fr-FR;q=0.8,en-US;q=0.5,en;q=0.3",
        "HTTP_ACCEPT_ENCODING": "gzip, deflate, br, zstd",
        "HTTP_X_REQUESTED_WITH": "XMLHttpRequest",
        "HTTP_DNT": "1",
        "HTTP_CONNECTION": "keep-alive",
        "HTTP_REFERER": "http:\/\/127.0.0.1:8000\/install\/index.php?step=2",
        "HTTP_COOKIE": "io=2G6p8qMg8xwIN3JpAAAD; TawkConnectionTime=0; PHPSESSID=hcsc3m94mlr88j37gd0i4rd5nd",
        "HTTP_SEC_FETCH_DEST": "empty",
        "HTTP_SEC_FETCH_MODE": "cors",
        "HTTP_SEC_FETCH_SITE": "same-origin",
        "REQUEST_TIME_FLOAT": 1744760380.722345,
        "REQUEST_TIME": 1744760380
    }
}

{
    "time": "2025-04-16 01:43:53",
    "function": "detect_project_request",
    "method": "GET",
    "query": {
        "ajax": "1"
    },
    "server": {
        "DOCUMENT_ROOT": "R:\\Adev\\200  -  test\\adminlicence_saas\\public",
        "REMOTE_ADDR": "127.0.0.1",
        "REMOTE_PORT": "49536",
        "SERVER_SOFTWARE": "PHP 8.2.12 Development Server",
        "SERVER_PROTOCOL": "HTTP\/1.1",
        "SERVER_NAME": "127.0.0.1",
        "SERVER_PORT": "8000",
        "REQUEST_URI": "\/install\/ajax\/detect_project.php?ajax=1",
        "REQUEST_METHOD": "GET",
        "SCRIPT_NAME": "\/install\/ajax\/detect_project.php",
        "SCRIPT_FILENAME": "R:\\Adev\\200  -  test\\adminlicence_saas\\public\\install\\ajax\\detect_project.php",
        "PHP_SELF": "\/install\/ajax\/detect_project.php",
        "QUERY_STRING": "ajax=1",
        "HTTP_HOST": "127.0.0.1:8000",
        "HTTP_USER_AGENT": "Mozilla\/5.0 (Windows NT 10.0; Win64; x64; rv:137.0) Gecko\/20100101 Firefox\/137.0",
        "HTTP_ACCEPT": "application\/json, text\/javascript, *\/*; q=0.01",
        "HTTP_ACCEPT_LANGUAGE": "fr,fr-FR;q=0.8,en-US;q=0.5,en;q=0.3",
        "HTTP_ACCEPT_ENCODING": "gzip, deflate, br, zstd",
        "HTTP_X_REQUESTED_WITH": "XMLHttpRequest",
        "HTTP_DNT": "1",
        "HTTP_CONNECTION": "keep-alive",
        "HTTP_REFERER": "http:\/\/127.0.0.1:8000\/install\/index.php?step=2",
        "HTTP_COOKIE": "io=2G6p8qMg8xwIN3JpAAAD; TawkConnectionTime=0; PHPSESSID=hcsc3m94mlr88j37gd0i4rd5nd",
        "HTTP_SEC_FETCH_DEST": "empty",
        "HTTP_SEC_FETCH_MODE": "cors",
        "HTTP_SEC_FETCH_SITE": "same-origin",
        "REQUEST_TIME_FLOAT": 1744760633.884791,
        "REQUEST_TIME": 1744760633
    }
}

{
    "time": "2025-04-16 01:44:55",
    "function": "detect_project_request",
    "method": "GET",
    "query": {
        "ajax": "1"
    },
    "server": {
        "DOCUMENT_ROOT": "R:\\Adev\\200  -  test\\adminlicence_saas\\public",
        "REMOTE_ADDR": "127.0.0.1",
        "REMOTE_PORT": "49660",
        "SERVER_SOFTWARE": "PHP 8.2.12 Development Server",
        "SERVER_PROTOCOL": "HTTP\/1.1",
        "SERVER_NAME": "127.0.0.1",
        "SERVER_PORT": "8000",
        "REQUEST_URI": "\/install\/ajax\/detect_project.php?ajax=1",
        "REQUEST_METHOD": "GET",
        "SCRIPT_NAME": "\/install\/ajax\/detect_project.php",
        "SCRIPT_FILENAME": "R:\\Adev\\200  -  test\\adminlicence_saas\\public\\install\\ajax\\detect_project.php",
        "PHP_SELF": "\/install\/ajax\/detect_project.php",
        "QUERY_STRING": "ajax=1",
        "HTTP_HOST": "127.0.0.1:8000",
        "HTTP_USER_AGENT": "Mozilla\/5.0 (Windows NT 10.0; Win64; x64; rv:137.0) Gecko\/20100101 Firefox\/137.0",
        "HTTP_ACCEPT": "application\/json, text\/javascript, *\/*; q=0.01",
        "HTTP_ACCEPT_LANGUAGE": "fr,fr-FR;q=0.8,en-US;q=0.5,en;q=0.3",
        "HTTP_ACCEPT_ENCODING": "gzip, deflate, br, zstd",
        "HTTP_X_REQUESTED_WITH": "XMLHttpRequest",
        "HTTP_DNT": "1",
        "HTTP_CONNECTION": "keep-alive",
        "HTTP_REFERER": "http:\/\/127.0.0.1:8000\/install\/index.php?step=2",
        "HTTP_COOKIE": "io=2G6p8qMg8xwIN3JpAAAD; TawkConnectionTime=0; PHPSESSID=hcsc3m94mlr88j37gd0i4rd5nd",
        "HTTP_SEC_FETCH_DEST": "empty",
        "HTTP_SEC_FETCH_MODE": "cors",
        "HTTP_SEC_FETCH_SITE": "same-origin",
        "REQUEST_TIME_FLOAT": 1744760695.459405,
        "REQUEST_TIME": 1744760695
    }
}

{
    "time": "2025-04-16 01:51:45",
    "function": "detect_project_request",
    "method": "GET",
    "query": {
        "ajax": "1"
    },
    "server": {
        "DOCUMENT_ROOT": "R:\\Adev\\200  -  test\\adminlicence_saas\\public",
        "REMOTE_ADDR": "127.0.0.1",
        "REMOTE_PORT": "61263",
        "SERVER_SOFTWARE": "PHP 8.2.12 Development Server",
        "SERVER_PROTOCOL": "HTTP\/1.1",
        "SERVER_NAME": "127.0.0.1",
        "SERVER_PORT": "8000",
        "REQUEST_URI": "\/install\/ajax\/detect_project.php?ajax=1",
        "REQUEST_METHOD": "GET",
        "SCRIPT_NAME": "\/install\/ajax\/detect_project.php",
        "SCRIPT_FILENAME": "R:\\Adev\\200  -  test\\adminlicence_saas\\public\\install\\ajax\\detect_project.php",
        "PHP_SELF": "\/install\/ajax\/detect_project.php",
        "QUERY_STRING": "ajax=1",
        "HTTP_HOST": "127.0.0.1:8000",
        "HTTP_USER_AGENT": "Mozilla\/5.0 (Windows NT 10.0; Win64; x64; rv:137.0) Gecko\/20100101 Firefox\/137.0",
        "HTTP_ACCEPT": "application\/json, text\/javascript, *\/*; q=0.01",
        "HTTP_ACCEPT_LANGUAGE": "fr,fr-FR;q=0.8,en-US;q=0.5,en;q=0.3",
        "HTTP_ACCEPT_ENCODING": "gzip, deflate, br, zstd",
        "HTTP_X_REQUESTED_WITH": "XMLHttpRequest",
        "HTTP_DNT": "1",
        "HTTP_CONNECTION": "keep-alive",
        "HTTP_REFERER": "http:\/\/127.0.0.1:8000\/install\/index.php?step=2",
        "HTTP_COOKIE": "io=2G6p8qMg8xwIN3JpAAAD; TawkConnectionTime=0; PHPSESSID=hcsc3m94mlr88j37gd0i4rd5nd",
        "HTTP_SEC_FETCH_DEST": "empty",
        "HTTP_SEC_FETCH_MODE": "cors",
        "HTTP_SEC_FETCH_SITE": "same-origin",
        "REQUEST_TIME_FLOAT": 1744761105.88135,
        "REQUEST_TIME": 1744761105
    }
}

{
    "time": "2025-04-16 02:00:59",
    "function": "detect_project_request",
    "method": "GET",
    "query": {
        "ajax": "1"
    },
    "server": {
        "DOCUMENT_ROOT": "R:\\Adev\\200  -  test\\adminlicence_saas\\public",
        "REMOTE_ADDR": "127.0.0.1",
        "REMOTE_PORT": "50136",
        "SERVER_SOFTWARE": "PHP 8.2.12 Development Server",
        "SERVER_PROTOCOL": "HTTP\/1.1",
        "SERVER_NAME": "127.0.0.1",
        "SERVER_PORT": "8000",
        "REQUEST_URI": "\/install\/ajax\/detect_project.php?ajax=1",
        "REQUEST_METHOD": "GET",
        "SCRIPT_NAME": "\/install\/ajax\/detect_project.php",
        "SCRIPT_FILENAME": "R:\\Adev\\200  -  test\\adminlicence_saas\\public\\install\\ajax\\detect_project.php",
        "PHP_SELF": "\/install\/ajax\/detect_project.php",
        "QUERY_STRING": "ajax=1",
        "HTTP_HOST": "127.0.0.1:8000",
        "HTTP_USER_AGENT": "Mozilla\/5.0 (Windows NT 10.0; Win64; x64; rv:137.0) Gecko\/20100101 Firefox\/137.0",
        "HTTP_ACCEPT": "application\/json, text\/javascript, *\/*; q=0.01",
        "HTTP_ACCEPT_LANGUAGE": "fr,fr-FR;q=0.8,en-US;q=0.5,en;q=0.3",
        "HTTP_ACCEPT_ENCODING": "gzip, deflate, br, zstd",
        "HTTP_X_REQUESTED_WITH": "XMLHttpRequest",
        "HTTP_DNT": "1",
        "HTTP_CONNECTION": "keep-alive",
        "HTTP_REFERER": "http:\/\/127.0.0.1:8000\/install\/index.php?step=2",
        "HTTP_COOKIE": "io=2G6p8qMg8xwIN3JpAAAD; TawkConnectionTime=0; PHPSESSID=hcsc3m94mlr88j37gd0i4rd5nd",
        "HTTP_SEC_FETCH_DEST": "empty",
        "HTTP_SEC_FETCH_MODE": "cors",
        "HTTP_SEC_FETCH_SITE": "same-origin",
        "REQUEST_TIME_FLOAT": 1744761659.354864,
        "REQUEST_TIME": 1744761659
    }
}

{
    "time": "2025-04-16 02:06:11",
    "function": "detect_project_request",
    "method": "GET",
    "query": {
        "ajax": "1"
    },
    "server": {
        "DOCUMENT_ROOT": "R:\\Adev\\200  -  test\\adminlicence_saas\\public",
        "REMOTE_ADDR": "127.0.0.1",
        "REMOTE_PORT": "59439",
        "SERVER_SOFTWARE": "PHP 8.2.12 Development Server",
        "SERVER_PROTOCOL": "HTTP\/1.1",
        "SERVER_NAME": "127.0.0.1",
        "SERVER_PORT": "8000",
        "REQUEST_URI": "\/install\/ajax\/detect_project.php?ajax=1",
        "REQUEST_METHOD": "GET",
        "SCRIPT_NAME": "\/install\/ajax\/detect_project.php",
        "SCRIPT_FILENAME": "R:\\Adev\\200  -  test\\adminlicence_saas\\public\\install\\ajax\\detect_project.php",
        "PHP_SELF": "\/install\/ajax\/detect_project.php",
        "QUERY_STRING": "ajax=1",
        "HTTP_HOST": "127.0.0.1:8000",
        "HTTP_USER_AGENT": "Mozilla\/5.0 (Windows NT 10.0; Win64; x64; rv:137.0) Gecko\/20100101 Firefox\/137.0",
        "HTTP_ACCEPT": "application\/json, text\/javascript, *\/*; q=0.01",
        "HTTP_ACCEPT_LANGUAGE": "fr,fr-FR;q=0.8,en-US;q=0.5,en;q=0.3",
        "HTTP_ACCEPT_ENCODING": "gzip, deflate, br, zstd",
        "HTTP_X_REQUESTED_WITH": "XMLHttpRequest",
        "HTTP_DNT": "1",
        "HTTP_CONNECTION": "keep-alive",
        "HTTP_REFERER": "http:\/\/127.0.0.1:8000\/install\/index.php?step=2",
        "HTTP_COOKIE": "io=2G6p8qMg8xwIN3JpAAAD; TawkConnectionTime=0; PHPSESSID=hcsc3m94mlr88j37gd0i4rd5nd; XSRF-TOKEN=eyJpdiI6InhxWkFsNHg4cDB1QXJIcTdabVV1THc9PSIsInZhbHVlIjoid3lVOE83V3BLOWcyRVUvbVpUVERUUmY4Z2VYWkY0WTNpbFFvbXZYZWFFK04rR0tkZzU4UURhT3BaUHQyeHJrek9Oc0pQaFJuUDBlTnA0NjNiYTJRei9kVHFhOWQycFZ6Si82SFF2amoyOUVyRjUvRFNLVUlaS3BaWTZPeGxibTMiLCJtYWMiOiIyYzE0Zjg0YjY5MzcxMjc2ZDE2MjU0ODdmMmFkZmM2NjlhMjIyMzBjMDk2NDA3NWNjNWFkZGQ1ZGViZjlhOTRiIiwidGFnIjoiIn0%3D; adminlicence_session=eyJpdiI6Iml0Q0MzQU1tM1NlNm9WQmN1ZnIvN3c9PSIsInZhbHVlIjoiNzJiOUhrbTlyVWlsempRZW9Ca2lhWFBmMXIvQ3pSOElFWm9xMGt4czlLdnMzWGs5dTUyUVVZL0xCTnZqaDRxdldyUTlUTWRaZ3N0UEpyWHFDa2JhZFRlYVYvOE1Cc0F6WkNjNWdVMGYxQWRrWTBCL0JWeDI2RTRCU3U4eWpzemMiLCJtYWMiOiI5OGM2NGRjMGRiY2VmNWMwYjYxOTAyYmQ2MjU4ZjY1MDNlZjdiZTI5MzA1OTYzOTUyMzhlOWJlZTI0NDY2MjczIiwidGFnIjoiIn0%3D",
        "HTTP_SEC_FETCH_DEST": "empty",
        "HTTP_SEC_FETCH_MODE": "cors",
        "HTTP_SEC_FETCH_SITE": "same-origin",
        "REQUEST_TIME_FLOAT": 1744761971.546307,
        "REQUEST_TIME": 1744761971
    }
}

{
    "time": "2025-04-16 02:14:05",
    "function": "detect_project_request",
    "method": "GET",
    "query": {
        "ajax": "1"
    },
    "server": {
        "DOCUMENT_ROOT": "R:\\Adev\\200  -  test\\adminlicence_saas\\public",
        "REMOTE_ADDR": "127.0.0.1",
        "REMOTE_PORT": "60334",
        "SERVER_SOFTWARE": "PHP 8.2.12 Development Server",
        "SERVER_PROTOCOL": "HTTP\/1.1",
        "SERVER_NAME": "127.0.0.1",
        "SERVER_PORT": "8000",
        "REQUEST_URI": "\/install\/ajax\/detect_project.php?ajax=1",
        "REQUEST_METHOD": "GET",
        "SCRIPT_NAME": "\/install\/ajax\/detect_project.php",
        "SCRIPT_FILENAME": "R:\\Adev\\200  -  test\\adminlicence_saas\\public\\install\\ajax\\detect_project.php",
        "PHP_SELF": "\/install\/ajax\/detect_project.php",
        "QUERY_STRING": "ajax=1",
        "HTTP_HOST": "127.0.0.1:8000",
        "HTTP_USER_AGENT": "Mozilla\/5.0 (Windows NT 10.0; Win64; x64; rv:137.0) Gecko\/20100101 Firefox\/137.0",
        "HTTP_ACCEPT": "application\/json, text\/javascript, *\/*; q=0.01",
        "HTTP_ACCEPT_LANGUAGE": "fr,fr-FR;q=0.8,en-US;q=0.5,en;q=0.3",
        "HTTP_ACCEPT_ENCODING": "gzip, deflate, br, zstd",
        "HTTP_X_REQUESTED_WITH": "XMLHttpRequest",
        "HTTP_DNT": "1",
        "HTTP_CONNECTION": "keep-alive",
        "HTTP_REFERER": "http:\/\/127.0.0.1:8000\/install\/index.php?step=2",
        "HTTP_COOKIE": "io=2G6p8qMg8xwIN3JpAAAD; TawkConnectionTime=0; PHPSESSID=hcsc3m94mlr88j37gd0i4rd5nd; XSRF-TOKEN=eyJpdiI6IjF2dEhsWjFDd21EY0N3UjgyNnc3ZEE9PSIsInZhbHVlIjoicFE1aCtLd1grV2Q2c1dWRXFOMUFFZlBCbEhNUEVBbEorbUpseVZaQ1NGbkJSTSticFdQanZ6VFc0YmdERldOUDdDRnc4UmpzWEJmdE1iMjRRbnhhL1RWRVEwRHZEdVlLY1FmOFhKT2pXWmwyVHN4d0luM0xaYnF6MnllOFRjcVciLCJtYWMiOiJkNWUyYTNjZjBmNGU3ODYyYzIyNTk1MmE1NjY3ODc4ZjQ0YTgxNmFjYjFmNjc1MmMwZTI2YzBiNTNhOTg5NTQwIiwidGFnIjoiIn0%3D; adminlicence_session=eyJpdiI6IlVzTzlzaU1ZWDVBMjNiQ3VMZUhsbWc9PSIsInZhbHVlIjoiUit3elpsaFZPU0t5RWlIYzQwU2N1SlNvT2NxczR1bFEyNm9rbFBuZ0tnejNmS2RpVEJnbHBST2JKUWx4eFVxOG14ZExyeWxZUUZaQ1NmY0owTGtGbWRGQjkwZ2xmRWNneVhQY1hhM2dFUU9nZGw1bllweDk5T2Iyby9wdWpBRHUiLCJtYWMiOiI4OTBkNGUzMzFiNTAyNjZhMjcyYTZlYWU2MDE3ODc3YTU1MzhiYThjZDk2MzI2YWE4YWI3OTcyMWIxYTQxNDc2IiwidGFnIjoiIn0%3D",
        "HTTP_SEC_FETCH_DEST": "empty",
        "HTTP_SEC_FETCH_MODE": "cors",
        "HTTP_SEC_FETCH_SITE": "same-origin",
        "REQUEST_TIME_FLOAT": 1744762445.764694,
        "REQUEST_TIME": 1744762445
    }
}

{
    "time": "2025-04-16 02:18:46",
    "function": "detect_project_request",
    "method": "GET",
    "query": {
        "ajax": "1"
    },
    "server": {
        "DOCUMENT_ROOT": "R:\\Adev\\200  -  test\\adminlicence_saas\\public",
        "REMOTE_ADDR": "127.0.0.1",
        "REMOTE_PORT": "62462",
        "SERVER_SOFTWARE": "PHP 8.2.12 Development Server",
        "SERVER_PROTOCOL": "HTTP\/1.1",
        "SERVER_NAME": "127.0.0.1",
        "SERVER_PORT": "8000",
        "REQUEST_URI": "\/install\/ajax\/detect_project.php?ajax=1",
        "REQUEST_METHOD": "GET",
        "SCRIPT_NAME": "\/install\/ajax\/detect_project.php",
        "SCRIPT_FILENAME": "R:\\Adev\\200  -  test\\adminlicence_saas\\public\\install\\ajax\\detect_project.php",
        "PHP_SELF": "\/install\/ajax\/detect_project.php",
        "QUERY_STRING": "ajax=1",
        "HTTP_HOST": "127.0.0.1:8000",
        "HTTP_USER_AGENT": "Mozilla\/5.0 (Windows NT 10.0; Win64; x64; rv:137.0) Gecko\/20100101 Firefox\/137.0",
        "HTTP_ACCEPT": "application\/json, text\/javascript, *\/*; q=0.01",
        "HTTP_ACCEPT_LANGUAGE": "fr,fr-FR;q=0.8,en-US;q=0.5,en;q=0.3",
        "HTTP_ACCEPT_ENCODING": "gzip, deflate, br, zstd",
        "HTTP_X_REQUESTED_WITH": "XMLHttpRequest",
        "HTTP_DNT": "1",
        "HTTP_CONNECTION": "keep-alive",
        "HTTP_REFERER": "http:\/\/127.0.0.1:8000\/install\/index.php?step=2",
        "HTTP_COOKIE": "io=2G6p8qMg8xwIN3JpAAAD; TawkConnectionTime=0; PHPSESSID=hcsc3m94mlr88j37gd0i4rd5nd; XSRF-TOKEN=eyJpdiI6IjF2dEhsWjFDd21EY0N3UjgyNnc3ZEE9PSIsInZhbHVlIjoicFE1aCtLd1grV2Q2c1dWRXFOMUFFZlBCbEhNUEVBbEorbUpseVZaQ1NGbkJSTSticFdQanZ6VFc0YmdERldOUDdDRnc4UmpzWEJmdE1iMjRRbnhhL1RWRVEwRHZEdVlLY1FmOFhKT2pXWmwyVHN4d0luM0xaYnF6MnllOFRjcVciLCJtYWMiOiJkNWUyYTNjZjBmNGU3ODYyYzIyNTk1MmE1NjY3ODc4ZjQ0YTgxNmFjYjFmNjc1MmMwZTI2YzBiNTNhOTg5NTQwIiwidGFnIjoiIn0%3D; adminlicence_session=eyJpdiI6IlVzTzlzaU1ZWDVBMjNiQ3VMZUhsbWc9PSIsInZhbHVlIjoiUit3elpsaFZPU0t5RWlIYzQwU2N1SlNvT2NxczR1bFEyNm9rbFBuZ0tnejNmS2RpVEJnbHBST2JKUWx4eFVxOG14ZExyeWxZUUZaQ1NmY0owTGtGbWRGQjkwZ2xmRWNneVhQY1hhM2dFUU9nZGw1bllweDk5T2Iyby9wdWpBRHUiLCJtYWMiOiI4OTBkNGUzMzFiNTAyNjZhMjcyYTZlYWU2MDE3ODc3YTU1MzhiYThjZDk2MzI2YWE4YWI3OTcyMWIxYTQxNDc2IiwidGFnIjoiIn0%3D",
        "HTTP_SEC_FETCH_DEST": "empty",
        "HTTP_SEC_FETCH_MODE": "cors",
        "HTTP_SEC_FETCH_SITE": "same-origin",
        "REQUEST_TIME_FLOAT": 1744762726.985881,
        "REQUEST_TIME": 1744762726
    }
}

{
    "time": "2025-04-16 02:22:15",
    "function": "detect_project_request",
    "method": "GET",
    "query": {
        "ajax": "1"
    },
    "server": {
        "DOCUMENT_ROOT": "R:\\Adev\\200  -  test\\adminlicence_saas\\public",
        "REMOTE_ADDR": "127.0.0.1",
        "REMOTE_PORT": "62826",
        "SERVER_SOFTWARE": "PHP 8.2.12 Development Server",
        "SERVER_PROTOCOL": "HTTP\/1.1",
        "SERVER_NAME": "127.0.0.1",
        "SERVER_PORT": "8000",
        "REQUEST_URI": "\/install\/ajax\/detect_project.php?ajax=1",
        "REQUEST_METHOD": "GET",
        "SCRIPT_NAME": "\/install\/ajax\/detect_project.php",
        "SCRIPT_FILENAME": "R:\\Adev\\200  -  test\\adminlicence_saas\\public\\install\\ajax\\detect_project.php",
        "PHP_SELF": "\/install\/ajax\/detect_project.php",
        "QUERY_STRING": "ajax=1",
        "HTTP_HOST": "127.0.0.1:8000",
        "HTTP_USER_AGENT": "Mozilla\/5.0 (Windows NT 10.0; Win64; x64; rv:137.0) Gecko\/20100101 Firefox\/137.0",
        "HTTP_ACCEPT": "application\/json, text\/javascript, *\/*; q=0.01",
        "HTTP_ACCEPT_LANGUAGE": "fr,fr-FR;q=0.8,en-US;q=0.5,en;q=0.3",
        "HTTP_ACCEPT_ENCODING": "gzip, deflate, br, zstd",
        "HTTP_X_REQUESTED_WITH": "XMLHttpRequest",
        "HTTP_DNT": "1",
        "HTTP_CONNECTION": "keep-alive",
        "HTTP_REFERER": "http:\/\/127.0.0.1:8000\/install\/index.php?step=2",
        "HTTP_COOKIE": "io=2G6p8qMg8xwIN3JpAAAD; TawkConnectionTime=0; PHPSESSID=hcsc3m94mlr88j37gd0i4rd5nd; XSRF-TOKEN=eyJpdiI6IlN6Zmw4NllPMUpXMzUxQWZVNHJPOGc9PSIsInZhbHVlIjoianczZSthWklPaWFrNDVGUkZxTStVT29CVUNGNjRiN1VjL0sxNCt6VnU3b3BiejhjZGhMZHk2YjQyc1BDcG53a0E4eCtSOTFqdE50NnZidW5qd2ZoZm44dlBVVnVla1dZTEJIMllpRWdRYmFnZjBDSEdrMElkZDhUZVBnbmNqbW0iLCJtYWMiOiI5MTFlZTVkN2FmODkzM2ZmMWEyYmNjMjYzYjNlMGMzZThhY2JmMmQyNThmN2M4ODgwNmM2ZjExY2IwZTM1OWM1IiwidGFnIjoiIn0%3D; adminlicence_session=eyJpdiI6ImFlcmpzY1BYU3ljcTFBQXhhTitjL3c9PSIsInZhbHVlIjoiMG1XSGdlRGZSMW5jRHhFN0V6R3lUUjcwdmljb1QwNE1XTVlOU0lVbm5GTFNiTHk5MndpcFpaMDJLQ3hXb002SjZFRnRBclgxWVlSbnlDSSs3QVVSRm10SmhiL0FTMi80VzRUNTR5cWNhWWt4dlBDelpkbEp5UG5uNHdNWi9pbEMiLCJtYWMiOiJkY2M1ZmE3NzI3MjI5YjYxNzRlMTcyMTUwMjExMjQ5M2I5ZmY4MGExZTM5NmNjMDJhYTE4YjUxNmMxOWJjYzBiIiwidGFnIjoiIn0%3D",
        "HTTP_SEC_FETCH_DEST": "empty",
        "HTTP_SEC_FETCH_MODE": "cors",
        "HTTP_SEC_FETCH_SITE": "same-origin",
        "REQUEST_TIME_FLOAT": 1744762935.945228,
        "REQUEST_TIME": 1744762935
    }
}

{
    "time": "2025-04-16 02:26:04",
    "function": "detect_project_request",
    "method": "GET",
    "query": {
        "ajax": "1"
    },
    "server": {
        "DOCUMENT_ROOT": "R:\\Adev\\200  -  test\\adminlicence_saas\\public",
        "REMOTE_ADDR": "127.0.0.1",
        "REMOTE_PORT": "63209",
        "SERVER_SOFTWARE": "PHP 8.2.12 Development Server",
        "SERVER_PROTOCOL": "HTTP\/1.1",
        "SERVER_NAME": "127.0.0.1",
        "SERVER_PORT": "8000",
        "REQUEST_URI": "\/install\/ajax\/detect_project.php?ajax=1",
        "REQUEST_METHOD": "GET",
        "SCRIPT_NAME": "\/install\/ajax\/detect_project.php",
        "SCRIPT_FILENAME": "R:\\Adev\\200  -  test\\adminlicence_saas\\public\\install\\ajax\\detect_project.php",
        "PHP_SELF": "\/install\/ajax\/detect_project.php",
        "QUERY_STRING": "ajax=1",
        "HTTP_HOST": "127.0.0.1:8000",
        "HTTP_USER_AGENT": "Mozilla\/5.0 (Windows NT 10.0; Win64; x64; rv:137.0) Gecko\/20100101 Firefox\/137.0",
        "HTTP_ACCEPT": "application\/json, text\/javascript, *\/*; q=0.01",
        "HTTP_ACCEPT_LANGUAGE": "fr,fr-FR;q=0.8,en-US;q=0.5,en;q=0.3",
        "HTTP_ACCEPT_ENCODING": "gzip, deflate, br, zstd",
        "HTTP_X_REQUESTED_WITH": "XMLHttpRequest",
        "HTTP_DNT": "1",
        "HTTP_CONNECTION": "keep-alive",
        "HTTP_REFERER": "http:\/\/127.0.0.1:8000\/install\/index.php?step=2",
        "HTTP_COOKIE": "io=2G6p8qMg8xwIN3JpAAAD; TawkConnectionTime=0; PHPSESSID=hcsc3m94mlr88j37gd0i4rd5nd; XSRF-TOKEN=eyJpdiI6IlN6Zmw4NllPMUpXMzUxQWZVNHJPOGc9PSIsInZhbHVlIjoianczZSthWklPaWFrNDVGUkZxTStVT29CVUNGNjRiN1VjL0sxNCt6VnU3b3BiejhjZGhMZHk2YjQyc1BDcG53a0E4eCtSOTFqdE50NnZidW5qd2ZoZm44dlBVVnVla1dZTEJIMllpRWdRYmFnZjBDSEdrMElkZDhUZVBnbmNqbW0iLCJtYWMiOiI5MTFlZTVkN2FmODkzM2ZmMWEyYmNjMjYzYjNlMGMzZThhY2JmMmQyNThmN2M4ODgwNmM2ZjExY2IwZTM1OWM1IiwidGFnIjoiIn0%3D; adminlicence_session=eyJpdiI6ImFlcmpzY1BYU3ljcTFBQXhhTitjL3c9PSIsInZhbHVlIjoiMG1XSGdlRGZSMW5jRHhFN0V6R3lUUjcwdmljb1QwNE1XTVlOU0lVbm5GTFNiTHk5MndpcFpaMDJLQ3hXb002SjZFRnRBclgxWVlSbnlDSSs3QVVSRm10SmhiL0FTMi80VzRUNTR5cWNhWWt4dlBDelpkbEp5UG5uNHdNWi9pbEMiLCJtYWMiOiJkY2M1ZmE3NzI3MjI5YjYxNzRlMTcyMTUwMjExMjQ5M2I5ZmY4MGExZTM5NmNjMDJhYTE4YjUxNmMxOWJjYzBiIiwidGFnIjoiIn0%3D",
        "HTTP_SEC_FETCH_DEST": "empty",
        "HTTP_SEC_FETCH_MODE": "cors",
        "HTTP_SEC_FETCH_SITE": "same-origin",
        "REQUEST_TIME_FLOAT": 1744763164.725627,
        "REQUEST_TIME": 1744763164
    }
}

{
    "time": "2025-04-16 02:30:31",
    "function": "detect_project_request",
    "method": "GET",
    "query": {
        "ajax": "1"
    },
    "server": {
        "DOCUMENT_ROOT": "R:\\Adev\\200  -  test\\adminlicence_saas\\public",
        "REMOTE_ADDR": "127.0.0.1",
        "REMOTE_PORT": "63681",
        "SERVER_SOFTWARE": "PHP 8.2.12 Development Server",
        "SERVER_PROTOCOL": "HTTP\/1.1",
        "SERVER_NAME": "127.0.0.1",
        "SERVER_PORT": "8000",
        "REQUEST_URI": "\/install\/ajax\/detect_project.php?ajax=1",
        "REQUEST_METHOD": "GET",
        "SCRIPT_NAME": "\/install\/ajax\/detect_project.php",
        "SCRIPT_FILENAME": "R:\\Adev\\200  -  test\\adminlicence_saas\\public\\install\\ajax\\detect_project.php",
        "PHP_SELF": "\/install\/ajax\/detect_project.php",
        "QUERY_STRING": "ajax=1",
        "HTTP_HOST": "127.0.0.1:8000",
        "HTTP_USER_AGENT": "Mozilla\/5.0 (Windows NT 10.0; Win64; x64; rv:137.0) Gecko\/20100101 Firefox\/137.0",
        "HTTP_ACCEPT": "application\/json, text\/javascript, *\/*; q=0.01",
        "HTTP_ACCEPT_LANGUAGE": "fr,fr-FR;q=0.8,en-US;q=0.5,en;q=0.3",
        "HTTP_ACCEPT_ENCODING": "gzip, deflate, br, zstd",
        "HTTP_X_REQUESTED_WITH": "XMLHttpRequest",
        "HTTP_DNT": "1",
        "HTTP_CONNECTION": "keep-alive",
        "HTTP_REFERER": "http:\/\/127.0.0.1:8000\/install\/index.php?step=2",
        "HTTP_COOKIE": "io=2G6p8qMg8xwIN3JpAAAD; TawkConnectionTime=0; PHPSESSID=hcsc3m94mlr88j37gd0i4rd5nd; XSRF-TOKEN=eyJpdiI6IldFNGxLbE8yTFFHZ0FmdGRrdTlXR1E9PSIsInZhbHVlIjoiL1hnVkhPWFl0L3B1czkzWXdaQk9ZVnNySEt2UlRwbVh1eXVUOEtCbDRiUTVhUDZER2JwSjZUcVY2TXVWbXVrL1JtQTYzamJ1eVVPRFJScUdhUk5EQ01HQ21hMUFpZlE1VFpqOGVtQ1BsTmZxZ0FuWFlma01lcnF1ODJsSW53RkIiLCJtYWMiOiJiZTkzYzYyNDNmY2QyZDc2ZTc3ZjIzMDViM2MwYmJhMDUyNDZiOTgyNTM4MGZhM2E4ZWMyNDJkYzU4NzYwYjhhIiwidGFnIjoiIn0%3D; adminlicence_session=eyJpdiI6ImhRTXJ2dGdycU44MTJOb3BQd3FKN1E9PSIsInZhbHVlIjoiMlVwMW1XWDJ4SmJsWmJjNCtTTFB1emR5cTFNRkdjQ0lxTEFWZVBWd1dzanNjUTJzWVlhRDdla3pmc3RnemVDK0l4cUtWV2RRVWJsaDRMdklpNE5zT1laZlk3ZlRuSzY4cTZ5QkpSVnlpMG9ScC9FSjFNVjB2dldqTHJNTnVzbngiLCJtYWMiOiI2NGI0ODFkMDJlZTNkMGE2OGZmNjAyZDNiYTY0NzM3YTk5ZDNhNmFhM2JhMjdkZjU4YTc2YjI1YWIzNjBkMTg2IiwidGFnIjoiIn0%3D",
        "HTTP_SEC_FETCH_DEST": "empty",
        "HTTP_SEC_FETCH_MODE": "cors",
        "HTTP_SEC_FETCH_SITE": "same-origin",
        "REQUEST_TIME_FLOAT": 1744763431.920728,
        "REQUEST_TIME": 1744763431
    }
}

{
    "time": "2025-04-16 02:42:43",
    "function": "detect_project_request",
    "method": "GET",
    "query": {
        "ajax": "1"
    },
    "server": {
        "DOCUMENT_ROOT": "R:\\Adev\\200  -  test\\adminlicence_saas\\public",
        "REMOTE_ADDR": "127.0.0.1",
        "REMOTE_PORT": "64950",
        "SERVER_SOFTWARE": "PHP 8.2.12 Development Server",
        "SERVER_PROTOCOL": "HTTP\/1.1",
        "SERVER_NAME": "127.0.0.1",
        "SERVER_PORT": "8000",
        "REQUEST_URI": "\/install\/ajax\/detect_project.php?ajax=1",
        "REQUEST_METHOD": "GET",
        "SCRIPT_NAME": "\/install\/ajax\/detect_project.php",
        "SCRIPT_FILENAME": "R:\\Adev\\200  -  test\\adminlicence_saas\\public\\install\\ajax\\detect_project.php",
        "PHP_SELF": "\/install\/ajax\/detect_project.php",
        "QUERY_STRING": "ajax=1",
        "HTTP_HOST": "127.0.0.1:8000",
        "HTTP_USER_AGENT": "Mozilla\/5.0 (Windows NT 10.0; Win64; x64; rv:137.0) Gecko\/20100101 Firefox\/137.0",
        "HTTP_ACCEPT": "application\/json, text\/javascript, *\/*; q=0.01",
        "HTTP_ACCEPT_LANGUAGE": "fr,fr-FR;q=0.8,en-US;q=0.5,en;q=0.3",
        "HTTP_ACCEPT_ENCODING": "gzip, deflate, br, zstd",
        "HTTP_X_REQUESTED_WITH": "XMLHttpRequest",
        "HTTP_DNT": "1",
        "HTTP_CONNECTION": "keep-alive",
        "HTTP_REFERER": "http:\/\/127.0.0.1:8000\/install\/index.php?step=2",
        "HTTP_COOKIE": "io=2G6p8qMg8xwIN3JpAAAD; TawkConnectionTime=0; PHPSESSID=hcsc3m94mlr88j37gd0i4rd5nd; XSRF-TOKEN=eyJpdiI6IldFNGxLbE8yTFFHZ0FmdGRrdTlXR1E9PSIsInZhbHVlIjoiL1hnVkhPWFl0L3B1czkzWXdaQk9ZVnNySEt2UlRwbVh1eXVUOEtCbDRiUTVhUDZER2JwSjZUcVY2TXVWbXVrL1JtQTYzamJ1eVVPRFJScUdhUk5EQ01HQ21hMUFpZlE1VFpqOGVtQ1BsTmZxZ0FuWFlma01lcnF1ODJsSW53RkIiLCJtYWMiOiJiZTkzYzYyNDNmY2QyZDc2ZTc3ZjIzMDViM2MwYmJhMDUyNDZiOTgyNTM4MGZhM2E4ZWMyNDJkYzU4NzYwYjhhIiwidGFnIjoiIn0%3D; adminlicence_session=eyJpdiI6ImhRTXJ2dGdycU44MTJOb3BQd3FKN1E9PSIsInZhbHVlIjoiMlVwMW1XWDJ4SmJsWmJjNCtTTFB1emR5cTFNRkdjQ0lxTEFWZVBWd1dzanNjUTJzWVlhRDdla3pmc3RnemVDK0l4cUtWV2RRVWJsaDRMdklpNE5zT1laZlk3ZlRuSzY4cTZ5QkpSVnlpMG9ScC9FSjFNVjB2dldqTHJNTnVzbngiLCJtYWMiOiI2NGI0ODFkMDJlZTNkMGE2OGZmNjAyZDNiYTY0NzM3YTk5ZDNhNmFhM2JhMjdkZjU4YTc2YjI1YWIzNjBkMTg2IiwidGFnIjoiIn0%3D",
        "HTTP_SEC_FETCH_DEST": "empty",
        "HTTP_SEC_FETCH_MODE": "cors",
        "HTTP_SEC_FETCH_SITE": "same-origin",
        "REQUEST_TIME_FLOAT": 1744764163.013334,
        "REQUEST_TIME": 1744764163
    }
}

{
    "time": "2025-04-16 14:31:07",
    "function": "detect_project_request",
    "method": "GET",
    "query": {
        "ajax": "1"
    },
    "server": {
        "DOCUMENT_ROOT": "R:\\Adev\\200  -  test\\adminlicence_saas\\public",
        "REMOTE_ADDR": "127.0.0.1",
        "REMOTE_PORT": "55945",
        "SERVER_SOFTWARE": "PHP 8.2.12 Development Server",
        "SERVER_PROTOCOL": "HTTP\/1.1",
        "SERVER_NAME": "127.0.0.1",
        "SERVER_PORT": "8000",
        "REQUEST_URI": "\/install\/ajax\/detect_project.php?ajax=1",
        "REQUEST_METHOD": "GET",
        "SCRIPT_NAME": "\/install\/ajax\/detect_project.php",
        "SCRIPT_FILENAME": "R:\\Adev\\200  -  test\\adminlicence_saas\\public\\install\\ajax\\detect_project.php",
        "PHP_SELF": "\/install\/ajax\/detect_project.php",
        "QUERY_STRING": "ajax=1",
        "HTTP_HOST": "127.0.0.1:8000",
        "HTTP_USER_AGENT": "Mozilla\/5.0 (Windows NT 10.0; Win64; x64; rv:137.0) Gecko\/20100101 Firefox\/137.0",
        "HTTP_ACCEPT": "application\/json, text\/javascript, *\/*; q=0.01",
        "HTTP_ACCEPT_LANGUAGE": "fr,fr-FR;q=0.8,en-US;q=0.5,en;q=0.3",
        "HTTP_ACCEPT_ENCODING": "gzip, deflate, br, zstd",
        "HTTP_X_REQUESTED_WITH": "XMLHttpRequest",
        "HTTP_DNT": "1",
        "HTTP_CONNECTION": "keep-alive",
        "HTTP_REFERER": "http:\/\/127.0.0.1:8000\/install\/index.php?step=2",
        "HTTP_COOKIE": "io=2G6p8qMg8xwIN3JpAAAD; TawkConnectionTime=0; PHPSESSID=hcsc3m94mlr88j37gd0i4rd5nd",
        "HTTP_SEC_FETCH_DEST": "empty",
        "HTTP_SEC_FETCH_MODE": "cors",
        "HTTP_SEC_FETCH_SITE": "same-origin",
        "REQUEST_TIME_FLOAT": 1744806667.326892,
        "REQUEST_TIME": 1744806667
    }
}

{
    "time": "2025-04-16 15:40:03",
    "function": "detect_project_request",
    "method": "GET",
    "query": {
        "ajax": "1"
    },
    "server": {
        "DOCUMENT_ROOT": "R:\\Adev\\200  -  test\\adminlicence_saas\\public",
        "REMOTE_ADDR": "127.0.0.1",
        "REMOTE_PORT": "55695",
        "SERVER_SOFTWARE": "PHP 8.2.12 Development Server",
        "SERVER_PROTOCOL": "HTTP\/1.1",
        "SERVER_NAME": "127.0.0.1",
        "SERVER_PORT": "8000",
        "REQUEST_URI": "\/install\/ajax\/detect_project.php?ajax=1",
        "REQUEST_METHOD": "GET",
        "SCRIPT_NAME": "\/install\/ajax\/detect_project.php",
        "SCRIPT_FILENAME": "R:\\Adev\\200  -  test\\adminlicence_saas\\public\\install\\ajax\\detect_project.php",
        "PHP_SELF": "\/install\/ajax\/detect_project.php",
        "QUERY_STRING": "ajax=1",
        "HTTP_HOST": "127.0.0.1:8000",
        "HTTP_USER_AGENT": "Mozilla\/5.0 (Windows NT 10.0; Win64; x64; rv:137.0) Gecko\/20100101 Firefox\/137.0",
        "HTTP_ACCEPT": "application\/json, text\/javascript, *\/*; q=0.01",
        "HTTP_ACCEPT_LANGUAGE": "fr,fr-FR;q=0.8,en-US;q=0.5,en;q=0.3",
        "HTTP_ACCEPT_ENCODING": "gzip, deflate, br, zstd",
        "HTTP_X_REQUESTED_WITH": "XMLHttpRequest",
        "HTTP_DNT": "1",
        "HTTP_CONNECTION": "keep-alive",
        "HTTP_REFERER": "http:\/\/127.0.0.1:8000\/install\/index.php?step=2",
        "HTTP_COOKIE": "io=2G6p8qMg8xwIN3JpAAAD; TawkConnectionTime=0; PHPSESSID=hcsc3m94mlr88j37gd0i4rd5nd; XSRF-TOKEN=eyJpdiI6ImxmTHZocVZpSTBZOFl6cHBHYTMyYUE9PSIsInZhbHVlIjoiT0N0RktabXY0bEF2VjhBSkpqcnZxcmlOVytBMXdkVEM1NzFRRmdYUUpMV1ZtbVlidG1SNXpQR01FNEtCNHJCbXFudE52YTNKVW9iOVBjbkR5NkltQzNQWmE4T3VLbXQxWGxxRERDaVZpbllnL1B0R0hpeEx5VFNuSzYwYnZuSjAiLCJtYWMiOiI2NDViZjViZGRhZTE1YTYyMjhkMWMxMzIzNDJhZjkxNWQ3OWQ2NDIxY2VlYTVkZTdiYmY4Y2U2MGI5NjMxNDc0IiwidGFnIjoiIn0%3D; adminlicence_session=eyJpdiI6IjVQc2xUZjAzS3dnVGFhZ0hyR2ExTmc9PSIsInZhbHVlIjoieG9GY3hLTU0rVnR5LzhhejFQam5VVytCUmFIUjIwQXU5UTBiN0NRc09FOEpBblBUbU5qeHBVVnlDQm1mMXU3aFQxSjV1elladUgwT1QwbDgzeks5TTM4c1V5S2lMMXVPT1BKNzl5TTlpYzFTNVVNYWhzSmN6ajJSMlBDUE1lVDYiLCJtYWMiOiI2ZDY0Njg1Y2VkNTM4MWFlYTA0YTQ3YTQ0ODFlOTM2NmIyOWU3MTBhMmZlNmUxNGQ5ZDUxMWJlZjE5MGE0YjNjIiwidGFnIjoiIn0%3D",
        "HTTP_SEC_FETCH_DEST": "empty",
        "HTTP_SEC_FETCH_MODE": "cors",
        "HTTP_SEC_FETCH_SITE": "same-origin",
        "REQUEST_TIME_FLOAT": 1744810803.169926,
        "REQUEST_TIME": 1744810803
    }
}

