{
    "time": "2025-04-16 01:44:19",
    "function": "install_start",
    "data": {
        "install_step": 5,
        "project_root": "R:\\Adev\\200  -  test\\adminlicence_saas",
        "project_type": "laravel",
        "has_env": true,
        "has_vendor": true,
        "license_key": "TNBH-DRDK-K9JG-H4RR",
        "license_valid": true,
        "license_expiry": null,
        "license_token": "12c229290cea0243f67ff53da405c30a",
        "license_project": "",
        "db_config": {
            "host": "localhost",
            "database": "adminlicencetest",
            "username": "adminlicencetest",
            "password": "Fab@250872"
        },
        "db_tested": true,
        "admin_config": {
            "project_url": "http:\/\/127.0.0.1:8000\/",
            "email": "tally@obione.net",
            "password": "123"
        },
        "admin_saved": true
    }
}

{
    "time": "2025-04-16 01:44:19",
    "function": "database_recreated",
    "data": {
        "database": "adminlicencetest"
    }
}

{
    "time": "2025-04-16 01:44:19",
    "function": "database_connection",
    "data": {
        "success": true
    }
}

{
    "time": "2025-04-16 01:44:19",
    "function": "tables_created",
    "data": {
        "success": true,
        "output": [
            "Table created successfully",
            "Table created successfully",
            "Table created successfully",
            "Table created successfully",
            "Table created successfully",
            "Table created successfully"
        ]
    }
}

{
    "time": "2025-04-16 01:44:19",
    "function": "data_inserted",
    "data": {
        "success": true,
        "output": [
            "Default project created"
        ]
    }
}

{
    "time": "2025-04-16 01:44:19",
    "function": "admin_creation_start",
    "data": {
        "email": "tally@obione.net",
        "project_url": "http:\/\/127.0.0.1:8000\/"
    }
}

{
    "time": "2025-04-16 01:44:19",
    "function": "admin_creation_result",
    "data": {
        "success": true,
        "output": [
            "Admin user created in admins table"
        ]
    }
}

{
    "time": "2025-04-16 01:44:19",
    "function": "env_updated",
    "data": {
        "project_url": "http:\/\/127.0.0.1:8000\/"
    }
}

{
    "time": "2025-04-16 01:44:19",
    "function": "installation_completed",
    "data": {
        "success": true,
        "steps": [
            {
                "step": "migrations",
                "status": true,
                "message": "Database tables created successfully",
                "output": [
                    "Table created successfully",
                    "Table created successfully",
                    "Table created successfully",
                    "Table created successfully",
                    "Table created successfully",
                    "Table created successfully"
                ]
            },
            {
                "step": "seeders",
                "status": true,
                "message": "Initial data inserted successfully",
                "output": [
                    "Default project created"
                ]
            },
            {
                "step": "admin_creation",
                "status": true,
                "message": "Admin user created successfully",
                "output": [
                    "Admin user created in admins table"
                ]
            },
            {
                "step": "env_update",
                "status": true,
                "message": "Environment file updated with project URL",
                "output": []
            },
            {
                "step": "installation_completed",
                "status": true,
                "message": "Installation completed successfully"
            }
        ]
    }
}

{
    "time": "2025-04-16 01:45:31",
    "function": "install_start",
    "data": {
        "install_step": 5,
        "project_root": "R:\\Adev\\200  -  test\\adminlicence_saas",
        "project_type": "laravel",
        "has_env": true,
        "has_vendor": true,
        "license_key": "TNBH-DRDK-K9JG-H4RR",
        "license_valid": true,
        "license_expiry": null,
        "license_token": "634dbd480bddec0096b6963ba3cfc684",
        "license_project": "",
        "db_config": {
            "host": "localhost",
            "database": "adminlicencetest",
            "username": "adminlicencetest",
            "password": "Fab@250872"
        },
        "db_tested": true,
        "admin_config": {
            "project_url": "http:\/\/127.0.0.1:8000\/",
            "email": "tally@obione.net",
            "password": "123456"
        },
        "admin_saved": true
    }
}

{
    "time": "2025-04-16 01:45:31",
    "function": "database_recreated",
    "data": {
        "database": "adminlicencetest"
    }
}

{
    "time": "2025-04-16 01:45:31",
    "function": "database_connection",
    "data": {
        "success": true
    }
}

{
    "time": "2025-04-16 01:45:31",
    "function": "tables_created",
    "data": {
        "success": true,
        "output": [
            "Table created successfully",
            "Table created successfully",
            "Table created successfully",
            "Table created successfully",
            "Table created successfully",
            "Table created successfully"
        ]
    }
}

{
    "time": "2025-04-16 01:45:31",
    "function": "data_inserted",
    "data": {
        "success": true,
        "output": [
            "Default project created"
        ]
    }
}

{
    "time": "2025-04-16 01:45:31",
    "function": "admin_creation_start",
    "data": {
        "email": "tally@obione.net",
        "project_url": "http:\/\/127.0.0.1:8000\/"
    }
}

{
    "time": "2025-04-16 01:45:31",
    "function": "admin_creation_result",
    "data": {
        "success": true,
        "output": [
            "Admin user created in admins table"
        ]
    }
}

{
    "time": "2025-04-16 01:45:31",
    "function": "env_updated",
    "data": {
        "project_url": "http:\/\/127.0.0.1:8000\/"
    }
}

{
    "time": "2025-04-16 01:45:31",
    "function": "installation_completed",
    "data": {
        "success": true,
        "steps": [
            {
                "step": "migrations",
                "status": true,
                "message": "Database tables created successfully",
                "output": [
                    "Table created successfully",
                    "Table created successfully",
                    "Table created successfully",
                    "Table created successfully",
                    "Table created successfully",
                    "Table created successfully"
                ]
            },
            {
                "step": "seeders",
                "status": true,
                "message": "Initial data inserted successfully",
                "output": [
                    "Default project created"
                ]
            },
            {
                "step": "admin_creation",
                "status": true,
                "message": "Admin user created successfully",
                "output": [
                    "Admin user created in admins table"
                ]
            },
            {
                "step": "env_update",
                "status": true,
                "message": "Environment file updated with project URL",
                "output": []
            },
            {
                "step": "installation_completed",
                "status": true,
                "message": "Installation completed successfully"
            }
        ]
    }
}

