{
    "time": "2025-04-16 01:51:59",
    "function": "install_start",
    "data": {
        "install_step": 5,
        "project_root": "R:\\Adev\\200  -  test\\adminlicence_saas",
        "project_type": "laravel",
        "has_env": true,
        "has_vendor": true,
        "license_key": "TNBH-DRDK-K9JG-H4RR",
        "license_valid": true,
        "license_expiry": null,
        "license_token": "234825536df721bd5d7b74c341917faa",
        "license_project": "",
        "db_config": {
            "host": "localhost",
            "database": "adminlicencetest",
            "username": "adminlicencetest",
            "password": "Fab@250872"
        },
        "db_tested": true,
        "admin_config": {
            "project_url": "http:\/\/127.0.0.1:8000\/",
            "email": "tally@obione.net",
            "password": "123"
        },
        "admin_saved": true
    }
}

{
    "time": "2025-04-16 01:51:59",
    "function": "database_recreated",
    "data": {
        "database": "adminlicencetest"
    }
}

{
    "time": "2025-04-16 01:51:59",
    "function": "database_connection",
    "data": {
        "success": true
    }
}

{
    "time": "2025-04-16 01:52:01",
    "function": "migrations_output",
    "data": {
        "stdout": "\n   INFO  Running migrations.  \n\r\n  0001_01_01_000000_create_users_table .................................................................. 76.10ms DONE\r\n  0001_01_01_000001_create_cache_table .................................................................. 20.83ms DONE\r\n  0001_01_01_000002_create_jobs_table ................................................................... 50.35ms DONE\r\n  2023_04_01_000001_create_projects_table ................................................................ 8.63ms DONE\r\n  2023_04_02_000002_create_serial_keys_table ............................................................ 43.35ms DONE\r\n  2024_01_09_000001_create_tenants_table ................................................................ 16.55ms DONE\r\n  2024_01_10_000001_create_licence_histories_table ...................................................... 62.38ms DONE\r\n  2024_01_10_000001_create_plans_table .................................................................. 23.75ms DONE\r\n  2024_01_10_000001_create_roles_and_permissions_tables ................................................ 217.96ms DONE\r\n  2024_01_10_000002_create_api_keys_table ............................................................... 39.54ms DONE\r\n  2024_01_10_000002_create_subscriptions_table .......................................................... 82.76ms DONE\r\n  2024_01_15_000001_create_mail_configs_table ............................................................ 7.44ms DONE\r\n  2024_01_17_000001_create_email_templates_table ......................................................... 6.99ms DONE\r\n  2024_03_20_create_email_variables_table ............................................................... 17.22ms DONE\r\n  2024_03_21_000000_create_admins_table .................................................................. 1.50ms FAIL\r\n\r\nIn Connection.php line 822:\r\n                                                                                                                       \r\n  SQLSTATE[42S01]: Base table or view already exists: 1050 Table 'admins' already exists (Connection: mysql, SQL: cre  \r\n  ate table `admins` (`id` bigint unsigned not null auto_increment primary key, `name` varchar(255) not null, `email`  \r\n   varchar(255) not null, `email_verified_at` timestamp null, `password` varchar(255) not null, `remember_token` varc  \r\n  har(100) null, `created_at` timestamp null, `updated_at` timestamp null) default character set utf8mb4 collate 'utf  \r\n  8mb4_unicode_ci')                                                                                                    \r\n                                                                                                                       \r\n\r\nIn Connection.php line 568:\r\n                                                                                          \r\n  SQLSTATE[42S01]: Base table or view already exists: 1050 Table 'admins' already exists  \r\n                                                                                          \r\n\r\n",
        "stderr": "",
        "return_var": 1
    }
}

{
    "time": "2025-04-16 01:52:03",
    "function": "seeders_output",
    "data": {
        "stdout": "\n   INFO  Seeding database.  \n\r\n  Database\\Seeders\\RolesAndPermissionsSeeder ................................................................. RUNNING  \r\n  Database\\Seeders\\RolesAndPermissionsSeeder ............................................................. 251 ms DONE  \r\n\r\n  Database\\Seeders\\UsersSeeder ............................................................................... RUNNING  \r\n\r\nIn Connection.php line 822:\r\n                                                                                                                       \r\n  SQLSTATE[42S02]: Base table or view not found: 1146 Table 'adminlicencetest.admin_role' doesn't exist (Connection:   \r\n  mysql, SQL: select * from `admin_role` where `admin_role`.`admin_id` = 1)                                            \r\n                                                                                                                       \r\n\r\nIn Connection.php line 404:\r\n                                                                                                         \r\n  SQLSTATE[42S02]: Base table or view not found: 1146 Table 'adminlicencetest.admin_role' doesn't exist  \r\n                                                                                                         \r\n\r\n",
        "stderr": "",
        "return_var": 1
    }
}

{
    "time": "2025-04-16 01:52:03",
    "function": "admin_creation_start",
    "data": {
        "email": "tally@obione.net",
        "project_url": "http:\/\/127.0.0.1:8000\/"
    }
}

{
    "time": "2025-04-16 01:52:03",
    "function": "admin_creation_result",
    "data": {
        "success": true,
        "output": [
            "Admin user created in admins table"
        ]
    }
}

{
    "time": "2025-04-16 01:52:03",
    "function": "env_updated",
    "data": {
        "project_url": "http:\/\/127.0.0.1:8000\/"
    }
}

{
    "time": "2025-04-16 01:52:04",
    "function": "optimize_output",
    "data": {
        "stdout": "\n   INFO  Clearing cached bootstrap files.  \n\r\n  cache ................................................................................................. 38.53ms DONE\r\n  compiled ............................................................................................... 2.91ms DONE\r\n  config ................................................................................................. 1.22ms DONE\r\n  events ................................................................................................. 0.88ms DONE\r\n  routes ................................................................................................. 0.89ms DONE\r\n  views .................................................................................................. 9.89ms DONE\r\n\r\n",
        "stderr": "",
        "return_var": 0
    }
}

{
    "time": "2025-04-16 01:52:04",
    "function": "installation_completed",
    "data": {
        "success": true,
        "steps": [
            {
                "step": "migrations",
                "status": true,
                "message": "Database migrations completed with some issues",
                "output": [
                    "\n   INFO  Running migrations.  \n\r\n  0001_01_01_000000_create_users_table .................................................................. 76.10ms DONE\r\n  0001_01_01_000001_create_cache_table .................................................................. 20.83ms DONE\r\n  0001_01_01_000002_create_jobs_table ................................................................... 50.35ms DONE\r\n  2023_04_01_000001_create_projects_table ................................................................ 8.63ms DONE\r\n  2023_04_02_000002_create_serial_keys_table ............................................................ 43.35ms DONE\r\n  2024_01_09_000001_create_tenants_table ................................................................ 16.55ms DONE\r\n  2024_01_10_000001_create_licence_histories_table ...................................................... 62.38ms DONE\r\n  2024_01_10_000001_create_plans_table .................................................................. 23.75ms DONE\r\n  2024_01_10_000001_create_roles_and_permissions_tables ................................................ 217.96ms DONE\r\n  2024_01_10_000002_create_api_keys_table ............................................................... 39.54ms DONE\r\n  2024_01_10_000002_create_subscriptions_table .......................................................... 82.76ms DONE\r\n  2024_01_15_000001_create_mail_configs_table ............................................................ 7.44ms DONE\r\n  2024_01_17_000001_create_email_templates_table ......................................................... 6.99ms DONE\r\n  2024_03_20_create_email_variables_table ............................................................... 17.22ms DONE\r\n  2024_03_21_000000_create_admins_table .................................................................. 1.50ms FAIL\r\n\r\nIn Connection.php line 822:\r\n                                                                                                                       \r\n  SQLSTATE[42S01]: Base table or view already exists: 1050 Table 'admins' already exists (Connection: mysql, SQL: cre  \r\n  ate table `admins` (`id` bigint unsigned not null auto_increment primary key, `name` varchar(255) not null, `email`  \r\n   varchar(255) not null, `email_verified_at` timestamp null, `password` varchar(255) not null, `remember_token` varc  \r\n  har(100) null, `created_at` timestamp null, `updated_at` timestamp null) default character set utf8mb4 collate 'utf  \r\n  8mb4_unicode_ci')                                                                                                    \r\n                                                                                                                       \r\n\r\nIn Connection.php line 568:\r\n                                                                                          \r\n  SQLSTATE[42S01]: Base table or view already exists: 1050 Table 'admins' already exists  \r\n                                                                                          \r\n\r\n",
                    ""
                ]
            },
            {
                "step": "seeders",
                "status": true,
                "message": "Database seeding completed with some issues",
                "output": [
                    "\n   INFO  Seeding database.  \n\r\n  Database\\Seeders\\RolesAndPermissionsSeeder ................................................................. RUNNING  \r\n  Database\\Seeders\\RolesAndPermissionsSeeder ............................................................. 251 ms DONE  \r\n\r\n  Database\\Seeders\\UsersSeeder ............................................................................... RUNNING  \r\n\r\nIn Connection.php line 822:\r\n                                                                                                                       \r\n  SQLSTATE[42S02]: Base table or view not found: 1146 Table 'adminlicencetest.admin_role' doesn't exist (Connection:   \r\n  mysql, SQL: select * from `admin_role` where `admin_role`.`admin_id` = 1)                                            \r\n                                                                                                                       \r\n\r\nIn Connection.php line 404:\r\n                                                                                                         \r\n  SQLSTATE[42S02]: Base table or view not found: 1146 Table 'adminlicencetest.admin_role' doesn't exist  \r\n                                                                                                         \r\n\r\n",
                    ""
                ]
            },
            {
                "step": "admin_creation",
                "status": true,
                "message": "Admin user created successfully",
                "output": [
                    "Admin user created in admins table"
                ]
            },
            {
                "step": "env_update",
                "status": true,
                "message": "Environment file updated with project URL",
                "output": []
            },
            {
                "step": "installation_completed",
                "status": true,
                "message": "Installation completed successfully"
            }
        ]
    }
}

{
    "time": "2025-04-16 02:01:16",
    "function": "install_start",
    "data": {
        "install_step": 5,
        "project_root": "R:\\Adev\\200  -  test\\adminlicence_saas",
        "project_type": "laravel",
        "has_env": true,
        "has_vendor": true,
        "license_key": "TNBH-DRDK-K9JG-H4RR",
        "license_valid": true,
        "license_expiry": null,
        "license_token": "07c1752a43398e5f4801323f2567302e",
        "license_project": "",
        "db_config": {
            "host": "localhost",
            "database": "adminlicencetest",
            "username": "adminlicencetest",
            "password": "Fab@250872"
        },
        "db_tested": true,
        "admin_config": {
            "project_url": "http:\/\/127.0.0.1:8000\/",
            "email": "tally@obione.net",
            "password": "123456"
        },
        "admin_saved": true
    }
}

{
    "time": "2025-04-16 02:01:16",
    "function": "database_recreated",
    "data": {
        "database": "adminlicencetest"
    }
}

{
    "time": "2025-04-16 02:01:16",
    "function": "database_connection",
    "data": {
        "success": true
    }
}

{
    "time": "2025-04-16 02:01:17",
    "function": "migrations_output",
    "data": {
        "stdout": "\n   INFO  Running migrations.  \n\r\n  0001_01_01_000000_create_users_table .................................................................. 51.13ms DONE\r\n  0001_01_01_000001_create_cache_table .................................................................. 14.29ms DONE\r\n  0001_01_01_000002_create_jobs_table ................................................................... 38.42ms DONE\r\n  2023_04_01_000001_create_projects_table ................................................................ 6.20ms DONE\r\n  2023_04_02_000002_create_serial_keys_table ............................................................ 37.86ms DONE\r\n  2024_01_09_000001_create_tenants_table ................................................................ 15.19ms DONE\r\n  2024_01_10_000001_create_licence_histories_table ...................................................... 52.76ms DONE\r\n  2024_01_10_000001_create_plans_table .................................................................. 15.73ms DONE\r\n  2024_01_10_000001_create_roles_and_permissions_tables ................................................ 157.23ms DONE\r\n  2024_01_10_000002_create_api_keys_table ............................................................... 35.71ms DONE\r\n  2024_01_10_000002_create_subscriptions_table .......................................................... 71.53ms DONE\r\n  2024_01_15_000001_create_mail_configs_table ............................................................ 6.77ms DONE\r\n  2024_01_17_000001_create_email_templates_table ......................................................... 6.44ms DONE\r\n  2024_03_20_create_email_variables_table ............................................................... 21.27ms DONE\r\n  2024_03_21_000000_create_admins_table .................................................................. 1.85ms FAIL\r\n\r\nIn Connection.php line 822:\r\n                                                                                                                       \r\n  SQLSTATE[42S01]: Base table or view already exists: 1050 Table 'admins' already exists (Connection: mysql, SQL: cre  \r\n  ate table `admins` (`id` bigint unsigned not null auto_increment primary key, `name` varchar(255) not null, `email`  \r\n   varchar(255) not null, `email_verified_at` timestamp null, `password` varchar(255) not null, `remember_token` varc  \r\n  har(100) null, `created_at` timestamp null, `updated_at` timestamp null) default character set utf8mb4 collate 'utf  \r\n  8mb4_unicode_ci')                                                                                                    \r\n                                                                                                                       \r\n\r\nIn Connection.php line 568:\r\n                                                                                          \r\n  SQLSTATE[42S01]: Base table or view already exists: 1050 Table 'admins' already exists  \r\n                                                                                          \r\n\r\n",
        "stderr": "",
        "return_var": 1
    }
}

{
    "time": "2025-04-16 02:01:18",
    "function": "seeders_output",
    "data": {
        "stdout": "\n   INFO  Seeding database.  \n\r\n  Database\\Seeders\\RolesAndPermissionsSeeder ................................................................. RUNNING  \r\n  Database\\Seeders\\RolesAndPermissionsSeeder ............................................................. 178 ms DONE  \r\n\r\n  Database\\Seeders\\UsersSeeder ............................................................................... RUNNING  \r\n\r\nIn Connection.php line 822:\r\n                                                                                                                       \r\n  SQLSTATE[42S02]: Base table or view not found: 1146 Table 'adminlicencetest.admin_role' doesn't exist (Connection:   \r\n  mysql, SQL: select * from `admin_role` where `admin_role`.`admin_id` = 1)                                            \r\n                                                                                                                       \r\n\r\nIn Connection.php line 404:\r\n                                                                                                         \r\n  SQLSTATE[42S02]: Base table or view not found: 1146 Table 'adminlicencetest.admin_role' doesn't exist  \r\n                                                                                                         \r\n\r\n",
        "stderr": "",
        "return_var": 1
    }
}

{
    "time": "2025-04-16 02:01:18",
    "function": "admin_creation_start",
    "data": {
        "email": "tally@obione.net",
        "project_url": "http:\/\/127.0.0.1:8000\/"
    }
}

{
    "time": "2025-04-16 02:01:18",
    "function": "admin_creation_result",
    "data": {
        "success": true,
        "output": [
            "Admin user created in admins table"
        ]
    }
}

{
    "time": "2025-04-16 02:01:18",
    "function": "env_updated",
    "data": {
        "project_url": "http:\/\/127.0.0.1:8000\/"
    }
}

{
    "time": "2025-04-16 02:01:19",
    "function": "optimize_output",
    "data": {
        "stdout": "\n   INFO  Clearing cached bootstrap files.  \n\r\n  cache ................................................................................................. 33.96ms DONE\r\n  compiled ............................................................................................... 3.46ms DONE\r\n  config ................................................................................................. 1.04ms DONE\r\n  events ................................................................................................. 0.79ms DONE\r\n  routes ................................................................................................. 0.79ms DONE\r\n  views ................................................................................................. 10.14ms DONE\r\n\r\n",
        "stderr": "",
        "return_var": 0
    }
}

{
    "time": "2025-04-16 02:01:19",
    "function": "installation_completed",
    "data": {
        "success": true,
        "steps": [
            {
                "step": "migrations",
                "status": true,
                "message": "Database migrations completed with some issues",
                "output": [
                    "\n   INFO  Running migrations.  \n\r\n  0001_01_01_000000_create_users_table .................................................................. 51.13ms DONE\r\n  0001_01_01_000001_create_cache_table .................................................................. 14.29ms DONE\r\n  0001_01_01_000002_create_jobs_table ................................................................... 38.42ms DONE\r\n  2023_04_01_000001_create_projects_table ................................................................ 6.20ms DONE\r\n  2023_04_02_000002_create_serial_keys_table ............................................................ 37.86ms DONE\r\n  2024_01_09_000001_create_tenants_table ................................................................ 15.19ms DONE\r\n  2024_01_10_000001_create_licence_histories_table ...................................................... 52.76ms DONE\r\n  2024_01_10_000001_create_plans_table .................................................................. 15.73ms DONE\r\n  2024_01_10_000001_create_roles_and_permissions_tables ................................................ 157.23ms DONE\r\n  2024_01_10_000002_create_api_keys_table ............................................................... 35.71ms DONE\r\n  2024_01_10_000002_create_subscriptions_table .......................................................... 71.53ms DONE\r\n  2024_01_15_000001_create_mail_configs_table ............................................................ 6.77ms DONE\r\n  2024_01_17_000001_create_email_templates_table ......................................................... 6.44ms DONE\r\n  2024_03_20_create_email_variables_table ............................................................... 21.27ms DONE\r\n  2024_03_21_000000_create_admins_table .................................................................. 1.85ms FAIL\r\n\r\nIn Connection.php line 822:\r\n                                                                                                                       \r\n  SQLSTATE[42S01]: Base table or view already exists: 1050 Table 'admins' already exists (Connection: mysql, SQL: cre  \r\n  ate table `admins` (`id` bigint unsigned not null auto_increment primary key, `name` varchar(255) not null, `email`  \r\n   varchar(255) not null, `email_verified_at` timestamp null, `password` varchar(255) not null, `remember_token` varc  \r\n  har(100) null, `created_at` timestamp null, `updated_at` timestamp null) default character set utf8mb4 collate 'utf  \r\n  8mb4_unicode_ci')                                                                                                    \r\n                                                                                                                       \r\n\r\nIn Connection.php line 568:\r\n                                                                                          \r\n  SQLSTATE[42S01]: Base table or view already exists: 1050 Table 'admins' already exists  \r\n                                                                                          \r\n\r\n",
                    ""
                ]
            },
            {
                "step": "seeders",
                "status": true,
                "message": "Database seeding completed with some issues",
                "output": [
                    "\n   INFO  Seeding database.  \n\r\n  Database\\Seeders\\RolesAndPermissionsSeeder ................................................................. RUNNING  \r\n  Database\\Seeders\\RolesAndPermissionsSeeder ............................................................. 178 ms DONE  \r\n\r\n  Database\\Seeders\\UsersSeeder ............................................................................... RUNNING  \r\n\r\nIn Connection.php line 822:\r\n                                                                                                                       \r\n  SQLSTATE[42S02]: Base table or view not found: 1146 Table 'adminlicencetest.admin_role' doesn't exist (Connection:   \r\n  mysql, SQL: select * from `admin_role` where `admin_role`.`admin_id` = 1)                                            \r\n                                                                                                                       \r\n\r\nIn Connection.php line 404:\r\n                                                                                                         \r\n  SQLSTATE[42S02]: Base table or view not found: 1146 Table 'adminlicencetest.admin_role' doesn't exist  \r\n                                                                                                         \r\n\r\n",
                    ""
                ]
            },
            {
                "step": "admin_creation",
                "status": true,
                "message": "Admin user created successfully",
                "output": [
                    "Admin user created in admins table"
                ]
            },
            {
                "step": "env_update",
                "status": true,
                "message": "Environment file updated with project URL",
                "output": []
            },
            {
                "step": "installation_completed",
                "status": true,
                "message": "Installation completed successfully"
            }
        ]
    }
}

