{
    "time": "2025-04-15 22:05:13",
    "function": "install_start",
    "data": {
        "install_step": 5,
        "project_root": "R:\\Adev\\200  -  test\\adminlicence_saas",
        "project_type": "laravel",
        "has_env": true,
        "has_vendor": true,
        "license_key": "TNBH-DRDK-K9JG-H4RR",
        "license_valid": true,
        "license_expiry": null,
        "license_token": "5b845344aa0f0a1735b6cc4f4a045d32",
        "license_project": "",
        "db_config": {
            "host": "localhost",
            "database": "adminlicencetest",
            "username": "adminlicencetest",
            "password": "Fab@250872"
        },
        "db_tested": true,
        "admin_config": {
            "project_url": "http:\/\/127.0.0.1:8000\/",
            "email": "tally@obione.net",
            "password": "123456"
        },
        "admin_saved": true
    }
}

{
    "time": "2025-04-15 22:05:13",
    "function": "migrations_start",
    "data": {
        "project_root": "R:\\Adev\\200  -  test\\adminlicence_saas"
    }
}

{
    "time": "2025-04-15 22:05:14",
    "function": "migrations_result",
    "data": {
        "success": false,
        "output": [
            "STDOUT: \n   INFO  Running migrations.  \n\r\n  2025_04_11_223351_create_cache_table .................................................................. 15.48ms FAIL\r\n\r\nIn Connection.php line 822:\r\n                                                                                                                       \r\n  SQLSTATE[42S01]: Base table or view already exists: 1050 Table 'cache' already exists (Connection: mysql, SQL: crea  \r\n  te table `cache` (`id` bigint unsigned not null auto_increment primary key, `created_at` timestamp null, `updated_a  \r\n  t` timestamp null) default character set utf8mb4 collate 'utf8mb4_unicode_ci')                                       \r\n                                                                                                                       \r\n\r\nIn Connection.php line 568:\r\n                                                                                         \r\n  SQLSTATE[42S01]: Base table or view already exists: 1050 Table 'cache' already exists  \r\n                                                                                         \r\n\r\n"
        ],
        "return_code": 1
    }
}

{
    "time": "2025-04-15 22:05:14",
    "function": "admin_creation_start",
    "data": {
        "email": "tally@obione.net",
        "project_url": "http:\/\/127.0.0.1:8000\/"
    }
}

{
    "time": "2025-04-15 22:05:15",
    "function": "admin_creation_result",
    "data": {
        "success": false,
        "output": [
            "STDOUT: \r\nIn ParseErrorException.php line 44:\r\n                                                                                        \r\n  PHP Parse error: Syntax error, unexpected '@', expecting ',' or ']' or ')' on line 1  \r\n                                                                                        \r\n\r\n"
        ],
        "return_code": 1
    }
}

{
    "time": "2025-04-15 22:05:15",
    "function": "installation_completed",
    "data": {
        "success": false,
        "steps": [
            {
                "step": "migrations",
                "status": false,
                "message": "Failed to run migrations",
                "output": [
                    "STDOUT: \n   INFO  Running migrations.  \n\r\n  2025_04_11_223351_create_cache_table .................................................................. 15.48ms FAIL\r\n\r\nIn Connection.php line 822:\r\n                                                                                                                       \r\n  SQLSTATE[42S01]: Base table or view already exists: 1050 Table 'cache' already exists (Connection: mysql, SQL: crea  \r\n  te table `cache` (`id` bigint unsigned not null auto_increment primary key, `created_at` timestamp null, `updated_a  \r\n  t` timestamp null) default character set utf8mb4 collate 'utf8mb4_unicode_ci')                                       \r\n                                                                                                                       \r\n\r\nIn Connection.php line 568:\r\n                                                                                         \r\n  SQLSTATE[42S01]: Base table or view already exists: 1050 Table 'cache' already exists  \r\n                                                                                         \r\n\r\n"
                ]
            },
            {
                "step": "admin_creation",
                "status": false,
                "message": "Failed to create admin user",
                "output": [
                    "STDOUT: \r\nIn ParseErrorException.php line 44:\r\n                                                                                        \r\n  PHP Parse error: Syntax error, unexpected '@', expecting ',' or ']' or ')' on line 1  \r\n                                                                                        \r\n\r\n"
                ]
            },
            {
                "step": "installation_completed",
                "status": true,
                "message": "Installation marked as complete"
            }
        ]
    }
}

{
    "time": "2025-04-15 22:06:02",
    "function": "install_start",
    "data": {
        "install_step": 5,
        "project_root": "R:\\Adev\\200  -  test\\adminlicence_saas",
        "project_type": "laravel",
        "has_env": true,
        "has_vendor": true,
        "license_key": "TNBH-DRDK-K9JG-H4RR",
        "license_valid": true,
        "license_expiry": null,
        "license_token": "5b845344aa0f0a1735b6cc4f4a045d32",
        "license_project": "",
        "db_config": {
            "host": "localhost",
            "database": "adminlicencetest",
            "username": "adminlicencetest",
            "password": "Fab@250872"
        },
        "db_tested": true,
        "admin_config": {
            "project_url": "http:\/\/127.0.0.1:8000\/",
            "email": "tally@obione.net",
            "password": "123456"
        },
        "admin_saved": true
    }
}

{
    "time": "2025-04-15 22:06:02",
    "function": "migrations_start",
    "data": {
        "project_root": "R:\\Adev\\200  -  test\\adminlicence_saas"
    }
}

{
    "time": "2025-04-15 22:06:03",
    "function": "migrations_result",
    "data": {
        "success": false,
        "output": [
            "STDOUT: \n   INFO  Running migrations.  \n\r\n  2025_04_11_223351_create_cache_table ................................................................... 4.43ms FAIL\r\n\r\nIn Connection.php line 822:\r\n                                                                                                                       \r\n  SQLSTATE[42S01]: Base table or view already exists: 1050 Table 'cache' already exists (Connection: mysql, SQL: crea  \r\n  te table `cache` (`id` bigint unsigned not null auto_increment primary key, `created_at` timestamp null, `updated_a  \r\n  t` timestamp null) default character set utf8mb4 collate 'utf8mb4_unicode_ci')                                       \r\n                                                                                                                       \r\n\r\nIn Connection.php line 568:\r\n                                                                                         \r\n  SQLSTATE[42S01]: Base table or view already exists: 1050 Table 'cache' already exists  \r\n                                                                                         \r\n\r\n"
        ],
        "return_code": 1
    }
}

{
    "time": "2025-04-15 22:06:03",
    "function": "admin_creation_start",
    "data": {
        "email": "tally@obione.net",
        "project_url": "http:\/\/127.0.0.1:8000\/"
    }
}

{
    "time": "2025-04-15 22:06:04",
    "function": "admin_creation_result",
    "data": {
        "success": false,
        "output": [
            "STDOUT: \r\nIn ParseErrorException.php line 44:\r\n                                                                                        \r\n  PHP Parse error: Syntax error, unexpected '@', expecting ',' or ']' or ')' on line 1  \r\n                                                                                        \r\n\r\n"
        ],
        "return_code": 1
    }
}

{
    "time": "2025-04-15 22:06:04",
    "function": "installation_completed",
    "data": {
        "success": false,
        "steps": [
            {
                "step": "migrations",
                "status": false,
                "message": "Failed to run migrations",
                "output": [
                    "STDOUT: \n   INFO  Running migrations.  \n\r\n  2025_04_11_223351_create_cache_table ................................................................... 4.43ms FAIL\r\n\r\nIn Connection.php line 822:\r\n                                                                                                                       \r\n  SQLSTATE[42S01]: Base table or view already exists: 1050 Table 'cache' already exists (Connection: mysql, SQL: crea  \r\n  te table `cache` (`id` bigint unsigned not null auto_increment primary key, `created_at` timestamp null, `updated_a  \r\n  t` timestamp null) default character set utf8mb4 collate 'utf8mb4_unicode_ci')                                       \r\n                                                                                                                       \r\n\r\nIn Connection.php line 568:\r\n                                                                                         \r\n  SQLSTATE[42S01]: Base table or view already exists: 1050 Table 'cache' already exists  \r\n                                                                                         \r\n\r\n"
                ]
            },
            {
                "step": "admin_creation",
                "status": false,
                "message": "Failed to create admin user",
                "output": [
                    "STDOUT: \r\nIn ParseErrorException.php line 44:\r\n                                                                                        \r\n  PHP Parse error: Syntax error, unexpected '@', expecting ',' or ']' or ')' on line 1  \r\n                                                                                        \r\n\r\n"
                ]
            },
            {
                "step": "installation_completed",
                "status": true,
                "message": "Installation marked as complete"
            }
        ]
    }
}

{
    "time": "2025-04-15 22:08:19",
    "function": "install_start",
    "data": {
        "install_step": 5,
        "project_root": "R:\\Adev\\200  -  test\\adminlicence_saas",
        "project_type": "laravel",
        "has_env": true,
        "has_vendor": true,
        "license_key": "TNBH-DRDK-K9JG-H4RR",
        "license_valid": true,
        "license_expiry": null,
        "license_token": "2449a11c8906c8e93a50430d8c1b626d",
        "license_project": "",
        "db_config": {
            "host": "localhost",
            "database": "adminlicencetest",
            "username": "adminlicencetest",
            "password": "Fab@250872"
        },
        "db_tested": true,
        "admin_config": {
            "project_url": "http:\/\/127.0.0.1:8000\/",
            "email": "tally@obione.net",
            "password": "123456"
        },
        "admin_saved": true
    }
}

{
    "time": "2025-04-15 22:08:19",
    "function": "migrations_start",
    "data": {
        "project_root": "R:\\Adev\\200  -  test\\adminlicence_saas"
    }
}

{
    "time": "2025-04-15 22:08:20",
    "function": "migrations_result",
    "data": {
        "success": false,
        "output": [
            "STDOUT: \n   INFO  Running migrations.  \n\r\n  2025_04_11_223351_create_cache_table ................................................................... 3.56ms FAIL\r\n\r\nIn Connection.php line 822:\r\n                                                                                                                       \r\n  SQLSTATE[42S01]: Base table or view already exists: 1050 Table 'cache' already exists (Connection: mysql, SQL: crea  \r\n  te table `cache` (`id` bigint unsigned not null auto_increment primary key, `created_at` timestamp null, `updated_a  \r\n  t` timestamp null) default character set utf8mb4 collate 'utf8mb4_unicode_ci')                                       \r\n                                                                                                                       \r\n\r\nIn Connection.php line 568:\r\n                                                                                         \r\n  SQLSTATE[42S01]: Base table or view already exists: 1050 Table 'cache' already exists  \r\n                                                                                         \r\n\r\n"
        ],
        "return_code": 1
    }
}

{
    "time": "2025-04-15 22:08:20",
    "function": "admin_creation_start",
    "data": {
        "email": "tally@obione.net",
        "project_url": "http:\/\/127.0.0.1:8000\/"
    }
}

{
    "time": "2025-04-15 22:08:21",
    "function": "admin_creation_result",
    "data": {
        "success": false,
        "output": [
            "STDOUT: \r\nIn ParseErrorException.php line 44:\r\n                                                                                        \r\n  PHP Parse error: Syntax error, unexpected '@', expecting ',' or ']' or ')' on line 1  \r\n                                                                                        \r\n\r\n"
        ],
        "return_code": 1
    }
}

{
    "time": "2025-04-15 22:08:21",
    "function": "installation_completed",
    "data": {
        "success": false,
        "steps": [
            {
                "step": "migrations",
                "status": false,
                "message": "Failed to run migrations",
                "output": [
                    "STDOUT: \n   INFO  Running migrations.  \n\r\n  2025_04_11_223351_create_cache_table ................................................................... 3.56ms FAIL\r\n\r\nIn Connection.php line 822:\r\n                                                                                                                       \r\n  SQLSTATE[42S01]: Base table or view already exists: 1050 Table 'cache' already exists (Connection: mysql, SQL: crea  \r\n  te table `cache` (`id` bigint unsigned not null auto_increment primary key, `created_at` timestamp null, `updated_a  \r\n  t` timestamp null) default character set utf8mb4 collate 'utf8mb4_unicode_ci')                                       \r\n                                                                                                                       \r\n\r\nIn Connection.php line 568:\r\n                                                                                         \r\n  SQLSTATE[42S01]: Base table or view already exists: 1050 Table 'cache' already exists  \r\n                                                                                         \r\n\r\n"
                ]
            },
            {
                "step": "admin_creation",
                "status": false,
                "message": "Failed to create admin user",
                "output": [
                    "STDOUT: \r\nIn ParseErrorException.php line 44:\r\n                                                                                        \r\n  PHP Parse error: Syntax error, unexpected '@', expecting ',' or ']' or ')' on line 1  \r\n                                                                                        \r\n\r\n"
                ]
            },
            {
                "step": "installation_completed",
                "status": true,
                "message": "Installation marked as complete"
            }
        ]
    }
}

{
    "time": "2025-04-15 22:09:43",
    "function": "install_start",
    "data": {
        "install_step": 5,
        "project_root": "R:\\Adev\\200  -  test\\adminlicence_saas",
        "project_type": "laravel",
        "has_env": true,
        "has_vendor": true,
        "license_key": "TNBH-DRDK-K9JG-H4RR",
        "license_valid": true,
        "license_expiry": null,
        "license_token": "2449a11c8906c8e93a50430d8c1b626d",
        "license_project": "",
        "db_config": {
            "host": "localhost",
            "database": "adminlicencetest",
            "username": "adminlicencetest",
            "password": "Fab@250872"
        },
        "db_tested": true,
        "admin_config": {
            "project_url": "http:\/\/127.0.0.1:8000\/",
            "email": "tally@obione.net",
            "password": "123456"
        },
        "admin_saved": true
    }
}

{
    "time": "2025-04-15 22:09:43",
    "function": "migrations_start",
    "data": {
        "project_root": "R:\\Adev\\200  -  test\\adminlicence_saas"
    }
}

{
    "time": "2025-04-15 22:09:44",
    "function": "migrations_result",
    "data": {
        "success": false,
        "output": [
            "STDOUT: \n   INFO  Running migrations.  \n\r\n  2025_04_11_223351_create_cache_table ................................................................... 5.66ms FAIL\r\n\r\nIn Connection.php line 822:\r\n                                                                                                                       \r\n  SQLSTATE[42S01]: Base table or view already exists: 1050 Table 'cache' already exists (Connection: mysql, SQL: crea  \r\n  te table `cache` (`id` bigint unsigned not null auto_increment primary key, `created_at` timestamp null, `updated_a  \r\n  t` timestamp null) default character set utf8mb4 collate 'utf8mb4_unicode_ci')                                       \r\n                                                                                                                       \r\n\r\nIn Connection.php line 568:\r\n                                                                                         \r\n  SQLSTATE[42S01]: Base table or view already exists: 1050 Table 'cache' already exists  \r\n                                                                                         \r\n\r\n"
        ],
        "return_code": 1
    }
}

{
    "time": "2025-04-15 22:09:44",
    "function": "admin_creation_start",
    "data": {
        "email": "tally@obione.net",
        "project_url": "http:\/\/127.0.0.1:8000\/"
    }
}

{
    "time": "2025-04-15 22:09:45",
    "function": "admin_creation_result",
    "data": {
        "success": false,
        "output": [
            "STDOUT: \r\nIn ParseErrorException.php line 44:\r\n                                                                                        \r\n  PHP Parse error: Syntax error, unexpected '@', expecting ',' or ']' or ')' on line 1  \r\n                                                                                        \r\n\r\n"
        ],
        "return_code": 1
    }
}

{
    "time": "2025-04-15 22:09:45",
    "function": "installation_completed",
    "data": {
        "success": false,
        "steps": [
            {
                "step": "migrations",
                "status": false,
                "message": "Failed to run migrations",
                "output": [
                    "STDOUT: \n   INFO  Running migrations.  \n\r\n  2025_04_11_223351_create_cache_table ................................................................... 5.66ms FAIL\r\n\r\nIn Connection.php line 822:\r\n                                                                                                                       \r\n  SQLSTATE[42S01]: Base table or view already exists: 1050 Table 'cache' already exists (Connection: mysql, SQL: crea  \r\n  te table `cache` (`id` bigint unsigned not null auto_increment primary key, `created_at` timestamp null, `updated_a  \r\n  t` timestamp null) default character set utf8mb4 collate 'utf8mb4_unicode_ci')                                       \r\n                                                                                                                       \r\n\r\nIn Connection.php line 568:\r\n                                                                                         \r\n  SQLSTATE[42S01]: Base table or view already exists: 1050 Table 'cache' already exists  \r\n                                                                                         \r\n\r\n"
                ]
            },
            {
                "step": "admin_creation",
                "status": false,
                "message": "Failed to create admin user",
                "output": [
                    "STDOUT: \r\nIn ParseErrorException.php line 44:\r\n                                                                                        \r\n  PHP Parse error: Syntax error, unexpected '@', expecting ',' or ']' or ')' on line 1  \r\n                                                                                        \r\n\r\n"
                ]
            },
            {
                "step": "installation_completed",
                "status": true,
                "message": "Installation marked as complete"
            }
        ]
    }
}

{
    "time": "2025-04-15 22:09:52",
    "function": "install_start",
    "data": {
        "install_step": 5,
        "project_root": "R:\\Adev\\200  -  test\\adminlicence_saas",
        "project_type": "laravel",
        "has_env": true,
        "has_vendor": true,
        "license_key": "TNBH-DRDK-K9JG-H4RR",
        "license_valid": true,
        "license_expiry": null,
        "license_token": "2449a11c8906c8e93a50430d8c1b626d",
        "license_project": "",
        "db_config": {
            "host": "localhost",
            "database": "adminlicencetest",
            "username": "adminlicencetest",
            "password": "Fab@250872"
        },
        "db_tested": true,
        "admin_config": {
            "project_url": "http:\/\/127.0.0.1:8000\/",
            "email": "tally@obione.net",
            "password": "123456"
        },
        "admin_saved": true
    }
}

{
    "time": "2025-04-15 22:09:52",
    "function": "migrations_start",
    "data": {
        "project_root": "R:\\Adev\\200  -  test\\adminlicence_saas"
    }
}

{
    "time": "2025-04-15 22:09:53",
    "function": "migrations_result",
    "data": {
        "success": false,
        "output": [
            "STDOUT: \n   INFO  Running migrations.  \n\r\n  2025_04_11_223351_create_cache_table ................................................................... 5.18ms FAIL\r\n\r\nIn Connection.php line 822:\r\n                                                                                                                       \r\n  SQLSTATE[42S01]: Base table or view already exists: 1050 Table 'cache' already exists (Connection: mysql, SQL: crea  \r\n  te table `cache` (`id` bigint unsigned not null auto_increment primary key, `created_at` timestamp null, `updated_a  \r\n  t` timestamp null) default character set utf8mb4 collate 'utf8mb4_unicode_ci')                                       \r\n                                                                                                                       \r\n\r\nIn Connection.php line 568:\r\n                                                                                         \r\n  SQLSTATE[42S01]: Base table or view already exists: 1050 Table 'cache' already exists  \r\n                                                                                         \r\n\r\n"
        ],
        "return_code": 1
    }
}

{
    "time": "2025-04-15 22:09:53",
    "function": "admin_creation_start",
    "data": {
        "email": "tally@obione.net",
        "project_url": "http:\/\/127.0.0.1:8000\/"
    }
}

{
    "time": "2025-04-15 22:09:54",
    "function": "admin_creation_result",
    "data": {
        "success": false,
        "output": [
            "STDOUT: \r\nIn ParseErrorException.php line 44:\r\n                                                                                        \r\n  PHP Parse error: Syntax error, unexpected '@', expecting ',' or ']' or ')' on line 1  \r\n                                                                                        \r\n\r\n"
        ],
        "return_code": 1
    }
}

{
    "time": "2025-04-15 22:09:54",
    "function": "installation_completed",
    "data": {
        "success": false,
        "steps": [
            {
                "step": "migrations",
                "status": false,
                "message": "Failed to run migrations",
                "output": [
                    "STDOUT: \n   INFO  Running migrations.  \n\r\n  2025_04_11_223351_create_cache_table ................................................................... 5.18ms FAIL\r\n\r\nIn Connection.php line 822:\r\n                                                                                                                       \r\n  SQLSTATE[42S01]: Base table or view already exists: 1050 Table 'cache' already exists (Connection: mysql, SQL: crea  \r\n  te table `cache` (`id` bigint unsigned not null auto_increment primary key, `created_at` timestamp null, `updated_a  \r\n  t` timestamp null) default character set utf8mb4 collate 'utf8mb4_unicode_ci')                                       \r\n                                                                                                                       \r\n\r\nIn Connection.php line 568:\r\n                                                                                         \r\n  SQLSTATE[42S01]: Base table or view already exists: 1050 Table 'cache' already exists  \r\n                                                                                         \r\n\r\n"
                ]
            },
            {
                "step": "admin_creation",
                "status": false,
                "message": "Failed to create admin user",
                "output": [
                    "STDOUT: \r\nIn ParseErrorException.php line 44:\r\n                                                                                        \r\n  PHP Parse error: Syntax error, unexpected '@', expecting ',' or ']' or ')' on line 1  \r\n                                                                                        \r\n\r\n"
                ]
            },
            {
                "step": "installation_completed",
                "status": true,
                "message": "Installation marked as complete"
            }
        ]
    }
}

