{
    "time": "2025-04-15 21:27:48",
    "function": "install",
    "session": {
        "installer_language": "fr",
        "install_step": 5,
        "license_key": "MEST-FM7A-BLGA-KLKP",
        "license_valid": true,
        "license_expiry": null,
        "license_token": "da9b7100c65fa504e022f9793ee6b214",
        "license_project": "",
        "project_root": "R:\\Adev\\200  -  test\\adminlicence_saas",
        "project_type": "laravel",
        "has_env": true,
        "has_vendor": true,
        "env_created": true,
        "db_config": {
            "host": "localhost",
            "database": "adminlicencetest",
            "username": "adminlicencetest",
            "password": "Fab@250872"
        },
        "db_tested": true,
        "admin_config": {
            "project_url": "http:\/\/127.0.0.1:8000\\",
            "email": "tally@obione.net",
            "password": "Fab@250872"
        },
        "admin_saved": true
    }
}

{
    "time": "2025-04-15 21:36:21",
    "function": "install",
    "session": {
        "installer_language": "fr",
        "install_step": 5,
        "license_key": "MEST-FM7A-BLGA-KLKP",
        "license_valid": true,
        "license_expiry": null,
        "license_token": "7dab5142b4a5464c848b473f8ff40071",
        "license_project": "",
        "project_root": "R:\\Adev\\200  -  test\\adminlicence_saas",
        "project_type": "laravel",
        "has_env": true,
        "has_vendor": true,
        "env_created": true,
        "db_config": {
            "host": "localhost",
            "database": "adminlicencetest",
            "username": "adminlicencetest",
            "password": "Fab@250872"
        },
        "db_tested": true,
        "admin_config": {
            "project_url": "http:\/\/127.0.0.1:8000\\",
            "email": "tally@obione.net",
            "password": "123456"
        },
        "admin_saved": true
    }
}

{
    "time": "2025-04-15 21:43:24",
    "function": "install",
    "session": {
        "installer_language": "fr",
        "install_step": 5,
        "license_key": "MEST-FM7A-BLGA-KLKP",
        "license_valid": true,
        "license_expiry": null,
        "license_token": "d6872c0536918088f731af6a25be1002",
        "license_project": "",
        "project_root": "R:\\Adev\\200  -  test\\adminlicence_saas",
        "project_type": "laravel",
        "has_env": true,
        "has_vendor": true,
        "env_created": true,
        "db_config": {
            "host": "localhost",
            "database": "adminlicencetest",
            "username": "adminlicencetest",
            "password": "Fab@250872"
        },
        "db_tested": true,
        "admin_config": {
            "project_url": "http:\/\/127.0.0.1:8000\/",
            "email": "tally@obione.net",
            "password": "123456"
        },
        "admin_saved": true
    }
}

{
    "time": "2025-04-15 21:48:37",
    "function": "install",
    "session": {
        "installer_language": "fr",
        "install_step": 5,
        "license_key": "MEST-FM7A-BLGA-KLKP",
        "license_valid": true,
        "license_expiry": null,
        "license_token": "3c22513c4107db20f8ff64864c941cef",
        "license_project": "",
        "project_root": "R:\\Adev\\200  -  test\\adminlicence_saas",
        "project_type": "laravel",
        "has_env": true,
        "has_vendor": true,
        "env_created": true,
        "db_config": {
            "host": "localhost",
            "database": "adminlicencetest",
            "username": "adminlicencetest",
            "password": "Fab@250872"
        },
        "db_tested": true,
        "admin_config": {
            "project_url": "http:\/\/127.0.0.1:8000\/",
            "email": "tally@obione.net",
            "password": "123456"
        },
        "admin_saved": true
    }
}

{
    "time": "2025-04-15 21:51:47",
    "function": "install",
    "session": {
        "installer_language": "fr",
        "install_step": 5,
        "license_key": "MEST-FM7A-BLGA-KLKP",
        "license_valid": true,
        "license_expiry": null,
        "license_token": "082557df540e39f5c41b0d0255e2671e",
        "license_project": "",
        "project_root": "R:\\Adev\\200  -  test\\adminlicence_saas",
        "project_type": "laravel",
        "has_env": true,
        "has_vendor": true,
        "env_created": true,
        "db_config": {
            "host": "localhost",
            "database": "adminlicencetest",
            "username": "adminlicencetest",
            "password": "Fab@250872"
        },
        "db_tested": true,
        "admin_config": {
            "project_url": "http:\/\/127.0.0.1:8000\/",
            "email": "tally@obione.net",
            "password": "123456"
        },
        "admin_saved": true
    }
}

{
    "time": "2025-04-15 21:54:18",
    "function": "install",
    "session": {
        "install_step": 5,
        "project_root": "R:\\Adev\\200  -  test\\adminlicence_saas",
        "project_type": "laravel",
        "has_env": true,
        "has_vendor": true,
        "license_key": "TNBH-DRDK-K9JG-H4RR",
        "license_valid": true,
        "license_expiry": null,
        "license_token": "0c476c1f5f5905cb0e3cb2c36a25a72b",
        "license_project": "",
        "db_config": {
            "host": "localhost",
            "database": "adminlicencetest",
            "username": "adminlicencetest",
            "password": "Fab@250872"
        },
        "db_tested": true,
        "admin_config": {
            "project_url": "http:\/\/127.0.0.1:8000\/",
            "email": "tally@obione.net",
            "password": "123456"
        },
        "admin_saved": true
    }
}

{
    "time": "2025-04-15 21:57:50",
    "function": "install",
    "session": {
        "installer_language": "fr",
        "install_step": 5,
        "license_key": "MEST-FM7A-BLGA-KLKP",
        "license_valid": true,
        "license_expiry": null,
        "license_token": "1f9d70e74d2512e32d87f5219dcbf1c2",
        "license_project": "",
        "project_root": "R:\\Adev\\200  -  test\\adminlicence_saas",
        "project_type": "laravel",
        "has_env": true,
        "has_vendor": true,
        "env_created": true,
        "db_config": {
            "host": "localhost",
            "database": "adminlicencetest",
            "username": "adminlicencetest",
            "password": "Fab@250872"
        },
        "db_tested": true,
        "admin_config": {
            "project_url": "http:\/\/127.0.0.1:8000\/",
            "email": "tally@obione.net",
            "password": "123456"
        },
        "admin_saved": true
    }
}

{
    "time": "2025-04-15 21:58:10",
    "function": "install",
    "session": {
        "install_step": 5,
        "project_root": "R:\\Adev\\200  -  test\\adminlicence_saas",
        "project_type": "laravel",
        "has_env": true,
        "has_vendor": true,
        "license_key": "TNBH-DRDK-K9JG-H4RR",
        "license_valid": true,
        "license_expiry": null,
        "license_token": "0c476c1f5f5905cb0e3cb2c36a25a72b",
        "license_project": "",
        "db_config": {
            "host": "localhost",
            "database": "adminlicencetest",
            "username": "adminlicencetest",
            "password": "Fab@250872"
        },
        "db_tested": true,
        "admin_config": {
            "project_url": "http:\/\/127.0.0.1:8000\/",
            "email": "tally@obione.net",
            "password": "123456"
        },
        "admin_saved": true
    }
}

{
    "time": "2025-04-15 21:59:32",
    "function": "install",
    "session": {
        "install_step": 5,
        "project_root": "R:\\Adev\\200  -  test\\adminlicence_saas",
        "project_type": "laravel",
        "has_env": true,
        "has_vendor": true,
        "license_key": "TNBH-DRDK-K9JG-H4RR",
        "license_valid": true,
        "license_expiry": null,
        "license_token": "0c476c1f5f5905cb0e3cb2c36a25a72b",
        "license_project": "",
        "db_config": {
            "host": "localhost",
            "database": "adminlicencetest",
            "username": "adminlicencetest",
            "password": "Fab@250872"
        },
        "db_tested": true,
        "admin_config": {
            "project_url": "http:\/\/127.0.0.1:8000\/",
            "email": "tally@obione.net",
            "password": "123456"
        },
        "admin_saved": true
    }
}

