{
    "time": "2025-04-15 20:54:23",
    "url": "https:\/\/licence.myvcard.fr\/api\/check-serial.php",
    "method": "POST",
    "data": {
        "serial_key": "MEST-FM7A-BLGA-KLKP",
        "domain": "127.0.0.1",
        "ip_address": "127.0.0.1",
        "api_key": "sk_3ewgI2dP0zPyLXlHyDT1qYbzQny6H2hb"
    },
    "headers": [
        "Content-Type: application\/json",
        "Accept: application\/json"
    ]
}

{
    "time": "2025-04-15 21:00:35",
    "url": "https:\/\/licence.myvcard.fr\/api\/check-serial.php",
    "method": "POST",
    "data": {
        "serial_key": "MEST-FM7A-BLGA-KLKP",
        "domain": "127.0.0.1",
        "ip_address": "127.0.0.1",
        "api_key": "sk_3ewgI2dP0zPyLXlHyDT1qYbzQny6H2hb"
    },
    "headers": [
        "Content-Type: application\/json",
        "Accept: application\/json"
    ]
}

{
    "time": "2025-04-15 21:02:56",
    "url": "https:\/\/licence.myvcard.fr\/api\/check-serial.php",
    "method": "POST",
    "data": {
        "serial_key": "MEST-FM7A-BLGA-KLKP",
        "domain": "127.0.0.1",
        "ip_address": "127.0.0.1",
        "api_key": "sk_3ewgI2dP0zPyLXlHyDT1qYbzQny6H2hb"
    },
    "headers": [
        "Content-Type: application\/json",
        "Accept: application\/json"
    ]
}

{
    "time": "2025-04-15 21:06:37",
    "url": "https:\/\/licence.myvcard.fr\/api\/check-serial.php",
    "method": "POST",
    "data": {
        "serial_key": "MEST-FM7A-BLGA-KLKP",
        "domain": "127.0.0.1",
        "ip_address": "127.0.0.1",
        "api_key": "sk_3ewgI2dP0zPyLXlHyDT1qYbzQny6H2hb"
    },
    "headers": [
        "Content-Type: application\/json",
        "Accept: application\/json"
    ]
}

{
    "time": "2025-04-15 21:10:28",
    "url": "https:\/\/licence.myvcard.fr\/api\/check-serial.php",
    "method": "POST",
    "data": {
        "serial_key": "MEST-FM7A-BLGA-KLKP",
        "domain": "127.0.0.1",
        "ip_address": "127.0.0.1",
        "api_key": "sk_3ewgI2dP0zPyLXlHyDT1qYbzQny6H2hb"
    },
    "headers": [
        "Content-Type: application\/json",
        "Accept: application\/json"
    ]
}

{
    "time": "2025-04-15 21:11:06",
    "url": "https:\/\/licence.myvcard.fr\/api\/check-serial.php",
    "method": "POST",
    "data": {
        "serial_key": "MEST-FM7A-BLGA-KLKP",
        "domain": "127.0.0.1",
        "ip_address": "127.0.0.1",
        "api_key": "sk_3ewgI2dP0zPyLXlHyDT1qYbzQny6H2hb"
    },
    "headers": [
        "Content-Type: application\/json",
        "Accept: application\/json"
    ]
}

{
    "time": "2025-04-15 21:11:31",
    "url": "https:\/\/licence.myvcard.fr\/api\/check-serial.php",
    "method": "POST",
    "data": {
        "serial_key": "MEST-FM7A-BLGA-KLKP",
        "domain": "127.0.0.1",
        "ip_address": "127.0.0.1",
        "api_key": "sk_3ewgI2dP0zPyLXlHyDT1qYbzQny6H2hb"
    },
    "headers": [
        "Content-Type: application\/json",
        "Accept: application\/json"
    ]
}

{
    "time": "2025-04-15 21:17:17",
    "url": "https:\/\/licence.myvcard.fr\/api\/check-serial.php",
    "method": "POST",
    "data": {
        "serial_key": "MEST-FM7A-BLGA-KLKP",
        "domain": "127.0.0.1",
        "ip_address": "127.0.0.1",
        "api_key": "sk_3ewgI2dP0zPyLXlHyDT1qYbzQny6H2hb"
    },
    "headers": [
        "Content-Type: application\/json",
        "Accept: application\/json"
    ]
}

{
    "time": "2025-04-15 21:24:55",
    "url": "https:\/\/licence.myvcard.fr\/api\/check-serial.php",
    "method": "POST",
    "data": {
        "serial_key": "MEST-FM7A-BLGA-KLKP",
        "domain": "127.0.0.1",
        "ip_address": "127.0.0.1",
        "api_key": "sk_3ewgI2dP0zPyLXlHyDT1qYbzQny6H2hb"
    },
    "headers": [
        "Content-Type: application\/json",
        "Accept: application\/json"
    ]
}

{
    "time": "2025-04-15 21:26:21",
    "url": "https:\/\/licence.myvcard.fr\/api\/check-serial.php",
    "method": "POST",
    "data": {
        "serial_key": "MEST-FM7A-BLGA-KLKP",
        "domain": "127.0.0.1",
        "ip_address": "127.0.0.1",
        "api_key": "sk_3ewgI2dP0zPyLXlHyDT1qYbzQny6H2hb"
    },
    "headers": [
        "Content-Type: application\/json",
        "Accept: application\/json"
    ]
}

{
    "time": "2025-04-15 21:35:07",
    "url": "https:\/\/licence.myvcard.fr\/api\/check-serial.php",
    "method": "POST",
    "data": {
        "serial_key": "MEST-FM7A-BLGA-KLKP",
        "domain": "127.0.0.1",
        "ip_address": "127.0.0.1",
        "api_key": "sk_3ewgI2dP0zPyLXlHyDT1qYbzQny6H2hb"
    },
    "headers": [
        "Content-Type: application\/json",
        "Accept: application\/json"
    ]
}

{
    "time": "2025-04-15 21:35:27",
    "url": "https:\/\/licence.myvcard.fr\/api\/check-serial.php",
    "method": "POST",
    "data": {
        "serial_key": "MEST-FM7A-BLGA-KLKP",
        "domain": "127.0.0.1",
        "ip_address": "127.0.0.1",
        "api_key": "sk_3ewgI2dP0zPyLXlHyDT1qYbzQny6H2hb"
    },
    "headers": [
        "Content-Type: application\/json",
        "Accept: application\/json"
    ]
}

{
    "time": "2025-04-15 21:42:47",
    "url": "https:\/\/licence.myvcard.fr\/api\/check-serial.php",
    "method": "POST",
    "data": {
        "serial_key": "MEST-FM7A-BLGA-KLKP",
        "domain": "127.0.0.1",
        "ip_address": "127.0.0.1",
        "api_key": "sk_3ewgI2dP0zPyLXlHyDT1qYbzQny6H2hb"
    },
    "headers": [
        "Content-Type: application\/json",
        "Accept: application\/json"
    ]
}

{
    "time": "2025-04-15 21:48:20",
    "url": "https:\/\/licence.myvcard.fr\/api\/check-serial.php",
    "method": "POST",
    "data": {
        "serial_key": "MEST-FM7A-BLGA-KLKP",
        "domain": "127.0.0.1",
        "ip_address": "127.0.0.1",
        "api_key": "sk_3ewgI2dP0zPyLXlHyDT1qYbzQny6H2hb"
    },
    "headers": [
        "Content-Type: application\/json",
        "Accept: application\/json"
    ]
}

{
    "time": "2025-04-15 21:51:11",
    "url": "https:\/\/licence.myvcard.fr\/api\/check-serial.php",
    "method": "POST",
    "data": {
        "serial_key": "MEST-FM7A-BLGA-KLKP",
        "domain": "127.0.0.1",
        "ip_address": "127.0.0.1",
        "api_key": "sk_3ewgI2dP0zPyLXlHyDT1qYbzQny6H2hb"
    },
    "headers": [
        "Content-Type: application\/json",
        "Accept: application\/json"
    ]
}

{
    "time": "2025-04-15 21:53:09",
    "url": "https:\/\/licence.myvcard.fr\/api\/check-serial.php",
    "method": "POST",
    "data": {
        "serial_key": "TNBH-DRDK-K9JG-H4RR",
        "domain": "127.0.0.1",
        "ip_address": "127.0.0.1",
        "api_key": "sk_3ewgI2dP0zPyLXlHyDT1qYbzQny6H2hb"
    },
    "headers": [
        "Content-Type: application\/json",
        "Accept: application\/json"
    ]
}

{
    "time": "2025-04-15 21:57:34",
    "url": "https:\/\/licence.myvcard.fr\/api\/check-serial.php",
    "method": "POST",
    "data": {
        "serial_key": "MEST-FM7A-BLGA-KLKP",
        "domain": "127.0.0.1",
        "ip_address": "127.0.0.1",
        "api_key": "sk_3ewgI2dP0zPyLXlHyDT1qYbzQny6H2hb"
    },
    "headers": [
        "Content-Type: application\/json",
        "Accept: application\/json"
    ]
}

{
    "time": "2025-04-15 22:00:40",
    "url": "https:\/\/licence.myvcard.fr\/api\/check-serial.php",
    "method": "POST",
    "data": {
        "serial_key": "TNBH-DRDK-K9JG-H4RR",
        "domain": "127.0.0.1",
        "ip_address": "127.0.0.1",
        "api_key": "sk_3ewgI2dP0zPyLXlHyDT1qYbzQny6H2hb"
    },
    "headers": [
        "Content-Type: application\/json",
        "Accept: application\/json"
    ]
}

{
    "time": "2025-04-15 22:04:51",
    "url": "https:\/\/licence.myvcard.fr\/api\/check-serial.php",
    "method": "POST",
    "data": {
        "serial_key": "TNBH-DRDK-K9JG-H4RR",
        "domain": "127.0.0.1",
        "ip_address": "127.0.0.1",
        "api_key": "sk_3ewgI2dP0zPyLXlHyDT1qYbzQny6H2hb"
    },
    "headers": [
        "Content-Type: application\/json",
        "Accept: application\/json"
    ]
}

{
    "time": "2025-04-15 22:07:14",
    "url": "https:\/\/licence.myvcard.fr\/api\/check-serial.php",
    "method": "POST",
    "data": {
        "serial_key": "TNBH-DRDK-K9JG-H4RR",
        "domain": "127.0.0.1",
        "ip_address": "127.0.0.1",
        "api_key": "sk_3ewgI2dP0zPyLXlHyDT1qYbzQny6H2hb"
    },
    "headers": [
        "Content-Type: application\/json",
        "Accept: application\/json"
    ]
}

{
    "time": "2025-04-15 22:10:10",
    "url": "https:\/\/licence.myvcard.fr\/api\/check-serial.php",
    "method": "POST",
    "data": {
        "serial_key": "TNBH-DRDK-K9JG-H4RR",
        "domain": "127.0.0.1",
        "ip_address": "127.0.0.1",
        "api_key": "sk_3ewgI2dP0zPyLXlHyDT1qYbzQny6H2hb"
    },
    "headers": [
        "Content-Type: application\/json",
        "Accept: application\/json"
    ]
}

{
    "time": "2025-04-15 22:13:38",
    "url": "https:\/\/licence.myvcard.fr\/api\/check-serial.php",
    "method": "POST",
    "data": {
        "serial_key": "TNBH-DRDK-K9JG-H4RR",
        "domain": "127.0.0.1",
        "ip_address": "127.0.0.1",
        "api_key": "sk_3ewgI2dP0zPyLXlHyDT1qYbzQny6H2hb"
    },
    "headers": [
        "Content-Type: application\/json",
        "Accept: application\/json"
    ]
}

{
    "time": "2025-04-16 01:36:11",
    "url": "https:\/\/licence.myvcard.fr\/api\/check-serial.php",
    "method": "POST",
    "data": {
        "serial_key": "TNBH-DRDK-K9JG-H4RR",
        "domain": "127.0.0.1",
        "ip_address": "127.0.0.1",
        "api_key": "sk_3ewgI2dP0zPyLXlHyDT1qYbzQny6H2hb"
    },
    "headers": [
        "Content-Type: application\/json",
        "Accept: application\/json"
    ]
}

{
    "time": "2025-04-16 01:39:39",
    "url": "https:\/\/licence.myvcard.fr\/api\/check-serial.php",
    "method": "POST",
    "data": {
        "serial_key": "TNBH-DRDK-K9JG-H4RR",
        "domain": "127.0.0.1",
        "ip_address": "127.0.0.1",
        "api_key": "sk_3ewgI2dP0zPyLXlHyDT1qYbzQny6H2hb"
    },
    "headers": [
        "Content-Type: application\/json",
        "Accept: application\/json"
    ]
}

{
    "time": "2025-04-16 01:43:53",
    "url": "https:\/\/licence.myvcard.fr\/api\/check-serial.php",
    "method": "POST",
    "data": {
        "serial_key": "TNBH-DRDK-K9JG-H4RR",
        "domain": "127.0.0.1",
        "ip_address": "127.0.0.1",
        "api_key": "sk_3ewgI2dP0zPyLXlHyDT1qYbzQny6H2hb"
    },
    "headers": [
        "Content-Type: application\/json",
        "Accept: application\/json"
    ]
}

{
    "time": "2025-04-16 01:44:54",
    "url": "https:\/\/licence.myvcard.fr\/api\/check-serial.php",
    "method": "POST",
    "data": {
        "serial_key": "TNBH-DRDK-K9JG-H4RR",
        "domain": "127.0.0.1",
        "ip_address": "127.0.0.1",
        "api_key": "sk_3ewgI2dP0zPyLXlHyDT1qYbzQny6H2hb"
    },
    "headers": [
        "Content-Type: application\/json",
        "Accept: application\/json"
    ]
}

{
    "time": "2025-04-16 01:51:44",
    "url": "https:\/\/licence.myvcard.fr\/api\/check-serial.php",
    "method": "POST",
    "data": {
        "serial_key": "TNBH-DRDK-K9JG-H4RR",
        "domain": "127.0.0.1",
        "ip_address": "127.0.0.1",
        "api_key": "sk_3ewgI2dP0zPyLXlHyDT1qYbzQny6H2hb"
    },
    "headers": [
        "Content-Type: application\/json",
        "Accept: application\/json"
    ]
}

{
    "time": "2025-04-16 02:00:58",
    "url": "https:\/\/licence.myvcard.fr\/api\/check-serial.php",
    "method": "POST",
    "data": {
        "serial_key": "TNBH-DRDK-K9JG-H4RR",
        "domain": "127.0.0.1",
        "ip_address": "127.0.0.1",
        "api_key": "sk_3ewgI2dP0zPyLXlHyDT1qYbzQny6H2hb"
    },
    "headers": [
        "Content-Type: application\/json",
        "Accept: application\/json"
    ]
}

{
    "time": "2025-04-16 02:06:10",
    "url": "https:\/\/licence.myvcard.fr\/api\/check-serial.php",
    "method": "POST",
    "data": {
        "serial_key": "TNBH-DRDK-K9JG-H4RR",
        "domain": "127.0.0.1",
        "ip_address": "127.0.0.1",
        "api_key": "sk_3ewgI2dP0zPyLXlHyDT1qYbzQny6H2hb"
    },
    "headers": [
        "Content-Type: application\/json",
        "Accept: application\/json"
    ]
}

{
    "time": "2025-04-16 02:14:04",
    "url": "https:\/\/licence.myvcard.fr\/api\/check-serial.php",
    "method": "POST",
    "data": {
        "serial_key": "TNBH-DRDK-K9JG-H4RR",
        "domain": "127.0.0.1",
        "ip_address": "127.0.0.1",
        "api_key": "sk_3ewgI2dP0zPyLXlHyDT1qYbzQny6H2hb"
    },
    "headers": [
        "Content-Type: application\/json",
        "Accept: application\/json"
    ]
}

{
    "time": "2025-04-16 02:18:46",
    "url": "https:\/\/licence.myvcard.fr\/api\/check-serial.php",
    "method": "POST",
    "data": {
        "serial_key": "TNBH-DRDK-K9JG-H4RR",
        "domain": "127.0.0.1",
        "ip_address": "127.0.0.1",
        "api_key": "sk_3ewgI2dP0zPyLXlHyDT1qYbzQny6H2hb"
    },
    "headers": [
        "Content-Type: application\/json",
        "Accept: application\/json"
    ]
}

{
    "time": "2025-04-16 02:22:14",
    "url": "https:\/\/licence.myvcard.fr\/api\/check-serial.php",
    "method": "POST",
    "data": {
        "serial_key": "TNBH-DRDK-K9JG-H4RR",
        "domain": "127.0.0.1",
        "ip_address": "127.0.0.1",
        "api_key": "sk_3ewgI2dP0zPyLXlHyDT1qYbzQny6H2hb"
    },
    "headers": [
        "Content-Type: application\/json",
        "Accept: application\/json"
    ]
}

{
    "time": "2025-04-16 02:26:03",
    "url": "https:\/\/licence.myvcard.fr\/api\/check-serial.php",
    "method": "POST",
    "data": {
        "serial_key": "TNBH-DRDK-K9JG-H4RR",
        "domain": "127.0.0.1",
        "ip_address": "127.0.0.1",
        "api_key": "sk_3ewgI2dP0zPyLXlHyDT1qYbzQny6H2hb"
    },
    "headers": [
        "Content-Type: application\/json",
        "Accept: application\/json"
    ]
}

{
    "time": "2025-04-16 02:30:30",
    "url": "https:\/\/licence.myvcard.fr\/api\/check-serial.php",
    "method": "POST",
    "data": {
        "serial_key": "TNBH-DRDK-K9JG-H4RR",
        "domain": "127.0.0.1",
        "ip_address": "127.0.0.1",
        "api_key": "sk_3ewgI2dP0zPyLXlHyDT1qYbzQny6H2hb"
    },
    "headers": [
        "Content-Type: application\/json",
        "Accept: application\/json"
    ]
}

{
    "time": "2025-04-16 02:42:42",
    "url": "https:\/\/licence.myvcard.fr\/api\/check-serial.php",
    "method": "POST",
    "data": {
        "serial_key": "TNBH-DRDK-K9JG-H4RR",
        "domain": "127.0.0.1",
        "ip_address": "127.0.0.1",
        "api_key": "sk_3ewgI2dP0zPyLXlHyDT1qYbzQny6H2hb"
    },
    "headers": [
        "Content-Type: application\/json",
        "Accept: application\/json"
    ]
}

{
    "time": "2025-04-16 14:30:59",
    "url": "https:\/\/licence.myvcard.fr\/api\/check-serial.php",
    "method": "POST",
    "data": {
        "serial_key": "TNBH-DRDK-K9JG-H4R1",
        "domain": "127.0.0.1",
        "ip_address": "127.0.0.1",
        "api_key": "sk_3ewgI2dP0zPyLXlHyDT1qYbzQny6H2hb"
    },
    "headers": [
        "Content-Type: application\/json",
        "Accept: application\/json"
    ]
}

{
    "time": "2025-04-16 14:31:04",
    "url": "https:\/\/licence.myvcard.fr\/api\/check-serial.php",
    "method": "POST",
    "data": {
        "serial_key": "TNBH-DRDK-K9JG-H4RR",
        "domain": "127.0.0.1",
        "ip_address": "127.0.0.1",
        "api_key": "sk_3ewgI2dP0zPyLXlHyDT1qYbzQny6H2hb"
    },
    "headers": [
        "Content-Type: application\/json",
        "Accept: application\/json"
    ]
}

{
    "time": "2025-04-16 15:18:32",
    "url": "https:\/\/api.example.com\/api\/check-serial.php",
    "method": "POST",
    "data": {
        "serial_key": "TNBH-DRDK-K9JG-H4RR",
        "domain": "127.0.0.1",
        "ip_address": "127.0.0.1"
    },
    "headers": [
        "Content-Type: application\/json",
        "Accept: application\/json"
    ]
}

{
    "time": "2025-04-16 15:18:32",
    "url": "https:\/\/api.example.com\/api\/check-serial.php",
    "method": "POST",
    "data": {
        "serial_key": "TNBH-DRDK-K9JG-H4RR",
        "domain": "127.0.0.1",
        "ip_address": "127.0.0.1"
    },
    "headers": [
        "Content-Type: application\/json",
        "Accept: application\/json"
    ]
}

{
    "time": "2025-04-16 15:19:23",
    "url": "https:\/\/api.example.com\/api\/check-serial.php",
    "method": "POST",
    "data": {
        "serial_key": "TNBH-DRDK-K9JG-H4RR",
        "domain": "127.0.0.1",
        "ip_address": "127.0.0.1"
    },
    "headers": [
        "Content-Type: application\/json",
        "Accept: application\/json"
    ]
}

{
    "time": "2025-04-16 15:19:23",
    "url": "https:\/\/api.example.com\/api\/check-serial.php",
    "method": "POST",
    "data": {
        "serial_key": "TNBH-DRDK-K9JG-H4RR",
        "domain": "127.0.0.1",
        "ip_address": "127.0.0.1"
    },
    "headers": [
        "Content-Type: application\/json",
        "Accept: application\/json"
    ]
}

{
    "time": "2025-04-16 15:19:29",
    "url": "https:\/\/api.example.com\/api\/check-serial.php",
    "method": "POST",
    "data": {
        "serial_key": "TNBH-DRDK-K9JG-H4R1",
        "domain": "127.0.0.1",
        "ip_address": "127.0.0.1"
    },
    "headers": [
        "Content-Type: application\/json",
        "Accept: application\/json"
    ]
}

{
    "time": "2025-04-16 15:19:29",
    "url": "https:\/\/api.example.com\/api\/check-serial.php",
    "method": "POST",
    "data": {
        "serial_key": "TNBH-DRDK-K9JG-H4R1",
        "domain": "127.0.0.1",
        "ip_address": "127.0.0.1"
    },
    "headers": [
        "Content-Type: application\/json",
        "Accept: application\/json"
    ]
}

{
    "time": "2025-04-16 15:19:49",
    "url": "https:\/\/api.example.com\/api\/check-serial.php",
    "method": "POST",
    "data": {
        "serial_key": "TNBH-DRDK-K9JG-H4R11",
        "domain": "127.0.0.1",
        "ip_address": "127.0.0.1"
    },
    "headers": [
        "Content-Type: application\/json",
        "Accept: application\/json"
    ]
}

{
    "time": "2025-04-16 15:19:49",
    "url": "https:\/\/api.example.com\/api\/check-serial.php",
    "method": "POST",
    "data": {
        "serial_key": "TNBH-DRDK-K9JG-H4R11",
        "domain": "127.0.0.1",
        "ip_address": "127.0.0.1"
    },
    "headers": [
        "Content-Type: application\/json",
        "Accept: application\/json"
    ]
}

{
    "time": "2025-04-16 15:23:24",
    "url": "https:\/\/licence.tallyhome.fr\/api\/api\/check-serial.php",
    "method": "POST",
    "data": {
        "serial_key": "TNBH-DRDK-K9JG-H4R11",
        "domain": "127.0.0.1",
        "ip_address": "127.0.0.1"
    },
    "headers": [
        "Content-Type: application\/json",
        "Accept: application\/json"
    ]
}

{
    "time": "2025-04-16 15:23:24",
    "url": "https:\/\/licence.tallyhome.fr\/api\/api\/check-serial.php",
    "method": "POST",
    "data": {
        "serial_key": "TNBH-DRDK-K9JG-H4R11",
        "domain": "127.0.0.1",
        "ip_address": "127.0.0.1"
    },
    "headers": [
        "Content-Type: application\/json",
        "Accept: application\/json"
    ]
}

{
    "time": "2025-04-16 15:23:29",
    "url": "https:\/\/licence.tallyhome.fr\/api\/api\/check-serial.php",
    "method": "POST",
    "data": {
        "serial_key": "TNBH-DRDK-K9JG-H4R1",
        "domain": "127.0.0.1",
        "ip_address": "127.0.0.1"
    },
    "headers": [
        "Content-Type: application\/json",
        "Accept: application\/json"
    ]
}

{
    "time": "2025-04-16 15:23:29",
    "url": "https:\/\/licence.tallyhome.fr\/api\/api\/check-serial.php",
    "method": "POST",
    "data": {
        "serial_key": "TNBH-DRDK-K9JG-H4R1",
        "domain": "127.0.0.1",
        "ip_address": "127.0.0.1"
    },
    "headers": [
        "Content-Type: application\/json",
        "Accept: application\/json"
    ]
}

{
    "time": "2025-04-16 15:23:31",
    "url": "https:\/\/licence.tallyhome.fr\/api\/api\/check-serial.php",
    "method": "POST",
    "data": {
        "serial_key": "TNBH-DRDK-K9JG-H4R1",
        "domain": "127.0.0.1",
        "ip_address": "127.0.0.1"
    },
    "headers": [
        "Content-Type: application\/json",
        "Accept: application\/json"
    ]
}

{
    "time": "2025-04-16 15:23:31",
    "url": "https:\/\/licence.tallyhome.fr\/api\/api\/check-serial.php",
    "method": "POST",
    "data": {
        "serial_key": "TNBH-DRDK-K9JG-H4R1",
        "domain": "127.0.0.1",
        "ip_address": "127.0.0.1"
    },
    "headers": [
        "Content-Type: application\/json",
        "Accept: application\/json"
    ]
}

{
    "time": "2025-04-16 15:23:32",
    "url": "https:\/\/licence.tallyhome.fr\/api\/api\/check-serial.php",
    "method": "POST",
    "data": {
        "serial_key": "TNBH-DRDK-K9JG-H4R1",
        "domain": "127.0.0.1",
        "ip_address": "127.0.0.1"
    },
    "headers": [
        "Content-Type: application\/json",
        "Accept: application\/json"
    ]
}

{
    "time": "2025-04-16 15:23:32",
    "url": "https:\/\/licence.tallyhome.fr\/api\/api\/check-serial.php",
    "method": "POST",
    "data": {
        "serial_key": "TNBH-DRDK-K9JG-H4R1",
        "domain": "127.0.0.1",
        "ip_address": "127.0.0.1"
    },
    "headers": [
        "Content-Type: application\/json",
        "Accept: application\/json"
    ]
}

{
    "time": "2025-04-16 15:23:32",
    "url": "https:\/\/licence.tallyhome.fr\/api\/api\/check-serial.php",
    "method": "POST",
    "data": {
        "serial_key": "TNBH-DRDK-K9JG-H4R1",
        "domain": "127.0.0.1",
        "ip_address": "127.0.0.1"
    },
    "headers": [
        "Content-Type: application\/json",
        "Accept: application\/json"
    ]
}

{
    "time": "2025-04-16 15:23:32",
    "url": "https:\/\/licence.tallyhome.fr\/api\/api\/check-serial.php",
    "method": "POST",
    "data": {
        "serial_key": "TNBH-DRDK-K9JG-H4R1",
        "domain": "127.0.0.1",
        "ip_address": "127.0.0.1"
    },
    "headers": [
        "Content-Type: application\/json",
        "Accept: application\/json"
    ]
}

{
    "time": "2025-04-16 15:23:32",
    "url": "https:\/\/licence.tallyhome.fr\/api\/api\/check-serial.php",
    "method": "POST",
    "data": {
        "serial_key": "TNBH-DRDK-K9JG-H4R1",
        "domain": "127.0.0.1",
        "ip_address": "127.0.0.1"
    },
    "headers": [
        "Content-Type: application\/json",
        "Accept: application\/json"
    ]
}

{
    "time": "2025-04-16 15:23:32",
    "url": "https:\/\/licence.tallyhome.fr\/api\/api\/check-serial.php",
    "method": "POST",
    "data": {
        "serial_key": "TNBH-DRDK-K9JG-H4R1",
        "domain": "127.0.0.1",
        "ip_address": "127.0.0.1"
    },
    "headers": [
        "Content-Type: application\/json",
        "Accept: application\/json"
    ]
}

{
    "time": "2025-04-16 15:23:32",
    "url": "https:\/\/licence.tallyhome.fr\/api\/api\/check-serial.php",
    "method": "POST",
    "data": {
        "serial_key": "TNBH-DRDK-K9JG-H4R1",
        "domain": "127.0.0.1",
        "ip_address": "127.0.0.1"
    },
    "headers": [
        "Content-Type: application\/json",
        "Accept: application\/json"
    ]
}

{
    "time": "2025-04-16 15:23:32",
    "url": "https:\/\/licence.tallyhome.fr\/api\/api\/check-serial.php",
    "method": "POST",
    "data": {
        "serial_key": "TNBH-DRDK-K9JG-H4R1",
        "domain": "127.0.0.1",
        "ip_address": "127.0.0.1"
    },
    "headers": [
        "Content-Type: application\/json",
        "Accept: application\/json"
    ]
}

{
    "time": "2025-04-16 15:23:32",
    "url": "https:\/\/licence.tallyhome.fr\/api\/api\/check-serial.php",
    "method": "POST",
    "data": {
        "serial_key": "TNBH-DRDK-K9JG-H4R1",
        "domain": "127.0.0.1",
        "ip_address": "127.0.0.1"
    },
    "headers": [
        "Content-Type: application\/json",
        "Accept: application\/json"
    ]
}

{
    "time": "2025-04-16 15:23:32",
    "url": "https:\/\/licence.tallyhome.fr\/api\/api\/check-serial.php",
    "method": "POST",
    "data": {
        "serial_key": "TNBH-DRDK-K9JG-H4R1",
        "domain": "127.0.0.1",
        "ip_address": "127.0.0.1"
    },
    "headers": [
        "Content-Type: application\/json",
        "Accept: application\/json"
    ]
}

{
    "time": "2025-04-16 15:23:36",
    "url": "https:\/\/licence.tallyhome.fr\/api\/api\/check-serial.php",
    "method": "POST",
    "data": {
        "serial_key": "TNBH-DRDK-K9JG-H4RR",
        "domain": "127.0.0.1",
        "ip_address": "127.0.0.1"
    },
    "headers": [
        "Content-Type: application\/json",
        "Accept: application\/json"
    ]
}

{
    "time": "2025-04-16 15:23:36",
    "url": "https:\/\/licence.tallyhome.fr\/api\/api\/check-serial.php",
    "method": "POST",
    "data": {
        "serial_key": "TNBH-DRDK-K9JG-H4RR",
        "domain": "127.0.0.1",
        "ip_address": "127.0.0.1"
    },
    "headers": [
        "Content-Type: application\/json",
        "Accept: application\/json"
    ]
}

{
    "time": "2025-04-16 15:23:36",
    "url": "https:\/\/licence.tallyhome.fr\/api\/api\/check-serial.php",
    "method": "POST",
    "data": {
        "serial_key": "TNBH-DRDK-K9JG-H4RR",
        "domain": "127.0.0.1",
        "ip_address": "127.0.0.1"
    },
    "headers": [
        "Content-Type: application\/json",
        "Accept: application\/json"
    ]
}

{
    "time": "2025-04-16 15:23:36",
    "url": "https:\/\/licence.tallyhome.fr\/api\/api\/check-serial.php",
    "method": "POST",
    "data": {
        "serial_key": "TNBH-DRDK-K9JG-H4RR",
        "domain": "127.0.0.1",
        "ip_address": "127.0.0.1"
    },
    "headers": [
        "Content-Type: application\/json",
        "Accept: application\/json"
    ]
}

{
    "time": "2025-04-16 15:23:41",
    "url": "https:\/\/licence.tallyhome.fr\/api\/api\/check-serial.php",
    "method": "POST",
    "data": {
        "serial_key": "TNBH-DRDK-K9JG-H4R1",
        "domain": "127.0.0.1",
        "ip_address": "127.0.0.1"
    },
    "headers": [
        "Content-Type: application\/json",
        "Accept: application\/json"
    ]
}

{
    "time": "2025-04-16 15:23:41",
    "url": "https:\/\/licence.tallyhome.fr\/api\/api\/check-serial.php",
    "method": "POST",
    "data": {
        "serial_key": "TNBH-DRDK-K9JG-H4R1",
        "domain": "127.0.0.1",
        "ip_address": "127.0.0.1"
    },
    "headers": [
        "Content-Type: application\/json",
        "Accept: application\/json"
    ]
}

{
    "time": "2025-04-16 15:23:45",
    "url": "https:\/\/licence.tallyhome.fr\/api\/api\/check-serial.php",
    "method": "POST",
    "data": {
        "serial_key": "TNBH-DRDK-K9JG-H4RR",
        "domain": "127.0.0.1",
        "ip_address": "127.0.0.1"
    },
    "headers": [
        "Content-Type: application\/json",
        "Accept: application\/json"
    ]
}

{
    "time": "2025-04-16 15:23:45",
    "url": "https:\/\/licence.tallyhome.fr\/api\/api\/check-serial.php",
    "method": "POST",
    "data": {
        "serial_key": "TNBH-DRDK-K9JG-H4RR",
        "domain": "127.0.0.1",
        "ip_address": "127.0.0.1"
    },
    "headers": [
        "Content-Type: application\/json",
        "Accept: application\/json"
    ]
}

{
    "time": "2025-04-16 15:23:48",
    "url": "https:\/\/licence.tallyhome.fr\/api\/api\/check-serial.php",
    "method": "POST",
    "data": {
        "serial_key": "TNBH-DRDK-K9JG-H4RR",
        "domain": "127.0.0.1",
        "ip_address": "127.0.0.1"
    },
    "headers": [
        "Content-Type: application\/json",
        "Accept: application\/json"
    ]
}

{
    "time": "2025-04-16 15:23:48",
    "url": "https:\/\/licence.tallyhome.fr\/api\/api\/check-serial.php",
    "method": "POST",
    "data": {
        "serial_key": "TNBH-DRDK-K9JG-H4RR",
        "domain": "127.0.0.1",
        "ip_address": "127.0.0.1"
    },
    "headers": [
        "Content-Type: application\/json",
        "Accept: application\/json"
    ]
}

{
    "time": "2025-04-16 15:23:56",
    "url": "https:\/\/licence.tallyhome.fr\/api\/api\/check-serial.php",
    "method": "POST",
    "data": {
        "serial_key": "TNBH-DRDK-K9JG-H4RR",
        "domain": "127.0.0.1",
        "ip_address": "127.0.0.1"
    },
    "headers": [
        "Content-Type: application\/json",
        "Accept: application\/json"
    ]
}

{
    "time": "2025-04-16 15:23:56",
    "url": "https:\/\/licence.tallyhome.fr\/api\/api\/check-serial.php",
    "method": "POST",
    "data": {
        "serial_key": "TNBH-DRDK-K9JG-H4RR",
        "domain": "127.0.0.1",
        "ip_address": "127.0.0.1"
    },
    "headers": [
        "Content-Type: application\/json",
        "Accept: application\/json"
    ]
}

{
    "time": "2025-04-16 15:24:00",
    "url": "https:\/\/licence.tallyhome.fr\/api\/api\/check-serial.php",
    "method": "POST",
    "data": {
        "serial_key": "TNBH-DRDK-K9JG-H4RR",
        "domain": "127.0.0.1",
        "ip_address": "127.0.0.1"
    },
    "headers": [
        "Content-Type: application\/json",
        "Accept: application\/json"
    ]
}

{
    "time": "2025-04-16 15:24:00",
    "url": "https:\/\/licence.tallyhome.fr\/api\/api\/check-serial.php",
    "method": "POST",
    "data": {
        "serial_key": "TNBH-DRDK-K9JG-H4RR",
        "domain": "127.0.0.1",
        "ip_address": "127.0.0.1"
    },
    "headers": [
        "Content-Type: application\/json",
        "Accept: application\/json"
    ]
}

{
    "time": "2025-04-16 15:24:04",
    "url": "https:\/\/licence.tallyhome.fr\/api\/api\/check-serial.php",
    "method": "POST",
    "data": {
        "serial_key": "TNBH-DRDK-K9JG-H4RR",
        "domain": "127.0.0.1",
        "ip_address": "127.0.0.1"
    },
    "headers": [
        "Content-Type: application\/json",
        "Accept: application\/json"
    ]
}

{
    "time": "2025-04-16 15:24:04",
    "url": "https:\/\/licence.tallyhome.fr\/api\/api\/check-serial.php",
    "method": "POST",
    "data": {
        "serial_key": "TNBH-DRDK-K9JG-H4RR",
        "domain": "127.0.0.1",
        "ip_address": "127.0.0.1"
    },
    "headers": [
        "Content-Type: application\/json",
        "Accept: application\/json"
    ]
}

{
    "time": "2025-04-16 15:24:12",
    "url": "https:\/\/licence.tallyhome.fr\/api\/api\/check-serial.php",
    "method": "POST",
    "data": {
        "serial_key": "IN2K-YYAU-PCZ1-AUYM",
        "domain": "127.0.0.1",
        "ip_address": "127.0.0.1"
    },
    "headers": [
        "Content-Type: application\/json",
        "Accept: application\/json"
    ]
}

{
    "time": "2025-04-16 15:24:12",
    "url": "https:\/\/licence.tallyhome.fr\/api\/api\/check-serial.php",
    "method": "POST",
    "data": {
        "serial_key": "IN2K-YYAU-PCZ1-AUYM",
        "domain": "127.0.0.1",
        "ip_address": "127.0.0.1"
    },
    "headers": [
        "Content-Type: application\/json",
        "Accept: application\/json"
    ]
}

{
    "time": "2025-04-16 15:24:21",
    "url": "https:\/\/licence.tallyhome.fr\/api\/api\/check-serial.php",
    "method": "POST",
    "data": {
        "serial_key": "IN2K-YYAU-PCZ1-AUYM",
        "domain": "127.0.0.1",
        "ip_address": "127.0.0.1"
    },
    "headers": [
        "Content-Type: application\/json",
        "Accept: application\/json"
    ]
}

{
    "time": "2025-04-16 15:24:21",
    "url": "https:\/\/licence.tallyhome.fr\/api\/api\/check-serial.php",
    "method": "POST",
    "data": {
        "serial_key": "IN2K-YYAU-PCZ1-AUYM",
        "domain": "127.0.0.1",
        "ip_address": "127.0.0.1"
    },
    "headers": [
        "Content-Type: application\/json",
        "Accept: application\/json"
    ]
}

{
    "time": "2025-04-16 15:34:38",
    "url": "https:\/\/licence.myvcard.fr\/api\/check-serial.php",
    "method": "POST",
    "data": {
        "serial_key": "IN2K-YYAU-PCZ1-AUYM",
        "domain": "127.0.0.1",
        "ip_address": "127.0.0.1",
        "api_key": "sk_3ewgI2dP0zPyLXlHyDT1qYbzQny6H2hb"
    },
    "headers": [
        "Content-Type: application\/json",
        "Accept: application\/json"
    ]
}

{
    "time": "2025-04-16 15:34:38",
    "url": "https:\/\/licence.myvcard.fr\/api\/check-serial.php",
    "method": "POST",
    "data": {
        "serial_key": "IN2K-YYAU-PCZ1-AUYM",
        "domain": "127.0.0.1",
        "ip_address": "127.0.0.1",
        "api_key": "sk_3ewgI2dP0zPyLXlHyDT1qYbzQny6H2hb"
    },
    "headers": [
        "Content-Type: application\/json",
        "Accept: application\/json"
    ]
}

{
    "time": "2025-04-16 15:34:51",
    "url": "https:\/\/licence.myvcard.fr\/api\/check-serial.php",
    "method": "POST",
    "data": {
        "serial_key": "TNBH-DRDK-K9JG-H4RR1",
        "domain": "127.0.0.1",
        "ip_address": "127.0.0.1",
        "api_key": "sk_3ewgI2dP0zPyLXlHyDT1qYbzQny6H2hb"
    },
    "headers": [
        "Content-Type: application\/json",
        "Accept: application\/json"
    ]
}

{
    "time": "2025-04-16 15:34:51",
    "url": "https:\/\/licence.myvcard.fr\/api\/check-serial.php",
    "method": "POST",
    "data": {
        "serial_key": "TNBH-DRDK-K9JG-H4RR1",
        "domain": "127.0.0.1",
        "ip_address": "127.0.0.1",
        "api_key": "sk_3ewgI2dP0zPyLXlHyDT1qYbzQny6H2hb"
    },
    "headers": [
        "Content-Type: application\/json",
        "Accept: application\/json"
    ]
}

{
    "time": "2025-04-16 15:34:55",
    "url": "https:\/\/licence.myvcard.fr\/api\/check-serial.php",
    "method": "POST",
    "data": {
        "serial_key": "TNBH-DRDK-K9JG-H4R1",
        "domain": "127.0.0.1",
        "ip_address": "127.0.0.1",
        "api_key": "sk_3ewgI2dP0zPyLXlHyDT1qYbzQny6H2hb"
    },
    "headers": [
        "Content-Type: application\/json",
        "Accept: application\/json"
    ]
}

{
    "time": "2025-04-16 15:34:55",
    "url": "https:\/\/licence.myvcard.fr\/api\/check-serial.php",
    "method": "POST",
    "data": {
        "serial_key": "TNBH-DRDK-K9JG-H4R1",
        "domain": "127.0.0.1",
        "ip_address": "127.0.0.1",
        "api_key": "sk_3ewgI2dP0zPyLXlHyDT1qYbzQny6H2hb"
    },
    "headers": [
        "Content-Type: application\/json",
        "Accept: application\/json"
    ]
}

{
    "time": "2025-04-16 15:34:57",
    "url": "https:\/\/licence.myvcard.fr\/api\/check-serial.php",
    "method": "POST",
    "data": {
        "serial_key": "TNBH-DRDK-K9JG-H4R1",
        "domain": "127.0.0.1",
        "ip_address": "127.0.0.1",
        "api_key": "sk_3ewgI2dP0zPyLXlHyDT1qYbzQny6H2hb"
    },
    "headers": [
        "Content-Type: application\/json",
        "Accept: application\/json"
    ]
}

{
    "time": "2025-04-16 15:34:58",
    "url": "https:\/\/licence.myvcard.fr\/api\/check-serial.php",
    "method": "POST",
    "data": {
        "serial_key": "TNBH-DRDK-K9JG-H4R1",
        "domain": "127.0.0.1",
        "ip_address": "127.0.0.1",
        "api_key": "sk_3ewgI2dP0zPyLXlHyDT1qYbzQny6H2hb"
    },
    "headers": [
        "Content-Type: application\/json",
        "Accept: application\/json"
    ]
}

{
    "time": "2025-04-16 15:35:02",
    "url": "https:\/\/licence.myvcard.fr\/api\/check-serial.php",
    "method": "POST",
    "data": {
        "serial_key": "TNBH-DRDK-K9JG-H4RR",
        "domain": "127.0.0.1",
        "ip_address": "127.0.0.1",
        "api_key": "sk_3ewgI2dP0zPyLXlHyDT1qYbzQny6H2hb"
    },
    "headers": [
        "Content-Type: application\/json",
        "Accept: application\/json"
    ]
}

{
    "time": "2025-04-16 15:35:02",
    "url": "https:\/\/licence.myvcard.fr\/api\/check-serial.php",
    "method": "POST",
    "data": {
        "serial_key": "TNBH-DRDK-K9JG-H4RR",
        "domain": "127.0.0.1",
        "ip_address": "127.0.0.1",
        "api_key": "sk_3ewgI2dP0zPyLXlHyDT1qYbzQny6H2hb"
    },
    "headers": [
        "Content-Type: application\/json",
        "Accept: application\/json"
    ]
}

{
    "time": "2025-04-16 15:35:09",
    "url": "https:\/\/licence.myvcard.fr\/api\/check-serial.php",
    "method": "POST",
    "data": {
        "serial_key": "TNBH-DRDK-K9JG-H4R1",
        "domain": "127.0.0.1",
        "ip_address": "127.0.0.1",
        "api_key": "sk_3ewgI2dP0zPyLXlHyDT1qYbzQny6H2hb"
    },
    "headers": [
        "Content-Type: application\/json",
        "Accept: application\/json"
    ]
}

{
    "time": "2025-04-16 15:35:09",
    "url": "https:\/\/licence.myvcard.fr\/api\/check-serial.php",
    "method": "POST",
    "data": {
        "serial_key": "TNBH-DRDK-K9JG-H4R1",
        "domain": "127.0.0.1",
        "ip_address": "127.0.0.1",
        "api_key": "sk_3ewgI2dP0zPyLXlHyDT1qYbzQny6H2hb"
    },
    "headers": [
        "Content-Type: application\/json",
        "Accept: application\/json"
    ]
}

{
    "time": "2025-04-16 15:35:16",
    "url": "https:\/\/licence.myvcard.fr\/api\/check-serial.php",
    "method": "POST",
    "data": {
        "serial_key": "TNBH-DRDK-K9JG-H4R1",
        "domain": "127.0.0.1",
        "ip_address": "127.0.0.1",
        "api_key": "sk_3ewgI2dP0zPyLXlHyDT1qYbzQny6H2hb"
    },
    "headers": [
        "Content-Type: application\/json",
        "Accept: application\/json"
    ]
}

{
    "time": "2025-04-16 15:35:16",
    "url": "https:\/\/licence.myvcard.fr\/api\/check-serial.php",
    "method": "POST",
    "data": {
        "serial_key": "TNBH-DRDK-K9JG-H4R1",
        "domain": "127.0.0.1",
        "ip_address": "127.0.0.1",
        "api_key": "sk_3ewgI2dP0zPyLXlHyDT1qYbzQny6H2hb"
    },
    "headers": [
        "Content-Type: application\/json",
        "Accept: application\/json"
    ]
}

{
    "time": "2025-04-16 15:35:42",
    "url": "https:\/\/licence.myvcard.fr\/api\/check-serial.php",
    "method": "POST",
    "data": {
        "serial_key": "TNBH-DRDK-K9JG-H4R1",
        "domain": "127.0.0.1",
        "ip_address": "127.0.0.1",
        "api_key": "sk_3ewgI2dP0zPyLXlHyDT1qYbzQny6H2hb"
    },
    "headers": [
        "Content-Type: application\/json",
        "Accept: application\/json"
    ]
}

{
    "time": "2025-04-16 15:35:42",
    "url": "https:\/\/licence.myvcard.fr\/api\/check-serial.php",
    "method": "POST",
    "data": {
        "serial_key": "TNBH-DRDK-K9JG-H4R1",
        "domain": "127.0.0.1",
        "ip_address": "127.0.0.1",
        "api_key": "sk_3ewgI2dP0zPyLXlHyDT1qYbzQny6H2hb"
    },
    "headers": [
        "Content-Type: application\/json",
        "Accept: application\/json"
    ]
}

{
    "time": "2025-04-16 15:36:05",
    "url": "https:\/\/licence.myvcard.fr\/api\/check-serial.php",
    "method": "POST",
    "data": {
        "serial_key": "TNBH-DRDK-K9JG-H4RR",
        "domain": "127.0.0.1",
        "ip_address": "127.0.0.1",
        "api_key": "sk_3ewgI2dP0zPyLXlHyDT1qYbzQny6H2hb"
    },
    "headers": [
        "Content-Type: application\/json",
        "Accept: application\/json"
    ]
}

{
    "time": "2025-04-16 15:36:05",
    "url": "https:\/\/licence.myvcard.fr\/api\/check-serial.php",
    "method": "POST",
    "data": {
        "serial_key": "TNBH-DRDK-K9JG-H4RR",
        "domain": "127.0.0.1",
        "ip_address": "127.0.0.1",
        "api_key": "sk_3ewgI2dP0zPyLXlHyDT1qYbzQny6H2hb"
    },
    "headers": [
        "Content-Type: application\/json",
        "Accept: application\/json"
    ]
}

{
    "time": "2025-04-16 15:37:00",
    "url": "https:\/\/licence.myvcard.fr\/api\/check-serial.php",
    "method": "POST",
    "data": {
        "serial_key": "TNBH-DRDK-K9JG-H4RR",
        "domain": "127.0.0.1",
        "ip_address": "127.0.0.1",
        "api_key": "sk_3ewgI2dP0zPyLXlHyDT1qYbzQny6H2hb"
    },
    "headers": [
        "Content-Type: application\/json",
        "Accept: application\/json"
    ]
}

{
    "time": "2025-04-16 15:37:00",
    "url": "https:\/\/licence.myvcard.fr\/api\/check-serial.php",
    "method": "POST",
    "data": {
        "serial_key": "TNBH-DRDK-K9JG-H4RR",
        "domain": "127.0.0.1",
        "ip_address": "127.0.0.1",
        "api_key": "sk_3ewgI2dP0zPyLXlHyDT1qYbzQny6H2hb"
    },
    "headers": [
        "Content-Type: application\/json",
        "Accept: application\/json"
    ]
}

{
    "time": "2025-04-16 15:40:01",
    "url": "https:\/\/licence.myvcard.fr\/api\/check-serial.php",
    "method": "POST",
    "data": {
        "serial_key": "TNBH-DRDK-K9JG-H4RR",
        "domain": "127.0.0.1",
        "ip_address": "127.0.0.1",
        "api_key": "sk_3ewgI2dP0zPyLXlHyDT1qYbzQny6H2hb"
    },
    "headers": [
        "Content-Type: application\/json",
        "Accept: application\/json"
    ]
}

{
    "time": "2025-04-16 15:40:01",
    "url": "https:\/\/licence.myvcard.fr\/api\/check-serial.php",
    "method": "POST",
    "data": {
        "serial_key": "TNBH-DRDK-K9JG-H4RR",
        "domain": "127.0.0.1",
        "ip_address": "127.0.0.1",
        "api_key": "sk_3ewgI2dP0zPyLXlHyDT1qYbzQny6H2hb"
    },
    "headers": [
        "Content-Type: application\/json",
        "Accept: application\/json"
    ]
}

{
    "time": "2025-04-16 15:41:36",
    "url": "https:\/\/licence.myvcard.fr\/api\/check-serial.php",
    "method": "POST",
    "data": {
        "serial_key": "TNBH-DRDK-K9JG-H4R1",
        "domain": "127.0.0.1",
        "ip_address": "127.0.0.1",
        "api_key": "sk_3ewgI2dP0zPyLXlHyDT1qYbzQny6H2hb"
    },
    "headers": [
        "Content-Type: application\/json",
        "Accept: application\/json"
    ]
}

{
    "time": "2025-04-16 15:41:37",
    "url": "https:\/\/licence.myvcard.fr\/api\/check-serial.php",
    "method": "POST",
    "data": {
        "serial_key": "TNBH-DRDK-K9JG-H4R1",
        "domain": "127.0.0.1",
        "ip_address": "127.0.0.1",
        "api_key": "sk_3ewgI2dP0zPyLXlHyDT1qYbzQny6H2hb"
    },
    "headers": [
        "Content-Type: application\/json",
        "Accept: application\/json"
    ]
}

{
    "time": "2025-04-16 15:41:40",
    "url": "https:\/\/licence.myvcard.fr\/api\/check-serial.php",
    "method": "POST",
    "data": {
        "serial_key": "TNBH-DRDK-K9JG-H4Rr",
        "domain": "127.0.0.1",
        "ip_address": "127.0.0.1",
        "api_key": "sk_3ewgI2dP0zPyLXlHyDT1qYbzQny6H2hb"
    },
    "headers": [
        "Content-Type: application\/json",
        "Accept: application\/json"
    ]
}

{
    "time": "2025-04-16 15:41:40",
    "url": "https:\/\/licence.myvcard.fr\/api\/check-serial.php",
    "method": "POST",
    "data": {
        "serial_key": "TNBH-DRDK-K9JG-H4Rr",
        "domain": "127.0.0.1",
        "ip_address": "127.0.0.1",
        "api_key": "sk_3ewgI2dP0zPyLXlHyDT1qYbzQny6H2hb"
    },
    "headers": [
        "Content-Type: application\/json",
        "Accept: application\/json"
    ]
}

